Log file open, 10/22/17 14:40:43
LogWindows: LoadLibraryWithSearchPaths failed for file aqProf.dll. GetLastError=0
LogWindows: LoadLibraryWithSearchPaths failed for file VSPerf140.dll. GetLastError=0
LogWindows: LoadLibraryWithSearchPaths failed for file VtuneApi.dll. GetLastError=0
LogWindows: LoadLibraryWithSearchPaths failed for file VtuneApi32e.dll. GetLastError=0
LogInit: Display: Running engine for game: Game
LogPlatformFile: Not using cached read wrapper
LogInit: Display: RandInit(-1112079444) SRandInit(-1112079443).
LogTaskGraph: Started task graph with 5 named threads and 14 total threads with 3 sets of task threads.
LogStats: Stats thread started at 4.667790
LogD3D11RHI: Aftermath initialized
LogPluginManager: Mounting plugin Paper2D
LogPluginManager: Mounting plugin LightPropagationVolume
LogPluginManager: Mounting plugin CodeLiteSourceCodeAccess
LogPluginManager: Mounting plugin GitSourceControl
LogPluginManager: Mounting plugin KDevelopSourceCodeAccess
LogPluginManager: Mounting plugin NullSourceCodeAccess
LogPluginManager: Mounting plugin PerforceSourceControl
LogPluginManager: Mounting plugin SubversionSourceControl
LogPluginManager: Mounting plugin UObjectPlugin
LogPluginManager: Mounting plugin VisualStudioSourceCodeAccess
LogPluginManager: Mounting plugin XCodeSourceCodeAccess
LogPluginManager: Mounting plugin AssetManagerEditor
LogPluginManager: Mounting plugin AudioCapture
LogPluginManager: Mounting plugin FacialAnimation
LogPluginManager: Mounting plugin GameplayTagsEditor
LogPluginManager: Mounting plugin MobileLauncherProfileWizard
LogPluginManager: Mounting plugin PluginBrowser
LogPluginManager: Mounting plugin SpeedTreeImporter
LogPluginManager: Mounting plugin AlembicImporter
LogPluginManager: Mounting plugin CharacterAI
LogPluginManager: Mounting plugin HTML5Networking
LogPluginManager: Mounting plugin AndroidMedia
LogPluginManager: Mounting plugin AvfMedia
LogPluginManager: Mounting plugin MediaPlayerEditor
LogPluginManager: Mounting plugin WmfMedia
LogPluginManager: Mounting plugin TcpMessaging
LogPluginManager: Mounting plugin UdpMessaging
LogPluginManager: Mounting plugin LevelSequenceEditor
LogPluginManager: Mounting plugin MatineeToLevelSequence
LogPluginManager: Mounting plugin OnlineSubsystemGooglePlay
LogPluginManager: Mounting plugin OnlineSubsystemIOS
LogPluginManager: Mounting plugin OnlineSubsystem
LogPluginManager: Mounting plugin OnlineSubsystemNull
LogPluginManager: Mounting plugin OnlineSubsystemUtils
LogPluginManager: Mounting plugin AndroidDeviceProfileSelector
LogPluginManager: Mounting plugin AndroidMoviePlayer
LogPluginManager: Mounting plugin AndroidPermission
LogPluginManager: Mounting plugin AppleMoviePlayer
LogPluginManager: Mounting plugin ArchVisCharacter
LogPluginManager: Mounting plugin CableComponent
LogPluginManager: Mounting plugin CustomMeshComponent
LogPluginManager: Mounting plugin ExampleDeviceProfileSelector
LogPluginManager: Mounting plugin GoogleCloudMessaging
LogPluginManager: Mounting plugin ImmediatePhysics
LogPluginManager: Mounting plugin IOSDeviceProfileSelector
LogPluginManager: Mounting plugin LinuxDeviceProfileSelector
LogPluginManager: Mounting plugin LocationServicesBPLibrary
LogPluginManager: Mounting plugin MobilePatchingUtils
LogPluginManager: Mounting plugin OculusVR
LogPluginManager: Mounting plugin PhysXVehicles
LogPluginManager: Mounting plugin ProceduralMeshComponent
LogPluginManager: Mounting plugin RuntimePhysXCooking
LogPluginManager: Mounting plugin SteamVR
LogPluginManager: Mounting plugin WindowsMoviePlayer
LogInit: Using libcurl 7.47.1
LogInit:  - built for x86_64-pc-win32
LogInit:  - supports SSL with OpenSSL/1.0.2g
LogInit:  - supports HTTP deflate (compression) using libz 1.2.8
LogInit:  - other features:
LogInit:      CURL_VERSION_SSL
LogInit:      CURL_VERSION_LIBZ
LogInit:      CURL_VERSION_IPV6
LogInit:      CURL_VERSION_ASYNCHDNS
LogInit:      CURL_VERSION_LARGEFILE
LogInit:      CURL_VERSION_IDN
LogInit:  CurlRequestOptions (configurable via config and command line):
LogInit:  - bVerifyPeer = false  - Libcurl will NOT verify peer certificate
LogInit:  - bUseHttpProxy = false  - Libcurl will NOT use HTTP proxy
LogInit:  - bDontReuseConnections = false  - Libcurl will reuse connections
LogInit:  - CertBundlePath = nullptr  - Libcurl will use whatever was configured at build time.
LogInit: Build: ++UE4+Release-4.17-CL-3586342
LogInit: Engine Version: 4.17.1-3586342+++UE4+Release-4.17
LogInit: Compatible Engine Version: 4.17.0-3573198+++UE4+Release-4.17
LogInit: Net CL: 3573198
LogDevObjectVersion: Number of dev versions registered: 16
LogDevObjectVersion:   Dev-Blueprints (B0D832E4-1F89-4F0D-ACCF-7EB736FD4AA2): 10
LogDevObjectVersion:   Dev-Build (E1C64328-A22C-4D53-A36C-8E866417BD8C): 0
LogDevObjectVersion:   Dev-Core (375EC13C-06E4-48FB-B500-84F0262A717E): 2
LogDevObjectVersion:   Dev-Editor (E4B068ED-F494-42E9-A231-DA0B2E46BB41): 20
LogDevObjectVersion:   Dev-Framework (CFFC743F-43B0-4480-9391-14DF171D2073): 28
LogDevObjectVersion:   Dev-Mobile (B02B49B5-BB20-44E9-A304-32B752E40360): 0
LogDevObjectVersion:   Dev-Networking (A4E4105C-59A1-49B5-A7C5-40C4547EDFEE): 0
LogDevObjectVersion:   Dev-Online (39C831C9-5AE6-47DC-9A44-9C173E1C8E7C): 0
LogDevObjectVersion:   Dev-Physics (78F01B33-EBEA-4F98-B9B4-84EACCB95AA2): 0
LogDevObjectVersion:   Dev-Platform (6631380F-2D4D-43E0-8009-CF276956A95A): 0
LogDevObjectVersion:   Dev-Rendering (12F88B9F-8875-4AFC-A67C-D90C383ABD29): 19
LogDevObjectVersion:   Dev-Sequencer (7B5AE74C-D270-4C10-A958-57980B212A5A): 4
LogDevObjectVersion:   Dev-VR (D7296918-1DD6-4BDD-9DE2-64A83CC13884): 0
LogDevObjectVersion:   Dev-LoadTimes (C2A15278-BFE7-4AFE-6C17-90FF531DF755): 1
LogDevObjectVersion:   Private-Geometry (6EACA3D4-40EC-4CC1-B786-8BED09428FC5): 1
LogDevObjectVersion:   Dev-AnimPhys (29E575DD-E0A3-4627-9D10-D276232CDCEA): 7
LogInit: Compiled (64-bit): Aug 15 2017 02:05:26
LogInit: Compiled with Visual C++: 19.00.24215.01
LogInit: Build Configuration: Development
LogInit: Branch Name: ++UE4+Release-4.17
LogInit: Command line: 
LogInit: Base directory: H:/Unreal Engine 4/UE_4.17/Engine/Binaries/Win64/
LogInit: Installed Engine Build: 1
LogInit: Presizing for max 8388607 objects, including 0 objects not considered by GC, pre-allocating 0 bytes for permanent pool.
LogInit: Object subsystem initialized
[2017.10.22-04.10.45:809][  0]LogInit: Selected Device Profile: [Windows]
[2017.10.22-04.10.45:809][  0]LogInit: Applying CVar settings loaded from the selected device profile: [Windows]
[2017.10.22-04.10.45:929][  0]LogInit: Computer: RYAN-PC-MK-II
[2017.10.22-04.10.45:929][  0]LogInit: User: Ryan
[2017.10.22-04.10.45:929][  0]LogInit: CPU Page size=4096, Cores=4
[2017.10.22-04.10.45:929][  0]LogInit: High frequency timer resolution =3.117186 MHz
[2017.10.22-04.10.45:944][  0]LogMemory: Memory total: Physical=8.0GB (8GB approx)
[2017.10.22-04.10.45:944][  0]LogMemory: Platform Memory Stats for Windows
[2017.10.22-04.10.45:944][  0]LogMemory: Process Physical Memory: 280.22 MB used, 280.22 MB peak
[2017.10.22-04.10.45:944][  0]LogMemory: Process Virtual Memory: 276.14 MB used, 276.14 MB peak
[2017.10.22-04.10.45:944][  0]LogMemory: Physical Memory: 6716.80 MB used,  1427.83 MB free, 8144.63 MB total
[2017.10.22-04.10.45:944][  0]LogMemory: Virtual Memory: 669.95 MB used,  1427.83 MB free, 134217728.00 MB total
[2017.10.22-04.10.47:295][  0]LogInit: Using OS detected language (en-US).
[2017.10.22-04.10.47:295][  0]LogInit: Using OS detected locale (en-AU).
[2017.10.22-04.10.47:584][  0]LogTextLocalizationManager: No specific localization for 'en-US' exists, so the 'en' localization will be used.
[2017.10.22-04.10.53:677][  0]LogD3D11RHI: D3D11 adapters:
[2017.10.22-04.10.53:728][  0]LogD3D11RHI:    0. 'NVIDIA GeForce GTX 970' (Feature Level 11_0)
[2017.10.22-04.10.53:728][  0]LogD3D11RHI:       4058/0/4072 MB DedicatedVideo/DedicatedSystem/SharedSystem, Outputs:2, VendorId:0x10de
[2017.10.22-04.10.53:730][  0]LogD3D11RHI:    1. 'Microsoft Basic Render Driver' (Feature Level 11_0)
[2017.10.22-04.10.53:730][  0]LogD3D11RHI:       0/0/4072 MB DedicatedVideo/DedicatedSystem/SharedSystem, Outputs:0, VendorId:0x1414
[2017.10.22-04.10.53:730][  0]LogD3D11RHI: Chosen D3D11 Adapter: 0
[2017.10.22-04.10.53:777][  0]LogD3D11RHI: Creating new Direct3DDevice
[2017.10.22-04.10.53:777][  0]LogD3D11RHI:     GPU DeviceId: 0x13c2 (for the marketing name, search the web for "GPU Device Id")
[2017.10.22-04.10.53:777][  0]LogWindows: EnumDisplayDevices:
[2017.10.22-04.10.53:777][  0]LogWindows:    0. 'NVIDIA GeForce GTX 970' (P:1 D:1)
[2017.10.22-04.10.53:777][  0]LogWindows:    1. 'NVIDIA GeForce GTX 970' (P:0 D:1)
[2017.10.22-04.10.53:777][  0]LogWindows:    2. 'NVIDIA GeForce GTX 970' (P:0 D:0)
[2017.10.22-04.10.53:777][  0]LogWindows:    3. 'NVIDIA GeForce GTX 970' (P:0 D:0)
[2017.10.22-04.10.53:777][  0]LogWindows: DebugString: FoundDriverCount:4 
[2017.10.22-04.10.53:777][  0]LogD3D11RHI:     Adapter Name: NVIDIA GeForce GTX 970
[2017.10.22-04.10.53:778][  0]LogD3D11RHI:   Driver Version: 385.28 (internal:22.21.13.8528, unified:385.28)
[2017.10.22-04.10.53:778][  0]LogD3D11RHI:      Driver Date: 8-9-2017
[2017.10.22-04.10.53:778][  0]LogRHI: Texture pool is 1361 MB (70% of 1945 MB)
[2017.10.22-04.10.53:827][  0]LogD3D11RHI: Async texture creation enabled
[2017.10.22-04.10.54:407][  0]LogD3D11RHI: GPU Timing Frequency: 1000.000000 (Debug: 2 1)
[2017.10.22-04.10.54:634][  0]LogShaderCompilers: Guid format shader working directory is -2 characters bigger than the processId version (C:/Users/Ryan/Documents/GitHub/PewPewGames/Game/Intermediate/Shaders/WorkingDirectory/5896/).
[2017.10.22-04.10.54:634][  0]LogShaderCompilers: Cleaned the shader compiler working directory 'C:/Users/Ryan/AppData/Local/Temp/UnrealShaderWorkingDir/94253B7741D7C589E3878B96A8653713/'.
[2017.10.22-04.10.54:654][  0]LogShaderCompilers: Display: Using Local Shader Compiler.
[2017.10.22-04.10.59:272][  0]LogTemp: Display: Loaded TP AllDesktopTargetPlatform
[2017.10.22-04.10.59:313][  0]LogTemp: Display: Loaded TP MacClientTargetPlatform
[2017.10.22-04.10.59:354][  0]LogTemp: Display: Loaded TP MacNoEditorTargetPlatform
[2017.10.22-04.10.59:408][  0]LogTemp: Display: Loaded TP MacServerTargetPlatform
[2017.10.22-04.10.59:536][  0]LogTemp: Display: Loaded TP MacTargetPlatform
[2017.10.22-04.10.59:580][  0]LogTemp: Display: Loaded TP WindowsClientTargetPlatform
[2017.10.22-04.10.59:642][  0]LogTemp: Display: Loaded TP WindowsNoEditorTargetPlatform
[2017.10.22-04.10.59:812][  0]LogTemp: Display: Loaded TP WindowsServerTargetPlatform
[2017.10.22-04.10.59:918][  0]LogTemp: Display: Loaded TP WindowsTargetPlatform
[2017.10.22-04.11.00:024][  0]LogTemp: Display: Loaded TP AndroidTargetPlatform
[2017.10.22-04.11.00:069][  0]LogTemp: Display: Loaded TP Android_ASTCTargetPlatform
[2017.10.22-04.11.00:122][  0]LogTemp: Display: Loaded TP Android_ATCTargetPlatform
[2017.10.22-04.11.00:168][  0]LogTemp: Display: Loaded TP Android_DXTTargetPlatform
[2017.10.22-04.11.00:222][  0]LogTemp: Display: Loaded TP Android_ETC1TargetPlatform
[2017.10.22-04.11.00:261][  0]LogTemp: Display: Loaded TP Android_ETC2TargetPlatform
[2017.10.22-04.11.00:343][  0]LogTemp: Display: Loaded TP Android_MultiTargetPlatform
[2017.10.22-04.11.00:343][  0]LogTemp: Display: Loaded TP Android_PVRTCTargetPlatform
[2017.10.22-04.11.00:376][  0]LogTemp: Display: Loaded TP HTML5TargetPlatform
[2017.10.22-04.11.00:551][  0]LogTemp: Display: Loaded TP IOSTargetPlatform
[2017.10.22-04.11.00:577][  0]LogTemp: Display: Loaded TP TVOSTargetPlatform
[2017.10.22-04.11.00:619][  0]LogTemp: Display: Loaded TP LinuxClientTargetPlatform
[2017.10.22-04.11.00:658][  0]LogTemp: Display: Loaded TP LinuxNoEditorTargetPlatform
[2017.10.22-04.11.00:700][  0]LogTemp: Display: Loaded TP LinuxServerTargetPlatform
[2017.10.22-04.11.00:754][  0]LogTemp: Display: Loaded TP LinuxTargetPlatform
[2017.10.22-04.11.00:754][  0]LogTargetPlatformManager: Display: Building Assets For Windows
[2017.10.22-04.11.02:217][  0]LogDerivedDataCache: Display: Max Cache Size: 512 MB
[2017.10.22-04.11.02:766][  0]LogDerivedDataCache: Loaded boot cache 0.55s 93MB C:/Users/Ryan/AppData/Local/UnrealEngine/4.17/DerivedDataCache/Boot.ddc.
[2017.10.22-04.11.02:766][  0]LogDerivedDataCache: Display: Loaded Boot cache: C:/Users/Ryan/AppData/Local/UnrealEngine/4.17/DerivedDataCache/Boot.ddc
[2017.10.22-04.11.02:766][  0]LogDerivedDataCache: FDerivedDataBackendGraph:  Pak pak cache file C:/Users/Ryan/Documents/GitHub/PewPewGames/Game/DerivedDataCache/DDC.ddp not found, will not use a pak cache.
[2017.10.22-04.11.02:766][  0]LogDerivedDataCache: Unable to find inner node Pak for hierarchical cache Hierarchy.
[2017.10.22-04.11.02:771][  0]LogDerivedDataCache: FDerivedDataBackendGraph:  CompressedPak pak cache file C:/Users/Ryan/Documents/GitHub/PewPewGames/Game/DerivedDataCache/Compressed.ddp not found, will not use a pak cache.
[2017.10.22-04.11.02:771][  0]LogDerivedDataCache: Unable to find inner node CompressedPak for hierarchical cache Hierarchy.
[2017.10.22-04.11.02:877][  0]LogDerivedDataCache: Display: Pak cache opened for reading ../../../Engine/DerivedDataCache/Compressed.ddp.
[2017.10.22-04.11.02:889][  0]LogDerivedDataCache: Using Local data cache path C:/Users/Ryan/AppData/Local/UnrealEngine/Common/DerivedDataCache: Writable
[2017.10.22-04.11.02:994][  0]LogMaterial: Verifying Global Shaders for PCD3D_SM5
[2017.10.22-04.11.03:056][  0]LogSlate: Using Freetype 2.6.0
[2017.10.22-04.11.03:307][  0]LogSlate: SlateFontCache - WITH_FREETYPE: 1, WITH_HARFBUZZ: 1
[2017.10.22-04.11.03:313][  0]LogSlate: SlateFontCache - WITH_FREETYPE: 1, WITH_HARFBUZZ: 1
[2017.10.22-04.11.14:252][  0]LogAssetRegistry: FAssetRegistry took 0.0549 seconds to start up
[2017.10.22-04.11.16:128][  0]LogInit: Selected Device Profile: [Windows]
[2017.10.22-04.11.22:762][  0]LogContentStreaming: Texture pool size is 0.00 MB
[2017.10.22-04.11.25:106][  0]LogSimplygon: Simplygon DLL not present - disabling.
[2017.10.22-04.11.25:221][  0]LogMeshReduction: Using SimplygonSwarm for distributed automatic mesh merging
[2017.10.22-04.11.25:238][  0]LogMeshReduction: Using QuadricMeshReduction for automatic static mesh reduction
[2017.10.22-04.11.25:238][  0]LogMeshReduction: No automatic skeletal mesh reduction module available
[2017.10.22-04.11.25:238][  0]LogMeshReduction: No automatic mesh merging module available
[2017.10.22-04.11.25:238][  0]LogMeshMerging: No automatic mesh merging module available
[2017.10.22-04.11.29:739][  0]LogNetVersion: Game , NetCL: 3573198, EngineNetVer: 2, GameNetVer: 0 (Checksum: 2957514414)
[2017.10.22-04.11.32:093][  0]LogPackageLocalizationCache: Processed 5 localized package path(s) for 2 prioritized culture(s) in 0.213109 seconds
[2017.10.22-04.11.32:126][  0]LogUObjectArray: 35825 objects as part of root set at end of initial load.
[2017.10.22-04.11.32:126][  0]LogUObjectAllocator: 7529112 out of 0 bytes used by permanent object pool.
[2017.10.22-04.11.32:126][  0]LogUObjectArray: CloseDisregardForGC: 0/0 objects in disregard for GC pool
[2017.10.22-04.11.32:213][  0]LogInit: WinSock: version 1.1 (2.2), MaxSocks=32767, MaxUdp=65467
[2017.10.22-04.11.49:094][  0]LogTcpMessaging: Initializing TcpMessaging bridge
[2017.10.22-04.11.49:187][  0]LogUdpMessaging: Initializing bridge on interface 0.0.0.0:0 to multicast group 230.0.0.1:6666.
[2017.10.22-04.11.51:571][  0]LogMaterial: Uniform references updated for custom material expression Custom.
[2017.10.22-04.11.52:607][  0]SourceControl: Source control is disabled
[2017.10.22-04.11.52:607][  0]SourceControl: Source control is disabled
[2017.10.22-04.11.52:781][  0]SourceControl: Source control is disabled
[2017.10.22-04.11.52:903][  0]SourceControl: Source control is disabled
[2017.10.22-04.11.54:430][  0]LogAndroidPermission: UAndroidPermissionCallbackProxy::GetInstance
[2017.10.22-04.11.54:809][  0]LogOcInput: OculusInput pre-init called
[2017.10.22-04.11.55:895][  0]LogEngine: Initializing Engine...
[2017.10.22-04.11.55:992][  0]LogHMD: Failed to initialize OpenVR with code 100
[2017.10.22-04.11.56:476][  0]LogStats: UGameplayTagsManager::ConstructGameplayTagTree: Construct from data asset -  0.000 s
[2017.10.22-04.11.56:478][  0]LogStats: UGameplayTagsManager::ConstructGameplayTagTree: GameplayTagTreeChangedEvent.Broadcast -  0.000 s
[2017.10.22-04.11.57:476][  0]LogAIModule: Creating AISystem for world Untitled
[2017.10.22-04.11.57:843][  0]LogInit: XAudio2 using 'Speakers (Plantronics GameCom 780/788)' : 6 channels at 44.1 kHz using 16 bits per sample (channel mask 0x60f)
[2017.10.22-04.11.57:875][  0]LogInit: FAudioDevice initialized.
[2017.10.22-04.11.57:970][  0]LogDerivedDataCache: Saved boot cache 0.09s 93MB C:/Users/Ryan/AppData/Local/UnrealEngine/4.17/DerivedDataCache/Boot.ddc.
[2017.10.22-04.11.57:981][  0]LogInit: Texture streaming: Enabled
[2017.10.22-04.11.58:437][  0]LogEngineSessionManager: EngineSessionManager initialized
[2017.10.22-04.11.59:942][  0]LogInit: Transaction tracking system initialized
[2017.10.22-04.12.02:092][  0]BlueprintLog: New page: Editor Load
[2017.10.22-04.12.08:849][  0]LocalizationService: Localization service is disabled
[2017.10.22-04.12.12:525][  0]LogConsoleResponse: Display: 
[2017.10.22-04.12.18:541][  0]LogFileCache: Scanning file cache for directory 'C:/Users/Ryan/Documents/GitHub/PewPewGames/Game/Content/' took 0.15s
[2017.10.22-04.12.18:541][  0]LogCook: Display: Max memory allowance for cook 16384mb min free memory 0mb
[2017.10.22-04.12.18:589][  0]LogCook: Display: Mobile HDR setting 1
[2017.10.22-04.12.18:694][  0]LogGameplayTags: Display: UGameplayTagsManager::DoneAddingNativeTags. DelegateIsBound: 0
[2017.10.22-04.12.29:933][  0]SourceControl: Source control is disabled
[2017.10.22-04.12.30:168][  0]Cmd: MAP LOAD FILE="C:/Users/Ryan/Documents/GitHub/PewPewGames/Game/Content/FirstPersonBP/Maps/FirstPersonExampleMap.umap" TEMPLATE=0 SHOWPROGRESS=1 FEATURELEVEL=3
[2017.10.22-04.12.30:274][  0]LightingResults: New page: Lighting Build
[2017.10.22-04.12.32:168][  0]MapCheck: New page: Map Check
[2017.10.22-04.12.32:168][  0]LightingResults: New page: Lighting Build
[2017.10.22-04.12.47:669][  0]LogBlueprint: Warning: [Compiler Ue4ASP_Character] InputAction Event references unknown Action 'Crouch' for  InputAction Crouch
[2017.10.22-04.12.47:678][  0]LogBlueprint: Warning: [Compiler Ue4ASP_Character] [0140.03] Compile of Ue4ASP_Character successful, but with 1 Warning(s) [in 51 ms] (/Game/AnimStarterPack/Ue4ASP_Character.Ue4ASP_Character)
[2017.10.22-04.12.49:190][  0]LogLinker: Warning: Can't find file '/Game/PPGContent/Doors/Automatic_slidedoor/cobrolla4'
[2017.10.22-04.12.49:202][  0]LogLinker: Warning: Can't find file for asset '/Game/PPGContent/Doors/Automatic_slidedoor/cobrolla4' while loading C:/Users/Ryan/Documents/GitHub/PewPewGames/Game/Content/FirstPersonBP/Maps/FirstPersonExampleMap.umap.
[2017.10.22-04.12.49:202][  0]LoadErrors: Error: /Game/FirstPersonBP/Maps/FirstPersonExampleMap : Can't find file for asset. /Game/PPGContent/Doors/Automatic_slidedoor/cobrolla4
[2017.10.22-04.12.49:240][  0]LogLinker: Warning: Can't find file '/Game/PPGContent/Doors/Automatic_slidedoor/cobrolla4'
[2017.10.22-04.12.49:241][  0]LogLinker: Warning: Can't find file for asset '/Game/PPGContent/Doors/Automatic_slidedoor/cobrolla4' while loading C:/Users/Ryan/Documents/GitHub/PewPewGames/Game/Content/FirstPersonBP/Maps/FirstPersonExampleMap.umap.
[2017.10.22-04.12.49:241][  0]LoadErrors: Error: /Game/FirstPersonBP/Maps/FirstPersonExampleMap : Can't find file for asset. /Game/PPGContent/Doors/Automatic_slidedoor/cobrolla4
[2017.10.22-04.12.49:245][  0]LogLinker: Warning: Can't find file '/Game/PPGContent/Doors/Automatic_slidedoor/cobrolla4'
[2017.10.22-04.12.49:245][  0]LogLinker: Warning: Can't find file for asset '/Game/PPGContent/Doors/Automatic_slidedoor/cobrolla4' while loading NULL.
[2017.10.22-04.12.49:246][  0]LogLinker: Warning: Can't find file '/Game/PPGContent/Doors/Automatic_slidedoor/cobrolla4'
[2017.10.22-04.12.49:246][  0]LogLinker: Warning: Can't find file for asset '/Game/PPGContent/Doors/Automatic_slidedoor/cobrolla4' while loading NULL.
[2017.10.22-04.12.49:592][  0]LogLinker: Warning: Can't find file '/Game/PPGContent/Doors/Automatic_slidedoor/cobrolla4'
[2017.10.22-04.12.49:592][  0]LoadErrors: Failed to load /Game/PPGContent/Doors/Automatic_slidedoor/cobrolla4.cobrolla4 Referenced by StaticMeshComponent0
[2017.10.22-04.12.49:592][  0]LogLinker: Warning: Can't find file for asset '/Game/PPGContent/Doors/Automatic_slidedoor/cobrolla4' while loading NULL.
[2017.10.22-04.12.49:592][  0]LoadErrors: Failed to load /Game/PPGContent/Doors/Automatic_slidedoor/cobrolla4.cobrolla4 Referenced by StaticMeshComponent0
[2017.10.22-04.12.50:246][  0]LogTexture: Display: Building textures: TexturesCom_GalvanizedMetal2_1024_metallic (G8, 1024X1024)
[2017.10.22-04.12.50:246][  0]LogTexture: Display: Building textures: TexturesCom_GalvanizedMetal2_1024_albedo (AutoDXT, 1024X1024)
[2017.10.22-04.12.50:933][  0]LogTexture: Display: Building textures: TexturesCom_GalvanizedMetal2_1024_roughness (G8, 1024X1024)
[2017.10.22-04.12.50:933][  0]LogTexture: Display: Building textures: TexturesCom_GalvanizedMetal2_1024_normal (BC5, 1024X1024)
[2017.10.22-04.12.51:022][  0]LogStaticMesh: Building static mesh messtables1...
[2017.10.22-04.12.51:174][  0]LogStaticMesh: Built static mesh [0.15s] /Game/PPGContent/Furniture/messtables1.messtables1
[2017.10.22-04.12.51:963][  0]LogAudioDerivedData: Display: Building compressed audio format OGG wave Attack_Sound_Effect...
[2017.10.22-04.12.53:291][  0]LogAudioDerivedData: Display: Building compressed audio format OGG wave Ambient_AI_sound...
[2017.10.22-04.12.53:423][  0]LogAudioDerivedData: Display: Building compressed audio format OGG wave PewPew...
[2017.10.22-04.12.53:455][  0]LogAudioDerivedData: Display: Building compressed audio format OGG wave Laser_sound...
[2017.10.22-04.12.54:140][  0]LogAudioDerivedData: Display: Building compressed audio format OGG wave Dev-OpenDoor...
[2017.10.22-04.12.54:207][  0]LogAudioDerivedData: Display: Building compressed audio format OGG wave Dev-CloseDoor...
[2017.10.22-04.12.54:578][  0]LogMaterial: Missing cached shader map for material GalvanisedMetal, compiling. 
[2017.10.22-04.12.55:291][  0]LogAIModule: Creating AISystem for world FirstPersonExampleMap
[2017.10.22-04.13.02:769][  0]LogEditorServer: Finished looking for orphan Actors (0.000 secs)
[2017.10.22-04.13.04:879][  0]Cmd: MAP CHECKDEP NOCLEARLOG
[2017.10.22-04.13.05:201][  0]MapCheck: Map check complete: 0 Error(s), 0 Warning(s), took 284.71ms to complete.
[2017.10.22-04.13.05:201][  0]LogFileHelpers: Loading map 'FirstPersonExampleMap' took 35.140
[2017.10.22-04.13.21:647][  0]LogCollectionManager: Loaded 0 collections in 0.003222 seconds
[2017.10.22-04.13.24:033][  0]LogFileCache: Scanning file cache for directory 'C:/Users/Ryan/Documents/GitHub/PewPewGames/Game/Saved/Collections/' took 0.01s
[2017.10.22-04.13.24:033][  0]LogFileCache: Scanning file cache for directory 'C:/Users/Ryan/Documents/GitHub/PewPewGames/Game/Content/Developers/Ryan/Collections/' took 0.01s
[2017.10.22-04.13.24:034][  0]LogFileCache: Scanning file cache for directory 'C:/Users/Ryan/Documents/GitHub/PewPewGames/Game/Content/Collections/' took 0.01s
[2017.10.22-04.13.24:034][  0]LogCollectionManager: Rebuilt the GUID cache for 0 collections in 0.000001 seconds
[2017.10.22-04.13.24:391][  0]LogContentBrowser: Native class hierarchy populated in 0.1426 seconds. Added 2386 classes and 500 folders.
[2017.10.22-04.13.25:211][  0]LogContentBrowser: Native class hierarchy updated for 'WidgetCarousel' in 0.0005 seconds. Added 0 classes and 0 folders.
[2017.10.22-04.13.35:372][  0]LogContentBrowser: Native class hierarchy updated for 'AddContentDialog' in 0.0012 seconds. Added 0 classes and 0 folders.
[2017.10.22-04.13.35:600][  0]LogContentBrowser: Native class hierarchy updated for 'SceneOutliner' in 0.0008 seconds. Added 1 classes and 2 folders.
[2017.10.22-04.13.43:016][  0]LogSlate: Took 0.281533 seconds to synchronously load lazily loaded font '../../../Engine/Content/Slate/Fonts/Roboto-Regular.ttf' (155K)
[2017.10.22-04.13.43:108][  0]LogSlate: Took 0.016154 seconds to synchronously load lazily loaded font '../../../Engine/Content/Slate/Fonts/Roboto-Bold.ttf' (160K)
[2017.10.22-04.13.43:225][  0]LogSlate: Took 0.038455 seconds to synchronously load lazily loaded font '../../../Engine/Content/Editor/Slate/Fonts/FontAwesome.ttf' (139K)
[2017.10.22-04.13.44:268][  0]LogRenderer: Reallocating scene render targets to support 1208x576 Format 10 NumSamples 1 (Frame:1).
[2017.10.22-04.13.46:255][  0]LogContentBrowser: Native class hierarchy updated for 'HierarchicalLODOutliner' in 0.0007 seconds. Added 1 classes and 2 folders.
[2017.10.22-04.13.46:256][  0]LogLoad: (Engine Initialization) Total time: 198.61 seconds
[2017.10.22-04.13.46:256][  0]LogLoad: (Engine Initialization) Total Blueprint compile time: 0.00 seconds
[2017.10.22-04.13.46:289][  0]LogExternalProfiler: No external profilers were discovered.  External profiling features will not be available.
[2017.10.22-04.13.47:998][  0]LogContentStreaming: Texture pool size now 1000 MB
[2017.10.22-04.13.49:346][  1]LogFileCache: Retrieving MD5 hashes for directory 'C:/Users/Ryan/Documents/GitHub/PewPewGames/Game/Content/' took 2.22s
[2017.10.22-04.13.50:420][  3]LogAssetRegistry: Asset discovery search completed in 156.2137 seconds
[2017.10.22-04.13.50:486][  3]LogCollectionManager: Rebuilt the object cache for 0 collections in 0.000000 seconds (found 0 objects)
[2017.10.22-04.13.50:505][  3]LogCollectionManager: Fixed up redirectors for 0 collections in 0.000077 seconds (updated 0 objects)
[2017.10.22-04.13.56:859][ 21]LogSynthBenchmark: Display: FSynthBenchmark (V0.95):  requested WorkScale=5.00
[2017.10.22-04.13.56:859][ 21]LogSynthBenchmark: Display: ===============
[2017.10.22-04.13.56:859][ 21]LogSynthBenchmark: Display: Main Processor:
[2017.10.22-04.13.57:109][ 21]LogSynthBenchmark: Display:          ... 0.028022 s/Run 'RayIntersect'
[2017.10.22-04.13.57:109][ 21]LogSynthBenchmark: Display:          ... 0.021995 s/Run 'Fractal'
[2017.10.22-04.13.57:109][ 21]LogSynthBenchmark: Display: 
[2017.10.22-04.13.57:109][ 21]LogSynthBenchmark: Display:   CompiledTarget_x_Bits: 64
[2017.10.22-04.13.57:109][ 21]LogSynthBenchmark: Display:   UE_BUILD_SHIPPING: 0
[2017.10.22-04.13.57:109][ 21]LogSynthBenchmark: Display:   UE_BUILD_TEST: 0
[2017.10.22-04.13.57:109][ 21]LogSynthBenchmark: Display:   UE_BUILD_DEBUG: 0
[2017.10.22-04.13.57:109][ 21]LogSynthBenchmark: Display:   TotalPhysicalGBRam: 8
[2017.10.22-04.13.57:109][ 21]LogSynthBenchmark: Display:   NumberOfCores (physical): 4
[2017.10.22-04.13.57:109][ 21]LogSynthBenchmark: Display:   NumberOfCores (logical): 4
[2017.10.22-04.13.57:109][ 21]LogSynthBenchmark: Display:   CPU Perf Index 0: 91.4 (weight 1.00)
[2017.10.22-04.13.57:109][ 21]LogSynthBenchmark: Display:   CPU Perf Index 1: 130.0 (weight 1.50)
[2017.10.22-04.13.57:109][ 21]LogSynthBenchmark: Display:  
[2017.10.22-04.13.57:109][ 21]LogSynthBenchmark: Display: Graphics:
[2017.10.22-04.13.57:109][ 21]LogSynthBenchmark: Display:   Adapter Name: 'NVIDIA GeForce GTX 970'
[2017.10.22-04.13.57:109][ 21]LogSynthBenchmark: Display:   (On Optimus the name might be wrong, memory should be ok)
[2017.10.22-04.13.57:109][ 21]LogSynthBenchmark: Display:   Vendor Id: 0x10DE
[2017.10.22-04.13.57:109][ 21]LogSynthBenchmark: Display:   Device Id: 0x13C2
[2017.10.22-04.13.57:109][ 21]LogSynthBenchmark: Display:   Device Revision: 0xA1
[2017.10.22-04.13.57:109][ 21]LogSynthBenchmark: Display:   GPU Memory: 4059/0/4073 MB
[2017.10.22-04.13.57:260][ 21]LogSynthBenchmark: Display:   GPU first test: 0.06s
[2017.10.22-04.13.57:260][ 21]LogSynthBenchmark: Display:          ... 2.082 s/GigaPix, Confidence=89% 'ALUHeavyNoise' (likely to be very inaccurate)
[2017.10.22-04.13.57:260][ 21]LogSynthBenchmark: Display:          ... 1.745 s/GigaPix, Confidence=89% 'TexHeavy' (likely to be very inaccurate)
[2017.10.22-04.13.57:260][ 21]LogSynthBenchmark: Display:          ... 1.452 s/GigaPix, Confidence=89% 'DepTexHeavy' (likely to be very inaccurate)
[2017.10.22-04.13.57:260][ 21]LogSynthBenchmark: Display:          ... 8.517 s/GigaPix, Confidence=89% 'FillOnly' (likely to be very inaccurate)
[2017.10.22-04.13.57:260][ 21]LogSynthBenchmark: Display:          ... 0.280 s/GigaPix, Confidence=100% 'Bandwidth' (likely to be very inaccurate)
[2017.10.22-04.13.57:260][ 21]LogSynthBenchmark: Display:          ... 0.258 s/GigaVert, Confidence=100% 'VertThroughPut1' (likely to be very inaccurate)
[2017.10.22-04.13.57:260][ 21]LogSynthBenchmark: Display:          ... 1.911 s/GigaVert, Confidence=100% 'VertThroughPut2' (likely to be very inaccurate)
[2017.10.22-04.13.57:495][ 21]LogSynthBenchmark: Display:   GPU second test: 0.19s
[2017.10.22-04.13.57:495][ 21]LogSynthBenchmark: Display:          ... 8.102 s/GigaPix, Confidence=100% 'ALUHeavyNoise' (likely to be inaccurate)
[2017.10.22-04.13.57:495][ 21]LogSynthBenchmark: Display:          ... 6.696 s/GigaPix, Confidence=100% 'TexHeavy' (likely to be inaccurate)
[2017.10.22-04.13.57:495][ 21]LogSynthBenchmark: Display:          ... 6.004 s/GigaPix, Confidence=100% 'DepTexHeavy' (likely to be inaccurate)
[2017.10.22-04.13.57:495][ 21]LogSynthBenchmark: Display:          ... 33.719 s/GigaPix, Confidence=100% 'FillOnly' (likely to be inaccurate)
[2017.10.22-04.13.57:495][ 21]LogSynthBenchmark: Display:          ... 0.733 s/GigaPix, Confidence=100% 'Bandwidth' (likely to be inaccurate)
[2017.10.22-04.13.57:495][ 21]LogSynthBenchmark: Display:          ... 2.968 s/GigaVert, Confidence=89% 'VertThroughPut1' (likely to be inaccurate)
[2017.10.22-04.13.57:495][ 21]LogSynthBenchmark: Display:          ... 4.111 s/GigaVert, Confidence=100% 'VertThroughPut2' (likely to be inaccurate)
[2017.10.22-04.13.57:495][ 21]LogSynthBenchmark: Display:   GPU Final Results:
[2017.10.22-04.13.57:495][ 21]LogSynthBenchmark: Display:          ... 8.102 s/GigaPix, Confidence=100% 'ALUHeavyNoise'
[2017.10.22-04.13.57:495][ 21]LogSynthBenchmark: Display:          ... 6.696 s/GigaPix, Confidence=100% 'TexHeavy'
[2017.10.22-04.13.57:496][ 21]LogSynthBenchmark: Display:          ... 6.004 s/GigaPix, Confidence=100% 'DepTexHeavy'
[2017.10.22-04.13.57:496][ 21]LogSynthBenchmark: Display:          ... 33.719 s/GigaPix, Confidence=100% 'FillOnly'
[2017.10.22-04.13.57:496][ 21]LogSynthBenchmark: Display:          ... 0.733 s/GigaPix, Confidence=100% 'Bandwidth'
[2017.10.22-04.13.57:496][ 21]LogSynthBenchmark: Display:          ... 2.968 s/GigaVert, Confidence=89% 'VertThroughPut1'
[2017.10.22-04.13.57:496][ 21]LogSynthBenchmark: Display:          ... 4.111 s/GigaVert, Confidence=100% 'VertThroughPut2'
[2017.10.22-04.13.57:496][ 21]LogSynthBenchmark: Display: 
[2017.10.22-04.13.57:496][ 21]LogSynthBenchmark: Display:   GPU Perf Index 0: 176.1 (weight 1.00)
[2017.10.22-04.13.57:496][ 21]LogSynthBenchmark: Display:   GPU Perf Index 1: 89.9 (weight 0.10)
[2017.10.22-04.13.57:496][ 21]LogSynthBenchmark: Display:   GPU Perf Index 2: 156.1 (weight 0.10)
[2017.10.22-04.13.57:496][ 21]LogSynthBenchmark: Display:   GPU Perf Index 3: 132.4 (weight 3.00)
[2017.10.22-04.13.57:496][ 21]LogSynthBenchmark: Display:   GPU Perf Index 4: 68.4 (weight 1.00)
[2017.10.22-04.13.57:496][ 21]LogSynthBenchmark: Display:   GPU Perf Index 5: 193.1 (weight 0.00)
[2017.10.22-04.13.57:496][ 21]LogSynthBenchmark: Display:   GPU Perf Index 6: 232.7 (weight 0.00)
[2017.10.22-04.13.57:496][ 21]LogSynthBenchmark: Display:   CPUIndex: 114.6
[2017.10.22-04.13.57:496][ 21]LogSynthBenchmark: Display:   GPUIndex: 128.1
[2017.10.22-04.13.57:496][ 21]LogSynthBenchmark: Display: 
[2017.10.22-04.13.57:496][ 21]LogSynthBenchmark: Display:          ... Total Time: 0.637164 sec
[2017.10.22-04.18.38:302][781]LogSlate: Took 0.081091 seconds to synchronously load lazily loaded font '../../../Engine/Content/Slate/Fonts/Roboto-Light.ttf' (159K)
[2017.10.22-04.18.38:436][781]LogFactory: FactoryCreateFile: StaticMesh with FbxFactory (0 0 C:/Users/Ryan/Documents/GitHub/PewPewGames/Import/EnemyWalkCycle.fbx)
[2017.10.22-04.18.38:788][781]LogFbx: ItemName: GlobalSettings, ItemCount : 1
[2017.10.22-04.18.38:788][781]LogFbx: ItemName: AnimationStack, ItemCount : 1
[2017.10.22-04.18.38:788][781]LogFbx: ItemName: AnimationLayer, ItemCount : 1
[2017.10.22-04.18.38:788][781]LogFbx: ItemName: NodeAttribute, ItemCount : 27
[2017.10.22-04.18.38:788][781]LogFbx: ItemName: Model, ItemCount : 27
[2017.10.22-04.18.38:788][781]LogFbx: ItemName: AnimationCurveNode, ItemCount : 93
[2017.10.22-04.18.38:788][781]LogFbx: ItemName: AnimationCurve, ItemCount : 60
[2017.10.22-04.18.38:844][781]LogFbx: Loading FBX Scene from C:/Users/Ryan/Documents/GitHub/PewPewGames/Import/EnemyWalkCycle.fbx
[2017.10.22-04.18.38:896][781]LogFbx: FBX Scene Loaded Succesfully
[2017.10.22-04.19.19:168][781]LogSlate: Took 0.000170 seconds to synchronously load lazily loaded font '../../../Engine/Content/Slate/Fonts/Roboto-Light.ttf' (159K)
[2017.10.22-04.20.12:946][781]LogFbx: Loading FBX Scene from C:/Users/Ryan/Documents/GitHub/PewPewGames/Import/EnemyWalkCycle.fbx
[2017.10.22-04.20.12:961][781]LogFbx: FBX Scene Loaded Succesfully
[2017.10.22-04.20.13:007][781]LogFbx: SortedLinks :(0) joint2
[2017.10.22-04.20.13:007][781]LogFbx: SortedLinks :(1) joint3
[2017.10.22-04.20.13:007][781]LogFbx: SortedLinks :(2) joint4
[2017.10.22-04.20.13:007][781]LogFbx: SortedLinks :(3) joint5
[2017.10.22-04.20.13:007][781]LogFbx: SortedLinks :(4) joint6
[2017.10.22-04.20.13:007][781]LogFbx: SortedLinks :(5) joint7
[2017.10.22-04.20.13:007][781]LogFbx: SortedLinks :(6) joint8
[2017.10.22-04.20.13:007][781]LogFbx: SortedLinks :(7) joint9
[2017.10.22-04.20.13:007][781]LogFbx: SortedLinks :(8) joint10
[2017.10.22-04.20.13:007][781]LogFbx: SortedLinks :(9) joint11
[2017.10.22-04.20.13:007][781]LogFbx: SortedLinks :(10) joint12
[2017.10.22-04.20.13:007][781]LogFbx: SortedLinks :(11) joint13
[2017.10.22-04.20.13:007][781]LogFbx: SortedLinks :(12) joint14
[2017.10.22-04.20.13:007][781]LogFbx: SortedLinks :(13) joint25
[2017.10.22-04.20.13:007][781]LogFbx: SortedLinks :(14) joint26
[2017.10.22-04.20.13:007][781]LogFbx: SortedLinks :(15) joint27
[2017.10.22-04.20.13:007][781]LogFbx: SortedLinks :(16) joint28
[2017.10.22-04.20.13:007][781]LogFbx: SortedLinks :(17) joint15
[2017.10.22-04.20.13:007][781]LogFbx: SortedLinks :(18) joint16
[2017.10.22-04.20.13:007][781]LogFbx: SortedLinks :(19) joint17
[2017.10.22-04.20.13:007][781]LogFbx: SortedLinks :(20) joint21
[2017.10.22-04.20.13:007][781]LogFbx: SortedLinks :(21) joint22
[2017.10.22-04.20.13:007][781]LogFbx: SortedLinks :(22) joint18
[2017.10.22-04.20.13:007][781]LogFbx: SortedLinks :(23) joint19
[2017.10.22-04.20.13:007][781]LogFbx: SortedLinks :(24) joint20
[2017.10.22-04.20.13:007][781]LogFbx: SortedLinks :(25) joint23
[2017.10.22-04.20.13:007][781]LogFbx: SortedLinks :(26) joint24
[2017.10.22-04.20.13:024][781]LogFbx: Parsing AnimStack Take 001
[2017.10.22-04.20.13:066][781]LogLinker: Can't find file '/Game/EnemyWalkCycle'
[2017.10.22-04.20.13:066][781]LogLinker: Can't find file '/Game/EnemyWalkCycle'
[2017.10.22-04.20.13:214][781]LogAnimationCompression: Building Anim DDC data for AnimSequence /Game/EnemyWalkCycle.EnemyWalkCycle
[2017.10.22-04.20.19:364][221]LogContentBrowser: Native class hierarchy updated for 'SkeletonEditor' in 0.0007 seconds. Added 1 classes and 2 folders.
[2017.10.22-04.20.19:539][221]LogSlate: Took 0.095556 seconds to synchronously load lazily loaded font '../../../Engine/Content/Slate/Fonts/Roboto-Regular.ttf' (155K)
[2017.10.22-04.20.19:995][221]LogActorComponent: RegisterComponentWithWorld: (/Engine/Transient.World_9:PersistentLevel.Actor_0.DebugSkelMeshComponent_0) Already registered. Aborting.
[2017.10.22-04.20.20:810][221]LogSkeletalMesh: USkeletalMeshComponent::InitArticulated : Bodies already created (/Engine/Transient.World_9:PersistentLevel.Actor_0.DebugSkelMeshComponent_0) - call TermArticulated first.
[2017.10.22-04.20.22:530][221]LogContentBrowser: Native class hierarchy updated for 'ClothingSystemEditorInterface' in 0.0007 seconds. Added 1 classes and 0 folders.
[2017.10.22-04.20.22:613][221]LogContentBrowser: Verbose: The majority of assets in the view are of type: AnimSequence
[2017.10.22-04.21.07:058][752]LogActorComponent: RegisterComponentWithWorld: (/Engine/Transient.World_12:PersistentLevel.Actor_1.DebugSkelMeshComponent_3) Already registered. Aborting.
[2017.10.22-04.21.07:124][752]LogSkeletalMesh: USkeletalMeshComponent::InitArticulated : Bodies already created (/Engine/Transient.World_12:PersistentLevel.Actor_1.DebugSkelMeshComponent_3) - call TermArticulated first.
[2017.10.22-04.21.07:436][752]LogSlate: Took 0.021542 seconds to synchronously load lazily loaded font '../../../Engine/Content/Editor/Slate/Fonts/Roboto-Italic.ttf' (157K)
[2017.10.22-04.24.06:837][198]LogFileHelpers: Editor autosave (incl. sublevels) for '/Game/FirstPersonBP/Maps/FirstPersonExampleMap' took 0.674
[2017.10.22-04.24.06:889][198]OBJ SavePackage: Generating thumbnails for [1] asset(s) in package [/Game/EnemyWalkCycle] ([1] browsable assets)...
[2017.10.22-04.24.06:937][198]OBJ SavePackage:     Rendered thumbnail for [AnimSequence /Game/EnemyWalkCycle.EnemyWalkCycle]
[2017.10.22-04.24.06:937][198]OBJ SavePackage: Finished generating thumbnails for package [/Game/EnemyWalkCycle]
[2017.10.22-04.24.06:937][198]Cmd: OBJ SAVEPACKAGE PACKAGE="/Game/EnemyWalkCycle" FILE="C:/Users/Ryan/Documents/GitHub/PewPewGames/Game/Saved/Autosaves/Game/EnemyWalkCycle_Auto1.uasset" SILENT=false AUTOSAVING=true
[2017.10.22-04.24.07:085][198]LogSavePackage: Save=127.12ms
[2017.10.22-04.24.07:085][198]LogSavePackage: Moving 'C:/Users/Ryan/Documents/GitHub/PewPewGames/Game/Saved/EnemyWalkCycle_Auto1D034819A4C21267691C3ABAF0D7B318F.tmp' to 'C:/Users/Ryan/Documents/GitHub/PewPewGames/Game/Saved/Autosaves/Game/EnemyWalkCycle_Auto1.uasset'
[2017.10.22-04.24.07:107][198]LogSavePackage: Display: Finished SavePackage C:/Users/Ryan/Documents/GitHub/PewPewGames/Game/Saved/Autosaves/Game/EnemyWalkCycle_Auto1.uasset
[2017.10.22-04.24.07:107][198]LogFileHelpers: Auto-saving content packages took 0.269
[2017.10.22-05.54.42:534][391]LogTemp: Repeating last play command: Selected Viewport
[2017.10.22-05.54.45:006][391]LogBlueprintUserMessages: Early PlayInEditor Detection: Level '/Game/FirstPersonBP/Maps/FirstPersonExampleMap.FirstPersonExampleMap:PersistentLevel' has LevelScriptBlueprint '/Game/FirstPersonBP/Maps/FirstPersonExampleMap.FirstPersonExampleMap:PersistentLevel.FirstPersonExampleMap' with GeneratedClass '/Game/FirstPersonBP/Maps/FirstPersonExampleMap.FirstPersonExampleMap_C' with ClassGeneratedBy '/Game/FirstPersonBP/Maps/FirstPersonExampleMap.FirstPersonExampleMap:PersistentLevel.FirstPersonExampleMap'
[2017.10.22-05.54.45:021][391]LogPlayLevel: PlayLevel: No blueprints needed recompiling
[2017.10.22-05.54.45:115][391]PIE: New page: PIE session: FirstPersonExampleMap (23 Oct 2017 2:54:45 am)
[2017.10.22-05.54.45:131][391]LogPlayLevel: Creating play world package: /Game/FirstPersonBP/Maps/UEDPIE_0_FirstPersonExampleMap
[2017.10.22-05.54.45:285][391]LogPlayLevel: PIE: StaticDuplicateObject took: (0.153319s)
[2017.10.22-05.54.45:286][391]LogAIModule: Creating AISystem for world FirstPersonExampleMap
[2017.10.22-05.54.45:286][391]LogPlayLevel: PIE: World Init took: (0.001692s)
[2017.10.22-05.54.45:294][391]LogPlayLevel: PIE: Created PIE world by copying editor world from /Game/FirstPersonBP/Maps/FirstPersonExampleMap.FirstPersonExampleMap to /Game/FirstPersonBP/Maps/UEDPIE_0_FirstPersonExampleMap.FirstPersonExampleMap (0.163274s)
[2017.10.22-05.54.45:398][391]LogInit: XAudio2 using 'Speakers (Plantronics GameCom 780/788)' : 6 channels at 44.1 kHz using 16 bits per sample (channel mask 0x60f)
[2017.10.22-05.54.45:405][391]LogInit: FAudioDevice initialized.
[2017.10.22-05.54.45:516][391]LogLoad: Game class is 'FirstPersonGameMode_C'
[2017.10.22-05.54.45:557][391]LogWorld: Bringing World /Game/FirstPersonBP/Maps/UEDPIE_0_FirstPersonExampleMap.FirstPersonExampleMap up for play (max tick rate 0) at 2017.10.22-16.24.45
[2017.10.22-05.54.45:815][391]LogWorld: Bringing up level for play took: 0.284518
[2017.10.22-05.54.47:688][391]LogContentBrowser: Native class hierarchy updated for 'MovieSceneCapture' in 0.0027 seconds. Added 11 classes and 0 folders.
[2017.10.22-05.54.47:940][391]PIE: Play in editor start time for /Game/FirstPersonBP/Maps/UEDPIE_0_FirstPersonExampleMap 2.463
[2017.10.22-05.54.47:941][391]LogBlueprintUserMessages: Late PlayInEditor Detection: Level '/Game/FirstPersonBP/Maps/FirstPersonExampleMap.FirstPersonExampleMap:PersistentLevel' has LevelScriptBlueprint '/Game/FirstPersonBP/Maps/FirstPersonExampleMap.FirstPersonExampleMap:PersistentLevel.FirstPersonExampleMap' with GeneratedClass '/Game/FirstPersonBP/Maps/FirstPersonExampleMap.FirstPersonExampleMap_C' with ClassGeneratedBy '/Game/FirstPersonBP/Maps/FirstPersonExampleMap.FirstPersonExampleMap:PersistentLevel.FirstPersonExampleMap'
[2017.10.22-05.56.59:435][794]LogBlueprintUserMessages: Early EndPlayMap Detection: Level '/Game/FirstPersonBP/Maps/FirstPersonExampleMap.FirstPersonExampleMap:PersistentLevel' has LevelScriptBlueprint '/Game/FirstPersonBP/Maps/FirstPersonExampleMap.FirstPersonExampleMap:PersistentLevel.FirstPersonExampleMap' with GeneratedClass '/Game/FirstPersonBP/Maps/FirstPersonExampleMap.FirstPersonExampleMap_C' with ClassGeneratedBy '/Game/FirstPersonBP/Maps/FirstPersonExampleMap.FirstPersonExampleMap:PersistentLevel.FirstPersonExampleMap'
[2017.10.22-05.56.59:533][794]LogBlueprintUserMessages: Late EndPlayMap Detection: Level '/Game/FirstPersonBP/Maps/FirstPersonExampleMap.FirstPersonExampleMap:PersistentLevel' has LevelScriptBlueprint '/Game/FirstPersonBP/Maps/FirstPersonExampleMap.FirstPersonExampleMap:PersistentLevel.FirstPersonExampleMap' with GeneratedClass '/Game/FirstPersonBP/Maps/FirstPersonExampleMap.FirstPersonExampleMap_C' with ClassGeneratedBy '/Game/FirstPersonBP/Maps/FirstPersonExampleMap.FirstPersonExampleMap:PersistentLevel.FirstPersonExampleMap'
[2017.10.22-05.57.29:568][301]LogEditorViewport: Clicking on Actor (LMB): PointLight (PointLight3)
[2017.10.22-05.58.30:162][268]LogContentBrowser: Native class hierarchy updated for 'PhAT' in 0.0009 seconds. Added 2 classes and 3 folders.
[2017.10.22-05.59.27:466][828]Cmd: OBJ SAVEPACKAGE PACKAGE="/Game/EnemyWalkCycle" FILE="C:/Users/Ryan/Documents/GitHub/PewPewGames/Game/Content/EnemyWalkCycle.uasset" SILENT=true
[2017.10.22-05.59.27:486][828]LogSavePackage: Save=17.06ms
[2017.10.22-05.59.27:486][828]LogSavePackage: Moving 'C:/Users/Ryan/Documents/GitHub/PewPewGames/Game/Saved/EnemyWalkCycle864A837D419A962FFA6B0492D1C4A07A.tmp' to 'C:/Users/Ryan/Documents/GitHub/PewPewGames/Game/Content/EnemyWalkCycle.uasset'
[2017.10.22-05.59.27:493][828]LogSavePackage: Display: Finished SavePackage C:/Users/Ryan/Documents/GitHub/PewPewGames/Game/Content/EnemyWalkCycle.uasset
[2017.10.22-05.59.27:909][828]LogSavePackage: Save=249.81ms
[2017.10.22-05.59.27:909][828]LogSavePackage: Moving 'C:/Users/Ryan/Documents/GitHub/PewPewGames/Game/Saved/FirstPersonExampleMap5CA8EE4E42A60E34B671FC8E60BBA8AB.tmp' to 'C:/Users/Ryan/Documents/GitHub/PewPewGames/Game/Content/FirstPersonBP/Maps/FirstPersonExampleMap.umap'
[2017.10.22-05.59.27:913][828]LogSavePackage: Display: Finished SavePackage C:/Users/Ryan/Documents/GitHub/PewPewGames/Game/Content/FirstPersonBP/Maps/FirstPersonExampleMap.umap
[2017.10.22-05.59.28:008][828]LogFileHelpers: Saving map 'FirstPersonExampleMap' took 0.513
[2017.10.22-05.59.28:534][829]Cmd: QUIT_EDITOR
[2017.10.22-05.59.28:993][829]LogWindowsTextInputMethodSystem: Display: IME system now deactivated.
[2017.10.22-05.59.29:050][829]LogExit: Preparing to exit.
[2017.10.22-05.59.30:577][829]LogExit: Editor shut down
[2017.10.22-05.59.30:603][829]LogExit: Transaction tracking system shut down
[2017.10.22-05.59.31:010][829]LogDirectoryWatcher: A directory notification for '../../../Engine/Content/' was aborted.
[2017.10.22-05.59.31:010][829]LogDirectoryWatcher: A directory notification for 'C:/Users/Ryan/Documents/GitHub/PewPewGames/Game/Content/' was aborted.
[2017.10.22-05.59.31:010][829]LogDirectoryWatcher: A directory notification for '../../../Engine/Plugins/2D/Paper2D/Content/' was aborted.
[2017.10.22-05.59.31:010][829]LogDirectoryWatcher: A directory notification for '../../../Engine/Plugins/Runtime/Oculus/OculusVR/Content/' was aborted.
[2017.10.22-05.59.31:010][829]LogDirectoryWatcher: A directory notification for '../../../Engine/Plugins/Runtime/Steam/SteamVR/Content/' was aborted.
[2017.10.22-05.59.32:488][829]LogExit: Object subsystem successfully closed.
[2017.10.22-05.59.32:683][829]LogD3D11RHI: Shutdown
[2017.10.22-05.59.32:694][829]LogD3D11RHI: CleanupD3DDevice
[2017.10.22-05.59.32:834][829]LogD3D11RHI: ~FD3D11DynamicRHI
[2017.10.22-05.59.33:665][829]LogModuleManager: Shutting down and abandoning module PhAT (544)
[2017.10.22-05.59.33:665][829]LogModuleManager: Shutting down and abandoning module MovieSceneCapture (542)
[2017.10.22-05.59.33:665][829]LogModuleManager: Shutting down and abandoning module SkeletalMeshEditor (540)
[2017.10.22-05.59.33:665][829]LogModuleManager: Shutting down and abandoning module ClothingSystemEditorInterface (538)
[2017.10.22-05.59.33:665][829]LogModuleManager: Shutting down and abandoning module SkeletonEditor (536)
[2017.10.22-05.59.33:678][829]LogModuleManager: Shutting down and abandoning module AnimationEditor (534)
[2017.10.22-05.59.33:678][829]LogModuleManager: Shutting down and abandoning module SynthBenchmark (532)
[2017.10.22-05.59.33:678][829]LogModuleManager: Shutting down and abandoning module HierarchicalLODOutliner (530)
[2017.10.22-05.59.33:678][829]LogModuleManager: Shutting down and abandoning module SceneOutliner (528)
[2017.10.22-05.59.33:680][829]LogModuleManager: Shutting down and abandoning module AddContentDialog (526)
[2017.10.22-05.59.33:703][829]LogDirectoryWatcher: A directory notification for 'H:/Unreal Engine 4/UE_4.17/FeaturePacks/' was aborted.
[2017.10.22-05.59.33:747][829]LogModuleManager: Shutting down and abandoning module WidgetCarousel (525)
[2017.10.22-05.59.33:747][829]LogModuleManager: Shutting down and abandoning module EditorWidgets (522)
[2017.10.22-05.59.33:747][829]LogModuleManager: Shutting down and abandoning module CollectionManager (520)
[2017.10.22-05.59.33:752][829]LogDirectoryWatcher: A directory notification for 'C:/Users/Ryan/Documents/GitHub/PewPewGames/Game/Content/Collections/' was aborted.
[2017.10.22-05.59.33:752][829]LogDirectoryWatcher: A directory notification for 'C:/Users/Ryan/Documents/GitHub/PewPewGames/Game/Content/Developers/Ryan/Collections/' was aborted.
[2017.10.22-05.59.33:752][829]LogDirectoryWatcher: A directory notification for 'C:/Users/Ryan/Documents/GitHub/PewPewGames/Game/Saved/Collections/' was aborted.
[2017.10.22-05.59.33:752][829]LogModuleManager: Shutting down and abandoning module StatsViewer (518)
[2017.10.22-05.59.33:775][829]LogModuleManager: Shutting down and abandoning module FoliageEdit (516)
[2017.10.22-05.59.33:775][829]LogModuleManager: Shutting down and abandoning module LandscapeEditor (514)
[2017.10.22-05.59.33:794][829]LogModuleManager: Shutting down and abandoning module MeshPaintMode (512)
[2017.10.22-05.59.33:794][829]LogModuleManager: Shutting down and abandoning module SceneDepthPickerMode (510)
[2017.10.22-05.59.33:794][829]LogModuleManager: Shutting down and abandoning module ActorPickerMode (508)
[2017.10.22-05.59.33:794][829]LogModuleManager: Shutting down and abandoning module GeometryMode (506)
[2017.10.22-05.59.33:794][829]LogModuleManager: Shutting down and abandoning module TextureAlignMode (504)
[2017.10.22-05.59.33:794][829]LogModuleManager: Shutting down and abandoning module BspMode (502)
[2017.10.22-05.59.33:800][829]LogModuleManager: Shutting down and abandoning module PIEPreviewDeviceProfileSelector (500)
[2017.10.22-05.59.33:800][829]LogModuleManager: Shutting down and abandoning module HardwareSurvey (498)
[2017.10.22-05.59.33:800][829]LogModuleManager: Shutting down and abandoning module SequenceRecorderSections (496)
[2017.10.22-05.59.33:812][829]LogModuleManager: Shutting down and abandoning module AutomationWorker (494)
[2017.10.22-05.59.33:817][829]LogModuleManager: Shutting down and abandoning module MatineeToLevelSequence (492)
[2017.10.22-05.59.33:838][829]LogModuleManager: Shutting down and abandoning module LevelSequenceEditor (490)
[2017.10.22-05.59.33:922][829]LogModuleManager: Shutting down and abandoning module PlacementMode (489)
[2017.10.22-05.59.33:922][829]LogModuleManager: Shutting down and abandoning module WmfMediaFactory (486)
[2017.10.22-05.59.33:922][829]LogModuleManager: Shutting down and abandoning module WmfMediaEditor (484)
[2017.10.22-05.59.33:922][829]LogModuleManager: Shutting down and abandoning module AvfMediaFactory (482)
[2017.10.22-05.59.33:922][829]LogModuleManager: Shutting down and abandoning module AvfMediaEditor (480)
[2017.10.22-05.59.33:922][829]LogModuleManager: Shutting down and abandoning module AndroidMediaFactory (478)
[2017.10.22-05.59.33:923][829]LogModuleManager: Shutting down and abandoning module Media (477)
[2017.10.22-05.59.33:923][829]LogModuleManager: Shutting down and abandoning module AndroidMediaEditor (474)
[2017.10.22-05.59.33:923][829]LogModuleManager: Shutting down and abandoning module CharacterAI (472)
[2017.10.22-05.59.33:923][829]LogModuleManager: Shutting down and abandoning module AudioCapture (470)
[2017.10.22-05.59.33:923][829]LogModuleManager: Shutting down and abandoning module SequenceRecorder (469)
[2017.10.22-05.59.33:925][829]LogModuleManager: Shutting down and abandoning module SmartSnapping (466)
[2017.10.22-05.59.33:925][829]LogModuleManager: Shutting down and abandoning module SessionServices (464)
[2017.10.22-05.59.33:925][829]LogModuleManager: Shutting down and abandoning module ViewportSnapping (462)
[2017.10.22-05.59.33:925][829]LogModuleManager: Shutting down and abandoning module ViewportInteraction (460)
[2017.10.22-05.59.33:925][829]LogModuleManager: Shutting down and abandoning module ClothPainter (458)
[2017.10.22-05.59.33:956][829]LogModuleManager: Shutting down and abandoning module LogVisualizer (456)
[2017.10.22-05.59.33:970][829]LogModuleManager: Shutting down and abandoning module IntroTutorials (454)
[2017.10.22-05.59.33:976][829]LogModuleManager: Shutting down and abandoning module GameProjectGeneration (453)
[2017.10.22-05.59.34:012][829]LogModuleManager: Shutting down and abandoning module IOSPlatformEditor (450)
[2017.10.22-05.59.34:012][829]LogModuleManager: Shutting down and abandoning module HTML5PlatformEditor (448)
[2017.10.22-05.59.34:013][829]LogModuleManager: Shutting down and abandoning module AndroidPlatformEditor (446)
[2017.10.22-05.59.34:013][829]LogModuleManager: Shutting down and abandoning module AndroidDeviceDetection (445)
[2017.10.22-05.59.34:997][829]LogModuleManager: Shutting down and abandoning module WindowsPlatformEditor (442)
[2017.10.22-05.59.34:997][829]LogModuleManager: Shutting down and abandoning module IOSRuntimeSettings (440)
[2017.10.22-05.59.34:997][829]LogModuleManager: Shutting down and abandoning module AndroidRuntimeSettings (438)
[2017.10.22-05.59.34:997][829]LogModuleManager: Shutting down and abandoning module InputBindingEditor (436)
[2017.10.22-05.59.35:038][829]LogModuleManager: Shutting down and abandoning module MergeActors (434)
[2017.10.22-05.59.35:062][829]LogModuleManager: Shutting down and abandoning module SizeMap (432)
[2017.10.22-05.59.35:062][829]LogModuleManager: Shutting down and abandoning module TreeMap (430)
[2017.10.22-05.59.35:094][829]LogModuleManager: Shutting down and abandoning module ReferenceViewer (428)
[2017.10.22-05.59.35:094][829]LogModuleManager: Shutting down and abandoning module LocalizationDashboard (426)
[2017.10.22-05.59.35:115][829]LogModuleManager: Shutting down and abandoning module LocalizationService (425)
[2017.10.22-05.59.35:122][829]LogModuleManager: Shutting down and abandoning module HardwareTargeting (422)
[2017.10.22-05.59.35:122][829]LogModuleManager: Shutting down and abandoning module DeviceProfileEditor (420)
[2017.10.22-05.59.35:133][829]LogModuleManager: Shutting down and abandoning module UndoHistory (418)
[2017.10.22-05.59.35:133][829]LogModuleManager: Shutting down and abandoning module XmlParser (416)
[2017.10.22-05.59.35:156][829]LogModuleManager: Shutting down and abandoning module Blutility (414)
[2017.10.22-05.59.35:156][829]LogModuleManager: Shutting down and abandoning module ProjectSettingsViewer (412)
[2017.10.22-05.59.35:156][829]LogModuleManager: Shutting down and abandoning module ProjectTargetPlatformEditor (411)
[2017.10.22-05.59.35:157][829]LogModuleManager: Shutting down and abandoning module EditorSettingsViewer (408)
[2017.10.22-05.59.35:157][829]LogModuleManager: Shutting down and abandoning module SettingsEditor (406)
[2017.10.22-05.59.35:175][829]LogModuleManager: Shutting down and abandoning module ProjectLauncher (404)
[2017.10.22-05.59.35:183][829]LogModuleManager: Shutting down and abandoning module SessionFrontend (402)
[2017.10.22-05.59.35:187][829]LogModuleManager: Shutting down and abandoning module ProfilerClient (400)
[2017.10.22-05.59.35:191][829]LogModuleManager: Shutting down and abandoning module DeviceManager (398)
[2017.10.22-05.59.35:205][829]LogModuleManager: Shutting down and abandoning module TargetDeviceServices (397)
[2017.10.22-05.59.35:268][829]LogModuleManager: Shutting down and abandoning module AutomationController (394)
[2017.10.22-05.59.35:297][829]LogModuleManager: Shutting down and abandoning module AutomationWindow (392)
[2017.10.22-05.59.35:334][829]LogModuleManager: Shutting down and abandoning module Layers (390)
[2017.10.22-05.59.35:381][829]LogModuleManager: Shutting down and abandoning module ComponentVisualizers (388)
[2017.10.22-05.59.35:381][829]LogModuleManager: Shutting down and abandoning module DetailCustomizations (386)
[2017.10.22-05.59.35:381][829]LogModuleManager: Shutting down and abandoning module PackagesDialog (384)
[2017.10.22-05.59.35:381][829]LogModuleManager: Shutting down and abandoning module Persona (382)
[2017.10.22-05.59.35:381][829]LogModuleManager: Shutting down and abandoning module AdvancedPreviewScene (381)
[2017.10.22-05.59.35:381][829]LogModuleManager: Shutting down and abandoning module AnimGraph (379)
[2017.10.22-05.59.35:396][829]LogModuleManager: Shutting down and abandoning module Kismet (376)
[2017.10.22-05.59.35:412][829]LogModuleManager: Shutting down and abandoning module ClassViewer (374)
[2017.10.22-05.59.35:412][829]LogModuleManager: Shutting down and abandoning module Toolbox (372)
[2017.10.22-05.59.35:412][829]LogModuleManager: Shutting down and abandoning module ModuleUI (370)
[2017.10.22-05.59.35:417][829]LogModuleManager: Shutting down and abandoning module MovieSceneTools (368)
[2017.10.22-05.59.35:441][829]LogModuleManager: Shutting down and abandoning module OutputLog (366)
[2017.10.22-05.59.35:450][829]LogModuleManager: Shutting down and abandoning module GammaUI (364)
[2017.10.22-05.59.35:457][829]LogModuleManager: Shutting down and abandoning module Documentation (362)
[2017.10.22-05.59.35:457][829]LogModuleManager: Shutting down and abandoning module MovieSceneTracks (360)
[2017.10.22-05.59.35:457][829]LogModuleManager: Shutting down and abandoning module MovieScene (358)
[2017.10.22-05.59.35:464][829]LogModuleManager: Shutting down and abandoning module Niagara (356)
[2017.10.22-05.59.35:464][829]LogModuleManager: Shutting down and abandoning module NiagaraEditor (355)
[2017.10.22-05.59.35:496][829]LogModuleManager: Shutting down and abandoning module StreamingPauseRendering (352)
[2017.10.22-05.59.35:496][829]LogModuleManager: Shutting down and abandoning module LauncherPlatform (350)
[2017.10.22-05.59.35:496][829]LogModuleManager: Shutting down and abandoning module AnalyticsET (348)
[2017.10.22-05.59.35:496][829]LogModuleManager: Shutting down and abandoning module PortalServices (346)
[2017.10.22-05.59.35:496][829]LogModuleManager: Shutting down and abandoning module PortalRpc (344)
[2017.10.22-05.59.35:496][829]LogModuleManager: Shutting down and abandoning module MessagingRpc (342)
[2017.10.22-05.59.35:496][829]LogModuleManager: Shutting down and abandoning module AIModule (340)
[2017.10.22-05.59.35:496][829]LogModuleManager: Shutting down and abandoning module GameplayDebugger (339)
[2017.10.22-05.59.35:497][829]LogModuleManager: Shutting down and abandoning module AITestSuite (337)
[2017.10.22-05.59.35:503][829]LogModuleManager: Shutting down and abandoning module ProfilerService (334)
[2017.10.22-05.59.35:604][829]LogModuleManager: Shutting down and abandoning module TaskGraph (332)
[2017.10.22-05.59.35:637][829]LogModuleManager: Shutting down and abandoning module SteamVRController (330)
[2017.10.22-05.59.35:637][829]LogModuleManager: Shutting down and abandoning module ProceduralMeshComponentEditor (328)
[2017.10.22-05.59.35:637][829]LogModuleManager: Shutting down and abandoning module ProceduralMeshComponent (326)
[2017.10.22-05.59.35:637][829]LogModuleManager: Shutting down and abandoning module OculusInput (324)
[2017.10.22-05.59.35:648][829]LogModuleManager: Shutting down and abandoning module MobilePatchingUtils (322)
[2017.10.22-05.59.35:648][829]LogModuleManager: Shutting down and abandoning module CustomMeshComponent (320)
[2017.10.22-05.59.35:649][829]LogModuleManager: Shutting down and abandoning module CableComponent (318)
[2017.10.22-05.59.35:659][829]LogModuleManager: Shutting down and abandoning module ArchVisCharacter (316)
[2017.10.22-05.59.35:659][829]LogModuleManager: Shutting down and abandoning module AndroidPermission (314)
[2017.10.22-05.59.35:659][829]LogModuleManager: Shutting down and abandoning module MediaPlayerEditor (310)
[2017.10.22-05.59.35:757][829]LogModuleManager: Shutting down and abandoning module HTML5Networking (308)
[2017.10.22-05.59.35:757][829]LogModuleManager: Shutting down and abandoning module AlembicImporter (306)
[2017.10.22-05.59.35:772][829]LogModuleManager: Shutting down and abandoning module AlembicLibrary (305)
[2017.10.22-05.59.35:772][829]LogModuleManager: Shutting down and abandoning module GeometryCache (304)
[2017.10.22-05.59.35:772][829]LogModuleManager: Shutting down and abandoning module GeometryCacheEd (303)
[2017.10.22-05.59.35:772][829]LogModuleManager: Shutting down and abandoning module SpeedTreeImporter (298)
[2017.10.22-05.59.35:772][829]LogModuleManager: Shutting down and abandoning module PluginBrowser (296)
[2017.10.22-05.59.35:832][829]LogModuleManager: Shutting down and abandoning module MobileLauncherProfileWizard (294)
[2017.10.22-05.59.35:858][829]LogModuleManager: Shutting down and abandoning module VisualStudioSourceCodeAccess (292)
[2017.10.22-05.59.35:863][829]LogModuleManager: Shutting down and abandoning module DesktopPlatform (291)
[2017.10.22-05.59.35:867][829]LogModuleManager: Shutting down and abandoning module UObjectPlugin (288)
[2017.10.22-05.59.35:867][829]LogModuleManager: Shutting down and abandoning module SubversionSourceControl (286)
[2017.10.22-05.59.35:892][829]LogModuleManager: Shutting down and abandoning module PerforceSourceControl (284)
[2017.10.22-05.59.35:936][829]LogModuleManager: Shutting down and abandoning module GitSourceControl (282)
[2017.10.22-05.59.35:962][829]LogModuleManager: Shutting down and abandoning module SourceControl (281)
[2017.10.22-05.59.35:994][829]LogModuleManager: Shutting down and abandoning module LightPropagationVolumeEditor (278)
[2017.10.22-05.59.35:994][829]LogModuleManager: Shutting down and abandoning module PaperTiledImporter (276)
[2017.10.22-05.59.35:994][829]LogModuleManager: Shutting down and abandoning module PaperSpriteSheetImporter (274)
[2017.10.22-05.59.35:994][829]LogModuleManager: Shutting down and abandoning module Paper2DEditor (272)
[2017.10.22-05.59.36:012][829]LogModuleManager: Shutting down and abandoning module MeshPaint (271)
[2017.10.22-05.59.36:023][829]LogModuleManager: Shutting down and abandoning module LevelEditor (269)
[2017.10.22-05.59.36:036][829]LogModuleManager: Shutting down and abandoning module PixelInspectorModule (268)
[2017.10.22-05.59.36:052][829]LogModuleManager: Shutting down and abandoning module MainFrame (266)
[2017.10.22-05.59.36:052][829]LogModuleManager: Shutting down and abandoning module HotReload (265)
[2017.10.22-05.59.36:074][829]LogModuleManager: Shutting down and abandoning module RuntimePhysXCooking (260)
[2017.10.22-05.59.36:074][829]LogModuleManager: Shutting down and abandoning module PhysXVehiclesEditor (258)
[2017.10.22-05.59.36:074][829]LogModuleManager: Shutting down and abandoning module PhysXVehicles (256)
[2017.10.22-05.59.36:074][829]LogModuleManager: Shutting down and abandoning module OculusEditor (254)
[2017.10.22-05.59.36:074][829]LogModuleManager: Shutting down and abandoning module LocationServicesBPLibrary (252)
[2017.10.22-05.59.36:074][829]LogModuleManager: Shutting down and abandoning module ImmediatePhysicsEditor (250)
[2017.10.22-05.59.36:074][829]LogModuleManager: Shutting down and abandoning module ImmediatePhysics (248)
[2017.10.22-05.59.36:089][829]LogModuleManager: Shutting down and abandoning module UdpMessaging (246)
[2017.10.22-05.59.36:190][829]LogModuleManager: Shutting down and abandoning module TcpMessaging (244)
[2017.10.22-05.59.36:307][829]LogModuleManager: Shutting down and abandoning module GameplayTagsEditor (242)
[2017.10.22-05.59.36:342][829]LogModuleManager: Shutting down and abandoning module FacialAnimationEditor (240)
[2017.10.22-05.59.36:343][829]LogModuleManager: Shutting down and abandoning module FacialAnimation (238)
[2017.10.22-05.59.36:343][829]LogModuleManager: Shutting down and abandoning module AssetManagerEditor (236)
[2017.10.22-05.59.36:379][829]LogModuleManager: Shutting down and abandoning module GraphEditor (235)
[2017.10.22-05.59.36:423][829]LogModuleManager: Shutting down and abandoning module ContentBrowser (233)
[2017.10.22-05.59.36:425][829]LogModuleManager: Shutting down and abandoning module LightPropagationVolumeRuntime (230)
[2017.10.22-05.59.36:425][829]LogModuleManager: Shutting down and abandoning module Paper2D (228)
[2017.10.22-05.59.36:439][829]LogModuleManager: Shutting down and abandoning module WindowsMoviePlayer (226)
[2017.10.22-05.59.36:449][829]LogModuleManager: Shutting down and abandoning module WmfMedia (224)
[2017.10.22-05.59.36:461][829]LogModuleManager: Shutting down and abandoning module PacketHandler (222)
[2017.10.22-05.59.36:461][829]LogModuleManager: Shutting down and abandoning module ClothingSystemEditor (220)
[2017.10.22-05.59.36:461][829]LogModuleManager: Shutting down and abandoning module ClothingSystemRuntime (218)
[2017.10.22-05.59.36:480][829]LogModuleManager: Shutting down and abandoning module Overlay (216)
[2017.10.22-05.59.36:480][829]LogModuleManager: Shutting down and abandoning module OverlayEditor (215)
[2017.10.22-05.59.36:480][829]LogModuleManager: Shutting down and abandoning module MediaAssets (212)
[2017.10.22-05.59.36:480][829]LogModuleManager: Shutting down and abandoning module VREditor (210)
[2017.10.22-05.59.36:496][829]LogModuleManager: Shutting down and abandoning module StringTableEditor (208)
[2017.10.22-05.59.36:506][829]LogModuleManager: Shutting down and abandoning module GameplayTasksEditor (206)
[2017.10.22-05.59.36:506][829]LogModuleManager: Shutting down and abandoning module BehaviorTreeEditor (204)
[2017.10.22-05.59.36:551][829]LogModuleManager: Shutting down and abandoning module FunctionalTesting (202)
[2017.10.22-05.59.36:551][829]LogModuleManager: Shutting down and abandoning module CollisionAnalyzer (200)
[2017.10.22-05.59.36:570][829]LogModuleManager: Shutting down and abandoning module WorkspaceMenuStructure (199)
[2017.10.22-05.59.36:571][829]LogModuleManager: Shutting down and abandoning module UMG (196)
[2017.10.22-05.59.36:571][829]LogModuleManager: Shutting down and abandoning module UMGEditor (195)
[2017.10.22-05.59.36:604][829]LogModuleManager: Shutting down and abandoning module Sequencer (194)
[2017.10.22-05.59.36:616][829]LogModuleManager: Shutting down and abandoning module MessageLog (191)
[2017.10.22-05.59.36:616][829]LogModuleManager: Shutting down and abandoning module SlateReflector (186)
[2017.10.22-05.59.36:679][829]LogModuleManager: Shutting down and abandoning module Slate (184)
[2017.10.22-05.59.36:679][829]LogModuleManager: Shutting down and abandoning module EditorStyle (182)
[2017.10.22-05.59.36:689][829]LogModuleManager: Shutting down and abandoning module MRMesh (180)
[2017.10.22-05.59.36:689][829]LogModuleManager: Shutting down and abandoning module SourceCodeAccess (178)
[2017.10.22-05.59.36:689][829]LogModuleManager: Shutting down and abandoning module HeadMountedDisplay (176)
[2017.10.22-05.59.36:689][829]LogModuleManager: Shutting down and abandoning module XAudio2 (174)
[2017.10.22-05.59.36:689][829]LogModuleManager: Shutting down and abandoning module Networking (172)
[2017.10.22-05.59.36:690][829]LogModuleManager: Shutting down and abandoning module Core (168)
[2017.10.22-05.59.36:690][829]LogModuleManager: Shutting down and abandoning module KismetCompiler (164)
[2017.10.22-05.59.36:691][829]LogModuleManager: Shutting down and abandoning module LevelSequence (162)
[2017.10.22-05.59.36:691][829]LogModuleManager: Shutting down and abandoning module MeshUtilities (160)
[2017.10.22-05.59.36:704][829]LogModuleManager: Shutting down and abandoning module MeshMergeUtilities (159)
[2017.10.22-05.59.36:714][829]LogModuleManager: Shutting down and abandoning module MeshReductionInterface (158)
[2017.10.22-05.59.36:714][829]LogModuleManager: Shutting down and abandoning module SimplygonSwarm (157)
[2017.10.22-05.59.36:717][829]LogModuleManager: Shutting down and abandoning module SimplygonMeshReduction (155)
[2017.10.22-05.59.36:717][829]LogModuleManager: Shutting down and abandoning module QuadricMeshReduction (153)
[2017.10.22-05.59.36:735][829]LogModuleManager: Shutting down and abandoning module MaterialBaking (149)
[2017.10.22-05.59.36:741][829]LogModuleManager: Shutting down and abandoning module DirectoryWatcher (146)
[2017.10.22-05.59.36:758][829]LogModuleManager: Shutting down and abandoning module DerivedDataCache (144)
[2017.10.22-05.59.36:768][829]LogDerivedDataCache: Shutdown
[2017.10.22-05.59.36:768][829]LogModuleManager: Shutting down and abandoning module TargetPlatform (142)
[2017.10.22-05.59.36:769][829]LogModuleManager: Shutting down and abandoning module VulkanShaderFormat (141)
[2017.10.22-05.59.36:786][829]LogModuleManager: Shutting down and abandoning module ShaderFormatVectorVM (139)
[2017.10.22-05.59.36:794][829]LogModuleManager: Shutting down and abandoning module ShaderFormatOpenGL (137)
[2017.10.22-05.59.36:804][829]LogModuleManager: Shutting down and abandoning module ShaderFormatD3D (135)
[2017.10.22-05.59.36:813][829]LogModuleManager: Shutting down and abandoning module MetalShaderFormat (133)
[2017.10.22-05.59.36:831][829]LogModuleManager: Shutting down and abandoning module TextureFormatUncompressed (131)
[2017.10.22-05.59.36:831][829]LogModuleManager: Shutting down and abandoning module TextureFormatPVR (129)
[2017.10.22-05.59.36:831][829]LogModuleManager: Shutting down and abandoning module TextureFormatDXT (127)
[2017.10.22-05.59.36:831][829]LogModuleManager: Shutting down and abandoning module TextureFormatIntelISPCTexComp (125)
[2017.10.22-05.59.36:836][829]LogModuleManager: Shutting down and abandoning module TextureFormatASTC (123)
[2017.10.22-05.59.36:836][829]LogModuleManager: Shutting down and abandoning module ImageWrapper (122)
[2017.10.22-05.59.36:836][829]LogModuleManager: Shutting down and abandoning module TextureFormatAndroid (119)
[2017.10.22-05.59.36:836][829]LogModuleManager: Shutting down and abandoning module AudioFormatOpus (117)
[2017.10.22-05.59.36:836][829]LogModuleManager: Shutting down and abandoning module AudioFormatOgg (115)
[2017.10.22-05.59.36:836][829]LogModuleManager: Shutting down and abandoning module AudioFormatADPCM (113)
[2017.10.22-05.59.36:836][829]LogModuleManager: Shutting down and abandoning module LinuxTargetPlatform (111)
[2017.10.22-05.59.36:836][829]LogModuleManager: Shutting down and abandoning module LinuxServerTargetPlatform (109)
[2017.10.22-05.59.36:836][829]LogModuleManager: Shutting down and abandoning module LinuxNoEditorTargetPlatform (107)
[2017.10.22-05.59.36:836][829]LogModuleManager: Shutting down and abandoning module LinuxClientTargetPlatform (105)
[2017.10.22-05.59.36:836][829]LogModuleManager: Shutting down and abandoning module TVOSTargetPlatform (103)
[2017.10.22-05.59.36:836][829]LogModuleManager: Shutting down and abandoning module Messaging (101)
[2017.10.22-05.59.36:836][829]LogModuleManager: Shutting down and abandoning module IOSTargetPlatform (99)
[2017.10.22-05.59.36:836][829]LogModuleManager: Shutting down and abandoning module HTML5TargetPlatform (97)
[2017.10.22-05.59.36:836][829]LogModuleManager: Shutting down and abandoning module Android_PVRTCTargetPlatform (95)
[2017.10.22-05.59.36:836][829]LogModuleManager: Shutting down and abandoning module Android_MultiTargetPlatform (93)
[2017.10.22-05.59.36:836][829]LogModuleManager: Shutting down and abandoning module Android_ETC2TargetPlatform (91)
[2017.10.22-05.59.36:836][829]LogModuleManager: Shutting down and abandoning module Android_ETC1TargetPlatform (89)
[2017.10.22-05.59.36:836][829]LogModuleManager: Shutting down and abandoning module Android_DXTTargetPlatform (87)
[2017.10.22-05.59.36:836][829]LogModuleManager: Shutting down and abandoning module Android_ATCTargetPlatform (85)
[2017.10.22-05.59.36:836][829]LogModuleManager: Shutting down and abandoning module Android_ASTCTargetPlatform (83)
[2017.10.22-05.59.36:836][829]LogModuleManager: Shutting down and abandoning module AndroidTargetPlatform (81)
[2017.10.22-05.59.36:836][829]LogModuleManager: Shutting down and abandoning module WindowsTargetPlatform (79)
[2017.10.22-05.59.36:836][829]LogModuleManager: Shutting down and abandoning module WindowsServerTargetPlatform (77)
[2017.10.22-05.59.36:836][829]LogModuleManager: Shutting down and abandoning module WindowsNoEditorTargetPlatform (75)
[2017.10.22-05.59.36:836][829]LogModuleManager: Shutting down and abandoning module WindowsClientTargetPlatform (73)
[2017.10.22-05.59.36:837][829]LogModuleManager: Shutting down and abandoning module MacTargetPlatform (71)
[2017.10.22-05.59.36:837][829]LogModuleManager: Shutting down and abandoning module MacServerTargetPlatform (69)
[2017.10.22-05.59.36:837][829]LogModuleManager: Shutting down and abandoning module MacNoEditorTargetPlatform (67)
[2017.10.22-05.59.36:837][829]LogModuleManager: Shutting down and abandoning module MacClientTargetPlatform (65)
[2017.10.22-05.59.36:837][829]LogModuleManager: Shutting down and abandoning module AllDesktopTargetPlatform (63)
[2017.10.22-05.59.36:837][829]LogModuleManager: Shutting down and abandoning module InputCore (60)
[2017.10.22-05.59.36:837][829]LogModuleManager: Shutting down and abandoning module Settings (58)
[2017.10.22-05.59.36:837][829]LogModuleManager: Shutting down and abandoning module PhysXCooking (56)
[2017.10.22-05.59.36:837][829]LogModuleManager: Shutting down and abandoning module SteamVR (54)
[2017.10.22-05.59.36:837][829]LogModuleManager: Shutting down and abandoning module OculusHMD (52)
[2017.10.22-05.59.36:846][829]LogModuleManager: Shutting down and abandoning module ExampleDeviceProfileSelector (50)
[2017.10.22-05.59.36:846][829]LogModuleManager: Shutting down and abandoning module OnlineBlueprintSupport (48)
[2017.10.22-05.59.36:846][829]LogModuleManager: Shutting down and abandoning module OnlineSubsystem (44)
[2017.10.22-05.59.36:846][829]LogOnline: Display: Unloading online subsystem: NULL
[2017.10.22-05.59.36:879][829]LogModuleManager: Shutting down and abandoning module XMPP (43)
[2017.10.22-05.59.36:922][829]LogModuleManager: Shutting down and abandoning module HTTP (41)
[2017.10.22-05.59.36:922][829]LogHttp: Display: Http module shutting down, but needs to wait on 1 outstanding Http requests:
[2017.10.22-05.59.36:928][829]LogHttp: Display: 	verb=[POST] url=[https://datarouter.ol.epicgames.com/datarouter/api/v1/public/data?SessionID=%7B8237D805-4FD3-E294-F6BE-93AA6F97EEA6%7D&AppID=UEEditor.Rocket.Release&AppVersion=4.17.1-3586342%2B%2B%2BUE4%2BRelease-4.17&UserID=6b32304243253eb41f375e93c5aacb5d%7C9704f6c85a4f4476b8e421e32b8be9a8%7C9e5fde4e-1f1d-439d-9f51-bf55d84a80d2&AppEnvironment=datacollector-binary&UploadType=eteventstream] status=Processing
[2017.10.22-05.59.36:935][829]LogModuleManager: Shutting down and abandoning module SSL (40)
[2017.10.22-05.59.36:946][829]LogModuleManager: Shutting down and abandoning module AnimationModifiers (36)
[2017.10.22-05.59.36:958][829]LogModuleManager: Shutting down and abandoning module PropertyEditor (35)
[2017.10.22-05.59.36:958][829]LogModuleManager: Shutting down and abandoning module AudioEditor (32)
[2017.10.22-05.59.37:008][829]LogModuleManager: Shutting down and abandoning module TextureCompressor (30)
[2017.10.22-05.59.37:008][829]LogModuleManager: Shutting down and abandoning module ShaderCore (28)
[2017.10.22-05.59.37:008][829]LogModuleManager: Shutting down and abandoning module Landscape (26)
[2017.10.22-05.59.37:008][829]LogModuleManager: Shutting down and abandoning module SlateRHIRenderer (24)
[2017.10.22-05.59.37:040][829]LogModuleManager: Shutting down and abandoning module OpenGLDrv (22)
[2017.10.22-05.59.37:044][829]LogModuleManager: Shutting down and abandoning module D3D11RHI (20)
[2017.10.22-05.59.37:044][829]LogModuleManager: Shutting down and abandoning module AnimGraphRuntime (18)
[2017.10.22-05.59.37:050][829]LogModuleManager: Shutting down and abandoning module Renderer (16)
[2017.10.22-05.59.37:050][829]LogModuleManager: Shutting down and abandoning module Engine (14)
[2017.10.22-05.59.37:050][829]LogModuleManager: Shutting down and abandoning module CoreUObject (12)
[2017.10.22-05.59.37:050][829]LogModuleManager: Shutting down and abandoning module NetworkFile (10)
[2017.10.22-05.59.37:063][829]LogModuleManager: Shutting down and abandoning module CookedIterativeFile (8)
[2017.10.22-05.59.37:063][829]LogModuleManager: Shutting down and abandoning module StreamingFile (6)
[2017.10.22-05.59.37:074][829]LogModuleManager: Shutting down and abandoning module SandboxFile (4)
[2017.10.22-05.59.37:074][829]LogModuleManager: Shutting down and abandoning module PakFile (2)
[2017.10.22-05.59.37:106][829]LogExit: Exiting.
[2017.10.22-05.59.37:144][829]Log file closed, 10/22/17 16:29:37
