Log file open, 08/22/17 14:35:53
LogWindows: LoadLibraryWithSearchPaths failed for file aqProf.dll. GetLastError=0
LogWindows: LoadLibraryWithSearchPaths failed for file VtuneApi.dll. GetLastError=0
LogWindows: LoadLibraryWithSearchPaths failed for file VtuneApi32e.dll. GetLastError=0
LogInit: Display: Running engine for game: Game
LogPlatformFile: Not using cached read wrapper
LogInit: Display: RandInit(-1873324233) SRandInit(-1873324233).
LogTaskGraph: Started task graph with 5 named threads and 8 total threads with 3 sets of task threads.
LogStats: Stats thread started at 0.101697
LogD3D11RHI: Aftermath initialized
LogPluginManager: Mounting plugin Paper2D
LogPluginManager: Mounting plugin LightPropagationVolume
LogPluginManager: Mounting plugin CodeLiteSourceCodeAccess
LogPluginManager: Mounting plugin GitSourceControl
LogPluginManager: Mounting plugin KDevelopSourceCodeAccess
LogPluginManager: Mounting plugin NullSourceCodeAccess
LogPluginManager: Mounting plugin PerforceSourceControl
LogPluginManager: Mounting plugin SubversionSourceControl
LogPluginManager: Mounting plugin UObjectPlugin
LogPluginManager: Mounting plugin VisualStudioSourceCodeAccess
LogPluginManager: Mounting plugin XCodeSourceCodeAccess
LogPluginManager: Mounting plugin AssetManagerEditor
LogPluginManager: Mounting plugin AudioCapture
LogPluginManager: Mounting plugin FacialAnimation
LogPluginManager: Mounting plugin GameplayTagsEditor
LogPluginManager: Mounting plugin MobileLauncherProfileWizard
LogPluginManager: Mounting plugin PluginBrowser
LogPluginManager: Mounting plugin SpeedTreeImporter
LogPluginManager: Mounting plugin AlembicImporter
LogPluginManager: Mounting plugin CharacterAI
LogPluginManager: Mounting plugin HTML5Networking
LogPluginManager: Mounting plugin AndroidMedia
LogPluginManager: Mounting plugin AvfMedia
LogPluginManager: Mounting plugin MediaPlayerEditor
LogPluginManager: Mounting plugin WmfMedia
LogPluginManager: Mounting plugin TcpMessaging
LogPluginManager: Mounting plugin UdpMessaging
LogPluginManager: Mounting plugin LevelSequenceEditor
LogPluginManager: Mounting plugin MatineeToLevelSequence
LogPluginManager: Mounting plugin OnlineSubsystemGooglePlay
LogPluginManager: Mounting plugin OnlineSubsystemIOS
LogPluginManager: Mounting plugin OnlineSubsystem
LogPluginManager: Mounting plugin OnlineSubsystemNull
LogPluginManager: Mounting plugin OnlineSubsystemUtils
LogPluginManager: Mounting plugin AndroidDeviceProfileSelector
LogPluginManager: Mounting plugin AndroidMoviePlayer
LogPluginManager: Mounting plugin AndroidPermission
LogPluginManager: Mounting plugin AppleMoviePlayer
LogPluginManager: Mounting plugin ArchVisCharacter
LogPluginManager: Mounting plugin CableComponent
LogPluginManager: Mounting plugin CustomMeshComponent
LogPluginManager: Mounting plugin ExampleDeviceProfileSelector
LogPluginManager: Mounting plugin GoogleCloudMessaging
LogPluginManager: Mounting plugin ImmediatePhysics
LogPluginManager: Mounting plugin IOSDeviceProfileSelector
LogPluginManager: Mounting plugin LinuxDeviceProfileSelector
LogPluginManager: Mounting plugin LocationServicesBPLibrary
LogPluginManager: Mounting plugin MobilePatchingUtils
LogPluginManager: Mounting plugin OculusVR
LogPluginManager: Mounting plugin PhysXVehicles
LogPluginManager: Mounting plugin ProceduralMeshComponent
LogPluginManager: Mounting plugin RuntimePhysXCooking
LogPluginManager: Mounting plugin SteamVR
LogPluginManager: Mounting plugin WindowsMoviePlayer
LogInit: Using libcurl 7.47.1
LogInit:  - built for x86_64-pc-win32
LogInit:  - supports SSL with OpenSSL/1.0.2g
LogInit:  - supports HTTP deflate (compression) using libz 1.2.8
LogInit:  - other features:
LogInit:      CURL_VERSION_SSL
LogInit:      CURL_VERSION_LIBZ
LogInit:      CURL_VERSION_IPV6
LogInit:      CURL_VERSION_ASYNCHDNS
LogInit:      CURL_VERSION_LARGEFILE
LogInit:      CURL_VERSION_IDN
LogInit:  CurlRequestOptions (configurable via config and command line):
LogInit:  - bVerifyPeer = false  - Libcurl will NOT verify peer certificate
LogInit:  - bUseHttpProxy = false  - Libcurl will NOT use HTTP proxy
LogInit:  - bDontReuseConnections = false  - Libcurl will reuse connections
LogInit:  - CertBundlePath = nullptr  - Libcurl will use whatever was configured at build time.
LogInit: Build: ++UE4+Release-4.17-CL-3586342
LogInit: Engine Version: 4.17.1-3586342+++UE4+Release-4.17
LogInit: Compatible Engine Version: 4.17.0-3573198+++UE4+Release-4.17
LogInit: Net CL: 3573198
LogDevObjectVersion: Number of dev versions registered: 16
LogDevObjectVersion:   Dev-Blueprints (B0D832E4-1F89-4F0D-ACCF-7EB736FD4AA2): 10
LogDevObjectVersion:   Dev-Build (E1C64328-A22C-4D53-A36C-8E866417BD8C): 0
LogDevObjectVersion:   Dev-Core (375EC13C-06E4-48FB-B500-84F0262A717E): 2
LogDevObjectVersion:   Dev-Editor (E4B068ED-F494-42E9-A231-DA0B2E46BB41): 20
LogDevObjectVersion:   Dev-Framework (CFFC743F-43B0-4480-9391-14DF171D2073): 28
LogDevObjectVersion:   Dev-Mobile (B02B49B5-BB20-44E9-A304-32B752E40360): 0
LogDevObjectVersion:   Dev-Networking (A4E4105C-59A1-49B5-A7C5-40C4547EDFEE): 0
LogDevObjectVersion:   Dev-Online (39C831C9-5AE6-47DC-9A44-9C173E1C8E7C): 0
LogDevObjectVersion:   Dev-Physics (78F01B33-EBEA-4F98-B9B4-84EACCB95AA2): 0
LogDevObjectVersion:   Dev-Platform (6631380F-2D4D-43E0-8009-CF276956A95A): 0
LogDevObjectVersion:   Dev-Rendering (12F88B9F-8875-4AFC-A67C-D90C383ABD29): 19
LogDevObjectVersion:   Dev-Sequencer (7B5AE74C-D270-4C10-A958-57980B212A5A): 4
LogDevObjectVersion:   Dev-VR (D7296918-1DD6-4BDD-9DE2-64A83CC13884): 0
LogDevObjectVersion:   Dev-LoadTimes (C2A15278-BFE7-4AFE-6C17-90FF531DF755): 1
LogDevObjectVersion:   Private-Geometry (6EACA3D4-40EC-4CC1-B786-8BED09428FC5): 1
LogDevObjectVersion:   Dev-AnimPhys (29E575DD-E0A3-4627-9D10-D276232CDCEA): 7
LogInit: Compiled (64-bit): Aug 15 2017 02:05:26
LogInit: Compiled with Visual C++: 19.00.24215.01
LogInit: Build Configuration: Development
LogInit: Branch Name: ++UE4+Release-4.17
LogInit: Command line: -EpicPortal 
LogInit: Base directory: C:/Program Files/Epic Games/UE_4.17/Engine/Binaries/Win64/
LogInit: Installed Engine Build: 1
LogInit: Presizing for max 8388607 objects, including 0 objects not considered by GC, pre-allocating 0 bytes for permanent pool.
LogInit: Object subsystem initialized
[2017.08.22-05.05.54:299][  0]LogInit: Selected Device Profile: [Windows]
[2017.08.22-05.05.54:299][  0]LogInit: Applying CVar settings loaded from the selected device profile: [Windows]
[2017.08.22-05.05.54:398][  0]LogInit: Computer: LAPTOP-AF12EHKO
[2017.08.22-05.05.54:398][  0]LogInit: User: RaymondAoukar
[2017.08.22-05.05.54:398][  0]LogInit: CPU Page size=4096, Cores=2
[2017.08.22-05.05.54:398][  0]LogInit: High frequency timer resolution =2.835940 MHz
[2017.08.22-05.05.54:399][  0]LogMemory: Memory total: Physical=15.9GB (16GB approx)
[2017.08.22-05.05.54:399][  0]LogMemory: Platform Memory Stats for Windows
[2017.08.22-05.05.54:400][  0]LogMemory: Process Physical Memory: 278.12 MB used, 278.12 MB peak
[2017.08.22-05.05.54:400][  0]LogMemory: Process Virtual Memory: 275.87 MB used, 275.87 MB peak
[2017.08.22-05.05.54:400][  0]LogMemory: Physical Memory: 5725.58 MB used,  10526.55 MB free, 16252.13 MB total
[2017.08.22-05.05.54:400][  0]LogMemory: Virtual Memory: 666.99 MB used,  10526.55 MB free, 134217728.00 MB total
[2017.08.22-05.05.54:775][  0]LogInit: Using OS detected language (en-US).
[2017.08.22-05.05.54:775][  0]LogInit: Using OS detected locale (en-AU).
[2017.08.22-05.05.54:777][  0]LogTextLocalizationManager: No specific localization for 'en-US' exists, so the 'en' localization will be used.
[2017.08.22-05.05.55:359][  0]LogD3D11RHI: D3D11 adapters:
[2017.08.22-05.05.55:404][  0]LogD3D11RHI:    0. 'NVIDIA GeForce 940MX' (Feature Level 11_0)
[2017.08.22-05.05.55:404][  0]LogD3D11RHI:       4065/0/8126 MB DedicatedVideo/DedicatedSystem/SharedSystem, Outputs:1, VendorId:0x10de
[2017.08.22-05.05.55:409][  0]LogD3D11RHI:    1. 'Intel(R) HD Graphics 620' (Feature Level 11_0)
[2017.08.22-05.05.55:409][  0]LogD3D11RHI:       128/0/8126 MB DedicatedVideo/DedicatedSystem/SharedSystem, Outputs:0, VendorId:0x8086
[2017.08.22-05.05.55:411][  0]LogD3D11RHI:    2. 'Microsoft Basic Render Driver' (Feature Level 11_0)
[2017.08.22-05.05.55:411][  0]LogD3D11RHI:       0/0/8126 MB DedicatedVideo/DedicatedSystem/SharedSystem, Outputs:0, VendorId:0x1414
[2017.08.22-05.05.55:411][  0]LogD3D11RHI: Chosen D3D11 Adapter: 0
[2017.08.22-05.05.55:417][  0]LogD3D11RHI: Creating new Direct3DDevice
[2017.08.22-05.05.55:417][  0]LogD3D11RHI:     GPU DeviceId: 0x179c (for the marketing name, search the web for "GPU Device Id")
[2017.08.22-05.05.55:417][  0]LogWindows: EnumDisplayDevices:
[2017.08.22-05.05.55:417][  0]LogWindows:    0. 'Intel(R) HD Graphics 620' (P:1 D:1)
[2017.08.22-05.05.55:417][  0]LogWindows:    1. 'Intel(R) HD Graphics 620' (P:0 D:0)
[2017.08.22-05.05.55:417][  0]LogWindows:    2. 'Intel(R) HD Graphics 620' (P:0 D:0)
[2017.08.22-05.05.55:417][  0]LogWindows: DebugString: PrimaryIsNotTheChoosenAdapter PrimaryIsNotTheChoosenAdapter PrimaryIsNotTheChoosenAdapter FoundDriverCount:0 
[2017.08.22-05.05.55:417][  0]LogD3D11RHI:     Adapter Name: NVIDIA GeForce 940MX
[2017.08.22-05.05.55:417][  0]LogD3D11RHI:   Driver Version: Unknown (internal:Unknown, unified:Unknown)
[2017.08.22-05.05.55:417][  0]LogD3D11RHI:      Driver Date: Unknown
[2017.08.22-05.05.55:417][  0]LogRHI: Texture pool is 1361 MB (70% of 1945 MB)
[2017.08.22-05.05.55:447][  0]LogD3D11RHI: Async texture creation enabled
[2017.08.22-05.05.55:464][  0]LogD3D11RHI: GPU Timing Frequency: 1000.000000 (Debug: 2 2)
[2017.08.22-05.05.55:464][  0]LogShaderCompilers: Guid format shader working directory is -40 characters bigger than the processId version (../../../../../../Users/Raymond Aoukar/Desktop/Computer Game Design/repository/PewPewGames/Game/Intermediate/Shaders/WorkingDirectory/2532/).
[2017.08.22-05.05.55:464][  0]LogShaderCompilers: Cleaned the shader compiler working directory 'C:/Users/Raymond Aoukar/AppData/Local/Temp/UnrealShaderWorkingDir/E008ED3D4BA56AC723FAC299E169727B/'.
[2017.08.22-05.05.55:464][  0]LogShaderCompilers: Display: Using Local Shader Compiler.
[2017.08.22-05.05.56:298][  0]LogTemp: Display: Loaded TP AllDesktopTargetPlatform
[2017.08.22-05.05.56:339][  0]LogTemp: Display: Loaded TP MacClientTargetPlatform
[2017.08.22-05.05.56:380][  0]LogTemp: Display: Loaded TP MacNoEditorTargetPlatform
[2017.08.22-05.05.56:420][  0]LogTemp: Display: Loaded TP MacServerTargetPlatform
[2017.08.22-05.05.56:463][  0]LogTemp: Display: Loaded TP MacTargetPlatform
[2017.08.22-05.05.56:504][  0]LogTemp: Display: Loaded TP WindowsClientTargetPlatform
[2017.08.22-05.05.56:544][  0]LogTemp: Display: Loaded TP WindowsNoEditorTargetPlatform
[2017.08.22-05.05.56:584][  0]LogTemp: Display: Loaded TP WindowsServerTargetPlatform
[2017.08.22-05.05.56:619][  0]LogTemp: Display: Loaded TP WindowsTargetPlatform
[2017.08.22-05.05.56:659][  0]LogTemp: Display: Loaded TP AndroidTargetPlatform
[2017.08.22-05.05.56:698][  0]LogTemp: Display: Loaded TP Android_ASTCTargetPlatform
[2017.08.22-05.05.56:742][  0]LogTemp: Display: Loaded TP Android_ATCTargetPlatform
[2017.08.22-05.05.56:781][  0]LogTemp: Display: Loaded TP Android_DXTTargetPlatform
[2017.08.22-05.05.56:825][  0]LogTemp: Display: Loaded TP Android_ETC1TargetPlatform
[2017.08.22-05.05.56:864][  0]LogTemp: Display: Loaded TP Android_ETC2TargetPlatform
[2017.08.22-05.05.56:943][  0]LogTemp: Display: Loaded TP Android_MultiTargetPlatform
[2017.08.22-05.05.56:943][  0]LogTemp: Display: Loaded TP Android_PVRTCTargetPlatform
[2017.08.22-05.05.56:973][  0]LogTemp: Display: Loaded TP HTML5TargetPlatform
[2017.08.22-05.05.57:051][  0]LogTemp: Display: Loaded TP IOSTargetPlatform
[2017.08.22-05.05.57:075][  0]LogTemp: Display: Loaded TP TVOSTargetPlatform
[2017.08.22-05.05.57:114][  0]LogTemp: Display: Loaded TP LinuxClientTargetPlatform
[2017.08.22-05.05.57:153][  0]LogTemp: Display: Loaded TP LinuxNoEditorTargetPlatform
[2017.08.22-05.05.57:192][  0]LogTemp: Display: Loaded TP LinuxServerTargetPlatform
[2017.08.22-05.05.57:262][  0]LogTemp: Display: Loaded TP LinuxTargetPlatform
[2017.08.22-05.05.57:262][  0]LogTargetPlatformManager: Display: Building Assets For Windows
[2017.08.22-05.05.57:660][  0]LogDerivedDataCache: Display: Max Cache Size: 512 MB
[2017.08.22-05.05.57:746][  0]LogDerivedDataCache: Loaded boot cache 0.09s 93MB C:/Users/Raymond Aoukar/AppData/Local/UnrealEngine/4.17/DerivedDataCache/Boot.ddc.
[2017.08.22-05.05.57:746][  0]LogDerivedDataCache: Display: Loaded Boot cache: C:/Users/Raymond Aoukar/AppData/Local/UnrealEngine/4.17/DerivedDataCache/Boot.ddc
[2017.08.22-05.05.57:746][  0]LogDerivedDataCache: FDerivedDataBackendGraph:  Pak pak cache file ../../../../../../Users/Raymond Aoukar/Desktop/Computer Game Design/repository/PewPewGames/Game/DerivedDataCache/DDC.ddp not found, will not use a pak cache.
[2017.08.22-05.05.57:746][  0]LogDerivedDataCache: Unable to find inner node Pak for hierarchical cache Hierarchy.
[2017.08.22-05.05.57:746][  0]LogDerivedDataCache: FDerivedDataBackendGraph:  CompressedPak pak cache file ../../../../../../Users/Raymond Aoukar/Desktop/Computer Game Design/repository/PewPewGames/Game/DerivedDataCache/Compressed.ddp not found, will not use a pak cache.
[2017.08.22-05.05.57:746][  0]LogDerivedDataCache: Unable to find inner node CompressedPak for hierarchical cache Hierarchy.
[2017.08.22-05.05.57:761][  0]LogDerivedDataCache: Display: Pak cache opened for reading ../../../Engine/DerivedDataCache/Compressed.ddp.
[2017.08.22-05.05.57:773][  0]LogDerivedDataCache: Using Local data cache path C:/Users/Raymond Aoukar/AppData/Local/UnrealEngine/Common/DerivedDataCache: Writable
[2017.08.22-05.05.57:782][  0]LogMaterial: Verifying Global Shaders for PCD3D_SM5
[2017.08.22-05.05.57:782][  0]LogSlate: Using Freetype 2.6.0
[2017.08.22-05.05.57:782][  0]LogSlate: SlateFontCache - WITH_FREETYPE: 1, WITH_HARFBUZZ: 1
[2017.08.22-05.05.57:783][  0]LogSlate: SlateFontCache - WITH_FREETYPE: 1, WITH_HARFBUZZ: 1
[2017.08.22-05.05.58:009][  0]LogAssetRegistry: FAssetRegistry took 0.0253 seconds to start up
[2017.08.22-05.05.58:121][  0]LogInit: Selected Device Profile: [Windows]
[2017.08.22-05.05.58:299][  0]LogContentStreaming: Texture pool size is 0.00 MB
[2017.08.22-05.05.58:558][  0]LogSimplygon: Simplygon DLL not present - disabling.
[2017.08.22-05.05.58:591][  0]LogMeshReduction: Using SimplygonSwarm for distributed automatic mesh merging
[2017.08.22-05.05.58:591][  0]LogMeshReduction: Using QuadricMeshReduction for automatic static mesh reduction
[2017.08.22-05.05.58:591][  0]LogMeshReduction: No automatic skeletal mesh reduction module available
[2017.08.22-05.05.58:591][  0]LogMeshReduction: No automatic mesh merging module available
[2017.08.22-05.05.58:591][  0]LogMeshMerging: No automatic mesh merging module available
[2017.08.22-05.05.58:927][  0]LogNetVersion: Game , NetCL: 3573198, EngineNetVer: 2, GameNetVer: 0 (Checksum: 2957514414)
[2017.08.22-05.05.59:129][  0]LogPackageLocalizationCache: Processed 5 localized package path(s) for 2 prioritized culture(s) in 0.050239 seconds
[2017.08.22-05.05.59:134][  0]LogUObjectArray: 35825 objects as part of root set at end of initial load.
[2017.08.22-05.05.59:134][  0]LogUObjectAllocator: 7529112 out of 0 bytes used by permanent object pool.
[2017.08.22-05.05.59:134][  0]LogUObjectArray: CloseDisregardForGC: 0/0 objects in disregard for GC pool
[2017.08.22-05.05.59:187][  0]LogInit: WinSock: version 1.1 (2.2), MaxSocks=32767, MaxUdp=65467
[2017.08.22-05.06.01:356][  0]LogTcpMessaging: Initializing TcpMessaging bridge
[2017.08.22-05.06.01:390][  0]LogUdpMessaging: Initializing bridge on interface 0.0.0.0:0 to multicast group 230.0.0.1:6666.
[2017.08.22-05.06.01:916][  0]LogMaterial: Uniform references updated for custom material expression Custom.
[2017.08.22-05.06.02:781][  0]SourceControl: Source control is disabled
[2017.08.22-05.06.02:781][  0]SourceControl: Source control is disabled
[2017.08.22-05.06.02:848][  0]SourceControl: Source control is disabled
[2017.08.22-05.06.02:884][  0]SourceControl: Source control is disabled
[2017.08.22-05.06.03:346][  0]LogAndroidPermission: UAndroidPermissionCallbackProxy::GetInstance
[2017.08.22-05.06.03:537][  0]LogOcInput: OculusInput pre-init called
[2017.08.22-05.06.03:745][  0]LogEngine: Initializing Engine...
[2017.08.22-05.06.03:747][  0]LogHMD: Failed to initialize OpenVR with code 110
[2017.08.22-05.06.03:944][  0]LogStats: UGameplayTagsManager::ConstructGameplayTagTree: Construct from data asset -  0.000 s
[2017.08.22-05.06.03:944][  0]LogStats: UGameplayTagsManager::ConstructGameplayTagTree: GameplayTagTreeChangedEvent.Broadcast -  0.000 s
[2017.08.22-05.06.04:046][  0]LogAIModule: Creating AISystem for world Untitled
[2017.08.22-05.06.04:052][  0]LogInit: XAudio2 using 'Speakers (Realtek High Definition Audio)' : 2 channels at 48 kHz using 32 bits per sample (channel mask 0x3)
[2017.08.22-05.06.04:161][  0]LogInit: FAudioDevice initialized.
[2017.08.22-05.06.05:277][  0]LogDerivedDataCache: Saved boot cache 1.11s 93MB C:/Users/Raymond Aoukar/AppData/Local/UnrealEngine/4.17/DerivedDataCache/Boot.ddc.
[2017.08.22-05.06.05:299][  0]LogInit: Texture streaming: Enabled
[2017.08.22-05.06.05:398][  0]LogEngineSessionManager: EngineSessionManager initialized
[2017.08.22-05.06.05:594][  0]LogInit: Transaction tracking system initialized
[2017.08.22-05.06.05:852][  0]BlueprintLog: New page: Editor Load
[2017.08.22-05.06.06:610][  0]LocalizationService: Localization service is disabled
[2017.08.22-05.06.07:180][  0]LogConsoleResponse: Display: 
[2017.08.22-05.06.07:427][  0]LogCook: Display: Max memory allowance for cook 16384mb min free memory 0mb
[2017.08.22-05.06.07:428][  0]LogCook: Display: Mobile HDR setting 1
[2017.08.22-05.06.07:428][  0]LogGameplayTags: Display: UGameplayTagsManager::DoneAddingNativeTags. DelegateIsBound: 0
[2017.08.22-05.06.07:696][  0]LogFileCache: Scanning file cache for directory 'C:/Users/Raymond Aoukar/Desktop/Computer Game Design/repository/PewPewGames/Game/Content/' took 0.02s
[2017.08.22-05.06.08:297][  0]SourceControl: Source control is disabled
[2017.08.22-05.06.08:297][  0]LightingResults: New page: Lighting Build
[2017.08.22-05.06.08:333][  0]MapCheck: New page: Map Check
[2017.08.22-05.06.08:333][  0]LightingResults: New page: Lighting Build
[2017.08.22-05.06.09:326][  0]LogBlueprint: Warning: [Compiler Ue4ASP_Character] InputAction Event references unknown Action 'Crouch' for  InputAction Crouch
[2017.08.22-05.06.09:334][  0]LogBlueprint: Warning: [Compiler Ue4ASP_Character] [0017.30] Compile of Ue4ASP_Character successful, but with 1 Warning(s) [in 80 ms] (/Game/AnimStarterPack/Ue4ASP_Character.Ue4ASP_Character)
[2017.08.22-05.06.10:074][  0]LogTexture: Display: Building textures: UE4Man_Logo_N (BC5, 512X512)
[2017.08.22-05.06.10:074][  0]LogTexture: Display: Building textures: UE4_Mannequin_occlusion_Mobile (DXT1, 512X512)
[2017.08.22-05.06.10:106][  0]LogTexture: Display: Building textures: T_ML_Rubber_Blue_01_D (DXT1, 512X512)
[2017.08.22-05.06.10:562][  0]LogTexture: Display: Building textures: UE4_Mannequin_MAT_MASKA (AutoDXT, 1024X1024)
[2017.08.22-05.06.10:563][  0]LogTexture: Display: Building textures: UE4_Mannequin__normals (BC5, 2048X2048)
[2017.08.22-05.06.10:563][  0]LogTexture: Display: Building textures: T_ML_Aluminum01_N (BC5, 512X512)
[2017.08.22-05.06.10:563][  0]LogTexture: Display: Building textures: T_ML_Aluminum01 (DXT1, 512X512)
[2017.08.22-05.06.10:563][  0]LogTexture: Display: Building textures: T_ML_Rubber_Blue_01_N (BC5, 512X512)
[2017.08.22-05.06.11:217][  0]LogTexture: Display: Building textures: HQ_Lightmap0_1 (AutoDXT, 2048X2048)
[2017.08.22-05.06.11:217][  0]LogMaterial: Missing cached shader map for material M_UE4Man_Body, compiling. 
[2017.08.22-05.06.11:394][  0]LogTexture: Display: Building textures: HQ_Lightmap0_2 (AutoDXT, 2048X2048)
[2017.08.22-05.06.11:487][  0]LogAnimationCompression: Building Anim DDC data for AnimSequence /Game/AnimStarterPack/Jog_Rt_Rifle.Jog_Rt_Rifle
[2017.08.22-05.06.11:558][  0]LogAnimationCompression: Building Anim DDC data for AnimSequence /Game/AnimStarterPack/Jog_Lt_Rifle.Jog_Lt_Rifle
[2017.08.22-05.06.11:561][  0]LogAnimationCompression: Building Anim DDC data for AnimSequence /Game/AnimStarterPack/Jog_Fwd_Rifle.Jog_Fwd_Rifle
[2017.08.22-05.06.11:563][  0]LogAnimationCompression: Building Anim DDC data for AnimSequence /Game/AnimStarterPack/Jog_Bwd_Rifle.Jog_Bwd_Rifle
[2017.08.22-05.06.11:605][  0]LogAnimationCompression: Building Anim DDC data for AnimSequence /Game/AnimStarterPack/Jump_From_Stand.Jump_From_Stand
[2017.08.22-05.06.11:607][  0]LogAnimationCompression: Building Anim DDC data for AnimSequence /Game/AnimStarterPack/Jump_From_Jog.Jump_From_Jog
[2017.08.22-05.06.11:609][  0]LogAnimationCompression: Building Anim DDC data for AnimSequence /Game/AnimStarterPack/Idle_Rifle_Hip.Idle_Rifle_Hip
[2017.08.22-05.06.11:619][  0]LogAnimationCompression: Building Anim DDC data for AnimSequence /Game/AnimStarterPack/Crouch_Idle_Rifle_Hip.Crouch_Idle_Rifle_Hip
[2017.08.22-05.06.11:709][  0]LogAnimationCompression: Building Anim DDC data for AnimSequence /Game/AnimStarterPack/Crouch_Walk_Rt_Rifle_Hip.Crouch_Walk_Rt_Rifle_Hip
[2017.08.22-05.06.11:712][  0]LogAnimationCompression: Building Anim DDC data for AnimSequence /Game/AnimStarterPack/Crouch_Walk_Lt_Rifle_Hip.Crouch_Walk_Lt_Rifle_Hip
[2017.08.22-05.06.11:716][  0]LogAnimationCompression: Building Anim DDC data for AnimSequence /Game/AnimStarterPack/Crouch_Walk_Fwd_Rifle_Hip.Crouch_Walk_Fwd_Rifle_Hip
[2017.08.22-05.06.11:719][  0]LogAnimationCompression: Building Anim DDC data for AnimSequence /Game/AnimStarterPack/Crouch_Walk_Bwd_Rifle_Hip.Crouch_Walk_Bwd_Rifle_Hip
[2017.08.22-05.06.11:780][  0]LogMaterial: Missing cached shader map for material TargetRed, compiling. 
[2017.08.22-05.06.11:839][  0]LogMaterial: Missing cached shader map for material M_UE4Man_Body, compiling. 
[2017.08.22-05.06.16:102][  0]LogTexture: Display: Building textures: HQ_Lightmap0_3 (AutoDXT, 2048X2048)
[2017.08.22-05.06.16:102][  0]LogTexture: Display: Building textures: HQ_Lightmap0_4 (AutoDXT, 2048X2048)
[2017.08.22-05.06.16:102][  0]LogTexture: Display: Building textures: HQ_Lightmap0_5 (AutoDXT, 64X64)
[2017.08.22-05.06.16:102][  0]LogTexture: Display: Building textures: LQ_Lightmap_0_1 (DXT1, 2048X2048)
[2017.08.22-05.06.16:102][  0]LogTexture: Display: Building textures: LQ_Lightmap_0_2 (DXT1, 2048X2048)
[2017.08.22-05.06.16:102][  0]LogTexture: Display: Building textures: LQ_Lightmap_0_3 (DXT1, 2048X2048)
[2017.08.22-05.06.16:102][  0]LogTexture: Display: Building textures: LQ_Lightmap_0_4 (DXT1, 2048X2048)
[2017.08.22-05.06.16:102][  0]LogTexture: Display: Building textures: LQ_Lightmap_0_5 (DXT1, 64X64)
[2017.08.22-05.06.16:102][  0]LogTexture: Display: Building textures: SkyOcclusion0_1 (AutoDXT, 2048X1024)
[2017.08.22-05.06.17:869][  0]LogTexture: Display: Building textures: SkyOcclusion0_2 (AutoDXT, 2048X1024)
[2017.08.22-05.06.17:869][  0]LogTexture: Display: Building textures: SkyOcclusion0_3 (AutoDXT, 2048X1024)
[2017.08.22-05.06.17:869][  0]LogTexture: Display: Building textures: SkyOcclusion0_4 (AutoDXT, 2048X1024)
[2017.08.22-05.06.17:869][  0]LogTexture: Display: Building textures: SkyOcclusion0_5 (AutoDXT, 64X32)
[2017.08.22-05.06.17:869][  0]LogTexture: Display: Building textures: ShadowMapTexture2D_0 (G8, 2048X1024)
[2017.08.22-05.06.17:869][  0]LogTexture: Display: Building textures: ShadowMapTexture2D_1 (G8, 2048X1024)
[2017.08.22-05.06.17:869][  0]LogTexture: Display: Building textures: ShadowMapTexture2D_2 (G8, 2048X1024)
[2017.08.22-05.06.17:869][  0]LogTexture: Display: Building textures: ShadowMapTexture2D_3 (G8, 2048X1024)
[2017.08.22-05.06.17:869][  0]LogTexture: Display: Building textures: ShadowMapTexture2D_4 (G8, 2048X1024)
[2017.08.22-05.06.17:869][  0]LogTexture: Display: Building textures: ShadowMapTexture2D_5 (G8, 2048X1024)
[2017.08.22-05.06.18:571][  0]LogTexture: Display: Building textures: ShadowMapTexture2D_6 (G8, 2048X1024)
[2017.08.22-05.06.18:571][  0]LogTexture: Display: Building textures: ShadowMapTexture2D_7 (G8, 64X32)
[2017.08.22-05.06.18:651][  0]LogAIModule: Creating AISystem for world FirstPersonExampleMap
[2017.08.22-05.06.18:962][  0]LogEditorServer: Finished looking for orphan Actors (0.000 secs)
[2017.08.22-05.06.18:992][  0]Cmd: MAP CHECKDEP NOCLEARLOG
[2017.08.22-05.06.19:074][  0]MapCheck: Map check complete: 0 Error(s), 0 Warning(s), took 82.483ms to complete.
[2017.08.22-05.06.19:075][  0]LogFileHelpers: Loading map 'FirstPersonExampleMap' took 10.778
[2017.08.22-05.06.19:136][  0]LogWindowsTextInputMethodSystem: Display: IME system now deactivated.
[2017.08.22-05.06.21:286][  0]LogCollectionManager: Loaded 0 collections in 0.002401 seconds
[2017.08.22-05.06.21:587][  0]LogFileCache: Scanning file cache for directory 'C:/Users/Raymond Aoukar/Desktop/Computer Game Design/repository/PewPewGames/Game/Saved/Collections/' took 0.01s
[2017.08.22-05.06.21:587][  0]LogFileCache: Scanning file cache for directory 'C:/Users/Raymond Aoukar/Desktop/Computer Game Design/repository/PewPewGames/Game/Content/Developers/RaymondAoukar/Collections/' took 0.01s
[2017.08.22-05.06.21:587][  0]LogFileCache: Scanning file cache for directory 'C:/Users/Raymond Aoukar/Desktop/Computer Game Design/repository/PewPewGames/Game/Content/Collections/' took 0.01s
[2017.08.22-05.06.21:587][  0]LogCollectionManager: Rebuilt the GUID cache for 0 collections in 0.000001 seconds
[2017.08.22-05.06.21:653][  0]LogContentBrowser: Native class hierarchy populated in 0.0281 seconds. Added 2386 classes and 500 folders.
[2017.08.22-05.06.21:841][  0]LogContentBrowser: Native class hierarchy updated for 'WidgetCarousel' in 0.0199 seconds. Added 0 classes and 0 folders.
[2017.08.22-05.06.22:583][  0]LogContentBrowser: Native class hierarchy updated for 'AddContentDialog' in 0.0009 seconds. Added 0 classes and 0 folders.
[2017.08.22-05.06.22:762][  0]LogContentBrowser: Native class hierarchy updated for 'SceneOutliner' in 0.0009 seconds. Added 1 classes and 2 folders.
[2017.08.22-05.06.23:847][  0]LogSlate: Took 0.000182 seconds to synchronously load lazily loaded font '../../../Engine/Content/Slate/Fonts/Roboto-Regular.ttf' (155K)
[2017.08.22-05.06.23:867][  0]LogSlate: Took 0.000191 seconds to synchronously load lazily loaded font '../../../Engine/Content/Slate/Fonts/Roboto-Bold.ttf' (160K)
[2017.08.22-05.06.23:948][  0]LogSlate: Took 0.025789 seconds to synchronously load lazily loaded font '../../../Engine/Content/Editor/Slate/Fonts/FontAwesome.ttf' (139K)
[2017.08.22-05.06.24:392][  0]LogRenderer: Reallocating scene render targets to support 1208x576 Format 10 NumSamples 1 (Frame:1).
[2017.08.22-05.06.32:248][  0]LogContentBrowser: Native class hierarchy updated for 'HierarchicalLODOutliner' in 0.0009 seconds. Added 1 classes and 2 folders.
[2017.08.22-05.06.32:248][  0]LogLoad: (Engine Initialization) Total time: 40.22 seconds
[2017.08.22-05.06.32:248][  0]LogLoad: (Engine Initialization) Total Blueprint compile time: 0.00 seconds
[2017.08.22-05.06.32:248][  0]LogExternalProfiler: Found external profiler: VSPerf
[2017.08.22-05.06.32:248][  0]LogExternalProfiler: Using external profiler: VSPerf
[2017.08.22-05.06.32:304][  0]LogContentStreaming: Texture pool size now 1000 MB
[2017.08.22-05.06.32:432][  0]LogSlate: Took 0.015618 seconds to synchronously load lazily loaded font '../../../Engine/Content/Slate/Fonts/Roboto-Light.ttf' (159K)
[2017.08.22-05.06.32:578][  2]LogAssetRegistry: Asset discovery search completed in 34.5906 seconds
[2017.08.22-05.06.32:581][  2]LogCollectionManager: Rebuilt the object cache for 0 collections in 0.000001 seconds (found 0 objects)
[2017.08.22-05.06.32:581][  2]LogCollectionManager: Fixed up redirectors for 0 collections in 0.000077 seconds (updated 0 objects)
[2017.08.22-05.06.45:945][645]LogTemp: Repeating last play command: Selected Viewport
[2017.08.22-05.06.46:121][645]LogBlueprintUserMessages: Early PlayInEditor Detection: Level '/Game/FirstPersonBP/Maps/FirstPersonExampleMap.FirstPersonExampleMap:PersistentLevel' has LevelScriptBlueprint '/Game/FirstPersonBP/Maps/FirstPersonExampleMap.FirstPersonExampleMap:PersistentLevel.FirstPersonExampleMap' with GeneratedClass '/Game/FirstPersonBP/Maps/FirstPersonExampleMap.FirstPersonExampleMap_C' with ClassGeneratedBy '/Game/FirstPersonBP/Maps/FirstPersonExampleMap.FirstPersonExampleMap:PersistentLevel.FirstPersonExampleMap'
[2017.08.22-05.06.46:130][645]LogPlayLevel: PlayLevel: No blueprints needed recompiling
[2017.08.22-05.06.46:209][645]PIE: New page: PIE session: FirstPersonExampleMap (23 Aug 2017 12:06:46 am)
[2017.08.22-05.06.46:209][645]LogPlayLevel: Creating play world package: /Game/FirstPersonBP/Maps/UEDPIE_0_FirstPersonExampleMap
[2017.08.22-05.06.46:291][645]LogPlayLevel: PIE: StaticDuplicateObject took: (0.081908s)
[2017.08.22-05.06.46:292][645]LogAIModule: Creating AISystem for world FirstPersonExampleMap
[2017.08.22-05.06.46:292][645]LogPlayLevel: PIE: World Init took: (0.001283s)
[2017.08.22-05.06.46:293][645]LogPlayLevel: PIE: Created PIE world by copying editor world from /Game/FirstPersonBP/Maps/FirstPersonExampleMap.FirstPersonExampleMap to /Game/FirstPersonBP/Maps/UEDPIE_0_FirstPersonExampleMap.FirstPersonExampleMap (0.083613s)
[2017.08.22-05.06.46:317][645]LogInit: XAudio2 using 'Speakers (Realtek High Definition Audio)' : 2 channels at 48 kHz using 32 bits per sample (channel mask 0x3)
[2017.08.22-05.06.46:329][645]LogInit: FAudioDevice initialized.
[2017.08.22-05.06.46:392][645]LogLoad: Game class is 'FirstPersonGameMode_C'
[2017.08.22-05.06.46:419][645]LogWorld: Bringing World /Game/FirstPersonBP/Maps/UEDPIE_0_FirstPersonExampleMap.FirstPersonExampleMap up for play (max tick rate 60) at 2017.08.22-14.36.46
[2017.08.22-05.06.46:612][645]LogWorld: Bringing up level for play took: 0.195905
[2017.08.22-05.06.46:771][645]LogContentBrowser: Native class hierarchy updated for 'MovieSceneCapture' in 0.0007 seconds. Added 11 classes and 0 folders.
[2017.08.22-05.06.46:803][645]PIE: Play in editor start time for /Game/FirstPersonBP/Maps/UEDPIE_0_FirstPersonExampleMap 1.271
[2017.08.22-05.06.46:803][645]LogBlueprintUserMessages: Late PlayInEditor Detection: Level '/Game/FirstPersonBP/Maps/FirstPersonExampleMap.FirstPersonExampleMap:PersistentLevel' has LevelScriptBlueprint '/Game/FirstPersonBP/Maps/FirstPersonExampleMap.FirstPersonExampleMap:PersistentLevel.FirstPersonExampleMap' with GeneratedClass '/Game/FirstPersonBP/Maps/FirstPersonExampleMap.FirstPersonExampleMap_C' with ClassGeneratedBy '/Game/FirstPersonBP/Maps/FirstPersonExampleMap.FirstPersonExampleMap:PersistentLevel.FirstPersonExampleMap'
[2017.08.22-05.07.28:854][869]LogBlueprintUserMessages: Early EndPlayMap Detection: Level '/Game/FirstPersonBP/Maps/FirstPersonExampleMap.FirstPersonExampleMap:PersistentLevel' has LevelScriptBlueprint '/Game/FirstPersonBP/Maps/FirstPersonExampleMap.FirstPersonExampleMap:PersistentLevel.FirstPersonExampleMap' with GeneratedClass '/Game/FirstPersonBP/Maps/FirstPersonExampleMap.FirstPersonExampleMap_C' with ClassGeneratedBy '/Game/FirstPersonBP/Maps/FirstPersonExampleMap.FirstPersonExampleMap:PersistentLevel.FirstPersonExampleMap'
[2017.08.22-05.07.28:969][869]LogBlueprintUserMessages: Late EndPlayMap Detection: Level '/Game/FirstPersonBP/Maps/FirstPersonExampleMap.FirstPersonExampleMap:PersistentLevel' has LevelScriptBlueprint '/Game/FirstPersonBP/Maps/FirstPersonExampleMap.FirstPersonExampleMap:PersistentLevel.FirstPersonExampleMap' with GeneratedClass '/Game/FirstPersonBP/Maps/FirstPersonExampleMap.FirstPersonExampleMap_C' with ClassGeneratedBy '/Game/FirstPersonBP/Maps/FirstPersonExampleMap.FirstPersonExampleMap:PersistentLevel.FirstPersonExampleMap'
[2017.08.22-05.07.34:912][156]LogEditorViewport: Clicking on Actor (LMB): StaticMeshActor (EditorCube11)
[2017.08.22-05.08.00:684][  4]LogTemp: Repeating last play command: Selected Viewport
[2017.08.22-05.08.00:719][  4]LogBlueprintUserMessages: Early PlayInEditor Detection: Level '/Game/FirstPersonBP/Maps/FirstPersonExampleMap.FirstPersonExampleMap:PersistentLevel' has LevelScriptBlueprint '/Game/FirstPersonBP/Maps/FirstPersonExampleMap.FirstPersonExampleMap:PersistentLevel.FirstPersonExampleMap' with GeneratedClass '/Game/FirstPersonBP/Maps/FirstPersonExampleMap.FirstPersonExampleMap_C' with ClassGeneratedBy '/Game/FirstPersonBP/Maps/FirstPersonExampleMap.FirstPersonExampleMap:PersistentLevel.FirstPersonExampleMap'
[2017.08.22-05.08.00:719][  4]LogPlayLevel: PlayLevel: No blueprints needed recompiling
[2017.08.22-05.08.00:720][  4]PIE: New page: PIE session: FirstPersonExampleMap (23 Aug 2017 12:08:00 am)
[2017.08.22-05.08.00:720][  4]LogPlayLevel: Creating play world package: /Game/FirstPersonBP/Maps/UEDPIE_0_FirstPersonExampleMap
[2017.08.22-05.08.00:767][  4]LogPlayLevel: PIE: StaticDuplicateObject took: (0.046399s)
[2017.08.22-05.08.00:769][  4]LogAIModule: Creating AISystem for world FirstPersonExampleMap
[2017.08.22-05.08.00:769][  4]LogPlayLevel: PIE: World Init took: (0.002323s)
[2017.08.22-05.08.00:770][  4]LogPlayLevel: PIE: Created PIE world by copying editor world from /Game/FirstPersonBP/Maps/FirstPersonExampleMap.FirstPersonExampleMap to /Game/FirstPersonBP/Maps/UEDPIE_0_FirstPersonExampleMap.FirstPersonExampleMap (0.049532s)
[2017.08.22-05.08.00:828][  4]LogInit: XAudio2 using 'Speakers (Realtek High Definition Audio)' : 2 channels at 48 kHz using 32 bits per sample (channel mask 0x3)
[2017.08.22-05.08.00:850][  4]LogInit: FAudioDevice initialized.
[2017.08.22-05.08.00:892][  4]LogLoad: Game class is 'FirstPersonGameMode_C'
[2017.08.22-05.08.00:899][  4]LogWorld: Bringing World /Game/FirstPersonBP/Maps/UEDPIE_0_FirstPersonExampleMap.FirstPersonExampleMap up for play (max tick rate 60) at 2017.08.22-14.38.00
[2017.08.22-05.08.00:900][  4]LogWorld: Bringing up level for play took: 0.007929
[2017.08.22-05.08.00:904][  4]PIE: Play in editor start time for /Game/FirstPersonBP/Maps/UEDPIE_0_FirstPersonExampleMap -0.628
[2017.08.22-05.08.00:904][  4]LogBlueprintUserMessages: Late PlayInEditor Detection: Level '/Game/FirstPersonBP/Maps/FirstPersonExampleMap.FirstPersonExampleMap:PersistentLevel' has LevelScriptBlueprint '/Game/FirstPersonBP/Maps/FirstPersonExampleMap.FirstPersonExampleMap:PersistentLevel.FirstPersonExampleMap' with GeneratedClass '/Game/FirstPersonBP/Maps/FirstPersonExampleMap.FirstPersonExampleMap_C' with ClassGeneratedBy '/Game/FirstPersonBP/Maps/FirstPersonExampleMap.FirstPersonExampleMap:PersistentLevel.FirstPersonExampleMap'
[2017.08.22-05.08.10:438][515]LogBlueprintUserMessages: Early EndPlayMap Detection: Level '/Game/FirstPersonBP/Maps/FirstPersonExampleMap.FirstPersonExampleMap:PersistentLevel' has LevelScriptBlueprint '/Game/FirstPersonBP/Maps/FirstPersonExampleMap.FirstPersonExampleMap:PersistentLevel.FirstPersonExampleMap' with GeneratedClass '/Game/FirstPersonBP/Maps/FirstPersonExampleMap.FirstPersonExampleMap_C' with ClassGeneratedBy '/Game/FirstPersonBP/Maps/FirstPersonExampleMap.FirstPersonExampleMap:PersistentLevel.FirstPersonExampleMap'
[2017.08.22-05.08.10:528][515]LogBlueprintUserMessages: Late EndPlayMap Detection: Level '/Game/FirstPersonBP/Maps/FirstPersonExampleMap.FirstPersonExampleMap:PersistentLevel' has LevelScriptBlueprint '/Game/FirstPersonBP/Maps/FirstPersonExampleMap.FirstPersonExampleMap:PersistentLevel.FirstPersonExampleMap' with GeneratedClass '/Game/FirstPersonBP/Maps/FirstPersonExampleMap.FirstPersonExampleMap_C' with ClassGeneratedBy '/Game/FirstPersonBP/Maps/FirstPersonExampleMap.FirstPersonExampleMap:PersistentLevel.FirstPersonExampleMap'
[2017.08.22-05.08.12:933][604]LogEditorViewport: Clicking on Actor (LMB): StaticMeshActor (EditorCube11)
[2017.08.22-05.08.21:604][934]LogTemp: Repeating last play command: Selected Viewport
[2017.08.22-05.08.21:635][934]LogBlueprintUserMessages: Early PlayInEditor Detection: Level '/Game/FirstPersonBP/Maps/FirstPersonExampleMap.FirstPersonExampleMap:PersistentLevel' has LevelScriptBlueprint '/Game/FirstPersonBP/Maps/FirstPersonExampleMap.FirstPersonExampleMap:PersistentLevel.FirstPersonExampleMap' with GeneratedClass '/Game/FirstPersonBP/Maps/FirstPersonExampleMap.FirstPersonExampleMap_C' with ClassGeneratedBy '/Game/FirstPersonBP/Maps/FirstPersonExampleMap.FirstPersonExampleMap:PersistentLevel.FirstPersonExampleMap'
[2017.08.22-05.08.21:636][934]LogPlayLevel: PlayLevel: No blueprints needed recompiling
[2017.08.22-05.08.21:636][934]PIE: New page: PIE session: FirstPersonExampleMap (23 Aug 2017 12:08:21 am)
[2017.08.22-05.08.21:636][934]LogPlayLevel: Creating play world package: /Game/FirstPersonBP/Maps/UEDPIE_0_FirstPersonExampleMap
[2017.08.22-05.08.21:674][934]LogPlayLevel: PIE: StaticDuplicateObject took: (0.037846s)
[2017.08.22-05.08.21:677][934]LogAIModule: Creating AISystem for world FirstPersonExampleMap
[2017.08.22-05.08.21:677][934]LogPlayLevel: PIE: World Init took: (0.002631s)
[2017.08.22-05.08.21:678][934]LogPlayLevel: PIE: Created PIE world by copying editor world from /Game/FirstPersonBP/Maps/FirstPersonExampleMap.FirstPersonExampleMap to /Game/FirstPersonBP/Maps/UEDPIE_0_FirstPersonExampleMap.FirstPersonExampleMap (0.041273s)
[2017.08.22-05.08.21:722][934]LogInit: XAudio2 using 'Speakers (Realtek High Definition Audio)' : 2 channels at 48 kHz using 32 bits per sample (channel mask 0x3)
[2017.08.22-05.08.21:743][934]LogInit: FAudioDevice initialized.
[2017.08.22-05.08.21:786][934]LogLoad: Game class is 'FirstPersonGameMode_C'
[2017.08.22-05.08.21:793][934]LogWorld: Bringing World /Game/FirstPersonBP/Maps/UEDPIE_0_FirstPersonExampleMap.FirstPersonExampleMap up for play (max tick rate 60) at 2017.08.22-14.38.21
[2017.08.22-05.08.21:795][934]LogWorld: Bringing up level for play took: 0.008263
[2017.08.22-05.08.21:798][934]PIE: Play in editor start time for /Game/FirstPersonBP/Maps/UEDPIE_0_FirstPersonExampleMap 0.266
[2017.08.22-05.08.21:799][934]LogBlueprintUserMessages: Late PlayInEditor Detection: Level '/Game/FirstPersonBP/Maps/FirstPersonExampleMap.FirstPersonExampleMap:PersistentLevel' has LevelScriptBlueprint '/Game/FirstPersonBP/Maps/FirstPersonExampleMap.FirstPersonExampleMap:PersistentLevel.FirstPersonExampleMap' with GeneratedClass '/Game/FirstPersonBP/Maps/FirstPersonExampleMap.FirstPersonExampleMap_C' with ClassGeneratedBy '/Game/FirstPersonBP/Maps/FirstPersonExampleMap.FirstPersonExampleMap:PersistentLevel.FirstPersonExampleMap'
[2017.08.22-05.08.27:870][259]LogBlueprintUserMessages: Early EndPlayMap Detection: Level '/Game/FirstPersonBP/Maps/FirstPersonExampleMap.FirstPersonExampleMap:PersistentLevel' has LevelScriptBlueprint '/Game/FirstPersonBP/Maps/FirstPersonExampleMap.FirstPersonExampleMap:PersistentLevel.FirstPersonExampleMap' with GeneratedClass '/Game/FirstPersonBP/Maps/FirstPersonExampleMap.FirstPersonExampleMap_C' with ClassGeneratedBy '/Game/FirstPersonBP/Maps/FirstPersonExampleMap.FirstPersonExampleMap:PersistentLevel.FirstPersonExampleMap'
[2017.08.22-05.08.27:963][259]LogBlueprintUserMessages: Late EndPlayMap Detection: Level '/Game/FirstPersonBP/Maps/FirstPersonExampleMap.FirstPersonExampleMap:PersistentLevel' has LevelScriptBlueprint '/Game/FirstPersonBP/Maps/FirstPersonExampleMap.FirstPersonExampleMap:PersistentLevel.FirstPersonExampleMap' with GeneratedClass '/Game/FirstPersonBP/Maps/FirstPersonExampleMap.FirstPersonExampleMap_C' with ClassGeneratedBy '/Game/FirstPersonBP/Maps/FirstPersonExampleMap.FirstPersonExampleMap:PersistentLevel.FirstPersonExampleMap'
[2017.08.22-05.08.29:610][321]LogTemp: Repeating last play command: Selected Viewport
[2017.08.22-05.08.29:632][321]LogBlueprintUserMessages: Early PlayInEditor Detection: Level '/Game/FirstPersonBP/Maps/FirstPersonExampleMap.FirstPersonExampleMap:PersistentLevel' has LevelScriptBlueprint '/Game/FirstPersonBP/Maps/FirstPersonExampleMap.FirstPersonExampleMap:PersistentLevel.FirstPersonExampleMap' with GeneratedClass '/Game/FirstPersonBP/Maps/FirstPersonExampleMap.FirstPersonExampleMap_C' with ClassGeneratedBy '/Game/FirstPersonBP/Maps/FirstPersonExampleMap.FirstPersonExampleMap:PersistentLevel.FirstPersonExampleMap'
[2017.08.22-05.08.29:632][321]LogPlayLevel: PlayLevel: No blueprints needed recompiling
[2017.08.22-05.08.29:633][321]PIE: New page: PIE session: FirstPersonExampleMap (23 Aug 2017 12:08:29 am)
[2017.08.22-05.08.29:633][321]LogPlayLevel: Creating play world package: /Game/FirstPersonBP/Maps/UEDPIE_0_FirstPersonExampleMap
[2017.08.22-05.08.29:662][321]LogPlayLevel: PIE: StaticDuplicateObject took: (0.029102s)
[2017.08.22-05.08.29:664][321]LogAIModule: Creating AISystem for world FirstPersonExampleMap
[2017.08.22-05.08.29:664][321]LogPlayLevel: PIE: World Init took: (0.001629s)
[2017.08.22-05.08.29:664][321]LogPlayLevel: PIE: Created PIE world by copying editor world from /Game/FirstPersonBP/Maps/FirstPersonExampleMap.FirstPersonExampleMap to /Game/FirstPersonBP/Maps/UEDPIE_0_FirstPersonExampleMap.FirstPersonExampleMap (0.031378s)
[2017.08.22-05.08.29:700][321]LogInit: XAudio2 using 'Speakers (Realtek High Definition Audio)' : 2 channels at 48 kHz using 32 bits per sample (channel mask 0x3)
[2017.08.22-05.08.29:717][321]LogInit: FAudioDevice initialized.
[2017.08.22-05.08.29:759][321]LogLoad: Game class is 'FirstPersonGameMode_C'
[2017.08.22-05.08.29:764][321]LogWorld: Bringing World /Game/FirstPersonBP/Maps/UEDPIE_0_FirstPersonExampleMap.FirstPersonExampleMap up for play (max tick rate 60) at 2017.08.22-14.38.29
[2017.08.22-05.08.29:765][321]LogWorld: Bringing up level for play took: 0.005596
[2017.08.22-05.08.29:768][321]PIE: Play in editor start time for /Game/FirstPersonBP/Maps/UEDPIE_0_FirstPersonExampleMap 0.236
[2017.08.22-05.08.29:768][321]LogBlueprintUserMessages: Late PlayInEditor Detection: Level '/Game/FirstPersonBP/Maps/FirstPersonExampleMap.FirstPersonExampleMap:PersistentLevel' has LevelScriptBlueprint '/Game/FirstPersonBP/Maps/FirstPersonExampleMap.FirstPersonExampleMap:PersistentLevel.FirstPersonExampleMap' with GeneratedClass '/Game/FirstPersonBP/Maps/FirstPersonExampleMap.FirstPersonExampleMap_C' with ClassGeneratedBy '/Game/FirstPersonBP/Maps/FirstPersonExampleMap.FirstPersonExampleMap:PersistentLevel.FirstPersonExampleMap'
[2017.08.22-05.08.37:670][738]LogBlueprintUserMessages: Early EndPlayMap Detection: Level '/Game/FirstPersonBP/Maps/FirstPersonExampleMap.FirstPersonExampleMap:PersistentLevel' has LevelScriptBlueprint '/Game/FirstPersonBP/Maps/FirstPersonExampleMap.FirstPersonExampleMap:PersistentLevel.FirstPersonExampleMap' with GeneratedClass '/Game/FirstPersonBP/Maps/FirstPersonExampleMap.FirstPersonExampleMap_C' with ClassGeneratedBy '/Game/FirstPersonBP/Maps/FirstPersonExampleMap.FirstPersonExampleMap:PersistentLevel.FirstPersonExampleMap'
[2017.08.22-05.08.37:756][738]LogBlueprintUserMessages: Late EndPlayMap Detection: Level '/Game/FirstPersonBP/Maps/FirstPersonExampleMap.FirstPersonExampleMap:PersistentLevel' has LevelScriptBlueprint '/Game/FirstPersonBP/Maps/FirstPersonExampleMap.FirstPersonExampleMap:PersistentLevel.FirstPersonExampleMap' with GeneratedClass '/Game/FirstPersonBP/Maps/FirstPersonExampleMap.FirstPersonExampleMap_C' with ClassGeneratedBy '/Game/FirstPersonBP/Maps/FirstPersonExampleMap.FirstPersonExampleMap:PersistentLevel.FirstPersonExampleMap'
[2017.08.22-05.08.41:340][886]LogTemp: Repeating last play command: Selected Viewport
[2017.08.22-05.08.41:370][886]LogBlueprintUserMessages: Early PlayInEditor Detection: Level '/Game/FirstPersonBP/Maps/FirstPersonExampleMap.FirstPersonExampleMap:PersistentLevel' has LevelScriptBlueprint '/Game/FirstPersonBP/Maps/FirstPersonExampleMap.FirstPersonExampleMap:PersistentLevel.FirstPersonExampleMap' with GeneratedClass '/Game/FirstPersonBP/Maps/FirstPersonExampleMap.FirstPersonExampleMap_C' with ClassGeneratedBy '/Game/FirstPersonBP/Maps/FirstPersonExampleMap.FirstPersonExampleMap:PersistentLevel.FirstPersonExampleMap'
[2017.08.22-05.08.41:371][886]LogPlayLevel: PlayLevel: No blueprints needed recompiling
[2017.08.22-05.08.41:371][886]PIE: New page: PIE session: FirstPersonExampleMap (23 Aug 2017 12:08:41 am)
[2017.08.22-05.08.41:371][886]LogPlayLevel: Creating play world package: /Game/FirstPersonBP/Maps/UEDPIE_0_FirstPersonExampleMap
[2017.08.22-05.08.41:404][886]LogPlayLevel: PIE: StaticDuplicateObject took: (0.032874s)
[2017.08.22-05.08.41:405][886]LogAIModule: Creating AISystem for world FirstPersonExampleMap
[2017.08.22-05.08.41:405][886]LogPlayLevel: PIE: World Init took: (0.001345s)
[2017.08.22-05.08.41:406][886]LogPlayLevel: PIE: Created PIE world by copying editor world from /Game/FirstPersonBP/Maps/FirstPersonExampleMap.FirstPersonExampleMap to /Game/FirstPersonBP/Maps/UEDPIE_0_FirstPersonExampleMap.FirstPersonExampleMap (0.034931s)
[2017.08.22-05.08.41:448][886]LogInit: XAudio2 using 'Speakers (Realtek High Definition Audio)' : 2 channels at 48 kHz using 32 bits per sample (channel mask 0x3)
[2017.08.22-05.08.41:467][886]LogInit: FAudioDevice initialized.
[2017.08.22-05.08.41:511][886]LogLoad: Game class is 'FirstPersonGameMode_C'
[2017.08.22-05.08.41:519][886]LogWorld: Bringing World /Game/FirstPersonBP/Maps/UEDPIE_0_FirstPersonExampleMap.FirstPersonExampleMap up for play (max tick rate 60) at 2017.08.22-14.38.41
[2017.08.22-05.08.41:521][886]LogWorld: Bringing up level for play took: 0.008940
[2017.08.22-05.08.41:525][886]PIE: Play in editor start time for /Game/FirstPersonBP/Maps/UEDPIE_0_FirstPersonExampleMap -0.007
[2017.08.22-05.08.41:525][886]LogBlueprintUserMessages: Late PlayInEditor Detection: Level '/Game/FirstPersonBP/Maps/FirstPersonExampleMap.FirstPersonExampleMap:PersistentLevel' has LevelScriptBlueprint '/Game/FirstPersonBP/Maps/FirstPersonExampleMap.FirstPersonExampleMap:PersistentLevel.FirstPersonExampleMap' with GeneratedClass '/Game/FirstPersonBP/Maps/FirstPersonExampleMap.FirstPersonExampleMap_C' with ClassGeneratedBy '/Game/FirstPersonBP/Maps/FirstPersonExampleMap.FirstPersonExampleMap:PersistentLevel.FirstPersonExampleMap'
[2017.08.22-05.08.48:048][230]LogBlueprintUserMessages: Early EndPlayMap Detection: Level '/Game/FirstPersonBP/Maps/FirstPersonExampleMap.FirstPersonExampleMap:PersistentLevel' has LevelScriptBlueprint '/Game/FirstPersonBP/Maps/FirstPersonExampleMap.FirstPersonExampleMap:PersistentLevel.FirstPersonExampleMap' with GeneratedClass '/Game/FirstPersonBP/Maps/FirstPersonExampleMap.FirstPersonExampleMap_C' with ClassGeneratedBy '/Game/FirstPersonBP/Maps/FirstPersonExampleMap.FirstPersonExampleMap:PersistentLevel.FirstPersonExampleMap'
[2017.08.22-05.08.48:143][230]LogBlueprintUserMessages: Late EndPlayMap Detection: Level '/Game/FirstPersonBP/Maps/FirstPersonExampleMap.FirstPersonExampleMap:PersistentLevel' has LevelScriptBlueprint '/Game/FirstPersonBP/Maps/FirstPersonExampleMap.FirstPersonExampleMap:PersistentLevel.FirstPersonExampleMap' with GeneratedClass '/Game/FirstPersonBP/Maps/FirstPersonExampleMap.FirstPersonExampleMap_C' with ClassGeneratedBy '/Game/FirstPersonBP/Maps/FirstPersonExampleMap.FirstPersonExampleMap:PersistentLevel.FirstPersonExampleMap'
[2017.08.22-05.08.57:011][548]LogTemp: Repeating last play command: Selected Viewport
[2017.08.22-05.08.57:039][548]LogBlueprintUserMessages: Early PlayInEditor Detection: Level '/Game/FirstPersonBP/Maps/FirstPersonExampleMap.FirstPersonExampleMap:PersistentLevel' has LevelScriptBlueprint '/Game/FirstPersonBP/Maps/FirstPersonExampleMap.FirstPersonExampleMap:PersistentLevel.FirstPersonExampleMap' with GeneratedClass '/Game/FirstPersonBP/Maps/FirstPersonExampleMap.FirstPersonExampleMap_C' with ClassGeneratedBy '/Game/FirstPersonBP/Maps/FirstPersonExampleMap.FirstPersonExampleMap:PersistentLevel.FirstPersonExampleMap'
[2017.08.22-05.08.57:039][548]LogPlayLevel: PlayLevel: No blueprints needed recompiling
[2017.08.22-05.08.57:040][548]PIE: New page: PIE session: FirstPersonExampleMap (23 Aug 2017 12:08:57 am)
[2017.08.22-05.08.57:040][548]LogPlayLevel: Creating play world package: /Game/FirstPersonBP/Maps/UEDPIE_0_FirstPersonExampleMap
[2017.08.22-05.08.57:072][548]LogPlayLevel: PIE: StaticDuplicateObject took: (0.032046s)
[2017.08.22-05.08.57:073][548]LogAIModule: Creating AISystem for world FirstPersonExampleMap
[2017.08.22-05.08.57:074][548]LogPlayLevel: PIE: World Init took: (0.001855s)
[2017.08.22-05.08.57:074][548]LogPlayLevel: PIE: Created PIE world by copying editor world from /Game/FirstPersonBP/Maps/FirstPersonExampleMap.FirstPersonExampleMap to /Game/FirstPersonBP/Maps/UEDPIE_0_FirstPersonExampleMap.FirstPersonExampleMap (0.034738s)
[2017.08.22-05.08.57:114][548]LogInit: XAudio2 using 'Speakers (Realtek High Definition Audio)' : 2 channels at 48 kHz using 32 bits per sample (channel mask 0x3)
[2017.08.22-05.08.57:135][548]LogInit: FAudioDevice initialized.
[2017.08.22-05.08.57:175][548]LogLoad: Game class is 'FirstPersonGameMode_C'
[2017.08.22-05.08.57:182][548]LogWorld: Bringing World /Game/FirstPersonBP/Maps/UEDPIE_0_FirstPersonExampleMap.FirstPersonExampleMap up for play (max tick rate 60) at 2017.08.22-14.38.57
[2017.08.22-05.08.57:183][548]LogWorld: Bringing up level for play took: 0.006940
[2017.08.22-05.08.57:186][548]PIE: Play in editor start time for /Game/FirstPersonBP/Maps/UEDPIE_0_FirstPersonExampleMap -0.346
[2017.08.22-05.08.57:186][548]LogBlueprintUserMessages: Late PlayInEditor Detection: Level '/Game/FirstPersonBP/Maps/FirstPersonExampleMap.FirstPersonExampleMap:PersistentLevel' has LevelScriptBlueprint '/Game/FirstPersonBP/Maps/FirstPersonExampleMap.FirstPersonExampleMap:PersistentLevel.FirstPersonExampleMap' with GeneratedClass '/Game/FirstPersonBP/Maps/FirstPersonExampleMap.FirstPersonExampleMap_C' with ClassGeneratedBy '/Game/FirstPersonBP/Maps/FirstPersonExampleMap.FirstPersonExampleMap:PersistentLevel.FirstPersonExampleMap'
[2017.08.22-05.09.03:052][860]LogBlueprintUserMessages: Early EndPlayMap Detection: Level '/Game/FirstPersonBP/Maps/FirstPersonExampleMap.FirstPersonExampleMap:PersistentLevel' has LevelScriptBlueprint '/Game/FirstPersonBP/Maps/FirstPersonExampleMap.FirstPersonExampleMap:PersistentLevel.FirstPersonExampleMap' with GeneratedClass '/Game/FirstPersonBP/Maps/FirstPersonExampleMap.FirstPersonExampleMap_C' with ClassGeneratedBy '/Game/FirstPersonBP/Maps/FirstPersonExampleMap.FirstPersonExampleMap:PersistentLevel.FirstPersonExampleMap'
[2017.08.22-05.09.03:143][860]LogBlueprintUserMessages: Late EndPlayMap Detection: Level '/Game/FirstPersonBP/Maps/FirstPersonExampleMap.FirstPersonExampleMap:PersistentLevel' has LevelScriptBlueprint '/Game/FirstPersonBP/Maps/FirstPersonExampleMap.FirstPersonExampleMap:PersistentLevel.FirstPersonExampleMap' with GeneratedClass '/Game/FirstPersonBP/Maps/FirstPersonExampleMap.FirstPersonExampleMap_C' with ClassGeneratedBy '/Game/FirstPersonBP/Maps/FirstPersonExampleMap.FirstPersonExampleMap:PersistentLevel.FirstPersonExampleMap'
[2017.08.22-05.09.05:183][944]LogEditorViewport: Clicking on Actor (LMB): StaticMeshActor (EditorCube14)
[2017.08.22-05.09.18:793][345]LogEditorViewport: Clicking on Actor (LMB): StaticMeshActor (Floor)
[2017.08.22-05.09.21:391][468]LogEditorViewport: Clicking on Actor (LMB): StaticMeshActor (EditorCube14)
[2017.08.22-05.09.23:700][577]LogTemp: Repeating last play command: Selected Viewport
[2017.08.22-05.09.23:733][577]LogBlueprintUserMessages: Early PlayInEditor Detection: Level '/Game/FirstPersonBP/Maps/FirstPersonExampleMap.FirstPersonExampleMap:PersistentLevel' has LevelScriptBlueprint '/Game/FirstPersonBP/Maps/FirstPersonExampleMap.FirstPersonExampleMap:PersistentLevel.FirstPersonExampleMap' with GeneratedClass '/Game/FirstPersonBP/Maps/FirstPersonExampleMap.FirstPersonExampleMap_C' with ClassGeneratedBy '/Game/FirstPersonBP/Maps/FirstPersonExampleMap.FirstPersonExampleMap:PersistentLevel.FirstPersonExampleMap'
[2017.08.22-05.09.23:734][577]LogPlayLevel: PlayLevel: No blueprints needed recompiling
[2017.08.22-05.09.23:734][577]PIE: New page: PIE session: FirstPersonExampleMap (23 Aug 2017 12:09:23 am)
[2017.08.22-05.09.23:734][577]LogPlayLevel: Creating play world package: /Game/FirstPersonBP/Maps/UEDPIE_0_FirstPersonExampleMap
[2017.08.22-05.09.23:768][577]LogPlayLevel: PIE: StaticDuplicateObject took: (0.034144s)
[2017.08.22-05.09.23:770][577]LogAIModule: Creating AISystem for world FirstPersonExampleMap
[2017.08.22-05.09.23:771][577]LogPlayLevel: PIE: World Init took: (0.002064s)
[2017.08.22-05.09.23:771][577]LogPlayLevel: PIE: Created PIE world by copying editor world from /Game/FirstPersonBP/Maps/FirstPersonExampleMap.FirstPersonExampleMap to /Game/FirstPersonBP/Maps/UEDPIE_0_FirstPersonExampleMap.FirstPersonExampleMap (0.036950s)
[2017.08.22-05.09.23:808][577]LogInit: XAudio2 using 'Speakers (Realtek High Definition Audio)' : 2 channels at 48 kHz using 32 bits per sample (channel mask 0x3)
[2017.08.22-05.09.23:828][577]LogInit: FAudioDevice initialized.
[2017.08.22-05.09.23:868][577]LogLoad: Game class is 'FirstPersonGameMode_C'
[2017.08.22-05.09.23:875][577]LogWorld: Bringing World /Game/FirstPersonBP/Maps/UEDPIE_0_FirstPersonExampleMap.FirstPersonExampleMap up for play (max tick rate 60) at 2017.08.22-14.39.23
[2017.08.22-05.09.23:876][577]LogWorld: Bringing up level for play took: 0.006953
[2017.08.22-05.09.23:879][577]PIE: Play in editor start time for /Game/FirstPersonBP/Maps/UEDPIE_0_FirstPersonExampleMap 0.347
[2017.08.22-05.09.23:880][577]LogBlueprintUserMessages: Late PlayInEditor Detection: Level '/Game/FirstPersonBP/Maps/FirstPersonExampleMap.FirstPersonExampleMap:PersistentLevel' has LevelScriptBlueprint '/Game/FirstPersonBP/Maps/FirstPersonExampleMap.FirstPersonExampleMap:PersistentLevel.FirstPersonExampleMap' with GeneratedClass '/Game/FirstPersonBP/Maps/FirstPersonExampleMap.FirstPersonExampleMap_C' with ClassGeneratedBy '/Game/FirstPersonBP/Maps/FirstPersonExampleMap.FirstPersonExampleMap:PersistentLevel.FirstPersonExampleMap'
[2017.08.22-05.09.33:476][ 95]LogBlueprintUserMessages: Early EndPlayMap Detection: Level '/Game/FirstPersonBP/Maps/FirstPersonExampleMap.FirstPersonExampleMap:PersistentLevel' has LevelScriptBlueprint '/Game/FirstPersonBP/Maps/FirstPersonExampleMap.FirstPersonExampleMap:PersistentLevel.FirstPersonExampleMap' with GeneratedClass '/Game/FirstPersonBP/Maps/FirstPersonExampleMap.FirstPersonExampleMap_C' with ClassGeneratedBy '/Game/FirstPersonBP/Maps/FirstPersonExampleMap.FirstPersonExampleMap:PersistentLevel.FirstPersonExampleMap'
[2017.08.22-05.09.33:567][ 95]LogBlueprintUserMessages: Late EndPlayMap Detection: Level '/Game/FirstPersonBP/Maps/FirstPersonExampleMap.FirstPersonExampleMap:PersistentLevel' has LevelScriptBlueprint '/Game/FirstPersonBP/Maps/FirstPersonExampleMap.FirstPersonExampleMap:PersistentLevel.FirstPersonExampleMap' with GeneratedClass '/Game/FirstPersonBP/Maps/FirstPersonExampleMap.FirstPersonExampleMap_C' with ClassGeneratedBy '/Game/FirstPersonBP/Maps/FirstPersonExampleMap.FirstPersonExampleMap:PersistentLevel.FirstPersonExampleMap'
[2017.08.22-05.11.30:091][363]LogSlate: Took 0.000532 seconds to synchronously load lazily loaded font '../../../Engine/Content/Slate/Fonts/Roboto-Light.ttf' (159K)
[2017.08.22-05.11.30:497][363]LogSavePackage: Save=276.97ms
[2017.08.22-05.11.30:498][363]LogSavePackage: Moving '../../../../../../Users/Raymond Aoukar/Desktop/Computer Game Design/repository/PewPewGames/Game/Saved/FirstPersonExampleMapAB13D71B410E35A81B33EEA6E521BD6B.tmp' to '../../../../../../Users/Raymond Aoukar/Desktop/Computer Game Design/repository/PewPewGames/Game/Content/FirstPersonBP/Maps/FirstPersonExampleMap.umap'
[2017.08.22-05.11.30:509][363]LogSavePackage: Display: Finished SavePackage ../../../../../../Users/Raymond Aoukar/Desktop/Computer Game Design/repository/PewPewGames/Game/Content/FirstPersonBP/Maps/FirstPersonExampleMap.umap
[2017.08.22-05.11.31:799][363]LogSlate: Took 0.000171 seconds to synchronously load lazily loaded font '../../../Engine/Content/Slate/Fonts/Roboto-Regular.ttf' (155K)
[2017.08.22-05.11.33:758][363]LogSavePackage: Save=3148.43ms
[2017.08.22-05.11.33:759][363]LogSavePackage: Moving '../../../../../../Users/Raymond Aoukar/Desktop/Computer Game Design/repository/PewPewGames/Game/Saved/FirstPersonExampleMap_BuiltData017EF3EE49A3C77CB557EBB99B1D13A3.tmp' to '../../../../../../Users/Raymond Aoukar/Desktop/Computer Game Design/repository/PewPewGames/Game/Content/FirstPersonBP/Maps/FirstPersonExampleMap_BuiltData.uasset'
[2017.08.22-05.11.33:761][363]LogSavePackage: Display: Finished SavePackage ../../../../../../Users/Raymond Aoukar/Desktop/Computer Game Design/repository/PewPewGames/Game/Content/FirstPersonBP/Maps/FirstPersonExampleMap_BuiltData.uasset
[2017.08.22-05.11.36:287][471]LogWindowsTextInputMethodSystem: Display: IME system now deactivated.
[2017.08.22-05.11.36:665][472]Cmd: QUIT_EDITOR
[2017.08.22-05.11.37:820][472]LogExit: Preparing to exit.
[2017.08.22-05.11.38:716][472]LogDirectoryWatcher: A directory notification for 'C:/Users/Raymond Aoukar/Desktop/Computer Game Design/repository/PewPewGames/Game/Content/' was aborted.
[2017.08.22-05.11.38:754][472]LogExit: Editor shut down
[2017.08.22-05.11.38:759][472]LogExit: Transaction tracking system shut down
[2017.08.22-05.11.38:915][472]LogDirectoryWatcher: A directory notification for '../../../Engine/Content/' was aborted.
[2017.08.22-05.11.38:915][472]LogDirectoryWatcher: A directory notification for '../../../../../../Users/Raymond Aoukar/Desktop/Computer Game Design/repository/PewPewGames/Game/Content/' was aborted.
[2017.08.22-05.11.38:915][472]LogDirectoryWatcher: A directory notification for '../../../Engine/Plugins/2D/Paper2D/Content/' was aborted.
[2017.08.22-05.11.38:915][472]LogDirectoryWatcher: A directory notification for '../../../Engine/Plugins/Runtime/Oculus/OculusVR/Content/' was aborted.
[2017.08.22-05.11.38:915][472]LogDirectoryWatcher: A directory notification for '../../../Engine/Plugins/Runtime/Steam/SteamVR/Content/' was aborted.
[2017.08.22-05.11.38:964][472]LogExit: Object subsystem successfully closed.
[2017.08.22-05.11.38:975][472]LogD3D11RHI: Shutdown
[2017.08.22-05.11.38:975][472]LogD3D11RHI: CleanupD3DDevice
[2017.08.22-05.11.39:065][472]LogD3D11RHI: ~FD3D11DynamicRHI
[2017.08.22-05.11.39:079][472]LogModuleManager: Shutting down and abandoning module MovieSceneCapture (532)
[2017.08.22-05.11.39:079][472]LogModuleManager: Shutting down and abandoning module HierarchicalLODOutliner (530)
[2017.08.22-05.11.39:079][472]LogModuleManager: Shutting down and abandoning module SceneOutliner (528)
[2017.08.22-05.11.39:079][472]LogModuleManager: Shutting down and abandoning module AddContentDialog (526)
[2017.08.22-05.11.39:079][472]LogDirectoryWatcher: A directory notification for 'C:/Program Files/Epic Games/UE_4.17/FeaturePacks/' was aborted.
[2017.08.22-05.11.39:080][472]LogModuleManager: Shutting down and abandoning module WidgetCarousel (525)
[2017.08.22-05.11.39:080][472]LogModuleManager: Shutting down and abandoning module EditorWidgets (522)
[2017.08.22-05.11.39:080][472]LogModuleManager: Shutting down and abandoning module CollectionManager (520)
[2017.08.22-05.11.39:080][472]LogDirectoryWatcher: A directory notification for 'C:/Users/Raymond Aoukar/Desktop/Computer Game Design/repository/PewPewGames/Game/Content/Collections/' was aborted.
[2017.08.22-05.11.39:080][472]LogDirectoryWatcher: A directory notification for 'C:/Users/Raymond Aoukar/Desktop/Computer Game Design/repository/PewPewGames/Game/Content/Developers/RaymondAoukar/Collections/' was aborted.
[2017.08.22-05.11.39:080][472]LogDirectoryWatcher: A directory notification for 'C:/Users/Raymond Aoukar/Desktop/Computer Game Design/repository/PewPewGames/Game/Saved/Collections/' was aborted.
[2017.08.22-05.11.39:080][472]LogModuleManager: Shutting down and abandoning module StatsViewer (518)
[2017.08.22-05.11.39:080][472]LogModuleManager: Shutting down and abandoning module FoliageEdit (516)
[2017.08.22-05.11.39:080][472]LogModuleManager: Shutting down and abandoning module LandscapeEditor (514)
[2017.08.22-05.11.39:080][472]LogModuleManager: Shutting down and abandoning module MeshPaintMode (512)
[2017.08.22-05.11.39:080][472]LogModuleManager: Shutting down and abandoning module SceneDepthPickerMode (510)
[2017.08.22-05.11.39:080][472]LogModuleManager: Shutting down and abandoning module ActorPickerMode (508)
[2017.08.22-05.11.39:080][472]LogModuleManager: Shutting down and abandoning module GeometryMode (506)
[2017.08.22-05.11.39:080][472]LogModuleManager: Shutting down and abandoning module TextureAlignMode (504)
[2017.08.22-05.11.39:080][472]LogModuleManager: Shutting down and abandoning module BspMode (502)
[2017.08.22-05.11.39:080][472]LogModuleManager: Shutting down and abandoning module PIEPreviewDeviceProfileSelector (500)
[2017.08.22-05.11.39:081][472]LogModuleManager: Shutting down and abandoning module HardwareSurvey (498)
[2017.08.22-05.11.39:081][472]LogModuleManager: Shutting down and abandoning module SequenceRecorderSections (496)
[2017.08.22-05.11.39:081][472]LogModuleManager: Shutting down and abandoning module AutomationWorker (494)
[2017.08.22-05.11.39:081][472]LogModuleManager: Shutting down and abandoning module MatineeToLevelSequence (492)
[2017.08.22-05.11.39:081][472]LogModuleManager: Shutting down and abandoning module LevelSequenceEditor (490)
[2017.08.22-05.11.39:081][472]LogModuleManager: Shutting down and abandoning module PlacementMode (489)
[2017.08.22-05.11.39:081][472]LogModuleManager: Shutting down and abandoning module WmfMediaFactory (486)
[2017.08.22-05.11.39:081][472]LogModuleManager: Shutting down and abandoning module WmfMediaEditor (484)
[2017.08.22-05.11.39:081][472]LogModuleManager: Shutting down and abandoning module AvfMediaFactory (482)
[2017.08.22-05.11.39:081][472]LogModuleManager: Shutting down and abandoning module AvfMediaEditor (480)
[2017.08.22-05.11.39:081][472]LogModuleManager: Shutting down and abandoning module AndroidMediaFactory (478)
[2017.08.22-05.11.39:081][472]LogModuleManager: Shutting down and abandoning module Media (477)
[2017.08.22-05.11.39:081][472]LogModuleManager: Shutting down and abandoning module AndroidMediaEditor (474)
[2017.08.22-05.11.39:081][472]LogModuleManager: Shutting down and abandoning module CharacterAI (472)
[2017.08.22-05.11.39:081][472]LogModuleManager: Shutting down and abandoning module AudioCapture (470)
[2017.08.22-05.11.39:081][472]LogModuleManager: Shutting down and abandoning module SequenceRecorder (469)
[2017.08.22-05.11.39:081][472]LogModuleManager: Shutting down and abandoning module SmartSnapping (466)
[2017.08.22-05.11.39:081][472]LogModuleManager: Shutting down and abandoning module SessionServices (464)
[2017.08.22-05.11.39:081][472]LogModuleManager: Shutting down and abandoning module ViewportSnapping (462)
[2017.08.22-05.11.39:081][472]LogModuleManager: Shutting down and abandoning module ViewportInteraction (460)
[2017.08.22-05.11.39:081][472]LogModuleManager: Shutting down and abandoning module ClothPainter (458)
[2017.08.22-05.11.39:081][472]LogModuleManager: Shutting down and abandoning module LogVisualizer (456)
[2017.08.22-05.11.39:081][472]LogModuleManager: Shutting down and abandoning module IntroTutorials (454)
[2017.08.22-05.11.39:081][472]LogModuleManager: Shutting down and abandoning module GameProjectGeneration (453)
[2017.08.22-05.11.39:081][472]LogModuleManager: Shutting down and abandoning module IOSPlatformEditor (450)
[2017.08.22-05.11.39:081][472]LogModuleManager: Shutting down and abandoning module HTML5PlatformEditor (448)
[2017.08.22-05.11.39:081][472]LogModuleManager: Shutting down and abandoning module AndroidPlatformEditor (446)
[2017.08.22-05.11.39:081][472]LogModuleManager: Shutting down and abandoning module AndroidDeviceDetection (445)
[2017.08.22-05.11.40:031][472]LogModuleManager: Shutting down and abandoning module WindowsPlatformEditor (442)
[2017.08.22-05.11.40:031][472]LogModuleManager: Shutting down and abandoning module IOSRuntimeSettings (440)
[2017.08.22-05.11.40:031][472]LogModuleManager: Shutting down and abandoning module AndroidRuntimeSettings (438)
[2017.08.22-05.11.40:031][472]LogModuleManager: Shutting down and abandoning module InputBindingEditor (436)
[2017.08.22-05.11.40:031][472]LogModuleManager: Shutting down and abandoning module MergeActors (434)
[2017.08.22-05.11.40:031][472]LogModuleManager: Shutting down and abandoning module SizeMap (432)
[2017.08.22-05.11.40:031][472]LogModuleManager: Shutting down and abandoning module TreeMap (430)
[2017.08.22-05.11.40:031][472]LogModuleManager: Shutting down and abandoning module ReferenceViewer (428)
[2017.08.22-05.11.40:032][472]LogModuleManager: Shutting down and abandoning module LocalizationDashboard (426)
[2017.08.22-05.11.40:032][472]LogModuleManager: Shutting down and abandoning module LocalizationService (425)
[2017.08.22-05.11.40:032][472]LogModuleManager: Shutting down and abandoning module HardwareTargeting (422)
[2017.08.22-05.11.40:032][472]LogModuleManager: Shutting down and abandoning module DeviceProfileEditor (420)
[2017.08.22-05.11.40:032][472]LogModuleManager: Shutting down and abandoning module UndoHistory (418)
[2017.08.22-05.11.40:032][472]LogModuleManager: Shutting down and abandoning module XmlParser (416)
[2017.08.22-05.11.40:032][472]LogModuleManager: Shutting down and abandoning module Blutility (414)
[2017.08.22-05.11.40:032][472]LogModuleManager: Shutting down and abandoning module ProjectSettingsViewer (412)
[2017.08.22-05.11.40:032][472]LogModuleManager: Shutting down and abandoning module ProjectTargetPlatformEditor (411)
[2017.08.22-05.11.40:033][472]LogModuleManager: Shutting down and abandoning module EditorSettingsViewer (408)
[2017.08.22-05.11.40:033][472]LogModuleManager: Shutting down and abandoning module SettingsEditor (406)
[2017.08.22-05.11.40:033][472]LogModuleManager: Shutting down and abandoning module ProjectLauncher (404)
[2017.08.22-05.11.40:033][472]LogModuleManager: Shutting down and abandoning module SessionFrontend (402)
[2017.08.22-05.11.40:033][472]LogModuleManager: Shutting down and abandoning module ProfilerClient (400)
[2017.08.22-05.11.40:033][472]LogModuleManager: Shutting down and abandoning module DeviceManager (398)
[2017.08.22-05.11.40:033][472]LogModuleManager: Shutting down and abandoning module TargetDeviceServices (397)
[2017.08.22-05.11.40:098][472]LogModuleManager: Shutting down and abandoning module AutomationController (394)
[2017.08.22-05.11.40:098][472]LogModuleManager: Shutting down and abandoning module AutomationWindow (392)
[2017.08.22-05.11.40:098][472]LogModuleManager: Shutting down and abandoning module Layers (390)
[2017.08.22-05.11.40:098][472]LogModuleManager: Shutting down and abandoning module ComponentVisualizers (388)
[2017.08.22-05.11.40:098][472]LogModuleManager: Shutting down and abandoning module DetailCustomizations (386)
[2017.08.22-05.11.40:098][472]LogModuleManager: Shutting down and abandoning module PackagesDialog (384)
[2017.08.22-05.11.40:099][472]LogModuleManager: Shutting down and abandoning module Persona (382)
[2017.08.22-05.11.40:099][472]LogModuleManager: Shutting down and abandoning module AdvancedPreviewScene (381)
[2017.08.22-05.11.40:099][472]LogModuleManager: Shutting down and abandoning module AnimGraph (379)
[2017.08.22-05.11.40:099][472]LogModuleManager: Shutting down and abandoning module Kismet (376)
[2017.08.22-05.11.40:101][472]LogModuleManager: Shutting down and abandoning module ClassViewer (374)
[2017.08.22-05.11.40:101][472]LogModuleManager: Shutting down and abandoning module Toolbox (372)
[2017.08.22-05.11.40:101][472]LogModuleManager: Shutting down and abandoning module ModuleUI (370)
[2017.08.22-05.11.40:101][472]LogModuleManager: Shutting down and abandoning module MovieSceneTools (368)
[2017.08.22-05.11.40:101][472]LogModuleManager: Shutting down and abandoning module OutputLog (366)
[2017.08.22-05.11.40:101][472]LogModuleManager: Shutting down and abandoning module GammaUI (364)
[2017.08.22-05.11.40:102][472]LogModuleManager: Shutting down and abandoning module Documentation (362)
[2017.08.22-05.11.40:102][472]LogModuleManager: Shutting down and abandoning module MovieSceneTracks (360)
[2017.08.22-05.11.40:102][472]LogModuleManager: Shutting down and abandoning module MovieScene (358)
[2017.08.22-05.11.40:102][472]LogModuleManager: Shutting down and abandoning module Niagara (356)
[2017.08.22-05.11.40:102][472]LogModuleManager: Shutting down and abandoning module NiagaraEditor (355)
[2017.08.22-05.11.40:102][472]LogModuleManager: Shutting down and abandoning module StreamingPauseRendering (352)
[2017.08.22-05.11.40:102][472]LogModuleManager: Shutting down and abandoning module LauncherPlatform (350)
[2017.08.22-05.11.40:102][472]LogModuleManager: Shutting down and abandoning module AnalyticsET (348)
[2017.08.22-05.11.40:102][472]LogModuleManager: Shutting down and abandoning module PortalServices (346)
[2017.08.22-05.11.40:102][472]LogModuleManager: Shutting down and abandoning module PortalRpc (344)
[2017.08.22-05.11.40:102][472]LogModuleManager: Shutting down and abandoning module MessagingRpc (342)
[2017.08.22-05.11.40:102][472]LogModuleManager: Shutting down and abandoning module AIModule (340)
[2017.08.22-05.11.40:102][472]LogModuleManager: Shutting down and abandoning module GameplayDebugger (339)
[2017.08.22-05.11.40:102][472]LogModuleManager: Shutting down and abandoning module AITestSuite (337)
[2017.08.22-05.11.40:103][472]LogModuleManager: Shutting down and abandoning module ProfilerService (334)
[2017.08.22-05.11.40:274][472]LogModuleManager: Shutting down and abandoning module TaskGraph (332)
[2017.08.22-05.11.40:274][472]LogModuleManager: Shutting down and abandoning module SteamVRController (330)
[2017.08.22-05.11.40:274][472]LogModuleManager: Shutting down and abandoning module ProceduralMeshComponentEditor (328)
[2017.08.22-05.11.40:274][472]LogModuleManager: Shutting down and abandoning module ProceduralMeshComponent (326)
[2017.08.22-05.11.40:274][472]LogModuleManager: Shutting down and abandoning module OculusInput (324)
[2017.08.22-05.11.40:274][472]LogModuleManager: Shutting down and abandoning module MobilePatchingUtils (322)
[2017.08.22-05.11.40:274][472]LogModuleManager: Shutting down and abandoning module CustomMeshComponent (320)
[2017.08.22-05.11.40:274][472]LogModuleManager: Shutting down and abandoning module CableComponent (318)
[2017.08.22-05.11.40:274][472]LogModuleManager: Shutting down and abandoning module ArchVisCharacter (316)
[2017.08.22-05.11.40:274][472]LogModuleManager: Shutting down and abandoning module AndroidPermission (314)
[2017.08.22-05.11.40:274][472]LogModuleManager: Shutting down and abandoning module MediaPlayerEditor (310)
[2017.08.22-05.11.40:274][472]LogModuleManager: Shutting down and abandoning module HTML5Networking (308)
[2017.08.22-05.11.40:274][472]LogModuleManager: Shutting down and abandoning module AlembicImporter (306)
[2017.08.22-05.11.40:274][472]LogModuleManager: Shutting down and abandoning module AlembicLibrary (305)
[2017.08.22-05.11.40:274][472]LogModuleManager: Shutting down and abandoning module GeometryCache (304)
[2017.08.22-05.11.40:274][472]LogModuleManager: Shutting down and abandoning module GeometryCacheEd (303)
[2017.08.22-05.11.40:274][472]LogModuleManager: Shutting down and abandoning module SpeedTreeImporter (298)
[2017.08.22-05.11.40:274][472]LogModuleManager: Shutting down and abandoning module PluginBrowser (296)
[2017.08.22-05.11.40:274][472]LogModuleManager: Shutting down and abandoning module MobileLauncherProfileWizard (294)
[2017.08.22-05.11.40:275][472]LogModuleManager: Shutting down and abandoning module VisualStudioSourceCodeAccess (292)
[2017.08.22-05.11.40:275][472]LogModuleManager: Shutting down and abandoning module DesktopPlatform (291)
[2017.08.22-05.11.40:275][472]LogModuleManager: Shutting down and abandoning module UObjectPlugin (288)
[2017.08.22-05.11.40:275][472]LogModuleManager: Shutting down and abandoning module SubversionSourceControl (286)
[2017.08.22-05.11.40:275][472]LogModuleManager: Shutting down and abandoning module PerforceSourceControl (284)
[2017.08.22-05.11.40:275][472]LogModuleManager: Shutting down and abandoning module GitSourceControl (282)
[2017.08.22-05.11.40:275][472]LogModuleManager: Shutting down and abandoning module SourceControl (281)
[2017.08.22-05.11.40:275][472]LogModuleManager: Shutting down and abandoning module LightPropagationVolumeEditor (278)
[2017.08.22-05.11.40:275][472]LogModuleManager: Shutting down and abandoning module PaperTiledImporter (276)
[2017.08.22-05.11.40:275][472]LogModuleManager: Shutting down and abandoning module PaperSpriteSheetImporter (274)
[2017.08.22-05.11.40:275][472]LogModuleManager: Shutting down and abandoning module Paper2DEditor (272)
[2017.08.22-05.11.40:275][472]LogModuleManager: Shutting down and abandoning module MeshPaint (271)
[2017.08.22-05.11.40:275][472]LogModuleManager: Shutting down and abandoning module LevelEditor (269)
[2017.08.22-05.11.40:276][472]LogModuleManager: Shutting down and abandoning module PixelInspectorModule (268)
[2017.08.22-05.11.40:276][472]LogModuleManager: Shutting down and abandoning module MainFrame (266)
[2017.08.22-05.11.40:277][472]LogModuleManager: Shutting down and abandoning module HotReload (265)
[2017.08.22-05.11.40:277][472]LogModuleManager: Shutting down and abandoning module RuntimePhysXCooking (260)
[2017.08.22-05.11.40:278][472]LogModuleManager: Shutting down and abandoning module PhysXVehiclesEditor (258)
[2017.08.22-05.11.40:278][472]LogModuleManager: Shutting down and abandoning module PhysXVehicles (256)
[2017.08.22-05.11.40:278][472]LogModuleManager: Shutting down and abandoning module OculusEditor (254)
[2017.08.22-05.11.40:278][472]LogModuleManager: Shutting down and abandoning module LocationServicesBPLibrary (252)
[2017.08.22-05.11.40:278][472]LogModuleManager: Shutting down and abandoning module ImmediatePhysicsEditor (250)
[2017.08.22-05.11.40:278][472]LogModuleManager: Shutting down and abandoning module ImmediatePhysics (248)
[2017.08.22-05.11.40:278][472]LogModuleManager: Shutting down and abandoning module UdpMessaging (246)
[2017.08.22-05.11.40:379][472]LogModuleManager: Shutting down and abandoning module TcpMessaging (244)
[2017.08.22-05.11.40:480][472]LogModuleManager: Shutting down and abandoning module GameplayTagsEditor (242)
[2017.08.22-05.11.40:480][472]LogModuleManager: Shutting down and abandoning module FacialAnimationEditor (240)
[2017.08.22-05.11.40:480][472]LogModuleManager: Shutting down and abandoning module FacialAnimation (238)
[2017.08.22-05.11.40:480][472]LogModuleManager: Shutting down and abandoning module AssetManagerEditor (236)
[2017.08.22-05.11.40:480][472]LogModuleManager: Shutting down and abandoning module GraphEditor (235)
[2017.08.22-05.11.40:481][472]LogModuleManager: Shutting down and abandoning module ContentBrowser (233)
[2017.08.22-05.11.40:483][472]LogModuleManager: Shutting down and abandoning module LightPropagationVolumeRuntime (230)
[2017.08.22-05.11.40:483][472]LogModuleManager: Shutting down and abandoning module Paper2D (228)
[2017.08.22-05.11.40:483][472]LogModuleManager: Shutting down and abandoning module WindowsMoviePlayer (226)
[2017.08.22-05.11.40:483][472]LogModuleManager: Shutting down and abandoning module WmfMedia (224)
[2017.08.22-05.11.40:484][472]LogModuleManager: Shutting down and abandoning module PacketHandler (222)
[2017.08.22-05.11.40:484][472]LogModuleManager: Shutting down and abandoning module ClothingSystemEditor (220)
[2017.08.22-05.11.40:484][472]LogModuleManager: Shutting down and abandoning module ClothingSystemRuntime (218)
[2017.08.22-05.11.40:484][472]LogModuleManager: Shutting down and abandoning module Overlay (216)
[2017.08.22-05.11.40:484][472]LogModuleManager: Shutting down and abandoning module OverlayEditor (215)
[2017.08.22-05.11.40:484][472]LogModuleManager: Shutting down and abandoning module MediaAssets (212)
[2017.08.22-05.11.40:484][472]LogModuleManager: Shutting down and abandoning module VREditor (210)
[2017.08.22-05.11.40:484][472]LogModuleManager: Shutting down and abandoning module StringTableEditor (208)
[2017.08.22-05.11.40:484][472]LogModuleManager: Shutting down and abandoning module GameplayTasksEditor (206)
[2017.08.22-05.11.40:484][472]LogModuleManager: Shutting down and abandoning module BehaviorTreeEditor (204)
[2017.08.22-05.11.40:484][472]LogModuleManager: Shutting down and abandoning module FunctionalTesting (202)
[2017.08.22-05.11.40:484][472]LogModuleManager: Shutting down and abandoning module CollisionAnalyzer (200)
[2017.08.22-05.11.40:485][472]LogModuleManager: Shutting down and abandoning module WorkspaceMenuStructure (199)
[2017.08.22-05.11.40:485][472]LogModuleManager: Shutting down and abandoning module UMG (196)
[2017.08.22-05.11.40:485][472]LogModuleManager: Shutting down and abandoning module UMGEditor (195)
[2017.08.22-05.11.40:485][472]LogModuleManager: Shutting down and abandoning module Sequencer (194)
[2017.08.22-05.11.40:485][472]LogModuleManager: Shutting down and abandoning module MessageLog (191)
[2017.08.22-05.11.40:485][472]LogModuleManager: Shutting down and abandoning module SlateReflector (186)
[2017.08.22-05.11.40:485][472]LogModuleManager: Shutting down and abandoning module Slate (184)
[2017.08.22-05.11.40:485][472]LogModuleManager: Shutting down and abandoning module EditorStyle (182)
[2017.08.22-05.11.40:492][472]LogModuleManager: Shutting down and abandoning module MRMesh (180)
[2017.08.22-05.11.40:492][472]LogModuleManager: Shutting down and abandoning module SourceCodeAccess (178)
[2017.08.22-05.11.40:492][472]LogModuleManager: Shutting down and abandoning module HeadMountedDisplay (176)
[2017.08.22-05.11.40:492][472]LogModuleManager: Shutting down and abandoning module XAudio2 (174)
[2017.08.22-05.11.40:492][472]LogModuleManager: Shutting down and abandoning module Networking (172)
[2017.08.22-05.11.40:492][472]LogModuleManager: Shutting down and abandoning module Core (168)
[2017.08.22-05.11.40:492][472]LogModuleManager: Shutting down and abandoning module KismetCompiler (164)
[2017.08.22-05.11.40:493][472]LogModuleManager: Shutting down and abandoning module LevelSequence (162)
[2017.08.22-05.11.40:493][472]LogModuleManager: Shutting down and abandoning module MeshUtilities (160)
[2017.08.22-05.11.40:493][472]LogModuleManager: Shutting down and abandoning module MeshMergeUtilities (159)
[2017.08.22-05.11.40:493][472]LogModuleManager: Shutting down and abandoning module MeshReductionInterface (158)
[2017.08.22-05.11.40:493][472]LogModuleManager: Shutting down and abandoning module SimplygonSwarm (157)
[2017.08.22-05.11.40:493][472]LogModuleManager: Shutting down and abandoning module SimplygonMeshReduction (155)
[2017.08.22-05.11.40:493][472]LogModuleManager: Shutting down and abandoning module QuadricMeshReduction (153)
[2017.08.22-05.11.40:493][472]LogModuleManager: Shutting down and abandoning module MaterialBaking (149)
[2017.08.22-05.11.40:493][472]LogModuleManager: Shutting down and abandoning module DirectoryWatcher (146)
[2017.08.22-05.11.40:494][472]LogModuleManager: Shutting down and abandoning module DerivedDataCache (144)
[2017.08.22-05.11.40:591][472]LogDerivedDataCache: Shutdown
[2017.08.22-05.11.40:591][472]LogModuleManager: Shutting down and abandoning module TargetPlatform (142)
[2017.08.22-05.11.40:591][472]LogModuleManager: Shutting down and abandoning module VulkanShaderFormat (141)
[2017.08.22-05.11.40:591][472]LogModuleManager: Shutting down and abandoning module ShaderFormatVectorVM (139)
[2017.08.22-05.11.40:591][472]LogModuleManager: Shutting down and abandoning module ShaderFormatOpenGL (137)
[2017.08.22-05.11.40:591][472]LogModuleManager: Shutting down and abandoning module ShaderFormatD3D (135)
[2017.08.22-05.11.40:591][472]LogModuleManager: Shutting down and abandoning module MetalShaderFormat (133)
[2017.08.22-05.11.40:591][472]LogModuleManager: Shutting down and abandoning module TextureFormatUncompressed (131)
[2017.08.22-05.11.40:591][472]LogModuleManager: Shutting down and abandoning module TextureFormatPVR (129)
[2017.08.22-05.11.40:591][472]LogModuleManager: Shutting down and abandoning module TextureFormatDXT (127)
[2017.08.22-05.11.40:591][472]LogModuleManager: Shutting down and abandoning module TextureFormatIntelISPCTexComp (125)
[2017.08.22-05.11.40:592][472]LogModuleManager: Shutting down and abandoning module TextureFormatASTC (123)
[2017.08.22-05.11.40:592][472]LogModuleManager: Shutting down and abandoning module ImageWrapper (122)
[2017.08.22-05.11.40:592][472]LogModuleManager: Shutting down and abandoning module TextureFormatAndroid (119)
[2017.08.22-05.11.40:592][472]LogModuleManager: Shutting down and abandoning module AudioFormatOpus (117)
[2017.08.22-05.11.40:592][472]LogModuleManager: Shutting down and abandoning module AudioFormatOgg (115)
[2017.08.22-05.11.40:592][472]LogModuleManager: Shutting down and abandoning module AudioFormatADPCM (113)
[2017.08.22-05.11.40:592][472]LogModuleManager: Shutting down and abandoning module LinuxTargetPlatform (111)
[2017.08.22-05.11.40:592][472]LogModuleManager: Shutting down and abandoning module LinuxServerTargetPlatform (109)
[2017.08.22-05.11.40:592][472]LogModuleManager: Shutting down and abandoning module LinuxNoEditorTargetPlatform (107)
[2017.08.22-05.11.40:592][472]LogModuleManager: Shutting down and abandoning module LinuxClientTargetPlatform (105)
[2017.08.22-05.11.40:592][472]LogModuleManager: Shutting down and abandoning module TVOSTargetPlatform (103)
[2017.08.22-05.11.40:592][472]LogModuleManager: Shutting down and abandoning module Messaging (101)
[2017.08.22-05.11.40:592][472]LogModuleManager: Shutting down and abandoning module IOSTargetPlatform (99)
[2017.08.22-05.11.40:592][472]LogModuleManager: Shutting down and abandoning module HTML5TargetPlatform (97)
[2017.08.22-05.11.40:592][472]LogModuleManager: Shutting down and abandoning module Android_PVRTCTargetPlatform (95)
[2017.08.22-05.11.40:592][472]LogModuleManager: Shutting down and abandoning module Android_MultiTargetPlatform (93)
[2017.08.22-05.11.40:593][472]LogModuleManager: Shutting down and abandoning module Android_ETC2TargetPlatform (91)
[2017.08.22-05.11.40:593][472]LogModuleManager: Shutting down and abandoning module Android_ETC1TargetPlatform (89)
[2017.08.22-05.11.40:593][472]LogModuleManager: Shutting down and abandoning module Android_DXTTargetPlatform (87)
[2017.08.22-05.11.40:593][472]LogModuleManager: Shutting down and abandoning module Android_ATCTargetPlatform (85)
[2017.08.22-05.11.40:593][472]LogModuleManager: Shutting down and abandoning module Android_ASTCTargetPlatform (83)
[2017.08.22-05.11.40:593][472]LogModuleManager: Shutting down and abandoning module AndroidTargetPlatform (81)
[2017.08.22-05.11.40:593][472]LogModuleManager: Shutting down and abandoning module WindowsTargetPlatform (79)
[2017.08.22-05.11.40:593][472]LogModuleManager: Shutting down and abandoning module WindowsServerTargetPlatform (77)
[2017.08.22-05.11.40:593][472]LogModuleManager: Shutting down and abandoning module WindowsNoEditorTargetPlatform (75)
[2017.08.22-05.11.40:593][472]LogModuleManager: Shutting down and abandoning module WindowsClientTargetPlatform (73)
[2017.08.22-05.11.40:593][472]LogModuleManager: Shutting down and abandoning module MacTargetPlatform (71)
[2017.08.22-05.11.40:593][472]LogModuleManager: Shutting down and abandoning module MacServerTargetPlatform (69)
[2017.08.22-05.11.40:593][472]LogModuleManager: Shutting down and abandoning module MacNoEditorTargetPlatform (67)
[2017.08.22-05.11.40:593][472]LogModuleManager: Shutting down and abandoning module MacClientTargetPlatform (65)
[2017.08.22-05.11.40:594][472]LogModuleManager: Shutting down and abandoning module AllDesktopTargetPlatform (63)
[2017.08.22-05.11.40:594][472]LogModuleManager: Shutting down and abandoning module InputCore (60)
[2017.08.22-05.11.40:594][472]LogModuleManager: Shutting down and abandoning module Settings (58)
[2017.08.22-05.11.40:594][472]LogModuleManager: Shutting down and abandoning module PhysXCooking (56)
[2017.08.22-05.11.40:594][472]LogModuleManager: Shutting down and abandoning module SteamVR (54)
[2017.08.22-05.11.40:594][472]LogModuleManager: Shutting down and abandoning module OculusHMD (52)
[2017.08.22-05.11.40:594][472]LogModuleManager: Shutting down and abandoning module ExampleDeviceProfileSelector (50)
[2017.08.22-05.11.40:594][472]LogModuleManager: Shutting down and abandoning module OnlineBlueprintSupport (48)
[2017.08.22-05.11.40:594][472]LogModuleManager: Shutting down and abandoning module OnlineSubsystem (44)
[2017.08.22-05.11.40:594][472]LogOnline: Display: Unloading online subsystem: NULL
[2017.08.22-05.11.40:594][472]LogModuleManager: Shutting down and abandoning module XMPP (43)
[2017.08.22-05.11.40:594][472]LogModuleManager: Shutting down and abandoning module HTTP (41)
[2017.08.22-05.11.40:594][472]LogHttp: Display: Http module shutting down, but needs to wait on 1 outstanding Http requests:
[2017.08.22-05.11.40:594][472]LogHttp: Display: 	verb=[POST] url=[https://datarouter.ol.epicgames.com/datarouter/api/v1/public/data?SessionID=%7BC3BDD396-499F-D6EB-DE23-2DAD33387375%7D&AppID=UEEditor.Rocket.Release&AppVersion=4.17.1-3586342%2B%2B%2BUE4%2BRelease-4.17&UserID=0efcc9714911522ee20bfea314a53ba2%7Cedac503300a34cfaa64394f1cb5130c7%7C44d9ab76-44fa-4e37-9604-830ef5004ef4&AppEnvironment=datacollector-binary&UploadType=eteventstream] status=Processing
[2017.08.22-05.11.40:631][472]LogModuleManager: Shutting down and abandoning module SSL (40)
[2017.08.22-05.11.40:635][472]LogModuleManager: Shutting down and abandoning module AnimationModifiers (36)
[2017.08.22-05.11.40:635][472]LogModuleManager: Shutting down and abandoning module PropertyEditor (35)
[2017.08.22-05.11.40:635][472]LogModuleManager: Shutting down and abandoning module AudioEditor (32)
[2017.08.22-05.11.40:635][472]LogModuleManager: Shutting down and abandoning module TextureCompressor (30)
[2017.08.22-05.11.40:635][472]LogModuleManager: Shutting down and abandoning module ShaderCore (28)
[2017.08.22-05.11.40:635][472]LogModuleManager: Shutting down and abandoning module Landscape (26)
[2017.08.22-05.11.40:635][472]LogModuleManager: Shutting down and abandoning module SlateRHIRenderer (24)
[2017.08.22-05.11.40:637][472]LogModuleManager: Shutting down and abandoning module OpenGLDrv (22)
[2017.08.22-05.11.40:637][472]LogModuleManager: Shutting down and abandoning module D3D11RHI (20)
[2017.08.22-05.11.40:637][472]LogModuleManager: Shutting down and abandoning module AnimGraphRuntime (18)
[2017.08.22-05.11.40:637][472]LogModuleManager: Shutting down and abandoning module Renderer (16)
[2017.08.22-05.11.40:637][472]LogModuleManager: Shutting down and abandoning module Engine (14)
[2017.08.22-05.11.40:637][472]LogModuleManager: Shutting down and abandoning module CoreUObject (12)
[2017.08.22-05.11.40:637][472]LogModuleManager: Shutting down and abandoning module NetworkFile (10)
[2017.08.22-05.11.40:637][472]LogModuleManager: Shutting down and abandoning module CookedIterativeFile (8)
[2017.08.22-05.11.40:637][472]LogModuleManager: Shutting down and abandoning module StreamingFile (6)
[2017.08.22-05.11.40:637][472]LogModuleManager: Shutting down and abandoning module SandboxFile (4)
[2017.08.22-05.11.40:638][472]LogModuleManager: Shutting down and abandoning module PakFile (2)
[2017.08.22-05.11.40:641][472]LogExit: Exiting.
[2017.08.22-05.11.40:670][472]Log file closed, 08/22/17 14:41:40
