Log file open, 10/28/17 23:47:27
LogWindows: LoadLibraryWithSearchPaths failed for file aqProf.dll. GetLastError=0
LogWindows: LoadLibraryWithSearchPaths failed for file VtuneApi.dll. GetLastError=0
LogWindows: LoadLibraryWithSearchPaths failed for file VtuneApi32e.dll. GetLastError=0
LogInit: Display: Running engine for game: Game
LogPlatformFile: Not using cached read wrapper
LogInit: Display: RandInit(-1167846596) SRandInit(-1167846596).
LogTaskGraph: Started task graph with 5 named threads and 8 total threads with 3 sets of task threads.
LogStats: Stats thread started at 0.124816
LogD3D11RHI: Aftermath initialized
LogPluginManager: Mounting plugin Paper2D
LogPluginManager: Mounting plugin LightPropagationVolume
LogPluginManager: Mounting plugin CodeLiteSourceCodeAccess
LogPluginManager: Mounting plugin GitSourceControl
LogPluginManager: Mounting plugin KDevelopSourceCodeAccess
LogPluginManager: Mounting plugin NullSourceCodeAccess
LogPluginManager: Mounting plugin PerforceSourceControl
LogPluginManager: Mounting plugin SubversionSourceControl
LogPluginManager: Mounting plugin UObjectPlugin
LogPluginManager: Mounting plugin VisualStudioSourceCodeAccess
LogPluginManager: Mounting plugin XCodeSourceCodeAccess
LogPluginManager: Mounting plugin AssetManagerEditor
LogPluginManager: Mounting plugin AudioCapture
LogPluginManager: Mounting plugin FacialAnimation
LogPluginManager: Mounting plugin GameplayTagsEditor
LogPluginManager: Mounting plugin MobileLauncherProfileWizard
LogPluginManager: Mounting plugin PluginBrowser
LogPluginManager: Mounting plugin SpeedTreeImporter
LogPluginManager: Mounting plugin AlembicImporter
LogPluginManager: Mounting plugin CharacterAI
LogPluginManager: Mounting plugin HTML5Networking
LogPluginManager: Mounting plugin AndroidMedia
LogPluginManager: Mounting plugin AvfMedia
LogPluginManager: Mounting plugin MediaPlayerEditor
LogPluginManager: Mounting plugin WmfMedia
LogPluginManager: Mounting plugin TcpMessaging
LogPluginManager: Mounting plugin UdpMessaging
LogPluginManager: Mounting plugin LevelSequenceEditor
LogPluginManager: Mounting plugin MatineeToLevelSequence
LogPluginManager: Mounting plugin OnlineSubsystemGooglePlay
LogPluginManager: Mounting plugin OnlineSubsystemIOS
LogPluginManager: Mounting plugin OnlineSubsystem
LogPluginManager: Mounting plugin OnlineSubsystemNull
LogPluginManager: Mounting plugin OnlineSubsystemUtils
LogPluginManager: Mounting plugin AndroidDeviceProfileSelector
LogPluginManager: Mounting plugin AndroidMoviePlayer
LogPluginManager: Mounting plugin AndroidPermission
LogPluginManager: Mounting plugin AppleMoviePlayer
LogPluginManager: Mounting plugin ArchVisCharacter
LogPluginManager: Mounting plugin CableComponent
LogPluginManager: Mounting plugin CustomMeshComponent
LogPluginManager: Mounting plugin ExampleDeviceProfileSelector
LogPluginManager: Mounting plugin GoogleCloudMessaging
LogPluginManager: Mounting plugin ImmediatePhysics
LogPluginManager: Mounting plugin IOSDeviceProfileSelector
LogPluginManager: Mounting plugin LinuxDeviceProfileSelector
LogPluginManager: Mounting plugin LocationServicesBPLibrary
LogPluginManager: Mounting plugin MobilePatchingUtils
LogPluginManager: Mounting plugin OculusVR
LogPluginManager: Mounting plugin PhysXVehicles
LogPluginManager: Mounting plugin ProceduralMeshComponent
LogPluginManager: Mounting plugin RuntimePhysXCooking
LogPluginManager: Mounting plugin SteamVR
LogPluginManager: Mounting plugin WindowsMoviePlayer
LogInit: Using libcurl 7.47.1
LogInit:  - built for x86_64-pc-win32
LogInit:  - supports SSL with OpenSSL/1.0.2g
LogInit:  - supports HTTP deflate (compression) using libz 1.2.8
LogInit:  - other features:
LogInit:      CURL_VERSION_SSL
LogInit:      CURL_VERSION_LIBZ
LogInit:      CURL_VERSION_IPV6
LogInit:      CURL_VERSION_ASYNCHDNS
LogInit:      CURL_VERSION_LARGEFILE
LogInit:      CURL_VERSION_IDN
LogInit:  CurlRequestOptions (configurable via config and command line):
LogInit:  - bVerifyPeer = false  - Libcurl will NOT verify peer certificate
LogInit:  - bUseHttpProxy = false  - Libcurl will NOT use HTTP proxy
LogInit:  - bDontReuseConnections = false  - Libcurl will reuse connections
LogInit:  - CertBundlePath = nullptr  - Libcurl will use whatever was configured at build time.
LogInit: Build: ++UE4+Release-4.17-CL-3586342
LogInit: Engine Version: 4.17.1-3586342+++UE4+Release-4.17
LogInit: Compatible Engine Version: 4.17.0-3573198+++UE4+Release-4.17
LogInit: Net CL: 3573198
LogDevObjectVersion: Number of dev versions registered: 16
LogDevObjectVersion:   Dev-Blueprints (B0D832E4-1F89-4F0D-ACCF-7EB736FD4AA2): 10
LogDevObjectVersion:   Dev-Build (E1C64328-A22C-4D53-A36C-8E866417BD8C): 0
LogDevObjectVersion:   Dev-Core (375EC13C-06E4-48FB-B500-84F0262A717E): 2
LogDevObjectVersion:   Dev-Editor (E4B068ED-F494-42E9-A231-DA0B2E46BB41): 20
LogDevObjectVersion:   Dev-Framework (CFFC743F-43B0-4480-9391-14DF171D2073): 28
LogDevObjectVersion:   Dev-Mobile (B02B49B5-BB20-44E9-A304-32B752E40360): 0
LogDevObjectVersion:   Dev-Networking (A4E4105C-59A1-49B5-A7C5-40C4547EDFEE): 0
LogDevObjectVersion:   Dev-Online (39C831C9-5AE6-47DC-9A44-9C173E1C8E7C): 0
LogDevObjectVersion:   Dev-Physics (78F01B33-EBEA-4F98-B9B4-84EACCB95AA2): 0
LogDevObjectVersion:   Dev-Platform (6631380F-2D4D-43E0-8009-CF276956A95A): 0
LogDevObjectVersion:   Dev-Rendering (12F88B9F-8875-4AFC-A67C-D90C383ABD29): 19
LogDevObjectVersion:   Dev-Sequencer (7B5AE74C-D270-4C10-A958-57980B212A5A): 4
LogDevObjectVersion:   Dev-VR (D7296918-1DD6-4BDD-9DE2-64A83CC13884): 0
LogDevObjectVersion:   Dev-LoadTimes (C2A15278-BFE7-4AFE-6C17-90FF531DF755): 1
LogDevObjectVersion:   Private-Geometry (6EACA3D4-40EC-4CC1-B786-8BED09428FC5): 1
LogDevObjectVersion:   Dev-AnimPhys (29E575DD-E0A3-4627-9D10-D276232CDCEA): 7
LogInit: Compiled (64-bit): Aug 15 2017 02:05:26
LogInit: Compiled with Visual C++: 19.00.24215.01
LogInit: Build Configuration: Development
LogInit: Branch Name: ++UE4+Release-4.17
LogInit: Command line:  
LogInit: Base directory: C:/Program Files/Epic Games/UE_4.17/Engine/Binaries/Win64/
LogInit: Installed Engine Build: 1
LogInit: Presizing for max 8388607 objects, including 0 objects not considered by GC, pre-allocating 0 bytes for permanent pool.
LogInit: Object subsystem initialized
[2017.10.28-13.17.27:906][  0]LogInit: Selected Device Profile: [Windows]
[2017.10.28-13.17.27:907][  0]LogInit: Applying CVar settings loaded from the selected device profile: [Windows]
[2017.10.28-13.17.27:934][  0]LogInit: Computer: LAPTOP-AF13HJPO
[2017.10.28-13.17.27:934][  0]LogInit: User: RaymondAoukar
[2017.10.28-13.17.27:934][  0]LogInit: CPU Page size=4096, Cores=2
[2017.10.28-13.17.27:934][  0]LogInit: High frequency timer resolution =2.835937 MHz
[2017.10.28-13.17.27:934][  0]LogMemory: Memory total: Physical=15.9GB (16GB approx)
[2017.10.28-13.17.27:934][  0]LogMemory: Platform Memory Stats for Windows
[2017.10.28-13.17.27:934][  0]LogMemory: Process Physical Memory: 279.61 MB used, 279.61 MB peak
[2017.10.28-13.17.27:934][  0]LogMemory: Process Virtual Memory: 290.19 MB used, 290.19 MB peak
[2017.10.28-13.17.27:934][  0]LogMemory: Physical Memory: 4648.35 MB used,  11603.78 MB free, 16252.13 MB total
[2017.10.28-13.17.27:934][  0]LogMemory: Virtual Memory: 680.98 MB used,  11603.78 MB free, 134217728.00 MB total
[2017.10.28-13.17.28:110][  0]LogInit: Using OS detected language (en-US).
[2017.10.28-13.17.28:110][  0]LogInit: Using OS detected locale (en-AU).
[2017.10.28-13.17.28:112][  0]LogTextLocalizationManager: No specific localization for 'en-US' exists, so the 'en' localization will be used.
[2017.10.28-13.17.28:754][  0]LogD3D11RHI: D3D11 adapters:
[2017.10.28-13.17.28:804][  0]LogD3D11RHI:    0. 'NVIDIA GeForce 940MX' (Feature Level 11_0)
[2017.10.28-13.17.28:804][  0]LogD3D11RHI:       4065/0/8126 MB DedicatedVideo/DedicatedSystem/SharedSystem, Outputs:1, VendorId:0x10de
[2017.10.28-13.17.28:809][  0]LogD3D11RHI:    1. 'Intel(R) HD Graphics 620' (Feature Level 11_0)
[2017.10.28-13.17.28:809][  0]LogD3D11RHI:       128/0/8126 MB DedicatedVideo/DedicatedSystem/SharedSystem, Outputs:0, VendorId:0x8086
[2017.10.28-13.17.28:810][  0]LogD3D11RHI:    2. 'Microsoft Basic Render Driver' (Feature Level 11_0)
[2017.10.28-13.17.28:810][  0]LogD3D11RHI:       0/0/8126 MB DedicatedVideo/DedicatedSystem/SharedSystem, Outputs:0, VendorId:0x1414
[2017.10.28-13.17.28:810][  0]LogD3D11RHI: Chosen D3D11 Adapter: 0
[2017.10.28-13.17.28:815][  0]LogD3D11RHI: Creating new Direct3DDevice
[2017.10.28-13.17.28:815][  0]LogD3D11RHI:     GPU DeviceId: 0x179c (for the marketing name, search the web for "GPU Device Id")
[2017.10.28-13.17.28:815][  0]LogWindows: EnumDisplayDevices:
[2017.10.28-13.17.28:816][  0]LogWindows:    0. 'Intel(R) HD Graphics 620' (P:1 D:1)
[2017.10.28-13.17.28:816][  0]LogWindows:    1. 'Intel(R) HD Graphics 620' (P:0 D:0)
[2017.10.28-13.17.28:816][  0]LogWindows:    2. 'Intel(R) HD Graphics 620' (P:0 D:0)
[2017.10.28-13.17.28:816][  0]LogWindows: DebugString: PrimaryIsNotTheChoosenAdapter PrimaryIsNotTheChoosenAdapter PrimaryIsNotTheChoosenAdapter FoundDriverCount:0 
[2017.10.28-13.17.28:816][  0]LogD3D11RHI:     Adapter Name: NVIDIA GeForce 940MX
[2017.10.28-13.17.28:816][  0]LogD3D11RHI:   Driver Version: Unknown (internal:Unknown, unified:Unknown)
[2017.10.28-13.17.28:816][  0]LogD3D11RHI:      Driver Date: Unknown
[2017.10.28-13.17.28:816][  0]LogRHI: Texture pool is 1361 MB (70% of 1945 MB)
[2017.10.28-13.17.28:844][  0]LogD3D11RHI: Async texture creation enabled
[2017.10.28-13.17.28:854][  0]LogD3D11RHI: GPU Timing Frequency: 1000.000000 (Debug: 2 1)
[2017.10.28-13.17.28:855][  0]LogShaderCompilers: Guid format shader working directory is -40 characters bigger than the processId version (../../../../../../Users/Raymond Aoukar/Desktop/Computer Game Design/repository/PewPewGames/Game/Intermediate/Shaders/WorkingDirectory/4636/).
[2017.10.28-13.17.28:855][  0]LogShaderCompilers: Cleaned the shader compiler working directory 'C:/Users/Raymond Aoukar/AppData/Local/Temp/UnrealShaderWorkingDir/7047929D4FECC76103EB25A5C924F3F7/'.
[2017.10.28-13.17.28:855][  0]LogShaderCompilers: Display: Using Local Shader Compiler.
[2017.10.28-13.17.29:658][  0]LogTemp: Display: Loaded TP AllDesktopTargetPlatform
[2017.10.28-13.17.29:701][  0]LogTemp: Display: Loaded TP MacClientTargetPlatform
[2017.10.28-13.17.29:744][  0]LogTemp: Display: Loaded TP MacNoEditorTargetPlatform
[2017.10.28-13.17.29:788][  0]LogTemp: Display: Loaded TP MacServerTargetPlatform
[2017.10.28-13.17.29:832][  0]LogTemp: Display: Loaded TP MacTargetPlatform
[2017.10.28-13.17.29:877][  0]LogTemp: Display: Loaded TP WindowsClientTargetPlatform
[2017.10.28-13.17.29:920][  0]LogTemp: Display: Loaded TP WindowsNoEditorTargetPlatform
[2017.10.28-13.17.29:962][  0]LogTemp: Display: Loaded TP WindowsServerTargetPlatform
[2017.10.28-13.17.29:999][  0]LogTemp: Display: Loaded TP WindowsTargetPlatform
[2017.10.28-13.17.30:040][  0]LogTemp: Display: Loaded TP AndroidTargetPlatform
[2017.10.28-13.17.30:093][  0]LogTemp: Display: Loaded TP Android_ASTCTargetPlatform
[2017.10.28-13.17.30:134][  0]LogTemp: Display: Loaded TP Android_ATCTargetPlatform
[2017.10.28-13.17.30:176][  0]LogTemp: Display: Loaded TP Android_DXTTargetPlatform
[2017.10.28-13.17.30:217][  0]LogTemp: Display: Loaded TP Android_ETC1TargetPlatform
[2017.10.28-13.17.30:258][  0]LogTemp: Display: Loaded TP Android_ETC2TargetPlatform
[2017.10.28-13.17.30:341][  0]LogTemp: Display: Loaded TP Android_MultiTargetPlatform
[2017.10.28-13.17.30:341][  0]LogTemp: Display: Loaded TP Android_PVRTCTargetPlatform
[2017.10.28-13.17.30:373][  0]LogTemp: Display: Loaded TP HTML5TargetPlatform
[2017.10.28-13.17.30:455][  0]LogTemp: Display: Loaded TP IOSTargetPlatform
[2017.10.28-13.17.30:481][  0]LogTemp: Display: Loaded TP TVOSTargetPlatform
[2017.10.28-13.17.30:526][  0]LogTemp: Display: Loaded TP LinuxClientTargetPlatform
[2017.10.28-13.17.30:568][  0]LogTemp: Display: Loaded TP LinuxNoEditorTargetPlatform
[2017.10.28-13.17.30:610][  0]LogTemp: Display: Loaded TP LinuxServerTargetPlatform
[2017.10.28-13.17.30:651][  0]LogTemp: Display: Loaded TP LinuxTargetPlatform
[2017.10.28-13.17.30:652][  0]LogTargetPlatformManager: Display: Building Assets For Windows
[2017.10.28-13.17.31:056][  0]LogDerivedDataCache: Display: Max Cache Size: 512 MB
[2017.10.28-13.17.31:140][  0]LogDerivedDataCache: Loaded boot cache 0.08s 93MB C:/Users/Raymond Aoukar/AppData/Local/UnrealEngine/4.17/DerivedDataCache/Boot.ddc.
[2017.10.28-13.17.31:141][  0]LogDerivedDataCache: Display: Loaded Boot cache: C:/Users/Raymond Aoukar/AppData/Local/UnrealEngine/4.17/DerivedDataCache/Boot.ddc
[2017.10.28-13.17.31:141][  0]LogDerivedDataCache: FDerivedDataBackendGraph:  Pak pak cache file ../../../../../../Users/Raymond Aoukar/Desktop/Computer Game Design/repository/PewPewGames/Game/DerivedDataCache/DDC.ddp not found, will not use a pak cache.
[2017.10.28-13.17.31:141][  0]LogDerivedDataCache: Unable to find inner node Pak for hierarchical cache Hierarchy.
[2017.10.28-13.17.31:141][  0]LogDerivedDataCache: FDerivedDataBackendGraph:  CompressedPak pak cache file ../../../../../../Users/Raymond Aoukar/Desktop/Computer Game Design/repository/PewPewGames/Game/DerivedDataCache/Compressed.ddp not found, will not use a pak cache.
[2017.10.28-13.17.31:141][  0]LogDerivedDataCache: Unable to find inner node CompressedPak for hierarchical cache Hierarchy.
[2017.10.28-13.17.31:156][  0]LogDerivedDataCache: Display: Pak cache opened for reading ../../../Engine/DerivedDataCache/Compressed.ddp.
[2017.10.28-13.17.31:167][  0]LogDerivedDataCache: Using Local data cache path C:/Users/Raymond Aoukar/AppData/Local/UnrealEngine/Common/DerivedDataCache: Writable
[2017.10.28-13.17.31:175][  0]LogMaterial: Verifying Global Shaders for PCD3D_SM5
[2017.10.28-13.17.31:176][  0]LogSlate: Using Freetype 2.6.0
[2017.10.28-13.17.31:176][  0]LogSlate: SlateFontCache - WITH_FREETYPE: 1, WITH_HARFBUZZ: 1
[2017.10.28-13.17.31:176][  0]LogSlate: SlateFontCache - WITH_FREETYPE: 1, WITH_HARFBUZZ: 1
[2017.10.28-13.17.31:405][  0]LogAssetRegistry: FAssetRegistry took 0.0255 seconds to start up
[2017.10.28-13.17.31:533][  0]LogInit: Selected Device Profile: [Windows]
[2017.10.28-13.17.31:862][  0]LogSimplygon: Simplygon DLL not present - disabling.
[2017.10.28-13.17.31:896][  0]LogMeshReduction: Using SimplygonSwarm for distributed automatic mesh merging
[2017.10.28-13.17.31:896][  0]LogMeshReduction: Using QuadricMeshReduction for automatic static mesh reduction
[2017.10.28-13.17.31:896][  0]LogMeshReduction: No automatic skeletal mesh reduction module available
[2017.10.28-13.17.31:896][  0]LogMeshReduction: No automatic mesh merging module available
[2017.10.28-13.17.31:896][  0]LogMeshMerging: No automatic mesh merging module available
[2017.10.28-13.17.32:688][  0]LogNetVersion: Game , NetCL: 3573198, EngineNetVer: 2, GameNetVer: 0 (Checksum: 2957514414)
[2017.10.28-13.17.33:262][  0]LogPackageLocalizationCache: Processed 5 localized package path(s) for 2 prioritized culture(s) in 0.052934 seconds
[2017.10.28-13.17.33:267][  0]LogUObjectArray: 35825 objects as part of root set at end of initial load.
[2017.10.28-13.17.33:267][  0]LogUObjectAllocator: 7529112 out of 0 bytes used by permanent object pool.
[2017.10.28-13.17.33:267][  0]LogUObjectArray: CloseDisregardForGC: 0/0 objects in disregard for GC pool
[2017.10.28-13.17.33:321][  0]LogInit: WinSock: version 1.1 (2.2), MaxSocks=32767, MaxUdp=65467
[2017.10.28-13.17.35:902][  0]LogTcpMessaging: Initializing TcpMessaging bridge
[2017.10.28-13.17.35:946][  0]LogUdpMessaging: Initializing bridge on interface 0.0.0.0:0 to multicast group 230.0.0.1:6666.
[2017.10.28-13.17.36:567][  0]LogMaterial: Uniform references updated for custom material expression Custom.
[2017.10.28-13.17.36:937][  0]SourceControl: Source control is disabled
[2017.10.28-13.17.36:937][  0]SourceControl: Source control is disabled
[2017.10.28-13.17.36:978][  0]SourceControl: Source control is disabled
[2017.10.28-13.17.37:019][  0]SourceControl: Source control is disabled
[2017.10.28-13.17.37:540][  0]LogAndroidPermission: UAndroidPermissionCallbackProxy::GetInstance
[2017.10.28-13.17.37:756][  0]LogOcInput: OculusInput pre-init called
[2017.10.28-13.17.37:986][  0]LogEngine: Initializing Engine...
[2017.10.28-13.17.37:987][  0]LogHMD: Failed to initialize OpenVR with code 110
[2017.10.28-13.17.38:223][  0]LogStats: UGameplayTagsManager::ConstructGameplayTagTree: Construct from data asset -  0.000 s
[2017.10.28-13.17.38:223][  0]LogStats: UGameplayTagsManager::ConstructGameplayTagTree: GameplayTagTreeChangedEvent.Broadcast -  0.000 s
[2017.10.28-13.17.38:335][  0]LogAIModule: Creating AISystem for world Untitled
[2017.10.28-13.17.38:343][  0]LogInit: XAudio2 using 'Speakers (Realtek High Definition Audio)' : 2 channels at 48 kHz using 32 bits per sample (channel mask 0x3)
[2017.10.28-13.17.38:487][  0]LogInit: FAudioDevice initialized.
[2017.10.28-13.17.39:052][  0]LogDerivedDataCache: Saved boot cache 0.56s 114MB C:/Users/Raymond Aoukar/AppData/Local/UnrealEngine/4.17/DerivedDataCache/Boot.ddc.
[2017.10.28-13.17.39:083][  0]LogInit: Texture streaming: Disabled
[2017.10.28-13.17.39:207][  0]LogEngineSessionManager: EngineSessionManager initialized
[2017.10.28-13.17.39:410][  0]LogInit: Transaction tracking system initialized
[2017.10.28-13.17.39:705][  0]BlueprintLog: New page: Editor Load
[2017.10.28-13.17.40:525][  0]LocalizationService: Localization service is disabled
[2017.10.28-13.17.41:185][  0]LogConsoleResponse: Display: 
[2017.10.28-13.17.41:718][  0]LogCook: Display: Max memory allowance for cook 16384mb min free memory 0mb
[2017.10.28-13.17.41:719][  0]LogCook: Display: Mobile HDR setting 1
[2017.10.28-13.17.41:719][  0]LogGameplayTags: Display: UGameplayTagsManager::DoneAddingNativeTags. DelegateIsBound: 0
[2017.10.28-13.17.42:700][  0]LogFileCache: Scanning file cache for directory 'C:/Users/Raymond Aoukar/Desktop/Computer Game Design/repository/PewPewGames/Game/Content/' took 0.02s
[2017.10.28-13.17.42:700][  0]SourceControl: Source control is disabled
[2017.10.28-13.17.42:701][  0]LightingResults: New page: Lighting Build
[2017.10.28-13.17.42:736][  0]MapCheck: New page: Map Check
[2017.10.28-13.17.42:736][  0]LightingResults: New page: Lighting Build
[2017.10.28-13.17.43:718][  0]LogTexture: Display: Building textures: FaceLoretta (AutoDXT, 256X256)
[2017.10.28-13.17.43:718][  0]LogTexture: Display: Building textures: FaceMagnum (AutoDXT, 256X256)
[2017.10.28-13.17.43:718][  0]LogTexture: Display: Building textures: Metal (AutoDXT, 256X256)
[2017.10.28-13.17.43:718][  0]LogTexture: Display: Building textures: FaceBlank (AutoDXT, 256X256)
[2017.10.28-13.17.43:718][  0]LogTexture: Display: Building textures: White (AutoDXT, 256X256)
[2017.10.28-13.17.43:719][  0]LogTexture: Display: Building textures: MetalLight (AutoDXT, 256X256)
[2017.10.28-13.17.43:719][  0]LogStaticMesh: Building static mesh Gun...
[2017.10.28-13.17.43:759][  0]LogTexture: Display: Building textures: HQ_Lightmap0_1 (AutoDXT, 1024X1024)
[2017.10.28-13.17.43:760][  0]LogStaticMesh: Built static mesh [0.04s] /Game/PPGContent/Items/Gun.Gun
[2017.10.28-13.17.43:790][  0]LogTexture: Display: Building textures: HQ_Lightmap0_2 (AutoDXT, 64X64)
[2017.10.28-13.17.44:831][  0]LogTexture: Display: Building textures: LQ_Lightmap_0_1 (DXT1, 1024X1024)
[2017.10.28-13.17.44:831][  0]LogTexture: Display: Building textures: LQ_Lightmap_0_2 (DXT1, 64X64)
[2017.10.28-13.17.44:831][  0]LogTexture: Display: Building textures: ShadowMapTexture2D_3 (BGRA8, 1024X256)
[2017.10.28-13.17.45:716][  0]LogMaterial: Missing cached shader map for material Face2, compiling. 
[2017.10.28-13.17.45:785][  0]LogMaterial: Missing cached shader map for material Face1, compiling. 
[2017.10.28-13.17.45:831][  0]LogMaterial: Missing cached shader map for material Metal, compiling. 
[2017.10.28-13.17.45:864][  0]LogMaterial: Missing cached shader map for material Face0, compiling. 
[2017.10.28-13.17.46:091][  0]LogMaterial: Missing cached shader map for material White, compiling. 
[2017.10.28-13.17.46:120][  0]LogMaterial: Missing cached shader map for material LightMetal, compiling. 
[2017.10.28-13.17.46:180][  0]LogStaticMesh: Building static mesh Pipe3...
[2017.10.28-13.17.46:192][  0]LogStaticMesh: Built static mesh [0.01s] /Game/PPGContent/StaticAssets/Pipe3.Pipe3
[2017.10.28-13.17.46:194][  0]LogStaticMesh: Building static mesh Pipe2...
[2017.10.28-13.17.46:207][  0]LogStaticMesh: Built static mesh [0.01s] /Game/PPGContent/StaticAssets/Pipe2.Pipe2
[2017.10.28-13.17.46:208][  0]LogStaticMesh: Building static mesh Pipe1...
[2017.10.28-13.17.46:215][  0]LogStaticMesh: Built static mesh [0.01s] /Game/PPGContent/StaticAssets/Pipe1.Pipe1
[2017.10.28-13.17.46:234][  0]LogStaticMesh: Building static mesh Cobrolla...
[2017.10.28-13.17.46:290][  0]LogStaticMesh: Built static mesh [0.06s] /Game/PPGContent/StaticAssets/Cobrolla.Cobrolla
[2017.10.28-13.17.46:603][  0]LogAIModule: Creating AISystem for world FirstPersonExampleMap
[2017.10.28-13.17.46:710][  0]LogEditorServer: Finished looking for orphan Actors (0.000 secs)
[2017.10.28-13.17.46:745][  0]Cmd: MAP CHECKDEP NOCLEARLOG
[2017.10.28-13.17.46:838][  0]MapCheck: Map check complete: 0 Error(s), 0 Warning(s), took 93.683ms to complete.
[2017.10.28-13.17.46:838][  0]LogFileHelpers: Loading map 'FirstPersonExampleMap' took 4.138
[2017.10.28-13.17.46:896][  0]LogWindowsTextInputMethodSystem: Display: IME system now deactivated.
[2017.10.28-13.17.47:019][  0]LogCollectionManager: Loaded 0 collections in 0.002584 seconds
[2017.10.28-13.17.47:122][  0]LogFileCache: Scanning file cache for directory 'C:/Users/Raymond Aoukar/Desktop/Computer Game Design/repository/PewPewGames/Game/Saved/Collections/' took 0.01s
[2017.10.28-13.17.47:122][  0]LogFileCache: Scanning file cache for directory 'C:/Users/Raymond Aoukar/Desktop/Computer Game Design/repository/PewPewGames/Game/Content/Developers/RaymondAoukar/Collections/' took 0.01s
[2017.10.28-13.17.47:122][  0]LogFileCache: Scanning file cache for directory 'C:/Users/Raymond Aoukar/Desktop/Computer Game Design/repository/PewPewGames/Game/Content/Collections/' took 0.01s
[2017.10.28-13.17.47:122][  0]LogCollectionManager: Rebuilt the GUID cache for 0 collections in 0.000001 seconds
[2017.10.28-13.17.47:138][  0]LogContentBrowser: Native class hierarchy populated in 0.0157 seconds. Added 2386 classes and 500 folders.
[2017.10.28-13.17.47:239][  0]LogContentBrowser: Native class hierarchy updated for 'WidgetCarousel' in 0.0009 seconds. Added 0 classes and 0 folders.
[2017.10.28-13.17.47:302][  0]LogContentBrowser: Native class hierarchy updated for 'AddContentDialog' in 0.0009 seconds. Added 0 classes and 0 folders.
[2017.10.28-13.17.47:368][  0]LogContentBrowser: Native class hierarchy updated for 'SceneOutliner' in 0.0009 seconds. Added 1 classes and 2 folders.
[2017.10.28-13.17.47:400][  0]LogSlate: Took 0.000249 seconds to synchronously load lazily loaded font '../../../Engine/Content/Slate/Fonts/Roboto-Regular.ttf' (155K)
[2017.10.28-13.17.47:403][  0]LogSlate: Took 0.000177 seconds to synchronously load lazily loaded font '../../../Engine/Content/Slate/Fonts/Roboto-Bold.ttf' (160K)
[2017.10.28-13.17.47:415][  0]LogSlate: Took 0.000201 seconds to synchronously load lazily loaded font '../../../Engine/Content/Editor/Slate/Fonts/FontAwesome.ttf' (139K)
[2017.10.28-13.17.47:569][  0]LogRenderer: Reallocating scene render targets to support 1208x576 Format 10 NumSamples 1 (Frame:1).
[2017.10.28-13.17.47:849][  0]LogContentBrowser: Native class hierarchy updated for 'HierarchicalLODOutliner' in 0.0009 seconds. Added 1 classes and 2 folders.
[2017.10.28-13.17.47:849][  0]LogLoad: (Engine Initialization) Total time: 22.03 seconds
[2017.10.28-13.17.47:849][  0]LogLoad: (Engine Initialization) Total Blueprint compile time: 0.00 seconds
[2017.10.28-13.17.47:849][  0]LogExternalProfiler: Found external profiler: VSPerf
[2017.10.28-13.17.47:850][  0]LogExternalProfiler: Using external profiler: VSPerf
[2017.10.28-13.17.49:013][ 44]LogSlate: Took 0.000221 seconds to synchronously load lazily loaded font '../../../Engine/Content/Slate/Fonts/Roboto-Light.ttf' (159K)
[2017.10.28-13.18.03:562][699]LogAssetRegistry: Asset discovery search completed in 32.1781 seconds
[2017.10.28-13.18.03:565][699]LogCollectionManager: Rebuilt the object cache for 0 collections in 0.000001 seconds (found 0 objects)
[2017.10.28-13.18.03:565][699]LogCollectionManager: Fixed up redirectors for 0 collections in 0.000073 seconds (updated 0 objects)
[2017.10.28-13.24.20:768][182]LogTemp: Repeating last play command: New Editor Window (PIE)
[2017.10.28-13.24.21:178][182]LogBlueprintUserMessages: Early PlayInEditor Detection: Level '/Game/FirstPersonBP/Maps/FirstPersonExampleMap.FirstPersonExampleMap:PersistentLevel' has LevelScriptBlueprint '/Game/FirstPersonBP/Maps/FirstPersonExampleMap.FirstPersonExampleMap:PersistentLevel.FirstPersonExampleMap' with GeneratedClass '/Game/FirstPersonBP/Maps/FirstPersonExampleMap.FirstPersonExampleMap_C' with ClassGeneratedBy '/Game/FirstPersonBP/Maps/FirstPersonExampleMap.FirstPersonExampleMap:PersistentLevel.FirstPersonExampleMap'
[2017.10.28-13.24.21:178][182]LogPlayLevel: PlayLevel: No blueprints needed recompiling
[2017.10.28-13.24.21:180][182]PIE: New page: PIE session: FirstPersonExampleMap (29 Oct 2017 10:24:21 am)
[2017.10.28-13.24.21:180][182]LogPlayLevel: Creating play world package: /Game/FirstPersonBP/Maps/UEDPIE_0_FirstPersonExampleMap
[2017.10.28-13.24.21:242][182]LogPlayLevel: PIE: StaticDuplicateObject took: (0.062041s)
[2017.10.28-13.24.21:248][182]LogAIModule: Creating AISystem for world FirstPersonExampleMap
[2017.10.28-13.24.21:249][182]LogPlayLevel: PIE: World Init took: (0.007053s)
[2017.10.28-13.24.21:250][182]LogPlayLevel: PIE: Created PIE world by copying editor world from /Game/FirstPersonBP/Maps/FirstPersonExampleMap.FirstPersonExampleMap to /Game/FirstPersonBP/Maps/UEDPIE_0_FirstPersonExampleMap.FirstPersonExampleMap (0.070724s)
[2017.10.28-13.24.21:300][182]LogInit: XAudio2 using 'Speakers (Realtek High Definition Audio)' : 2 channels at 48 kHz using 32 bits per sample (channel mask 0x3)
[2017.10.28-13.24.21:323][182]LogInit: FAudioDevice initialized.
[2017.10.28-13.24.21:390][182]LogLoad: Game class is 'FirstPersonGameMode_C'
[2017.10.28-13.24.21:410][182]LogWorld: Bringing World /Game/FirstPersonBP/Maps/UEDPIE_0_FirstPersonExampleMap.FirstPersonExampleMap up for play (max tick rate 60) at 2017.10.28-23.54.21
[2017.10.28-13.24.21:411][182]LogWorld: Bringing up level for play took: 0.020100
[2017.10.28-13.24.21:460][182]LogContentBrowser: Native class hierarchy updated for 'MovieSceneCapture' in 0.0007 seconds. Added 11 classes and 0 folders.
[2017.10.28-13.24.21:462][182]LogScriptCore: Warning: Script Msg: Attempted to access index 0 from array 'patrol-points' of length 0 in '/Game/PPGContent/Characters/Enemy/Base_Enemy/First_enemy.First_enemy_C'!
[2017.10.28-13.24.21:467][182]PIE: Play in editor start time for /Game/FirstPersonBP/Maps/UEDPIE_0_FirstPersonExampleMap 1.242
[2017.10.28-13.24.21:467][182]LogBlueprintUserMessages: Late PlayInEditor Detection: Level '/Game/FirstPersonBP/Maps/FirstPersonExampleMap.FirstPersonExampleMap:PersistentLevel' has LevelScriptBlueprint '/Game/FirstPersonBP/Maps/FirstPersonExampleMap.FirstPersonExampleMap:PersistentLevel.FirstPersonExampleMap' with GeneratedClass '/Game/FirstPersonBP/Maps/FirstPersonExampleMap.FirstPersonExampleMap_C' with ClassGeneratedBy '/Game/FirstPersonBP/Maps/FirstPersonExampleMap.FirstPersonExampleMap:PersistentLevel.FirstPersonExampleMap'
[2017.10.28-13.24.21:527][182]LogRenderer: Reallocating scene render targets to support 1292x756 Format 10 NumSamples 1 (Frame:1).
[2017.10.28-13.24.42:633][853]LogScript: Warning: Attempted to access P_Gun_Magnum_205 via property K2Node_DynamicCast_AsP_Gun_Magnum, but P_Gun_Magnum_205 is pending kill
	FirstPersonCharacter_C /Game/FirstPersonBP/Maps/UEDPIE_0_FirstPersonExampleMap.FirstPersonExampleMap:PersistentLevel.FirstPersonCharacter_C_1
	Function /Game/FirstPersonBP/Blueprints/FirstPersonCharacter.FirstPersonCharacter_C:ExecuteUbergraph_FirstPersonCharacter:155E
[2017.10.28-13.24.42:635][853]PIE: Error: Blueprint Runtime Error: Attempted to access P_Gun_Magnum_205 via property K2Node_DynamicCast_AsP_Gun_Magnum, but P_Gun_Magnum_205 is pending kill from function: 'ExecuteUbergraph_FirstPersonCharacter' from node: DestroyActor in graph: EventGraph in object: FirstPersonCharacter with description: Attempted to access P_Gun_Magnum_205 via property K2Node_DynamicCast_AsP_Gun_Magnum, but P_Gun_Magnum_205 is pending kill
[2017.10.28-13.25.43:971][141]LogScript: Warning: Accessed None trying to read property K2Node_DynamicCast_AsFirst_Person_Character
	SlidingDoorWay_C /Game/FirstPersonBP/Maps/UEDPIE_0_FirstPersonExampleMap.FirstPersonExampleMap:PersistentLevel.SlidingDoorWay_2942
	Function /Game/PPGContent/Doors/SlidingDoorWay.SlidingDoorWay_C:ExecuteUbergraph_SlidingDoorWay:0216
[2017.10.28-13.25.43:972][141]PIE: Error: Blueprint Runtime Error: Accessed None trying to read property K2Node_DynamicCast_AsFirst_Person_Character from function: 'ExecuteUbergraph_SlidingDoorWay' from node: Branch in graph: EventGraph in object: SlidingDoorWay with description: Accessed None trying to read property K2Node_DynamicCast_AsFirst_Person_Character
[2017.10.28-13.25.43:972][141]LogScript: Warning: Accessed None trying to read property K2Node_DynamicCast_AsFirst_Person_Character
	SlidingDoorWay_C /Game/FirstPersonBP/Maps/UEDPIE_0_FirstPersonExampleMap.FirstPersonExampleMap:PersistentLevel.SlidingDoorWay_2942
	Function /Game/PPGContent/Doors/SlidingDoorWay.SlidingDoorWay_C:ExecuteUbergraph_SlidingDoorWay:024F
[2017.10.28-13.25.43:972][141]PIE: Error: Blueprint Runtime Error: Accessed None trying to read property K2Node_DynamicCast_AsFirst_Person_Character from function: 'ExecuteUbergraph_SlidingDoorWay' from node: Branch in graph: EventGraph in object: SlidingDoorWay with description: Accessed None trying to read property K2Node_DynamicCast_AsFirst_Person_Character
[2017.10.28-13.25.45:396][196]LogScript: Warning: Accessed None trying to read property K2Node_DynamicCast_AsFirst_Person_Character
	SlidingDoorWay_C /Game/FirstPersonBP/Maps/UEDPIE_0_FirstPersonExampleMap.FirstPersonExampleMap:PersistentLevel.SlidingDoorWay_2942
	Function /Game/PPGContent/Doors/SlidingDoorWay.SlidingDoorWay_C:ExecuteUbergraph_SlidingDoorWay:0341
[2017.10.28-13.25.45:397][196]PIE: Error: Blueprint Runtime Error: Accessed None trying to read property K2Node_DynamicCast_AsFirst_Person_Character from function: 'ExecuteUbergraph_SlidingDoorWay' from node: Branch in graph: EventGraph in object: SlidingDoorWay with description: Accessed None trying to read property K2Node_DynamicCast_AsFirst_Person_Character
[2017.10.28-13.25.45:397][196]LogScript: Warning: Accessed None trying to read property K2Node_DynamicCast_AsFirst_Person_Character
	SlidingDoorWay_C /Game/FirstPersonBP/Maps/UEDPIE_0_FirstPersonExampleMap.FirstPersonExampleMap:PersistentLevel.SlidingDoorWay_2942
	Function /Game/PPGContent/Doors/SlidingDoorWay.SlidingDoorWay_C:ExecuteUbergraph_SlidingDoorWay:036D
[2017.10.28-13.25.45:397][196]PIE: Error: Blueprint Runtime Error: Accessed None trying to read property K2Node_DynamicCast_AsFirst_Person_Character from function: 'ExecuteUbergraph_SlidingDoorWay' from node: Branch in graph: EventGraph in object: SlidingDoorWay with description: Accessed None trying to read property K2Node_DynamicCast_AsFirst_Person_Character
[2017.10.28-13.25.46:292][231]LogScript: Warning: Accessed None trying to read property K2Node_DynamicCast_AsFirst_Person_Character
	SlidingDoorWay_C /Game/FirstPersonBP/Maps/UEDPIE_0_FirstPersonExampleMap.FirstPersonExampleMap:PersistentLevel.SlidingDoorWay_2942
	Function /Game/PPGContent/Doors/SlidingDoorWay.SlidingDoorWay_C:ExecuteUbergraph_SlidingDoorWay:0216
[2017.10.28-13.25.46:293][231]PIE: Error: Blueprint Runtime Error: Accessed None trying to read property K2Node_DynamicCast_AsFirst_Person_Character from function: 'ExecuteUbergraph_SlidingDoorWay' from node: Branch in graph: EventGraph in object: SlidingDoorWay with description: Accessed None trying to read property K2Node_DynamicCast_AsFirst_Person_Character
[2017.10.28-13.25.46:293][231]LogScript: Warning: Accessed None trying to read property K2Node_DynamicCast_AsFirst_Person_Character
	SlidingDoorWay_C /Game/FirstPersonBP/Maps/UEDPIE_0_FirstPersonExampleMap.FirstPersonExampleMap:PersistentLevel.SlidingDoorWay_2942
	Function /Game/PPGContent/Doors/SlidingDoorWay.SlidingDoorWay_C:ExecuteUbergraph_SlidingDoorWay:024F
[2017.10.28-13.25.46:293][231]PIE: Error: Blueprint Runtime Error: Accessed None trying to read property K2Node_DynamicCast_AsFirst_Person_Character from function: 'ExecuteUbergraph_SlidingDoorWay' from node: Branch in graph: EventGraph in object: SlidingDoorWay with description: Accessed None trying to read property K2Node_DynamicCast_AsFirst_Person_Character
[2017.10.28-13.25.47:723][287]LogScript: Warning: Accessed None trying to read property K2Node_DynamicCast_AsFirst_Person_Character
	SlidingDoorWay_C /Game/FirstPersonBP/Maps/UEDPIE_0_FirstPersonExampleMap.FirstPersonExampleMap:PersistentLevel.SlidingDoorWay_2942
	Function /Game/PPGContent/Doors/SlidingDoorWay.SlidingDoorWay_C:ExecuteUbergraph_SlidingDoorWay:0341
[2017.10.28-13.25.47:724][287]PIE: Error: Blueprint Runtime Error: Accessed None trying to read property K2Node_DynamicCast_AsFirst_Person_Character from function: 'ExecuteUbergraph_SlidingDoorWay' from node: Branch in graph: EventGraph in object: SlidingDoorWay with description: Accessed None trying to read property K2Node_DynamicCast_AsFirst_Person_Character
[2017.10.28-13.25.47:724][287]LogScript: Warning: Accessed None trying to read property K2Node_DynamicCast_AsFirst_Person_Character
	SlidingDoorWay_C /Game/FirstPersonBP/Maps/UEDPIE_0_FirstPersonExampleMap.FirstPersonExampleMap:PersistentLevel.SlidingDoorWay_2942
	Function /Game/PPGContent/Doors/SlidingDoorWay.SlidingDoorWay_C:ExecuteUbergraph_SlidingDoorWay:036D
[2017.10.28-13.25.47:724][287]PIE: Error: Blueprint Runtime Error: Accessed None trying to read property K2Node_DynamicCast_AsFirst_Person_Character from function: 'ExecuteUbergraph_SlidingDoorWay' from node: Branch in graph: EventGraph in object: SlidingDoorWay with description: Accessed None trying to read property K2Node_DynamicCast_AsFirst_Person_Character
[2017.10.28-13.26.09:417][264]LogScript: Warning: Attempted to access P_Gun_Magnum_C_0 via property K2Node_DynamicCast_AsP_Gun_Magnum, but P_Gun_Magnum_C_0 is pending kill
	FirstPersonCharacter_C /Game/FirstPersonBP/Maps/UEDPIE_0_FirstPersonExampleMap.FirstPersonExampleMap:PersistentLevel.FirstPersonCharacter_C_1
	Function /Game/FirstPersonBP/Blueprints/FirstPersonCharacter.FirstPersonCharacter_C:ExecuteUbergraph_FirstPersonCharacter:155E
[2017.10.28-13.26.09:418][264]PIE: Error: Blueprint Runtime Error: Attempted to access P_Gun_Magnum_C_0 via property K2Node_DynamicCast_AsP_Gun_Magnum, but P_Gun_Magnum_C_0 is pending kill from function: 'ExecuteUbergraph_FirstPersonCharacter' from node: DestroyActor in graph: EventGraph in object: FirstPersonCharacter with description: Attempted to access P_Gun_Magnum_C_0 via property K2Node_DynamicCast_AsP_Gun_Magnum, but P_Gun_Magnum_C_0 is pending kill
[2017.10.28-13.27.57:604][280]LogScript: Warning: Attempted to access CollisionCylinder via property CapsuleComponent, but CollisionCylinder is pending kill
	AI_Boss_C /Game/FirstPersonBP/Maps/UEDPIE_0_FirstPersonExampleMap.FirstPersonExampleMap:PersistentLevel.AI_Boss_132
	Function /Game/PPGContent/Characters/Enemy/Base_Enemy/AI_Boss.AI_Boss_C:ExecuteUbergraph_AI_Boss:0162
[2017.10.28-13.27.57:604][280]PIE: Error: Blueprint Runtime Error: Attempted to access CollisionCylinder via property CapsuleComponent, but CollisionCylinder is pending kill from function: 'ExecuteUbergraph_AI_Boss' from node: DestroyComponent in graph: EventGraph in object: AI_Boss with description: Attempted to access CollisionCylinder via property CapsuleComponent, but CollisionCylinder is pending kill
[2017.10.28-13.27.58:022][299]LogScript: Warning: Attempted to access CollisionCylinder via property CapsuleComponent, but CollisionCylinder is pending kill
	AI_Boss_C /Game/FirstPersonBP/Maps/UEDPIE_0_FirstPersonExampleMap.FirstPersonExampleMap:PersistentLevel.AI_Boss_132
	Function /Game/PPGContent/Characters/Enemy/Base_Enemy/AI_Boss.AI_Boss_C:ExecuteUbergraph_AI_Boss:0162
[2017.10.28-13.27.58:022][299]PIE: Error: Blueprint Runtime Error: Attempted to access CollisionCylinder via property CapsuleComponent, but CollisionCylinder is pending kill from function: 'ExecuteUbergraph_AI_Boss' from node: DestroyComponent in graph: EventGraph in object: AI_Boss with description: Attempted to access CollisionCylinder via property CapsuleComponent, but CollisionCylinder is pending kill
[2017.10.28-13.28.01:990][479]LogScript: Warning: Attempted to access CollisionCylinder via property CapsuleComponent, but CollisionCylinder is pending kill
	AI_Boss_C /Game/FirstPersonBP/Maps/UEDPIE_0_FirstPersonExampleMap.FirstPersonExampleMap:PersistentLevel.AI_Boss_132
	Function /Game/PPGContent/Characters/Enemy/Base_Enemy/AI_Boss.AI_Boss_C:ExecuteUbergraph_AI_Boss:0162
[2017.10.28-13.28.01:991][479]PIE: Error: Blueprint Runtime Error: Attempted to access CollisionCylinder via property CapsuleComponent, but CollisionCylinder is pending kill from function: 'ExecuteUbergraph_AI_Boss' from node: DestroyComponent in graph: EventGraph in object: AI_Boss with description: Attempted to access CollisionCylinder via property CapsuleComponent, but CollisionCylinder is pending kill
[2017.10.28-13.28.02:347][495]LogScript: Warning: Attempted to access CollisionCylinder via property CapsuleComponent, but CollisionCylinder is pending kill
	AI_Boss_C /Game/FirstPersonBP/Maps/UEDPIE_0_FirstPersonExampleMap.FirstPersonExampleMap:PersistentLevel.AI_Boss_132
	Function /Game/PPGContent/Characters/Enemy/Base_Enemy/AI_Boss.AI_Boss_C:ExecuteUbergraph_AI_Boss:0162
[2017.10.28-13.28.02:347][495]PIE: Error: Blueprint Runtime Error: Attempted to access CollisionCylinder via property CapsuleComponent, but CollisionCylinder is pending kill from function: 'ExecuteUbergraph_AI_Boss' from node: DestroyComponent in graph: EventGraph in object: AI_Boss with description: Attempted to access CollisionCylinder via property CapsuleComponent, but CollisionCylinder is pending kill
[2017.10.28-13.28.03:432][546]LogScript: Warning: Attempted to access CollisionCylinder via property CapsuleComponent, but CollisionCylinder is pending kill
	AI_Boss_C /Game/FirstPersonBP/Maps/UEDPIE_0_FirstPersonExampleMap.FirstPersonExampleMap:PersistentLevel.AI_Boss_132
	Function /Game/PPGContent/Characters/Enemy/Base_Enemy/AI_Boss.AI_Boss_C:ExecuteUbergraph_AI_Boss:0162
[2017.10.28-13.28.03:432][546]PIE: Error: Blueprint Runtime Error: Attempted to access CollisionCylinder via property CapsuleComponent, but CollisionCylinder is pending kill from function: 'ExecuteUbergraph_AI_Boss' from node: DestroyComponent in graph: EventGraph in object: AI_Boss with description: Attempted to access CollisionCylinder via property CapsuleComponent, but CollisionCylinder is pending kill
[2017.10.28-13.28.04:696][604]LogScript: Warning: Attempted to access CollisionCylinder via property CapsuleComponent, but CollisionCylinder is pending kill
	AI_Boss_C /Game/FirstPersonBP/Maps/UEDPIE_0_FirstPersonExampleMap.FirstPersonExampleMap:PersistentLevel.AI_Boss_132
	Function /Game/PPGContent/Characters/Enemy/Base_Enemy/AI_Boss.AI_Boss_C:ExecuteUbergraph_AI_Boss:0162
[2017.10.28-13.28.04:696][604]PIE: Error: Blueprint Runtime Error: Attempted to access CollisionCylinder via property CapsuleComponent, but CollisionCylinder is pending kill from function: 'ExecuteUbergraph_AI_Boss' from node: DestroyComponent in graph: EventGraph in object: AI_Boss with description: Attempted to access CollisionCylinder via property CapsuleComponent, but CollisionCylinder is pending kill
[2017.10.28-13.28.31:949][870]LogBlueprintUserMessages: Early EndPlayMap Detection: Level '/Game/FirstPersonBP/Maps/FirstPersonExampleMap.FirstPersonExampleMap:PersistentLevel' has LevelScriptBlueprint '/Game/FirstPersonBP/Maps/FirstPersonExampleMap.FirstPersonExampleMap:PersistentLevel.FirstPersonExampleMap' with GeneratedClass '/Game/FirstPersonBP/Maps/FirstPersonExampleMap.FirstPersonExampleMap_C' with ClassGeneratedBy '/Game/FirstPersonBP/Maps/FirstPersonExampleMap.FirstPersonExampleMap:PersistentLevel.FirstPersonExampleMap'
[2017.10.28-13.28.32:119][870]LogBlueprintUserMessages: Late EndPlayMap Detection: Level '/Game/FirstPersonBP/Maps/FirstPersonExampleMap.FirstPersonExampleMap:PersistentLevel' has LevelScriptBlueprint '/Game/FirstPersonBP/Maps/FirstPersonExampleMap.FirstPersonExampleMap:PersistentLevel.FirstPersonExampleMap' with GeneratedClass '/Game/FirstPersonBP/Maps/FirstPersonExampleMap.FirstPersonExampleMap_C' with ClassGeneratedBy '/Game/FirstPersonBP/Maps/FirstPersonExampleMap.FirstPersonExampleMap:PersistentLevel.FirstPersonExampleMap'
[2017.10.28-13.28.54:091][952]LogTemp: Repeating last play command: New Editor Window (PIE)
[2017.10.28-13.28.54:200][952]LogBlueprintUserMessages: Early PlayInEditor Detection: Level '/Game/FirstPersonBP/Maps/FirstPersonExampleMap.FirstPersonExampleMap:PersistentLevel' has LevelScriptBlueprint '/Game/FirstPersonBP/Maps/FirstPersonExampleMap.FirstPersonExampleMap:PersistentLevel.FirstPersonExampleMap' with GeneratedClass '/Game/FirstPersonBP/Maps/FirstPersonExampleMap.FirstPersonExampleMap_C' with ClassGeneratedBy '/Game/FirstPersonBP/Maps/FirstPersonExampleMap.FirstPersonExampleMap:PersistentLevel.FirstPersonExampleMap'
[2017.10.28-13.28.54:200][952]LogPlayLevel: PlayLevel: No blueprints needed recompiling
[2017.10.28-13.28.54:201][952]PIE: New page: PIE session: FirstPersonExampleMap (29 Oct 2017 10:28:54 am)
[2017.10.28-13.28.54:201][952]LogPlayLevel: Creating play world package: /Game/FirstPersonBP/Maps/UEDPIE_0_FirstPersonExampleMap
[2017.10.28-13.28.54:270][952]LogPlayLevel: PIE: StaticDuplicateObject took: (0.068348s)
[2017.10.28-13.28.54:272][952]LogAIModule: Creating AISystem for world FirstPersonExampleMap
[2017.10.28-13.28.54:272][952]LogPlayLevel: PIE: World Init took: (0.002394s)
[2017.10.28-13.28.54:273][952]LogPlayLevel: PIE: Created PIE world by copying editor world from /Game/FirstPersonBP/Maps/FirstPersonExampleMap.FirstPersonExampleMap to /Game/FirstPersonBP/Maps/UEDPIE_0_FirstPersonExampleMap.FirstPersonExampleMap (0.071618s)
[2017.10.28-13.28.54:318][952]LogInit: XAudio2 using 'Speakers (Realtek High Definition Audio)' : 2 channels at 48 kHz using 32 bits per sample (channel mask 0x3)
[2017.10.28-13.28.54:338][952]LogInit: FAudioDevice initialized.
[2017.10.28-13.28.54:392][952]LogLoad: Game class is 'FirstPersonGameMode_C'
[2017.10.28-13.28.54:417][952]LogWorld: Bringing World /Game/FirstPersonBP/Maps/UEDPIE_0_FirstPersonExampleMap.FirstPersonExampleMap up for play (max tick rate 60) at 2017.10.28-23.58.54
[2017.10.28-13.28.54:420][952]LogWorld: Bringing up level for play took: 0.027225
[2017.10.28-13.28.54:425][952]LogScriptCore: Warning: Script Msg: Attempted to access index 0 from array 'patrol-points' of length 0 in '/Game/PPGContent/Characters/Enemy/Base_Enemy/First_enemy.First_enemy_C'!
[2017.10.28-13.28.54:432][952]PIE: Play in editor start time for /Game/FirstPersonBP/Maps/UEDPIE_0_FirstPersonExampleMap 0.207
[2017.10.28-13.28.54:433][952]LogBlueprintUserMessages: Late PlayInEditor Detection: Level '/Game/FirstPersonBP/Maps/FirstPersonExampleMap.FirstPersonExampleMap:PersistentLevel' has LevelScriptBlueprint '/Game/FirstPersonBP/Maps/FirstPersonExampleMap.FirstPersonExampleMap:PersistentLevel.FirstPersonExampleMap' with GeneratedClass '/Game/FirstPersonBP/Maps/FirstPersonExampleMap.FirstPersonExampleMap_C' with ClassGeneratedBy '/Game/FirstPersonBP/Maps/FirstPersonExampleMap.FirstPersonExampleMap:PersistentLevel.FirstPersonExampleMap'
[2017.10.28-13.29.27:936][ 47]LogBlueprintUserMessages: Early EndPlayMap Detection: Level '/Game/FirstPersonBP/Maps/FirstPersonExampleMap.FirstPersonExampleMap:PersistentLevel' has LevelScriptBlueprint '/Game/FirstPersonBP/Maps/FirstPersonExampleMap.FirstPersonExampleMap:PersistentLevel.FirstPersonExampleMap' with GeneratedClass '/Game/FirstPersonBP/Maps/FirstPersonExampleMap.FirstPersonExampleMap_C' with ClassGeneratedBy '/Game/FirstPersonBP/Maps/FirstPersonExampleMap.FirstPersonExampleMap:PersistentLevel.FirstPersonExampleMap'
[2017.10.28-13.29.28:100][ 47]LogBlueprintUserMessages: Late EndPlayMap Detection: Level '/Game/FirstPersonBP/Maps/FirstPersonExampleMap.FirstPersonExampleMap:PersistentLevel' has LevelScriptBlueprint '/Game/FirstPersonBP/Maps/FirstPersonExampleMap.FirstPersonExampleMap:PersistentLevel.FirstPersonExampleMap' with GeneratedClass '/Game/FirstPersonBP/Maps/FirstPersonExampleMap.FirstPersonExampleMap_C' with ClassGeneratedBy '/Game/FirstPersonBP/Maps/FirstPersonExampleMap.FirstPersonExampleMap:PersistentLevel.FirstPersonExampleMap'
[2017.10.28-13.29.40:317][237]Cmd: QUIT_EDITOR
[2017.10.28-13.29.41:342][237]LogWindowsTextInputMethodSystem: Display: IME system now deactivated.
[2017.10.28-13.29.41:388][237]LogExit: Preparing to exit.
[2017.10.28-13.29.42:362][237]LogDirectoryWatcher: A directory notification for 'C:/Users/Raymond Aoukar/Desktop/Computer Game Design/repository/PewPewGames/Game/Content/' was aborted.
[2017.10.28-13.29.42:404][237]LogExit: Editor shut down
[2017.10.28-13.29.42:408][237]LogExit: Transaction tracking system shut down
[2017.10.28-13.29.42:546][237]LogDirectoryWatcher: A directory notification for '../../../Engine/Content/' was aborted.
[2017.10.28-13.29.42:546][237]LogDirectoryWatcher: A directory notification for '../../../../../../Users/Raymond Aoukar/Desktop/Computer Game Design/repository/PewPewGames/Game/Content/' was aborted.
[2017.10.28-13.29.42:546][237]LogDirectoryWatcher: A directory notification for '../../../Engine/Plugins/2D/Paper2D/Content/' was aborted.
[2017.10.28-13.29.42:546][237]LogDirectoryWatcher: A directory notification for '../../../Engine/Plugins/Runtime/Oculus/OculusVR/Content/' was aborted.
[2017.10.28-13.29.42:546][237]LogDirectoryWatcher: A directory notification for '../../../Engine/Plugins/Runtime/Steam/SteamVR/Content/' was aborted.
[2017.10.28-13.29.42:593][237]LogExit: Object subsystem successfully closed.
[2017.10.28-13.29.42:609][237]LogD3D11RHI: Shutdown
[2017.10.28-13.29.42:609][237]LogD3D11RHI: CleanupD3DDevice
[2017.10.28-13.29.42:702][237]LogD3D11RHI: ~FD3D11DynamicRHI
[2017.10.28-13.29.42:715][237]LogModuleManager: Shutting down and abandoning module MovieSceneCapture (532)
[2017.10.28-13.29.42:715][237]LogModuleManager: Shutting down and abandoning module HierarchicalLODOutliner (530)
[2017.10.28-13.29.42:715][237]LogModuleManager: Shutting down and abandoning module SceneOutliner (528)
[2017.10.28-13.29.42:715][237]LogModuleManager: Shutting down and abandoning module AddContentDialog (526)
[2017.10.28-13.29.42:715][237]LogDirectoryWatcher: A directory notification for 'C:/Program Files/Epic Games/UE_4.17/FeaturePacks/' was aborted.
[2017.10.28-13.29.42:716][237]LogModuleManager: Shutting down and abandoning module WidgetCarousel (525)
[2017.10.28-13.29.42:716][237]LogModuleManager: Shutting down and abandoning module EditorWidgets (522)
[2017.10.28-13.29.42:716][237]LogModuleManager: Shutting down and abandoning module CollectionManager (520)
[2017.10.28-13.29.42:716][237]LogDirectoryWatcher: A directory notification for 'C:/Users/Raymond Aoukar/Desktop/Computer Game Design/repository/PewPewGames/Game/Content/Collections/' was aborted.
[2017.10.28-13.29.42:716][237]LogDirectoryWatcher: A directory notification for 'C:/Users/Raymond Aoukar/Desktop/Computer Game Design/repository/PewPewGames/Game/Content/Developers/RaymondAoukar/Collections/' was aborted.
[2017.10.28-13.29.42:716][237]LogDirectoryWatcher: A directory notification for 'C:/Users/Raymond Aoukar/Desktop/Computer Game Design/repository/PewPewGames/Game/Saved/Collections/' was aborted.
[2017.10.28-13.29.42:716][237]LogModuleManager: Shutting down and abandoning module StatsViewer (518)
[2017.10.28-13.29.42:716][237]LogModuleManager: Shutting down and abandoning module FoliageEdit (516)
[2017.10.28-13.29.42:716][237]LogModuleManager: Shutting down and abandoning module LandscapeEditor (514)
[2017.10.28-13.29.42:716][237]LogModuleManager: Shutting down and abandoning module MeshPaintMode (512)
[2017.10.28-13.29.42:716][237]LogModuleManager: Shutting down and abandoning module SceneDepthPickerMode (510)
[2017.10.28-13.29.42:716][237]LogModuleManager: Shutting down and abandoning module ActorPickerMode (508)
[2017.10.28-13.29.42:716][237]LogModuleManager: Shutting down and abandoning module GeometryMode (506)
[2017.10.28-13.29.42:716][237]LogModuleManager: Shutting down and abandoning module TextureAlignMode (504)
[2017.10.28-13.29.42:716][237]LogModuleManager: Shutting down and abandoning module BspMode (502)
[2017.10.28-13.29.42:716][237]LogModuleManager: Shutting down and abandoning module PIEPreviewDeviceProfileSelector (500)
[2017.10.28-13.29.42:716][237]LogModuleManager: Shutting down and abandoning module HardwareSurvey (498)
[2017.10.28-13.29.42:716][237]LogModuleManager: Shutting down and abandoning module SequenceRecorderSections (496)
[2017.10.28-13.29.42:716][237]LogModuleManager: Shutting down and abandoning module AutomationWorker (494)
[2017.10.28-13.29.42:716][237]LogModuleManager: Shutting down and abandoning module MatineeToLevelSequence (492)
[2017.10.28-13.29.42:716][237]LogModuleManager: Shutting down and abandoning module LevelSequenceEditor (490)
[2017.10.28-13.29.42:716][237]LogModuleManager: Shutting down and abandoning module PlacementMode (489)
[2017.10.28-13.29.42:716][237]LogModuleManager: Shutting down and abandoning module WmfMediaFactory (486)
[2017.10.28-13.29.42:716][237]LogModuleManager: Shutting down and abandoning module WmfMediaEditor (484)
[2017.10.28-13.29.42:716][237]LogModuleManager: Shutting down and abandoning module AvfMediaFactory (482)
[2017.10.28-13.29.42:716][237]LogModuleManager: Shutting down and abandoning module AvfMediaEditor (480)
[2017.10.28-13.29.42:716][237]LogModuleManager: Shutting down and abandoning module AndroidMediaFactory (478)
[2017.10.28-13.29.42:716][237]LogModuleManager: Shutting down and abandoning module Media (477)
[2017.10.28-13.29.42:716][237]LogModuleManager: Shutting down and abandoning module AndroidMediaEditor (474)
[2017.10.28-13.29.42:716][237]LogModuleManager: Shutting down and abandoning module CharacterAI (472)
[2017.10.28-13.29.42:716][237]LogModuleManager: Shutting down and abandoning module AudioCapture (470)
[2017.10.28-13.29.42:716][237]LogModuleManager: Shutting down and abandoning module SequenceRecorder (469)
[2017.10.28-13.29.42:716][237]LogModuleManager: Shutting down and abandoning module SmartSnapping (466)
[2017.10.28-13.29.42:716][237]LogModuleManager: Shutting down and abandoning module SessionServices (464)
[2017.10.28-13.29.42:717][237]LogModuleManager: Shutting down and abandoning module ViewportSnapping (462)
[2017.10.28-13.29.42:717][237]LogModuleManager: Shutting down and abandoning module ViewportInteraction (460)
[2017.10.28-13.29.42:717][237]LogModuleManager: Shutting down and abandoning module ClothPainter (458)
[2017.10.28-13.29.42:717][237]LogModuleManager: Shutting down and abandoning module LogVisualizer (456)
[2017.10.28-13.29.42:717][237]LogModuleManager: Shutting down and abandoning module IntroTutorials (454)
[2017.10.28-13.29.42:717][237]LogModuleManager: Shutting down and abandoning module GameProjectGeneration (453)
[2017.10.28-13.29.42:717][237]LogModuleManager: Shutting down and abandoning module IOSPlatformEditor (450)
[2017.10.28-13.29.42:717][237]LogModuleManager: Shutting down and abandoning module HTML5PlatformEditor (448)
[2017.10.28-13.29.42:717][237]LogModuleManager: Shutting down and abandoning module AndroidPlatformEditor (446)
[2017.10.28-13.29.42:717][237]LogModuleManager: Shutting down and abandoning module AndroidDeviceDetection (445)
[2017.10.28-13.29.43:187][237]LogModuleManager: Shutting down and abandoning module WindowsPlatformEditor (442)
[2017.10.28-13.29.43:187][237]LogModuleManager: Shutting down and abandoning module IOSRuntimeSettings (440)
[2017.10.28-13.29.43:187][237]LogModuleManager: Shutting down and abandoning module AndroidRuntimeSettings (438)
[2017.10.28-13.29.43:187][237]LogModuleManager: Shutting down and abandoning module InputBindingEditor (436)
[2017.10.28-13.29.43:187][237]LogModuleManager: Shutting down and abandoning module MergeActors (434)
[2017.10.28-13.29.43:187][237]LogModuleManager: Shutting down and abandoning module SizeMap (432)
[2017.10.28-13.29.43:187][237]LogModuleManager: Shutting down and abandoning module TreeMap (430)
[2017.10.28-13.29.43:187][237]LogModuleManager: Shutting down and abandoning module ReferenceViewer (428)
[2017.10.28-13.29.43:187][237]LogModuleManager: Shutting down and abandoning module LocalizationDashboard (426)
[2017.10.28-13.29.43:188][237]LogModuleManager: Shutting down and abandoning module LocalizationService (425)
[2017.10.28-13.29.43:188][237]LogModuleManager: Shutting down and abandoning module HardwareTargeting (422)
[2017.10.28-13.29.43:188][237]LogModuleManager: Shutting down and abandoning module DeviceProfileEditor (420)
[2017.10.28-13.29.43:188][237]LogModuleManager: Shutting down and abandoning module UndoHistory (418)
[2017.10.28-13.29.43:188][237]LogModuleManager: Shutting down and abandoning module XmlParser (416)
[2017.10.28-13.29.43:188][237]LogModuleManager: Shutting down and abandoning module Blutility (414)
[2017.10.28-13.29.43:188][237]LogModuleManager: Shutting down and abandoning module ProjectSettingsViewer (412)
[2017.10.28-13.29.43:188][237]LogModuleManager: Shutting down and abandoning module ProjectTargetPlatformEditor (411)
[2017.10.28-13.29.43:188][237]LogModuleManager: Shutting down and abandoning module EditorSettingsViewer (408)
[2017.10.28-13.29.43:189][237]LogModuleManager: Shutting down and abandoning module SettingsEditor (406)
[2017.10.28-13.29.43:189][237]LogModuleManager: Shutting down and abandoning module ProjectLauncher (404)
[2017.10.28-13.29.43:189][237]LogModuleManager: Shutting down and abandoning module SessionFrontend (402)
[2017.10.28-13.29.43:189][237]LogModuleManager: Shutting down and abandoning module ProfilerClient (400)
[2017.10.28-13.29.43:189][237]LogModuleManager: Shutting down and abandoning module DeviceManager (398)
[2017.10.28-13.29.43:189][237]LogModuleManager: Shutting down and abandoning module TargetDeviceServices (397)
[2017.10.28-13.29.43:254][237]LogModuleManager: Shutting down and abandoning module AutomationController (394)
[2017.10.28-13.29.43:254][237]LogModuleManager: Shutting down and abandoning module AutomationWindow (392)
[2017.10.28-13.29.43:254][237]LogModuleManager: Shutting down and abandoning module Layers (390)
[2017.10.28-13.29.43:254][237]LogModuleManager: Shutting down and abandoning module ComponentVisualizers (388)
[2017.10.28-13.29.43:254][237]LogModuleManager: Shutting down and abandoning module DetailCustomizations (386)
[2017.10.28-13.29.43:254][237]LogModuleManager: Shutting down and abandoning module PackagesDialog (384)
[2017.10.28-13.29.43:254][237]LogModuleManager: Shutting down and abandoning module Persona (382)
[2017.10.28-13.29.43:255][237]LogModuleManager: Shutting down and abandoning module AdvancedPreviewScene (381)
[2017.10.28-13.29.43:255][237]LogModuleManager: Shutting down and abandoning module AnimGraph (379)
[2017.10.28-13.29.43:255][237]LogModuleManager: Shutting down and abandoning module Kismet (376)
[2017.10.28-13.29.43:259][237]LogModuleManager: Shutting down and abandoning module ClassViewer (374)
[2017.10.28-13.29.43:259][237]LogModuleManager: Shutting down and abandoning module Toolbox (372)
[2017.10.28-13.29.43:259][237]LogModuleManager: Shutting down and abandoning module ModuleUI (370)
[2017.10.28-13.29.43:259][237]LogModuleManager: Shutting down and abandoning module MovieSceneTools (368)
[2017.10.28-13.29.43:260][237]LogModuleManager: Shutting down and abandoning module OutputLog (366)
[2017.10.28-13.29.43:260][237]LogModuleManager: Shutting down and abandoning module GammaUI (364)
[2017.10.28-13.29.43:260][237]LogModuleManager: Shutting down and abandoning module Documentation (362)
[2017.10.28-13.29.43:260][237]LogModuleManager: Shutting down and abandoning module MovieSceneTracks (360)
[2017.10.28-13.29.43:260][237]LogModuleManager: Shutting down and abandoning module MovieScene (358)
[2017.10.28-13.29.43:260][237]LogModuleManager: Shutting down and abandoning module Niagara (356)
[2017.10.28-13.29.43:260][237]LogModuleManager: Shutting down and abandoning module NiagaraEditor (355)
[2017.10.28-13.29.43:260][237]LogModuleManager: Shutting down and abandoning module StreamingPauseRendering (352)
[2017.10.28-13.29.43:260][237]LogModuleManager: Shutting down and abandoning module LauncherPlatform (350)
[2017.10.28-13.29.43:260][237]LogModuleManager: Shutting down and abandoning module AnalyticsET (348)
[2017.10.28-13.29.43:260][237]LogModuleManager: Shutting down and abandoning module PortalServices (346)
[2017.10.28-13.29.43:260][237]LogModuleManager: Shutting down and abandoning module PortalRpc (344)
[2017.10.28-13.29.43:260][237]LogModuleManager: Shutting down and abandoning module MessagingRpc (342)
[2017.10.28-13.29.43:260][237]LogModuleManager: Shutting down and abandoning module AIModule (340)
[2017.10.28-13.29.43:261][237]LogModuleManager: Shutting down and abandoning module GameplayDebugger (339)
[2017.10.28-13.29.43:261][237]LogModuleManager: Shutting down and abandoning module AITestSuite (337)
[2017.10.28-13.29.43:261][237]LogModuleManager: Shutting down and abandoning module ProfilerService (334)
[2017.10.28-13.29.43:414][237]LogModuleManager: Shutting down and abandoning module TaskGraph (332)
[2017.10.28-13.29.43:414][237]LogModuleManager: Shutting down and abandoning module SteamVRController (330)
[2017.10.28-13.29.43:414][237]LogModuleManager: Shutting down and abandoning module ProceduralMeshComponentEditor (328)
[2017.10.28-13.29.43:414][237]LogModuleManager: Shutting down and abandoning module ProceduralMeshComponent (326)
[2017.10.28-13.29.43:414][237]LogModuleManager: Shutting down and abandoning module OculusInput (324)
[2017.10.28-13.29.43:414][237]LogModuleManager: Shutting down and abandoning module MobilePatchingUtils (322)
[2017.10.28-13.29.43:414][237]LogModuleManager: Shutting down and abandoning module CustomMeshComponent (320)
[2017.10.28-13.29.43:414][237]LogModuleManager: Shutting down and abandoning module CableComponent (318)
[2017.10.28-13.29.43:414][237]LogModuleManager: Shutting down and abandoning module ArchVisCharacter (316)
[2017.10.28-13.29.43:414][237]LogModuleManager: Shutting down and abandoning module AndroidPermission (314)
[2017.10.28-13.29.43:414][237]LogModuleManager: Shutting down and abandoning module MediaPlayerEditor (310)
[2017.10.28-13.29.43:414][237]LogModuleManager: Shutting down and abandoning module HTML5Networking (308)
[2017.10.28-13.29.43:414][237]LogModuleManager: Shutting down and abandoning module AlembicImporter (306)
[2017.10.28-13.29.43:414][237]LogModuleManager: Shutting down and abandoning module AlembicLibrary (305)
[2017.10.28-13.29.43:414][237]LogModuleManager: Shutting down and abandoning module GeometryCache (304)
[2017.10.28-13.29.43:414][237]LogModuleManager: Shutting down and abandoning module GeometryCacheEd (303)
[2017.10.28-13.29.43:414][237]LogModuleManager: Shutting down and abandoning module SpeedTreeImporter (298)
[2017.10.28-13.29.43:414][237]LogModuleManager: Shutting down and abandoning module PluginBrowser (296)
[2017.10.28-13.29.43:414][237]LogModuleManager: Shutting down and abandoning module MobileLauncherProfileWizard (294)
[2017.10.28-13.29.43:415][237]LogModuleManager: Shutting down and abandoning module VisualStudioSourceCodeAccess (292)
[2017.10.28-13.29.43:415][237]LogModuleManager: Shutting down and abandoning module DesktopPlatform (291)
[2017.10.28-13.29.43:415][237]LogModuleManager: Shutting down and abandoning module UObjectPlugin (288)
[2017.10.28-13.29.43:415][237]LogModuleManager: Shutting down and abandoning module SubversionSourceControl (286)
[2017.10.28-13.29.43:415][237]LogModuleManager: Shutting down and abandoning module PerforceSourceControl (284)
[2017.10.28-13.29.43:415][237]LogModuleManager: Shutting down and abandoning module GitSourceControl (282)
[2017.10.28-13.29.43:415][237]LogModuleManager: Shutting down and abandoning module SourceControl (281)
[2017.10.28-13.29.43:415][237]LogModuleManager: Shutting down and abandoning module LightPropagationVolumeEditor (278)
[2017.10.28-13.29.43:415][237]LogModuleManager: Shutting down and abandoning module PaperTiledImporter (276)
[2017.10.28-13.29.43:415][237]LogModuleManager: Shutting down and abandoning module PaperSpriteSheetImporter (274)
[2017.10.28-13.29.43:415][237]LogModuleManager: Shutting down and abandoning module Paper2DEditor (272)
[2017.10.28-13.29.43:415][237]LogModuleManager: Shutting down and abandoning module MeshPaint (271)
[2017.10.28-13.29.43:415][237]LogModuleManager: Shutting down and abandoning module LevelEditor (269)
[2017.10.28-13.29.43:416][237]LogModuleManager: Shutting down and abandoning module PixelInspectorModule (268)
[2017.10.28-13.29.43:416][237]LogModuleManager: Shutting down and abandoning module MainFrame (266)
[2017.10.28-13.29.43:416][237]LogModuleManager: Shutting down and abandoning module HotReload (265)
[2017.10.28-13.29.43:416][237]LogModuleManager: Shutting down and abandoning module RuntimePhysXCooking (260)
[2017.10.28-13.29.43:416][237]LogModuleManager: Shutting down and abandoning module PhysXVehiclesEditor (258)
[2017.10.28-13.29.43:416][237]LogModuleManager: Shutting down and abandoning module PhysXVehicles (256)
[2017.10.28-13.29.43:416][237]LogModuleManager: Shutting down and abandoning module OculusEditor (254)
[2017.10.28-13.29.43:416][237]LogModuleManager: Shutting down and abandoning module LocationServicesBPLibrary (252)
[2017.10.28-13.29.43:416][237]LogModuleManager: Shutting down and abandoning module ImmediatePhysicsEditor (250)
[2017.10.28-13.29.43:416][237]LogModuleManager: Shutting down and abandoning module ImmediatePhysics (248)
[2017.10.28-13.29.43:416][237]LogModuleManager: Shutting down and abandoning module UdpMessaging (246)
[2017.10.28-13.29.43:517][237]LogModuleManager: Shutting down and abandoning module TcpMessaging (244)
[2017.10.28-13.29.43:618][237]LogModuleManager: Shutting down and abandoning module GameplayTagsEditor (242)
[2017.10.28-13.29.43:618][237]LogModuleManager: Shutting down and abandoning module FacialAnimationEditor (240)
[2017.10.28-13.29.43:618][237]LogModuleManager: Shutting down and abandoning module FacialAnimation (238)
[2017.10.28-13.29.43:618][237]LogModuleManager: Shutting down and abandoning module AssetManagerEditor (236)
[2017.10.28-13.29.43:618][237]LogModuleManager: Shutting down and abandoning module GraphEditor (235)
[2017.10.28-13.29.43:618][237]LogModuleManager: Shutting down and abandoning module ContentBrowser (233)
[2017.10.28-13.29.43:621][237]LogModuleManager: Shutting down and abandoning module LightPropagationVolumeRuntime (230)
[2017.10.28-13.29.43:621][237]LogModuleManager: Shutting down and abandoning module Paper2D (228)
[2017.10.28-13.29.43:621][237]LogModuleManager: Shutting down and abandoning module WindowsMoviePlayer (226)
[2017.10.28-13.29.43:621][237]LogModuleManager: Shutting down and abandoning module WmfMedia (224)
[2017.10.28-13.29.43:621][237]LogModuleManager: Shutting down and abandoning module PacketHandler (222)
[2017.10.28-13.29.43:622][237]LogModuleManager: Shutting down and abandoning module ClothingSystemEditor (220)
[2017.10.28-13.29.43:622][237]LogModuleManager: Shutting down and abandoning module ClothingSystemRuntime (218)
[2017.10.28-13.29.43:622][237]LogModuleManager: Shutting down and abandoning module Overlay (216)
[2017.10.28-13.29.43:622][237]LogModuleManager: Shutting down and abandoning module OverlayEditor (215)
[2017.10.28-13.29.43:622][237]LogModuleManager: Shutting down and abandoning module MediaAssets (212)
[2017.10.28-13.29.43:622][237]LogModuleManager: Shutting down and abandoning module VREditor (210)
[2017.10.28-13.29.43:622][237]LogModuleManager: Shutting down and abandoning module StringTableEditor (208)
[2017.10.28-13.29.43:622][237]LogModuleManager: Shutting down and abandoning module GameplayTasksEditor (206)
[2017.10.28-13.29.43:622][237]LogModuleManager: Shutting down and abandoning module BehaviorTreeEditor (204)
[2017.10.28-13.29.43:622][237]LogModuleManager: Shutting down and abandoning module FunctionalTesting (202)
[2017.10.28-13.29.43:622][237]LogModuleManager: Shutting down and abandoning module CollisionAnalyzer (200)
[2017.10.28-13.29.43:622][237]LogModuleManager: Shutting down and abandoning module WorkspaceMenuStructure (199)
[2017.10.28-13.29.43:622][237]LogModuleManager: Shutting down and abandoning module UMG (196)
[2017.10.28-13.29.43:623][237]LogModuleManager: Shutting down and abandoning module UMGEditor (195)
[2017.10.28-13.29.43:623][237]LogModuleManager: Shutting down and abandoning module Sequencer (194)
[2017.10.28-13.29.43:623][237]LogModuleManager: Shutting down and abandoning module MessageLog (191)
[2017.10.28-13.29.43:623][237]LogModuleManager: Shutting down and abandoning module SlateReflector (186)
[2017.10.28-13.29.43:623][237]LogModuleManager: Shutting down and abandoning module Slate (184)
[2017.10.28-13.29.43:623][237]LogModuleManager: Shutting down and abandoning module EditorStyle (182)
[2017.10.28-13.29.43:630][237]LogModuleManager: Shutting down and abandoning module MRMesh (180)
[2017.10.28-13.29.43:630][237]LogModuleManager: Shutting down and abandoning module SourceCodeAccess (178)
[2017.10.28-13.29.43:630][237]LogModuleManager: Shutting down and abandoning module HeadMountedDisplay (176)
[2017.10.28-13.29.43:630][237]LogModuleManager: Shutting down and abandoning module XAudio2 (174)
[2017.10.28-13.29.43:630][237]LogModuleManager: Shutting down and abandoning module Networking (172)
[2017.10.28-13.29.43:631][237]LogModuleManager: Shutting down and abandoning module Core (168)
[2017.10.28-13.29.43:631][237]LogModuleManager: Shutting down and abandoning module KismetCompiler (164)
[2017.10.28-13.29.43:631][237]LogModuleManager: Shutting down and abandoning module LevelSequence (162)
[2017.10.28-13.29.43:631][237]LogModuleManager: Shutting down and abandoning module MeshUtilities (160)
[2017.10.28-13.29.43:631][237]LogModuleManager: Shutting down and abandoning module MeshMergeUtilities (159)
[2017.10.28-13.29.43:631][237]LogModuleManager: Shutting down and abandoning module MeshReductionInterface (158)
[2017.10.28-13.29.43:631][237]LogModuleManager: Shutting down and abandoning module SimplygonSwarm (157)
[2017.10.28-13.29.43:631][237]LogModuleManager: Shutting down and abandoning module SimplygonMeshReduction (155)
[2017.10.28-13.29.43:631][237]LogModuleManager: Shutting down and abandoning module QuadricMeshReduction (153)
[2017.10.28-13.29.43:631][237]LogModuleManager: Shutting down and abandoning module MaterialBaking (149)
[2017.10.28-13.29.43:631][237]LogModuleManager: Shutting down and abandoning module DirectoryWatcher (146)
[2017.10.28-13.29.43:633][237]LogModuleManager: Shutting down and abandoning module DerivedDataCache (144)
[2017.10.28-13.29.43:635][237]LogDerivedDataCache: Shutdown
[2017.10.28-13.29.43:635][237]LogModuleManager: Shutting down and abandoning module TargetPlatform (142)
[2017.10.28-13.29.43:635][237]LogModuleManager: Shutting down and abandoning module VulkanShaderFormat (141)
[2017.10.28-13.29.43:635][237]LogModuleManager: Shutting down and abandoning module ShaderFormatVectorVM (139)
[2017.10.28-13.29.43:635][237]LogModuleManager: Shutting down and abandoning module ShaderFormatOpenGL (137)
[2017.10.28-13.29.43:635][237]LogModuleManager: Shutting down and abandoning module ShaderFormatD3D (135)
[2017.10.28-13.29.43:635][237]LogModuleManager: Shutting down and abandoning module MetalShaderFormat (133)
[2017.10.28-13.29.43:635][237]LogModuleManager: Shutting down and abandoning module TextureFormatUncompressed (131)
[2017.10.28-13.29.43:635][237]LogModuleManager: Shutting down and abandoning module TextureFormatPVR (129)
[2017.10.28-13.29.43:635][237]LogModuleManager: Shutting down and abandoning module TextureFormatDXT (127)
[2017.10.28-13.29.43:635][237]LogModuleManager: Shutting down and abandoning module TextureFormatIntelISPCTexComp (125)
[2017.10.28-13.29.43:636][237]LogModuleManager: Shutting down and abandoning module TextureFormatASTC (123)
[2017.10.28-13.29.43:636][237]LogModuleManager: Shutting down and abandoning module ImageWrapper (122)
[2017.10.28-13.29.43:636][237]LogModuleManager: Shutting down and abandoning module TextureFormatAndroid (119)
[2017.10.28-13.29.43:636][237]LogModuleManager: Shutting down and abandoning module AudioFormatOpus (117)
[2017.10.28-13.29.43:636][237]LogModuleManager: Shutting down and abandoning module AudioFormatOgg (115)
[2017.10.28-13.29.43:636][237]LogModuleManager: Shutting down and abandoning module AudioFormatADPCM (113)
[2017.10.28-13.29.43:636][237]LogModuleManager: Shutting down and abandoning module LinuxTargetPlatform (111)
[2017.10.28-13.29.43:636][237]LogModuleManager: Shutting down and abandoning module LinuxServerTargetPlatform (109)
[2017.10.28-13.29.43:636][237]LogModuleManager: Shutting down and abandoning module LinuxNoEditorTargetPlatform (107)
[2017.10.28-13.29.43:636][237]LogModuleManager: Shutting down and abandoning module LinuxClientTargetPlatform (105)
[2017.10.28-13.29.43:636][237]LogModuleManager: Shutting down and abandoning module TVOSTargetPlatform (103)
[2017.10.28-13.29.43:636][237]LogModuleManager: Shutting down and abandoning module Messaging (101)
[2017.10.28-13.29.43:636][237]LogModuleManager: Shutting down and abandoning module IOSTargetPlatform (99)
[2017.10.28-13.29.43:636][237]LogModuleManager: Shutting down and abandoning module HTML5TargetPlatform (97)
[2017.10.28-13.29.43:636][237]LogModuleManager: Shutting down and abandoning module Android_PVRTCTargetPlatform (95)
[2017.10.28-13.29.43:636][237]LogModuleManager: Shutting down and abandoning module Android_MultiTargetPlatform (93)
[2017.10.28-13.29.43:637][237]LogModuleManager: Shutting down and abandoning module Android_ETC2TargetPlatform (91)
[2017.10.28-13.29.43:637][237]LogModuleManager: Shutting down and abandoning module Android_ETC1TargetPlatform (89)
[2017.10.28-13.29.43:637][237]LogModuleManager: Shutting down and abandoning module Android_DXTTargetPlatform (87)
[2017.10.28-13.29.43:637][237]LogModuleManager: Shutting down and abandoning module Android_ATCTargetPlatform (85)
[2017.10.28-13.29.43:637][237]LogModuleManager: Shutting down and abandoning module Android_ASTCTargetPlatform (83)
[2017.10.28-13.29.43:637][237]LogModuleManager: Shutting down and abandoning module AndroidTargetPlatform (81)
[2017.10.28-13.29.43:637][237]LogModuleManager: Shutting down and abandoning module WindowsTargetPlatform (79)
[2017.10.28-13.29.43:637][237]LogModuleManager: Shutting down and abandoning module WindowsServerTargetPlatform (77)
[2017.10.28-13.29.43:637][237]LogModuleManager: Shutting down and abandoning module WindowsNoEditorTargetPlatform (75)
[2017.10.28-13.29.43:637][237]LogModuleManager: Shutting down and abandoning module WindowsClientTargetPlatform (73)
[2017.10.28-13.29.43:637][237]LogModuleManager: Shutting down and abandoning module MacTargetPlatform (71)
[2017.10.28-13.29.43:637][237]LogModuleManager: Shutting down and abandoning module MacServerTargetPlatform (69)
[2017.10.28-13.29.43:637][237]LogModuleManager: Shutting down and abandoning module MacNoEditorTargetPlatform (67)
[2017.10.28-13.29.43:637][237]LogModuleManager: Shutting down and abandoning module MacClientTargetPlatform (65)
[2017.10.28-13.29.43:638][237]LogModuleManager: Shutting down and abandoning module AllDesktopTargetPlatform (63)
[2017.10.28-13.29.43:638][237]LogModuleManager: Shutting down and abandoning module InputCore (60)
[2017.10.28-13.29.43:638][237]LogModuleManager: Shutting down and abandoning module Settings (58)
[2017.10.28-13.29.43:638][237]LogModuleManager: Shutting down and abandoning module PhysXCooking (56)
[2017.10.28-13.29.43:638][237]LogModuleManager: Shutting down and abandoning module SteamVR (54)
[2017.10.28-13.29.43:638][237]LogModuleManager: Shutting down and abandoning module OculusHMD (52)
[2017.10.28-13.29.43:638][237]LogModuleManager: Shutting down and abandoning module ExampleDeviceProfileSelector (50)
[2017.10.28-13.29.43:638][237]LogModuleManager: Shutting down and abandoning module OnlineBlueprintSupport (48)
[2017.10.28-13.29.43:638][237]LogModuleManager: Shutting down and abandoning module OnlineSubsystem (44)
[2017.10.28-13.29.43:638][237]LogOnline: Display: Unloading online subsystem: NULL
[2017.10.28-13.29.43:638][237]LogModuleManager: Shutting down and abandoning module XMPP (43)
[2017.10.28-13.29.43:638][237]LogModuleManager: Shutting down and abandoning module HTTP (41)
[2017.10.28-13.29.43:638][237]LogHttp: Display: Http module shutting down, but needs to wait on 1 outstanding Http requests:
[2017.10.28-13.29.43:638][237]LogHttp: Display: 	verb=[POST] url=[https://datarouter.ol.epicgames.com/datarouter/api/v1/public/data?SessionID=%7B6C8FD79B-429C-FCB1-5117-7BAE2B4DD36E%7D&AppID=UEEditor.Rocket.Release&AppVersion=4.17.1-3586342%2B%2B%2BUE4%2BRelease-4.17&UserID=0efcc9714911522ee20bfea314a53ba2%7Cedac503300a34cfaa64394f1cb5130c7%7C44d9ab76-44fa-4e37-9604-830ef5004ef4&AppEnvironment=datacollector-binary&UploadType=eteventstream] status=Processing
[2017.10.28-13.29.43:644][237]LogModuleManager: Shutting down and abandoning module SSL (40)
[2017.10.28-13.29.43:646][237]LogModuleManager: Shutting down and abandoning module AnimationModifiers (36)
[2017.10.28-13.29.43:646][237]LogModuleManager: Shutting down and abandoning module PropertyEditor (35)
[2017.10.28-13.29.43:646][237]LogModuleManager: Shutting down and abandoning module AudioEditor (32)
[2017.10.28-13.29.43:646][237]LogModuleManager: Shutting down and abandoning module TextureCompressor (30)
[2017.10.28-13.29.43:646][237]LogModuleManager: Shutting down and abandoning module ShaderCore (28)
[2017.10.28-13.29.43:646][237]LogModuleManager: Shutting down and abandoning module Landscape (26)
[2017.10.28-13.29.43:646][237]LogModuleManager: Shutting down and abandoning module SlateRHIRenderer (24)
[2017.10.28-13.29.43:647][237]LogModuleManager: Shutting down and abandoning module OpenGLDrv (22)
[2017.10.28-13.29.43:648][237]LogModuleManager: Shutting down and abandoning module D3D11RHI (20)
[2017.10.28-13.29.43:648][237]LogModuleManager: Shutting down and abandoning module AnimGraphRuntime (18)
[2017.10.28-13.29.43:648][237]LogModuleManager: Shutting down and abandoning module Renderer (16)
[2017.10.28-13.29.43:648][237]LogModuleManager: Shutting down and abandoning module Engine (14)
[2017.10.28-13.29.43:648][237]LogModuleManager: Shutting down and abandoning module CoreUObject (12)
[2017.10.28-13.29.43:648][237]LogModuleManager: Shutting down and abandoning module NetworkFile (10)
[2017.10.28-13.29.43:648][237]LogModuleManager: Shutting down and abandoning module CookedIterativeFile (8)
[2017.10.28-13.29.43:648][237]LogModuleManager: Shutting down and abandoning module StreamingFile (6)
[2017.10.28-13.29.43:648][237]LogModuleManager: Shutting down and abandoning module SandboxFile (4)
[2017.10.28-13.29.43:648][237]LogModuleManager: Shutting down and abandoning module PakFile (2)
[2017.10.28-13.29.43:651][237]LogExit: Exiting.
[2017.10.28-13.29.43:727][237]Log file closed, 10/28/17 23:59:43
