Log file open, 09/21/17 17:21:47
LogWindows: LoadLibraryWithSearchPaths failed for file aqProf.dll. GetLastError=0
LogWindows: LoadLibraryWithSearchPaths failed for file VtuneApi.dll. GetLastError=0
LogWindows: LoadLibraryWithSearchPaths failed for file VtuneApi32e.dll. GetLastError=0
LogInit: Display: Running engine for game: Game
LogPlatformFile: Not using cached read wrapper
LogInit: Display: RandInit(-1343606587) SRandInit(-1343606587).
LogTaskGraph: Started task graph with 5 named threads and 8 total threads with 3 sets of task threads.
LogStats: Stats thread started at 4.801386
LogD3D11RHI: Aftermath initialized
LogPluginManager: Mounting plugin Paper2D
LogPluginManager: Mounting plugin LightPropagationVolume
LogPluginManager: Mounting plugin CodeLiteSourceCodeAccess
LogPluginManager: Mounting plugin GitSourceControl
LogPluginManager: Mounting plugin KDevelopSourceCodeAccess
LogPluginManager: Mounting plugin NullSourceCodeAccess
LogPluginManager: Mounting plugin PerforceSourceControl
LogPluginManager: Mounting plugin SubversionSourceControl
LogPluginManager: Mounting plugin UObjectPlugin
LogPluginManager: Mounting plugin VisualStudioSourceCodeAccess
LogPluginManager: Mounting plugin XCodeSourceCodeAccess
LogPluginManager: Mounting plugin AssetManagerEditor
LogPluginManager: Mounting plugin AudioCapture
LogPluginManager: Mounting plugin FacialAnimation
LogPluginManager: Mounting plugin GameplayTagsEditor
LogPluginManager: Mounting plugin MobileLauncherProfileWizard
LogPluginManager: Mounting plugin PluginBrowser
LogPluginManager: Mounting plugin SpeedTreeImporter
LogPluginManager: Mounting plugin AlembicImporter
LogPluginManager: Mounting plugin CharacterAI
LogPluginManager: Mounting plugin HTML5Networking
LogPluginManager: Mounting plugin AndroidMedia
LogPluginManager: Mounting plugin AvfMedia
LogPluginManager: Mounting plugin MediaPlayerEditor
LogPluginManager: Mounting plugin WmfMedia
LogPluginManager: Mounting plugin TcpMessaging
LogPluginManager: Mounting plugin UdpMessaging
LogPluginManager: Mounting plugin LevelSequenceEditor
LogPluginManager: Mounting plugin MatineeToLevelSequence
LogPluginManager: Mounting plugin OnlineSubsystemGooglePlay
LogPluginManager: Mounting plugin OnlineSubsystemIOS
LogPluginManager: Mounting plugin OnlineSubsystem
LogPluginManager: Mounting plugin OnlineSubsystemNull
LogPluginManager: Mounting plugin OnlineSubsystemUtils
LogPluginManager: Mounting plugin AndroidDeviceProfileSelector
LogPluginManager: Mounting plugin AndroidMoviePlayer
LogPluginManager: Mounting plugin AndroidPermission
LogPluginManager: Mounting plugin AppleMoviePlayer
LogPluginManager: Mounting plugin ArchVisCharacter
LogPluginManager: Mounting plugin CableComponent
LogPluginManager: Mounting plugin CustomMeshComponent
LogPluginManager: Mounting plugin ExampleDeviceProfileSelector
LogPluginManager: Mounting plugin GoogleCloudMessaging
LogPluginManager: Mounting plugin ImmediatePhysics
LogPluginManager: Mounting plugin IOSDeviceProfileSelector
LogPluginManager: Mounting plugin LinuxDeviceProfileSelector
LogPluginManager: Mounting plugin LocationServicesBPLibrary
LogPluginManager: Mounting plugin MobilePatchingUtils
LogPluginManager: Mounting plugin OculusVR
LogPluginManager: Mounting plugin PhysXVehicles
LogPluginManager: Mounting plugin ProceduralMeshComponent
LogPluginManager: Mounting plugin RuntimePhysXCooking
LogPluginManager: Mounting plugin SteamVR
LogPluginManager: Mounting plugin WindowsMoviePlayer
LogInit: Using libcurl 7.47.1
LogInit:  - built for x86_64-pc-win32
LogInit:  - supports SSL with OpenSSL/1.0.2g
LogInit:  - supports HTTP deflate (compression) using libz 1.2.8
LogInit:  - other features:
LogInit:      CURL_VERSION_SSL
LogInit:      CURL_VERSION_LIBZ
LogInit:      CURL_VERSION_IPV6
LogInit:      CURL_VERSION_ASYNCHDNS
LogInit:      CURL_VERSION_LARGEFILE
LogInit:      CURL_VERSION_IDN
LogInit:  CurlRequestOptions (configurable via config and command line):
LogInit:  - bVerifyPeer = false  - Libcurl will NOT verify peer certificate
LogInit:  - bUseHttpProxy = false  - Libcurl will NOT use HTTP proxy
LogInit:  - bDontReuseConnections = false  - Libcurl will reuse connections
LogInit:  - CertBundlePath = nullptr  - Libcurl will use whatever was configured at build time.
LogInit: Build: ++UE4+Release-4.17-CL-3586342
LogInit: Engine Version: 4.17.1-3586342+++UE4+Release-4.17
LogInit: Compatible Engine Version: 4.17.0-3573198+++UE4+Release-4.17
LogInit: Net CL: 3573198
LogDevObjectVersion: Number of dev versions registered: 16
LogDevObjectVersion:   Dev-Blueprints (B0D832E4-1F89-4F0D-ACCF-7EB736FD4AA2): 10
LogDevObjectVersion:   Dev-Build (E1C64328-A22C-4D53-A36C-8E866417BD8C): 0
LogDevObjectVersion:   Dev-Core (375EC13C-06E4-48FB-B500-84F0262A717E): 2
LogDevObjectVersion:   Dev-Editor (E4B068ED-F494-42E9-A231-DA0B2E46BB41): 20
LogDevObjectVersion:   Dev-Framework (CFFC743F-43B0-4480-9391-14DF171D2073): 28
LogDevObjectVersion:   Dev-Mobile (B02B49B5-BB20-44E9-A304-32B752E40360): 0
LogDevObjectVersion:   Dev-Networking (A4E4105C-59A1-49B5-A7C5-40C4547EDFEE): 0
LogDevObjectVersion:   Dev-Online (39C831C9-5AE6-47DC-9A44-9C173E1C8E7C): 0
LogDevObjectVersion:   Dev-Physics (78F01B33-EBEA-4F98-B9B4-84EACCB95AA2): 0
LogDevObjectVersion:   Dev-Platform (6631380F-2D4D-43E0-8009-CF276956A95A): 0
LogDevObjectVersion:   Dev-Rendering (12F88B9F-8875-4AFC-A67C-D90C383ABD29): 19
LogDevObjectVersion:   Dev-Sequencer (7B5AE74C-D270-4C10-A958-57980B212A5A): 4
LogDevObjectVersion:   Dev-VR (D7296918-1DD6-4BDD-9DE2-64A83CC13884): 0
LogDevObjectVersion:   Dev-LoadTimes (C2A15278-BFE7-4AFE-6C17-90FF531DF755): 1
LogDevObjectVersion:   Private-Geometry (6EACA3D4-40EC-4CC1-B786-8BED09428FC5): 1
LogDevObjectVersion:   Dev-AnimPhys (29E575DD-E0A3-4627-9D10-D276232CDCEA): 7
LogInit: Compiled (64-bit): Aug 15 2017 02:05:26
LogInit: Compiled with Visual C++: 19.00.24215.01
LogInit: Build Configuration: Development
LogInit: Branch Name: ++UE4+Release-4.17
LogInit: Command line:  
LogInit: Base directory: C:/Program Files/Epic Games/UE_4.17/Engine/Binaries/Win64/
LogInit: Installed Engine Build: 1
LogInit: Presizing for max 8388607 objects, including 0 objects not considered by GC, pre-allocating 0 bytes for permanent pool.
LogInit: Object subsystem initialized
[2017.09.21-07.51.50:543][  0]LogInit: Selected Device Profile: [Windows]
[2017.09.21-07.51.50:544][  0]LogInit: Applying CVar settings loaded from the selected device profile: [Windows]
[2017.09.21-07.51.50:767][  0]LogInit: Computer: LAPTOP-AF13HJPO
[2017.09.21-07.51.50:767][  0]LogInit: User: RaymondAoukar
[2017.09.21-07.51.50:767][  0]LogInit: CPU Page size=4096, Cores=2
[2017.09.21-07.51.50:767][  0]LogInit: High frequency timer resolution =2.835937 MHz
[2017.09.21-07.51.50:767][  0]LogMemory: Memory total: Physical=15.9GB (16GB approx)
[2017.09.21-07.51.50:767][  0]LogMemory: Platform Memory Stats for Windows
[2017.09.21-07.51.50:767][  0]LogMemory: Process Physical Memory: 278.27 MB used, 278.27 MB peak
[2017.09.21-07.51.50:767][  0]LogMemory: Process Virtual Memory: 275.75 MB used, 275.75 MB peak
[2017.09.21-07.51.50:767][  0]LogMemory: Physical Memory: 4348.29 MB used,  11903.84 MB free, 16252.13 MB total
[2017.09.21-07.51.50:767][  0]LogMemory: Virtual Memory: 666.98 MB used,  11903.84 MB free, 134217728.00 MB total
[2017.09.21-07.51.52:505][  0]LogInit: Using OS detected language (en-US).
[2017.09.21-07.51.52:505][  0]LogInit: Using OS detected locale (en-AU).
[2017.09.21-07.51.52:991][  0]LogTextLocalizationManager: No specific localization for 'en-US' exists, so the 'en' localization will be used.
[2017.09.21-07.52.01:178][  0]LogD3D11RHI: D3D11 adapters:
[2017.09.21-07.52.02:382][  0]LogD3D11RHI:    0. 'NVIDIA GeForce 940MX' (Feature Level 11_0)
[2017.09.21-07.52.02:382][  0]LogD3D11RHI:       4065/0/8126 MB DedicatedVideo/DedicatedSystem/SharedSystem, Outputs:1, VendorId:0x10de
[2017.09.21-07.52.02:430][  0]LogD3D11RHI:    1. 'Intel(R) HD Graphics 620' (Feature Level 11_0)
[2017.09.21-07.52.02:430][  0]LogD3D11RHI:       128/0/8126 MB DedicatedVideo/DedicatedSystem/SharedSystem, Outputs:0, VendorId:0x8086
[2017.09.21-07.52.02:434][  0]LogD3D11RHI:    2. 'Microsoft Basic Render Driver' (Feature Level 11_0)
[2017.09.21-07.52.02:434][  0]LogD3D11RHI:       0/0/8126 MB DedicatedVideo/DedicatedSystem/SharedSystem, Outputs:0, VendorId:0x1414
[2017.09.21-07.52.02:434][  0]LogD3D11RHI: Chosen D3D11 Adapter: 0
[2017.09.21-07.52.02:491][  0]LogD3D11RHI: Creating new Direct3DDevice
[2017.09.21-07.52.02:492][  0]LogD3D11RHI:     GPU DeviceId: 0x179c (for the marketing name, search the web for "GPU Device Id")
[2017.09.21-07.52.02:492][  0]LogWindows: EnumDisplayDevices:
[2017.09.21-07.52.02:492][  0]LogWindows:    0. 'Intel(R) HD Graphics 620' (P:1 D:1)
[2017.09.21-07.52.02:493][  0]LogWindows:    1. 'Intel(R) HD Graphics 620' (P:0 D:0)
[2017.09.21-07.52.02:493][  0]LogWindows:    2. 'Intel(R) HD Graphics 620' (P:0 D:0)
[2017.09.21-07.52.02:494][  0]LogWindows: DebugString: PrimaryIsNotTheChoosenAdapter PrimaryIsNotTheChoosenAdapter PrimaryIsNotTheChoosenAdapter FoundDriverCount:0 
[2017.09.21-07.52.02:494][  0]LogD3D11RHI:     Adapter Name: NVIDIA GeForce 940MX
[2017.09.21-07.52.02:494][  0]LogD3D11RHI:   Driver Version: Unknown (internal:Unknown, unified:Unknown)
[2017.09.21-07.52.02:494][  0]LogD3D11RHI:      Driver Date: Unknown
[2017.09.21-07.52.02:494][  0]LogRHI: Texture pool is 1361 MB (70% of 1945 MB)
[2017.09.21-07.52.02:668][  0]LogD3D11RHI: Async texture creation enabled
[2017.09.21-07.52.03:314][  0]LogD3D11RHI: GPU Timing Frequency: 1000.000000 (Debug: 2 1)
[2017.09.21-07.52.03:488][  0]LogShaderCompilers: Guid format shader working directory is -41 characters bigger than the processId version (../../../../../../Users/Raymond Aoukar/Desktop/Computer Game Design/repository/PewPewGames/Game/Intermediate/Shaders/WorkingDirectory/10500/).
[2017.09.21-07.52.03:488][  0]LogShaderCompilers: Cleaned the shader compiler working directory 'C:/Users/Raymond Aoukar/AppData/Local/Temp/UnrealShaderWorkingDir/53F0D665424EE497622C9580EC83BB9D/'.
[2017.09.21-07.52.03:520][  0]LogShaderCompilers: Display: Using Local Shader Compiler.
[2017.09.21-07.52.12:455][  0]LogTemp: Display: Loaded TP AllDesktopTargetPlatform
[2017.09.21-07.52.12:547][  0]LogTemp: Display: Loaded TP MacClientTargetPlatform
[2017.09.21-07.52.12:618][  0]LogTemp: Display: Loaded TP MacNoEditorTargetPlatform
[2017.09.21-07.52.12:678][  0]LogTemp: Display: Loaded TP MacServerTargetPlatform
[2017.09.21-07.52.12:817][  0]LogTemp: Display: Loaded TP MacTargetPlatform
[2017.09.21-07.52.12:898][  0]LogTemp: Display: Loaded TP WindowsClientTargetPlatform
[2017.09.21-07.52.12:955][  0]LogTemp: Display: Loaded TP WindowsNoEditorTargetPlatform
[2017.09.21-07.52.13:029][  0]LogTemp: Display: Loaded TP WindowsServerTargetPlatform
[2017.09.21-07.52.13:097][  0]LogTemp: Display: Loaded TP WindowsTargetPlatform
[2017.09.21-07.52.13:208][  0]LogTemp: Display: Loaded TP AndroidTargetPlatform
[2017.09.21-07.52.13:276][  0]LogTemp: Display: Loaded TP Android_ASTCTargetPlatform
[2017.09.21-07.52.13:351][  0]LogTemp: Display: Loaded TP Android_ATCTargetPlatform
[2017.09.21-07.52.13:420][  0]LogTemp: Display: Loaded TP Android_DXTTargetPlatform
[2017.09.21-07.52.13:513][  0]LogTemp: Display: Loaded TP Android_ETC1TargetPlatform
[2017.09.21-07.52.13:594][  0]LogTemp: Display: Loaded TP Android_ETC2TargetPlatform
[2017.09.21-07.52.13:720][  0]LogTemp: Display: Loaded TP Android_MultiTargetPlatform
[2017.09.21-07.52.13:720][  0]LogTemp: Display: Loaded TP Android_PVRTCTargetPlatform
[2017.09.21-07.52.13:793][  0]LogTemp: Display: Loaded TP HTML5TargetPlatform
[2017.09.21-07.52.14:070][  0]LogTemp: Display: Loaded TP IOSTargetPlatform
[2017.09.21-07.52.14:151][  0]LogTemp: Display: Loaded TP TVOSTargetPlatform
[2017.09.21-07.52.14:270][  0]LogTemp: Display: Loaded TP LinuxClientTargetPlatform
[2017.09.21-07.52.14:335][  0]LogTemp: Display: Loaded TP LinuxNoEditorTargetPlatform
[2017.09.21-07.52.14:571][  0]LogTemp: Display: Loaded TP LinuxServerTargetPlatform
[2017.09.21-07.52.14:725][  0]LogTemp: Display: Loaded TP LinuxTargetPlatform
[2017.09.21-07.52.14:725][  0]LogTargetPlatformManager: Display: Building Assets For Windows
[2017.09.21-07.52.17:443][  0]LogDerivedDataCache: Display: Max Cache Size: 512 MB
[2017.09.21-07.52.18:654][  0]LogDerivedDataCache: Loaded boot cache 1.18s 93MB C:/Users/Raymond Aoukar/AppData/Local/UnrealEngine/4.17/DerivedDataCache/Boot.ddc.
[2017.09.21-07.52.18:654][  0]LogDerivedDataCache: Display: Loaded Boot cache: C:/Users/Raymond Aoukar/AppData/Local/UnrealEngine/4.17/DerivedDataCache/Boot.ddc
[2017.09.21-07.52.18:654][  0]LogDerivedDataCache: FDerivedDataBackendGraph:  Pak pak cache file ../../../../../../Users/Raymond Aoukar/Desktop/Computer Game Design/repository/PewPewGames/Game/DerivedDataCache/DDC.ddp not found, will not use a pak cache.
[2017.09.21-07.52.18:654][  0]LogDerivedDataCache: Unable to find inner node Pak for hierarchical cache Hierarchy.
[2017.09.21-07.52.18:654][  0]LogDerivedDataCache: FDerivedDataBackendGraph:  CompressedPak pak cache file ../../../../../../Users/Raymond Aoukar/Desktop/Computer Game Design/repository/PewPewGames/Game/DerivedDataCache/Compressed.ddp not found, will not use a pak cache.
[2017.09.21-07.52.18:654][  0]LogDerivedDataCache: Unable to find inner node CompressedPak for hierarchical cache Hierarchy.
[2017.09.21-07.52.18:854][  0]LogDerivedDataCache: Display: Pak cache opened for reading ../../../Engine/DerivedDataCache/Compressed.ddp.
[2017.09.21-07.52.18:868][  0]LogDerivedDataCache: Using Local data cache path C:/Users/Raymond Aoukar/AppData/Local/UnrealEngine/Common/DerivedDataCache: Writable
[2017.09.21-07.52.19:010][  0]LogMaterial: Verifying Global Shaders for PCD3D_SM5
[2017.09.21-07.52.19:112][  0]LogSlate: Using Freetype 2.6.0
[2017.09.21-07.52.19:224][  0]LogSlate: SlateFontCache - WITH_FREETYPE: 1, WITH_HARFBUZZ: 1
[2017.09.21-07.52.19:228][  0]LogSlate: SlateFontCache - WITH_FREETYPE: 1, WITH_HARFBUZZ: 1
[2017.09.21-07.52.30:425][  0]LogAssetRegistry: FAssetRegistry took 0.0636 seconds to start up
[2017.09.21-07.52.34:279][  0]LogInit: Selected Device Profile: [Windows]
[2017.09.21-07.52.38:915][  0]LogContentStreaming: Texture pool size is 0.00 MB
[2017.09.21-07.52.41:043][  0]LogSimplygon: Simplygon DLL not present - disabling.
[2017.09.21-07.52.41:201][  0]LogMeshReduction: Using SimplygonSwarm for distributed automatic mesh merging
[2017.09.21-07.52.41:223][  0]LogMeshReduction: Using QuadricMeshReduction for automatic static mesh reduction
[2017.09.21-07.52.41:223][  0]LogMeshReduction: No automatic skeletal mesh reduction module available
[2017.09.21-07.52.41:223][  0]LogMeshReduction: No automatic mesh merging module available
[2017.09.21-07.52.41:223][  0]LogMeshMerging: No automatic mesh merging module available
[2017.09.21-07.52.47:513][  0]LogNetVersion: Game , NetCL: 3573198, EngineNetVer: 2, GameNetVer: 0 (Checksum: 2957514414)
[2017.09.21-07.52.50:108][  0]LogAssetRegistry: Error: Failed to open file for write ../../../../../../Users/Raymond Aoukar/Desktop/Computer Game Design/repository/PewPewGames/Game/Intermediate/AssetRegistryCache/1d5167fa.bin
[2017.09.21-07.52.50:125][  0]LogAssetRegistry: Error: Failed to open file for write ../../../../../../Users/Raymond Aoukar/Desktop/Computer Game Design/repository/PewPewGames/Game/Intermediate/AssetRegistryCache/94c5d5a7.bin
[2017.09.21-07.52.50:161][  0]LogPackageLocalizationCache: Processed 5 localized package path(s) for 2 prioritized culture(s) in 0.123219 seconds
[2017.09.21-07.52.50:191][  0]LogUObjectArray: 35825 objects as part of root set at end of initial load.
[2017.09.21-07.52.50:191][  0]LogUObjectAllocator: 7529104 out of 0 bytes used by permanent object pool.
[2017.09.21-07.52.50:191][  0]LogUObjectArray: CloseDisregardForGC: 0/0 objects in disregard for GC pool
[2017.09.21-07.52.50:350][  0]LogInit: WinSock: version 1.1 (2.2), MaxSocks=32767, MaxUdp=65467
[2017.09.21-07.53.50:280][  0]LogTcpMessaging: Initializing TcpMessaging bridge
[2017.09.21-07.53.50:384][  0]LogUdpMessaging: Initializing bridge on interface 0.0.0.0:0 to multicast group 230.0.0.1:6666.
[2017.09.21-07.53.53:691][  0]LogConfig: Warning: Failed to saved backup for config[InternationalizationExport]
[2017.09.21-07.53.54:295][  0]LogMaterial: Uniform references updated for custom material expression Custom.
[2017.09.21-07.53.55:899][  0]SourceControl: Source control is disabled
[2017.09.21-07.53.55:899][  0]SourceControl: Source control is disabled
[2017.09.21-07.53.56:203][  0]SourceControl: Source control is disabled
[2017.09.21-07.53.56:347][  0]SourceControl: Source control is disabled
[2017.09.21-07.53.57:675][  0]LogAssetRegistry: Error: Failed to open file for write ../../../../../../Users/Raymond Aoukar/Desktop/Computer Game Design/repository/PewPewGames/Game/Intermediate/CachedAssetRegistry.bin
[2017.09.21-07.53.58:350][  0]LogAndroidPermission: UAndroidPermissionCallbackProxy::GetInstance
[2017.09.21-07.53.58:740][  0]LogOcInput: OculusInput pre-init called
[2017.09.21-07.53.59:824][  0]LogEngine: Initializing Engine...
[2017.09.21-07.53.59:887][  0]LogHMD: Failed to initialize OpenVR with code 110
[2017.09.21-07.54.00:385][  0]LogStats: UGameplayTagsManager::ConstructGameplayTagTree: Construct from data asset -  0.000 s
[2017.09.21-07.54.00:386][  0]LogStats: UGameplayTagsManager::ConstructGameplayTagTree: GameplayTagTreeChangedEvent.Broadcast -  0.000 s
[2017.09.21-07.54.01:180][  0]LogAIModule: Creating AISystem for world Untitled
[2017.09.21-07.54.01:470][  0]LogInit: XAudio2 using 'Speakers (Realtek High Definition Audio)' : 2 channels at 48 kHz using 32 bits per sample (channel mask 0x3)
[2017.09.21-07.54.02:023][  0]LogInit: FAudioDevice initialized.
[2017.09.21-07.54.04:103][  0]LogDerivedDataCache: Saved boot cache 2.08s 93MB C:/Users/Raymond Aoukar/AppData/Local/UnrealEngine/4.17/DerivedDataCache/Boot.ddc.
[2017.09.21-07.54.04:145][  0]LogInit: Texture streaming: Enabled
[2017.09.21-07.54.04:516][  0]LogEngineSessionManager: EngineSessionManager initialized
[2017.09.21-07.54.05:921][  0]LogInit: Transaction tracking system initialized
[2017.09.21-07.54.07:119][  0]BlueprintLog: New page: Editor Load
[2017.09.21-07.54.10:991][  0]LocalizationService: Localization service is disabled
[2017.09.21-07.54.13:544][  0]LogConsoleResponse: Display: 
[2017.09.21-07.54.17:258][  0]LogFileCache: Scanning file cache for directory 'C:/Users/Raymond Aoukar/Desktop/Computer Game Design/repository/PewPewGames/Game/Content/' took 0.04s
[2017.09.21-07.54.17:258][  0]LogCook: Display: Max memory allowance for cook 16384mb min free memory 0mb
[2017.09.21-07.54.17:259][  0]LogCook: Display: Mobile HDR setting 1
[2017.09.21-07.54.17:351][  0]LogGameplayTags: Display: UGameplayTagsManager::DoneAddingNativeTags. DelegateIsBound: 0
[2017.09.21-07.54.22:335][  0]SourceControl: Source control is disabled
[2017.09.21-07.54.22:393][  0]LightingResults: New page: Lighting Build
[2017.09.21-07.54.22:634][  0]MapCheck: New page: Map Check
[2017.09.21-07.54.22:634][  0]LightingResults: New page: Lighting Build
[2017.09.21-07.54.26:112][  0]LogBlueprint: Warning: [Compiler Ue4ASP_Character] InputAction Event references unknown Action 'Crouch' for  InputAction Crouch
[2017.09.21-07.54.26:122][  0]LogBlueprint: Warning: [Compiler Ue4ASP_Character] [0176.11] Compile of Ue4ASP_Character successful, but with 1 Warning(s) [in 37 ms] (/Game/AnimStarterPack/Ue4ASP_Character.Ue4ASP_Character)
[2017.09.21-07.54.30:517][  0]LogAIModule: Creating AISystem for world FirstPersonExampleMap
[2017.09.21-07.54.31:915][  0]LogEditorServer: Finished looking for orphan Actors (0.000 secs)
[2017.09.21-07.54.32:137][  0]Cmd: MAP CHECKDEP NOCLEARLOG
[2017.09.21-07.54.32:221][  0]MapCheck: Map check complete: 0 Error(s), 0 Warning(s), took 84.021ms to complete.
[2017.09.21-07.54.32:221][  0]LogFileHelpers: Loading map 'FirstPersonExampleMap' took 9.866
[2017.09.21-07.54.34:490][  0]LogCollectionManager: Loaded 0 collections in 0.003444 seconds
[2017.09.21-07.54.34:943][  0]LogFileCache: Scanning file cache for directory 'C:/Users/Raymond Aoukar/Desktop/Computer Game Design/repository/PewPewGames/Game/Saved/Collections/' took 0.01s
[2017.09.21-07.54.34:944][  0]LogFileCache: Scanning file cache for directory 'C:/Users/Raymond Aoukar/Desktop/Computer Game Design/repository/PewPewGames/Game/Content/Developers/RaymondAoukar/Collections/' took 0.01s
[2017.09.21-07.54.34:944][  0]LogFileCache: Scanning file cache for directory 'C:/Users/Raymond Aoukar/Desktop/Computer Game Design/repository/PewPewGames/Game/Content/Collections/' took 0.01s
[2017.09.21-07.54.34:944][  0]LogCollectionManager: Rebuilt the GUID cache for 0 collections in 0.000002 seconds
[2017.09.21-07.54.35:005][  0]LogContentBrowser: Native class hierarchy populated in 0.0427 seconds. Added 2386 classes and 500 folders.
[2017.09.21-07.54.35:215][  0]LogContentBrowser: Native class hierarchy updated for 'WidgetCarousel' in 0.0313 seconds. Added 0 classes and 0 folders.
[2017.09.21-07.54.38:738][  0]LogContentBrowser: Native class hierarchy updated for 'AddContentDialog' in 0.0020 seconds. Added 0 classes and 0 folders.
[2017.09.21-07.54.39:071][  0]LogContentBrowser: Native class hierarchy updated for 'SceneOutliner' in 0.0038 seconds. Added 1 classes and 2 folders.
[2017.09.21-07.54.39:972][  0]LogSlate: Took 0.024293 seconds to synchronously load lazily loaded font '../../../Engine/Content/Slate/Fonts/Roboto-Regular.ttf' (155K)
[2017.09.21-07.54.40:011][  0]LogSlate: Took 0.011370 seconds to synchronously load lazily loaded font '../../../Engine/Content/Slate/Fonts/Roboto-Bold.ttf' (160K)
[2017.09.21-07.54.40:115][  0]LogSlate: Took 0.032010 seconds to synchronously load lazily loaded font '../../../Engine/Content/Editor/Slate/Fonts/FontAwesome.ttf' (139K)
[2017.09.21-07.54.40:865][  0]LogRenderer: Reallocating scene render targets to support 1208x576 Format 10 NumSamples 1 (Frame:1).
[2017.09.21-07.54.42:636][  0]LogContentBrowser: Native class hierarchy updated for 'HierarchicalLODOutliner' in 0.0010 seconds. Added 1 classes and 2 folders.
[2017.09.21-07.54.42:636][  0]LogLoad: (Engine Initialization) Total time: 192.62 seconds
[2017.09.21-07.54.42:636][  0]LogLoad: (Engine Initialization) Total Blueprint compile time: 0.00 seconds
[2017.09.21-07.54.42:637][  0]LogExternalProfiler: Found external profiler: VSPerf
[2017.09.21-07.54.42:637][  0]LogExternalProfiler: Using external profiler: VSPerf
[2017.09.21-07.54.43:071][  0]LogContentStreaming: Texture pool size now 1000 MB
[2017.09.21-07.54.44:093][  3]LogAssetRegistry: Asset discovery search completed in 133.7052 seconds
[2017.09.21-07.54.44:097][  3]LogCollectionManager: Rebuilt the object cache for 0 collections in 0.000001 seconds (found 0 objects)
[2017.09.21-07.54.44:097][  3]LogCollectionManager: Fixed up redirectors for 0 collections in 0.000103 seconds (updated 0 objects)
[2017.09.21-07.54.44:126][  3]LogSlate: Took 0.014052 seconds to synchronously load lazily loaded font '../../../Engine/Content/Slate/Fonts/Roboto-Light.ttf' (159K)
[2017.09.21-07.55.15:580][388]LogSlate: Took 0.000521 seconds to synchronously load lazily loaded font '../../../Engine/Content/Slate/Fonts/Roboto-Light.ttf' (159K)
[2017.09.21-07.55.15:653][388]LogFactory: FactoryCreateFile: Texture with ReimportTextureFactory (0 0 ../../../../../../Users/Raymond Aoukar/Desktop/Computer Game Design/Splatter-Frame-psd70725.png)
[2017.09.21-07.55.15:680][388]LogTexture: Display: Building textures: Splatter-Frame-psd70725 (AutoDXT, 400X300)
[2017.09.21-07.55.38:042][153]LogContentBrowser: Native class hierarchy updated for 'TextureEditor' in 0.0017 seconds. Added 1 classes and 2 folders.
[2017.09.21-07.56.40:999][640]LogSlate: Took 0.002752 seconds to synchronously load lazily loaded font '../../../Engine/Content/Slate/Fonts/Roboto-Regular.ttf' (155K)
[2017.09.21-07.56.41:495][640]LogContentBrowser: Native class hierarchy updated for 'BlueprintGraph' in 0.0017 seconds. Added 113 classes and 0 folders.
[2017.09.21-07.56.43:821][640]LogSlate: Took 0.044558 seconds to synchronously load lazily loaded font '../../../Engine/Content/Editor/Slate/Fonts/Roboto-BoldCondensed.ttf' (158K)
[2017.09.21-07.58.02:731][100]LogSlate: Took 0.005161 seconds to synchronously load lazily loaded font '../../../Engine/Content/Slate/Fonts/Roboto-Light.ttf' (159K)
[2017.09.21-07.58.56:310][261]LogEditorTransaction: Undo Changed Anchors
[2017.09.21-07.58.56:623][278]LogEditorTransaction: Undo Edit Image
[2017.09.21-07.59.34:988][340]PIE: UWidget::RemoveFromParent() called on '/Engine/Transient.Image_467' which has no UMG parent (if it was added directly to a native Slate widget via TakeWidget() then it must be removed explicitly rather than via RemoveFromParent())
[2017.09.21-07.59.35:035][340]PIE: UWidget::RemoveFromParent() called on '/Engine/Transient.Image_1' which has no UMG parent (if it was added directly to a native Slate widget via TakeWidget() then it must be removed explicitly rather than via RemoveFromParent())
[2017.09.21-07.59.35:041][340]PIE: UWidget::RemoveFromParent() called on '/Engine/Transient.Image_3' which has no UMG parent (if it was added directly to a native Slate widget via TakeWidget() then it must be removed explicitly rather than via RemoveFromParent())
[2017.09.21-07.59.35:078][341]PIE: UWidget::RemoveFromParent() called on '/Engine/Transient.Image_5' which has no UMG parent (if it was added directly to a native Slate widget via TakeWidget() then it must be removed explicitly rather than via RemoveFromParent())
[2017.09.21-07.59.35:082][341]PIE: UWidget::RemoveFromParent() called on '/Engine/Transient.Image_7' which has no UMG parent (if it was added directly to a native Slate widget via TakeWidget() then it must be removed explicitly rather than via RemoveFromParent())
[2017.09.21-07.59.35:101][342]PIE: UWidget::RemoveFromParent() called on '/Engine/Transient.Image_9' which has no UMG parent (if it was added directly to a native Slate widget via TakeWidget() then it must be removed explicitly rather than via RemoveFromParent())
[2017.09.21-07.59.35:105][342]PIE: UWidget::RemoveFromParent() called on '/Engine/Transient.Image_11' which has no UMG parent (if it was added directly to a native Slate widget via TakeWidget() then it must be removed explicitly rather than via RemoveFromParent())
[2017.09.21-07.59.35:120][343]PIE: UWidget::RemoveFromParent() called on '/Engine/Transient.Image_13' which has no UMG parent (if it was added directly to a native Slate widget via TakeWidget() then it must be removed explicitly rather than via RemoveFromParent())
[2017.09.21-07.59.35:123][343]PIE: UWidget::RemoveFromParent() called on '/Engine/Transient.Image_15' which has no UMG parent (if it was added directly to a native Slate widget via TakeWidget() then it must be removed explicitly rather than via RemoveFromParent())
[2017.09.21-07.59.35:141][344]PIE: UWidget::RemoveFromParent() called on '/Engine/Transient.Image_17' which has no UMG parent (if it was added directly to a native Slate widget via TakeWidget() then it must be removed explicitly rather than via RemoveFromParent())
[2017.09.21-07.59.35:144][344]PIE: UWidget::RemoveFromParent() called on '/Engine/Transient.Image_19' which has no UMG parent (if it was added directly to a native Slate widget via TakeWidget() then it must be removed explicitly rather than via RemoveFromParent())
[2017.09.21-07.59.35:160][345]PIE: UWidget::RemoveFromParent() called on '/Engine/Transient.Image_21' which has no UMG parent (if it was added directly to a native Slate widget via TakeWidget() then it must be removed explicitly rather than via RemoveFromParent())
[2017.09.21-07.59.35:163][345]PIE: UWidget::RemoveFromParent() called on '/Engine/Transient.Image_23' which has no UMG parent (if it was added directly to a native Slate widget via TakeWidget() then it must be removed explicitly rather than via RemoveFromParent())
[2017.09.21-07.59.35:188][346]PIE: UWidget::RemoveFromParent() called on '/Engine/Transient.Image_25' which has no UMG parent (if it was added directly to a native Slate widget via TakeWidget() then it must be removed explicitly rather than via RemoveFromParent())
[2017.09.21-07.59.35:191][346]PIE: UWidget::RemoveFromParent() called on '/Engine/Transient.Image_27' which has no UMG parent (if it was added directly to a native Slate widget via TakeWidget() then it must be removed explicitly rather than via RemoveFromParent())
[2017.09.21-07.59.35:216][347]PIE: UWidget::RemoveFromParent() called on '/Engine/Transient.Image_29' which has no UMG parent (if it was added directly to a native Slate widget via TakeWidget() then it must be removed explicitly rather than via RemoveFromParent())
[2017.09.21-07.59.35:219][347]PIE: UWidget::RemoveFromParent() called on '/Engine/Transient.Image_31' which has no UMG parent (if it was added directly to a native Slate widget via TakeWidget() then it must be removed explicitly rather than via RemoveFromParent())
[2017.09.21-07.59.35:252][348]PIE: UWidget::RemoveFromParent() called on '/Engine/Transient.Image_33' which has no UMG parent (if it was added directly to a native Slate widget via TakeWidget() then it must be removed explicitly rather than via RemoveFromParent())
[2017.09.21-07.59.35:256][348]PIE: UWidget::RemoveFromParent() called on '/Engine/Transient.Image_35' which has no UMG parent (if it was added directly to a native Slate widget via TakeWidget() then it must be removed explicitly rather than via RemoveFromParent())
[2017.09.21-07.59.35:280][349]PIE: UWidget::RemoveFromParent() called on '/Engine/Transient.Image_37' which has no UMG parent (if it was added directly to a native Slate widget via TakeWidget() then it must be removed explicitly rather than via RemoveFromParent())
[2017.09.21-07.59.35:282][349]PIE: UWidget::RemoveFromParent() called on '/Engine/Transient.Image_39' which has no UMG parent (if it was added directly to a native Slate widget via TakeWidget() then it must be removed explicitly rather than via RemoveFromParent())
[2017.09.21-07.59.35:309][350]PIE: UWidget::RemoveFromParent() called on '/Engine/Transient.Image_41' which has no UMG parent (if it was added directly to a native Slate widget via TakeWidget() then it must be removed explicitly rather than via RemoveFromParent())
[2017.09.21-07.59.35:338][351]PIE: UWidget::RemoveFromParent() called on '/Engine/Transient.Image_43' which has no UMG parent (if it was added directly to a native Slate widget via TakeWidget() then it must be removed explicitly rather than via RemoveFromParent())
[2017.09.21-07.59.35:364][352]PIE: UWidget::RemoveFromParent() called on '/Engine/Transient.Image_45' which has no UMG parent (if it was added directly to a native Slate widget via TakeWidget() then it must be removed explicitly rather than via RemoveFromParent())
[2017.09.21-07.59.35:367][352]PIE: UWidget::RemoveFromParent() called on '/Engine/Transient.Image_47' which has no UMG parent (if it was added directly to a native Slate widget via TakeWidget() then it must be removed explicitly rather than via RemoveFromParent())
[2017.09.21-07.59.35:393][353]PIE: UWidget::RemoveFromParent() called on '/Engine/Transient.Image_49' which has no UMG parent (if it was added directly to a native Slate widget via TakeWidget() then it must be removed explicitly rather than via RemoveFromParent())
[2017.09.21-07.59.35:421][354]PIE: UWidget::RemoveFromParent() called on '/Engine/Transient.Image_51' which has no UMG parent (if it was added directly to a native Slate widget via TakeWidget() then it must be removed explicitly rather than via RemoveFromParent())
[2017.09.21-07.59.35:423][354]PIE: UWidget::RemoveFromParent() called on '/Engine/Transient.Image_53' which has no UMG parent (if it was added directly to a native Slate widget via TakeWidget() then it must be removed explicitly rather than via RemoveFromParent())
[2017.09.21-07.59.35:449][355]PIE: UWidget::RemoveFromParent() called on '/Engine/Transient.Image_55' which has no UMG parent (if it was added directly to a native Slate widget via TakeWidget() then it must be removed explicitly rather than via RemoveFromParent())
[2017.09.21-07.59.35:475][356]PIE: UWidget::RemoveFromParent() called on '/Engine/Transient.Image_57' which has no UMG parent (if it was added directly to a native Slate widget via TakeWidget() then it must be removed explicitly rather than via RemoveFromParent())
[2017.09.21-07.59.35:478][356]PIE: UWidget::RemoveFromParent() called on '/Engine/Transient.Image_59' which has no UMG parent (if it was added directly to a native Slate widget via TakeWidget() then it must be removed explicitly rather than via RemoveFromParent())
[2017.09.21-07.59.35:505][357]PIE: UWidget::RemoveFromParent() called on '/Engine/Transient.Image_61' which has no UMG parent (if it was added directly to a native Slate widget via TakeWidget() then it must be removed explicitly rather than via RemoveFromParent())
[2017.09.21-07.59.35:508][357]PIE: UWidget::RemoveFromParent() called on '/Engine/Transient.Image_63' which has no UMG parent (if it was added directly to a native Slate widget via TakeWidget() then it must be removed explicitly rather than via RemoveFromParent())
[2017.09.21-07.59.35:532][358]PIE: UWidget::RemoveFromParent() called on '/Engine/Transient.Image_65' which has no UMG parent (if it was added directly to a native Slate widget via TakeWidget() then it must be removed explicitly rather than via RemoveFromParent())
[2017.09.21-07.59.35:534][358]PIE: UWidget::RemoveFromParent() called on '/Engine/Transient.Image_67' which has no UMG parent (if it was added directly to a native Slate widget via TakeWidget() then it must be removed explicitly rather than via RemoveFromParent())
[2017.09.21-07.59.35:570][359]PIE: UWidget::RemoveFromParent() called on '/Engine/Transient.Image_69' which has no UMG parent (if it was added directly to a native Slate widget via TakeWidget() then it must be removed explicitly rather than via RemoveFromParent())
[2017.09.21-07.59.35:596][360]PIE: UWidget::RemoveFromParent() called on '/Engine/Transient.Image_71' which has no UMG parent (if it was added directly to a native Slate widget via TakeWidget() then it must be removed explicitly rather than via RemoveFromParent())
[2017.09.21-07.59.35:598][360]PIE: UWidget::RemoveFromParent() called on '/Engine/Transient.Image_73' which has no UMG parent (if it was added directly to a native Slate widget via TakeWidget() then it must be removed explicitly rather than via RemoveFromParent())
[2017.09.21-07.59.35:625][361]PIE: UWidget::RemoveFromParent() called on '/Engine/Transient.Image_75' which has no UMG parent (if it was added directly to a native Slate widget via TakeWidget() then it must be removed explicitly rather than via RemoveFromParent())
[2017.09.21-07.59.35:652][362]PIE: UWidget::RemoveFromParent() called on '/Engine/Transient.Image_77' which has no UMG parent (if it was added directly to a native Slate widget via TakeWidget() then it must be removed explicitly rather than via RemoveFromParent())
[2017.09.21-07.59.35:655][362]PIE: UWidget::RemoveFromParent() called on '/Engine/Transient.Image_79' which has no UMG parent (if it was added directly to a native Slate widget via TakeWidget() then it must be removed explicitly rather than via RemoveFromParent())
[2017.09.21-07.59.35:680][363]PIE: UWidget::RemoveFromParent() called on '/Engine/Transient.Image_81' which has no UMG parent (if it was added directly to a native Slate widget via TakeWidget() then it must be removed explicitly rather than via RemoveFromParent())
[2017.09.21-07.59.35:682][363]PIE: UWidget::RemoveFromParent() called on '/Engine/Transient.Image_83' which has no UMG parent (if it was added directly to a native Slate widget via TakeWidget() then it must be removed explicitly rather than via RemoveFromParent())
[2017.09.21-07.59.35:708][364]PIE: UWidget::RemoveFromParent() called on '/Engine/Transient.Image_85' which has no UMG parent (if it was added directly to a native Slate widget via TakeWidget() then it must be removed explicitly rather than via RemoveFromParent())
[2017.09.21-07.59.35:711][364]PIE: UWidget::RemoveFromParent() called on '/Engine/Transient.Image_87' which has no UMG parent (if it was added directly to a native Slate widget via TakeWidget() then it must be removed explicitly rather than via RemoveFromParent())
[2017.09.21-07.59.35:738][365]PIE: UWidget::RemoveFromParent() called on '/Engine/Transient.Image_89' which has no UMG parent (if it was added directly to a native Slate widget via TakeWidget() then it must be removed explicitly rather than via RemoveFromParent())
[2017.09.21-07.59.35:764][366]PIE: UWidget::RemoveFromParent() called on '/Engine/Transient.Image_91' which has no UMG parent (if it was added directly to a native Slate widget via TakeWidget() then it must be removed explicitly rather than via RemoveFromParent())
[2017.09.21-07.59.35:767][366]PIE: UWidget::RemoveFromParent() called on '/Engine/Transient.Image_93' which has no UMG parent (if it was added directly to a native Slate widget via TakeWidget() then it must be removed explicitly rather than via RemoveFromParent())
[2017.09.21-07.59.35:791][367]PIE: UWidget::RemoveFromParent() called on '/Engine/Transient.Image_95' which has no UMG parent (if it was added directly to a native Slate widget via TakeWidget() then it must be removed explicitly rather than via RemoveFromParent())
[2017.09.21-07.59.35:794][367]PIE: UWidget::RemoveFromParent() called on '/Engine/Transient.Image_97' which has no UMG parent (if it was added directly to a native Slate widget via TakeWidget() then it must be removed explicitly rather than via RemoveFromParent())
[2017.09.21-07.59.35:822][368]PIE: UWidget::RemoveFromParent() called on '/Engine/Transient.Image_99' which has no UMG parent (if it was added directly to a native Slate widget via TakeWidget() then it must be removed explicitly rather than via RemoveFromParent())
[2017.09.21-07.59.35:848][369]PIE: UWidget::RemoveFromParent() called on '/Engine/Transient.Image_101' which has no UMG parent (if it was added directly to a native Slate widget via TakeWidget() then it must be removed explicitly rather than via RemoveFromParent())
[2017.09.21-07.59.35:876][370]PIE: UWidget::RemoveFromParent() called on '/Engine/Transient.Image_103' which has no UMG parent (if it was added directly to a native Slate widget via TakeWidget() then it must be removed explicitly rather than via RemoveFromParent())
[2017.09.21-07.59.35:908][371]PIE: UWidget::RemoveFromParent() called on '/Engine/Transient.Image_105' which has no UMG parent (if it was added directly to a native Slate widget via TakeWidget() then it must be removed explicitly rather than via RemoveFromParent())
[2017.09.21-07.59.35:940][372]PIE: UWidget::RemoveFromParent() called on '/Engine/Transient.Image_107' which has no UMG parent (if it was added directly to a native Slate widget via TakeWidget() then it must be removed explicitly rather than via RemoveFromParent())
[2017.09.21-07.59.35:942][372]PIE: UWidget::RemoveFromParent() called on '/Engine/Transient.Image_109' which has no UMG parent (if it was added directly to a native Slate widget via TakeWidget() then it must be removed explicitly rather than via RemoveFromParent())
[2017.09.21-07.59.35:967][373]PIE: UWidget::RemoveFromParent() called on '/Engine/Transient.Image_111' which has no UMG parent (if it was added directly to a native Slate widget via TakeWidget() then it must be removed explicitly rather than via RemoveFromParent())
[2017.09.21-07.59.35:971][373]PIE: UWidget::RemoveFromParent() called on '/Engine/Transient.Image_113' which has no UMG parent (if it was added directly to a native Slate widget via TakeWidget() then it must be removed explicitly rather than via RemoveFromParent())
[2017.09.21-07.59.35:997][374]PIE: UWidget::RemoveFromParent() called on '/Engine/Transient.Image_115' which has no UMG parent (if it was added directly to a native Slate widget via TakeWidget() then it must be removed explicitly rather than via RemoveFromParent())
[2017.09.21-07.59.36:024][375]PIE: UWidget::RemoveFromParent() called on '/Engine/Transient.Image_117' which has no UMG parent (if it was added directly to a native Slate widget via TakeWidget() then it must be removed explicitly rather than via RemoveFromParent())
[2017.09.21-07.59.36:053][376]PIE: UWidget::RemoveFromParent() called on '/Engine/Transient.Image_119' which has no UMG parent (if it was added directly to a native Slate widget via TakeWidget() then it must be removed explicitly rather than via RemoveFromParent())
[2017.09.21-07.59.36:079][377]PIE: UWidget::RemoveFromParent() called on '/Engine/Transient.Image_121' which has no UMG parent (if it was added directly to a native Slate widget via TakeWidget() then it must be removed explicitly rather than via RemoveFromParent())
[2017.09.21-07.59.36:082][377]PIE: UWidget::RemoveFromParent() called on '/Engine/Transient.Image_123' which has no UMG parent (if it was added directly to a native Slate widget via TakeWidget() then it must be removed explicitly rather than via RemoveFromParent())
[2017.09.21-07.59.36:109][378]PIE: UWidget::RemoveFromParent() called on '/Engine/Transient.Image_125' which has no UMG parent (if it was added directly to a native Slate widget via TakeWidget() then it must be removed explicitly rather than via RemoveFromParent())
[2017.09.21-07.59.36:138][379]PIE: UWidget::RemoveFromParent() called on '/Engine/Transient.Image_127' which has no UMG parent (if it was added directly to a native Slate widget via TakeWidget() then it must be removed explicitly rather than via RemoveFromParent())
[2017.09.21-07.59.36:165][380]PIE: UWidget::RemoveFromParent() called on '/Engine/Transient.Image_129' which has no UMG parent (if it was added directly to a native Slate widget via TakeWidget() then it must be removed explicitly rather than via RemoveFromParent())
[2017.09.21-07.59.36:193][381]PIE: UWidget::RemoveFromParent() called on '/Engine/Transient.Image_131' which has no UMG parent (if it was added directly to a native Slate widget via TakeWidget() then it must be removed explicitly rather than via RemoveFromParent())
[2017.09.21-07.59.36:222][382]PIE: UWidget::RemoveFromParent() called on '/Engine/Transient.Image_133' which has no UMG parent (if it was added directly to a native Slate widget via TakeWidget() then it must be removed explicitly rather than via RemoveFromParent())
[2017.09.21-07.59.36:225][382]PIE: UWidget::RemoveFromParent() called on '/Engine/Transient.Image_135' which has no UMG parent (if it was added directly to a native Slate widget via TakeWidget() then it must be removed explicitly rather than via RemoveFromParent())
[2017.09.21-07.59.36:257][383]PIE: UWidget::RemoveFromParent() called on '/Engine/Transient.Image_137' which has no UMG parent (if it was added directly to a native Slate widget via TakeWidget() then it must be removed explicitly rather than via RemoveFromParent())
[2017.09.21-07.59.36:286][384]PIE: UWidget::RemoveFromParent() called on '/Engine/Transient.Image_139' which has no UMG parent (if it was added directly to a native Slate widget via TakeWidget() then it must be removed explicitly rather than via RemoveFromParent())
[2017.09.21-07.59.36:313][385]PIE: UWidget::RemoveFromParent() called on '/Engine/Transient.Image_141' which has no UMG parent (if it was added directly to a native Slate widget via TakeWidget() then it must be removed explicitly rather than via RemoveFromParent())
[2017.09.21-08.00.26:167][161]BlueprintLog: New page: Compile Blood_effect_HUD
[2017.09.21-08.00.34:984][649]Cmd: TRANSACTION UNDO
[2017.09.21-08.00.34:984][649]LogEditorTransaction: Undo Changed Anchors
[2017.09.21-08.00.35:929][683]Cmd: TRANSACTION UNDO
[2017.09.21-08.00.35:929][683]LogEditorTransaction: Undo Changed Anchors
[2017.09.21-08.00.36:303][695]Cmd: TRANSACTION UNDO
[2017.09.21-08.00.36:303][695]LogEditorTransaction: Undo Move Anchor
[2017.09.21-08.00.36:637][706]Cmd: TRANSACTION UNDO
[2017.09.21-08.00.36:637][706]LogEditorTransaction: Undo Changed Anchors
[2017.09.21-08.00.36:958][717]Cmd: TRANSACTION UNDO
[2017.09.21-08.00.36:959][717]LogEditorTransaction: Undo Move Widget
[2017.09.21-08.00.37:339][730]Cmd: TRANSACTION UNDO
[2017.09.21-08.00.37:339][730]LogEditorTransaction: Undo Remove Widget
[2017.09.21-08.00.37:800][746]Cmd: TRANSACTION UNDO
[2017.09.21-08.00.37:800][746]LogEditorTransaction: Undo Add Widget
[2017.09.21-08.00.38:351][766]Cmd: TRANSACTION UNDO
[2017.09.21-08.00.38:351][766]LogEditorTransaction: Undo Add Widget
[2017.09.21-08.00.39:114][794]Cmd: TRANSACTION UNDO
[2017.09.21-08.00.39:114][794]LogEditorTransaction: Undo Move Actors
[2017.09.21-08.00.39:604][811]Cmd: TRANSACTION UNDO
[2017.09.21-08.00.39:604][811]LogEditorTransaction: Undo Clicking on Actors
[2017.09.21-08.00.54:535][112]LogAssetTools: Warning: Failed to delete '/Game/PPGContent/Characters/Player/Splatter-Frame-psd70725'. The asset is referenced by other content.
[2017.09.21-08.00.59:132][199]Cmd: QUIT_EDITOR
[2017.09.21-08.00.59:270][199]LogWindowsTextInputMethodSystem: Display: IME system now deactivated.
[2017.09.21-08.00.59:334][199]LogExit: Preparing to exit.
[2017.09.21-08.00.59:778][199]LogDirectoryWatcher: A directory notification for 'C:/Users/Raymond Aoukar/Desktop/Computer Game Design/repository/PewPewGames/Game/Content/' was aborted.
[2017.09.21-08.00.59:857][199]LogExit: Editor shut down
[2017.09.21-08.00.59:861][199]LogExit: Transaction tracking system shut down
[2017.09.21-08.01.00:017][199]LogDirectoryWatcher: A directory notification for '../../../Engine/Content/' was aborted.
[2017.09.21-08.01.00:017][199]LogDirectoryWatcher: A directory notification for '../../../../../../Users/Raymond Aoukar/Desktop/Computer Game Design/repository/PewPewGames/Game/Content/' was aborted.
[2017.09.21-08.01.00:017][199]LogDirectoryWatcher: A directory notification for '../../../Engine/Plugins/2D/Paper2D/Content/' was aborted.
[2017.09.21-08.01.00:018][199]LogDirectoryWatcher: A directory notification for '../../../Engine/Plugins/Runtime/Oculus/OculusVR/Content/' was aborted.
[2017.09.21-08.01.00:018][199]LogDirectoryWatcher: A directory notification for '../../../Engine/Plugins/Runtime/Steam/SteamVR/Content/' was aborted.
[2017.09.21-08.01.00:436][199]LogExit: Object subsystem successfully closed.
[2017.09.21-08.01.00:527][199]LogD3D11RHI: Shutdown
[2017.09.21-08.01.00:527][199]LogD3D11RHI: CleanupD3DDevice
[2017.09.21-08.01.00:619][199]LogD3D11RHI: ~FD3D11DynamicRHI
[2017.09.21-08.01.00:870][199]LogModuleManager: Shutting down and abandoning module SequencerWidgets (538)
[2017.09.21-08.01.00:870][199]LogModuleManager: Shutting down and abandoning module BlueprintGraph (536)
[2017.09.21-08.01.00:870][199]LogModuleManager: Shutting down and abandoning module BlueprintProfiler (534)
[2017.09.21-08.01.00:893][199]LogModuleManager: Shutting down and abandoning module TextureEditor (532)
[2017.09.21-08.01.00:894][199]LogModuleManager: Shutting down and abandoning module HierarchicalLODOutliner (530)
[2017.09.21-08.01.00:894][199]LogModuleManager: Shutting down and abandoning module SceneOutliner (528)
[2017.09.21-08.01.00:894][199]LogModuleManager: Shutting down and abandoning module AddContentDialog (526)
[2017.09.21-08.01.00:895][199]LogDirectoryWatcher: A directory notification for 'C:/Program Files/Epic Games/UE_4.17/FeaturePacks/' was aborted.
[2017.09.21-08.01.00:899][199]LogModuleManager: Shutting down and abandoning module WidgetCarousel (525)
[2017.09.21-08.01.00:899][199]LogModuleManager: Shutting down and abandoning module EditorWidgets (522)
[2017.09.21-08.01.00:899][199]LogModuleManager: Shutting down and abandoning module CollectionManager (520)
[2017.09.21-08.01.00:899][199]LogDirectoryWatcher: A directory notification for 'C:/Users/Raymond Aoukar/Desktop/Computer Game Design/repository/PewPewGames/Game/Content/Collections/' was aborted.
[2017.09.21-08.01.00:900][199]LogDirectoryWatcher: A directory notification for 'C:/Users/Raymond Aoukar/Desktop/Computer Game Design/repository/PewPewGames/Game/Content/Developers/RaymondAoukar/Collections/' was aborted.
[2017.09.21-08.01.00:900][199]LogDirectoryWatcher: A directory notification for 'C:/Users/Raymond Aoukar/Desktop/Computer Game Design/repository/PewPewGames/Game/Saved/Collections/' was aborted.
[2017.09.21-08.01.00:901][199]LogModuleManager: Shutting down and abandoning module StatsViewer (518)
[2017.09.21-08.01.00:901][199]LogModuleManager: Shutting down and abandoning module FoliageEdit (516)
[2017.09.21-08.01.00:901][199]LogModuleManager: Shutting down and abandoning module LandscapeEditor (514)
[2017.09.21-08.01.00:916][199]LogModuleManager: Shutting down and abandoning module MeshPaintMode (512)
[2017.09.21-08.01.00:916][199]LogModuleManager: Shutting down and abandoning module SceneDepthPickerMode (510)
[2017.09.21-08.01.00:916][199]LogModuleManager: Shutting down and abandoning module ActorPickerMode (508)
[2017.09.21-08.01.00:916][199]LogModuleManager: Shutting down and abandoning module GeometryMode (506)
[2017.09.21-08.01.00:916][199]LogModuleManager: Shutting down and abandoning module TextureAlignMode (504)
[2017.09.21-08.01.00:916][199]LogModuleManager: Shutting down and abandoning module BspMode (502)
[2017.09.21-08.01.00:917][199]LogModuleManager: Shutting down and abandoning module PIEPreviewDeviceProfileSelector (500)
[2017.09.21-08.01.00:917][199]LogModuleManager: Shutting down and abandoning module HardwareSurvey (498)
[2017.09.21-08.01.00:917][199]LogModuleManager: Shutting down and abandoning module SequenceRecorderSections (496)
[2017.09.21-08.01.00:917][199]LogModuleManager: Shutting down and abandoning module AutomationWorker (494)
[2017.09.21-08.01.00:917][199]LogModuleManager: Shutting down and abandoning module MatineeToLevelSequence (492)
[2017.09.21-08.01.00:917][199]LogModuleManager: Shutting down and abandoning module LevelSequenceEditor (490)
[2017.09.21-08.01.00:927][199]LogModuleManager: Shutting down and abandoning module PlacementMode (489)
[2017.09.21-08.01.00:928][199]LogModuleManager: Shutting down and abandoning module WmfMediaFactory (486)
[2017.09.21-08.01.00:928][199]LogModuleManager: Shutting down and abandoning module WmfMediaEditor (484)
[2017.09.21-08.01.00:928][199]LogModuleManager: Shutting down and abandoning module AvfMediaFactory (482)
[2017.09.21-08.01.00:928][199]LogModuleManager: Shutting down and abandoning module AvfMediaEditor (480)
[2017.09.21-08.01.00:928][199]LogModuleManager: Shutting down and abandoning module AndroidMediaFactory (478)
[2017.09.21-08.01.00:928][199]LogModuleManager: Shutting down and abandoning module Media (477)
[2017.09.21-08.01.00:928][199]LogModuleManager: Shutting down and abandoning module AndroidMediaEditor (474)
[2017.09.21-08.01.00:928][199]LogModuleManager: Shutting down and abandoning module CharacterAI (472)
[2017.09.21-08.01.00:928][199]LogModuleManager: Shutting down and abandoning module AudioCapture (470)
[2017.09.21-08.01.00:928][199]LogModuleManager: Shutting down and abandoning module SequenceRecorder (469)
[2017.09.21-08.01.00:928][199]LogModuleManager: Shutting down and abandoning module SmartSnapping (466)
[2017.09.21-08.01.00:928][199]LogModuleManager: Shutting down and abandoning module SessionServices (464)
[2017.09.21-08.01.00:928][199]LogModuleManager: Shutting down and abandoning module ViewportSnapping (462)
[2017.09.21-08.01.00:929][199]LogModuleManager: Shutting down and abandoning module ViewportInteraction (460)
[2017.09.21-08.01.00:929][199]LogModuleManager: Shutting down and abandoning module ClothPainter (458)
[2017.09.21-08.01.00:944][199]LogModuleManager: Shutting down and abandoning module LogVisualizer (456)
[2017.09.21-08.01.00:944][199]LogModuleManager: Shutting down and abandoning module IntroTutorials (454)
[2017.09.21-08.01.00:945][199]LogModuleManager: Shutting down and abandoning module GameProjectGeneration (453)
[2017.09.21-08.01.00:961][199]LogModuleManager: Shutting down and abandoning module IOSPlatformEditor (450)
[2017.09.21-08.01.00:961][199]LogModuleManager: Shutting down and abandoning module HTML5PlatformEditor (448)
[2017.09.21-08.01.00:961][199]LogModuleManager: Shutting down and abandoning module AndroidPlatformEditor (446)
[2017.09.21-08.01.00:961][199]LogModuleManager: Shutting down and abandoning module AndroidDeviceDetection (445)
[2017.09.21-08.01.01:383][199]LogModuleManager: Shutting down and abandoning module WindowsPlatformEditor (442)
[2017.09.21-08.01.01:384][199]LogModuleManager: Shutting down and abandoning module IOSRuntimeSettings (440)
[2017.09.21-08.01.01:384][199]LogModuleManager: Shutting down and abandoning module AndroidRuntimeSettings (438)
[2017.09.21-08.01.01:384][199]LogModuleManager: Shutting down and abandoning module InputBindingEditor (436)
[2017.09.21-08.01.01:430][199]LogModuleManager: Shutting down and abandoning module MergeActors (434)
[2017.09.21-08.01.01:444][199]LogModuleManager: Shutting down and abandoning module SizeMap (432)
[2017.09.21-08.01.01:444][199]LogModuleManager: Shutting down and abandoning module TreeMap (430)
[2017.09.21-08.01.01:444][199]LogModuleManager: Shutting down and abandoning module ReferenceViewer (428)
[2017.09.21-08.01.01:444][199]LogModuleManager: Shutting down and abandoning module LocalizationDashboard (426)
[2017.09.21-08.01.01:453][199]LogModuleManager: Shutting down and abandoning module LocalizationService (425)
[2017.09.21-08.01.01:453][199]LogModuleManager: Shutting down and abandoning module HardwareTargeting (422)
[2017.09.21-08.01.01:453][199]LogModuleManager: Shutting down and abandoning module DeviceProfileEditor (420)
[2017.09.21-08.01.01:453][199]LogModuleManager: Shutting down and abandoning module UndoHistory (418)
[2017.09.21-08.01.01:453][199]LogModuleManager: Shutting down and abandoning module XmlParser (416)
[2017.09.21-08.01.01:453][199]LogModuleManager: Shutting down and abandoning module Blutility (414)
[2017.09.21-08.01.01:454][199]LogModuleManager: Shutting down and abandoning module ProjectSettingsViewer (412)
[2017.09.21-08.01.01:454][199]LogModuleManager: Shutting down and abandoning module ProjectTargetPlatformEditor (411)
[2017.09.21-08.01.01:454][199]LogModuleManager: Shutting down and abandoning module EditorSettingsViewer (408)
[2017.09.21-08.01.01:455][199]LogModuleManager: Shutting down and abandoning module SettingsEditor (406)
[2017.09.21-08.01.01:465][199]LogModuleManager: Shutting down and abandoning module ProjectLauncher (404)
[2017.09.21-08.01.01:474][199]LogModuleManager: Shutting down and abandoning module SessionFrontend (402)
[2017.09.21-08.01.01:474][199]LogModuleManager: Shutting down and abandoning module ProfilerClient (400)
[2017.09.21-08.01.01:486][199]LogModuleManager: Shutting down and abandoning module DeviceManager (398)
[2017.09.21-08.01.01:486][199]LogModuleManager: Shutting down and abandoning module TargetDeviceServices (397)
[2017.09.21-08.01.01:549][199]LogModuleManager: Shutting down and abandoning module AutomationController (394)
[2017.09.21-08.01.01:549][199]LogModuleManager: Shutting down and abandoning module AutomationWindow (392)
[2017.09.21-08.01.01:584][199]LogModuleManager: Shutting down and abandoning module Layers (390)
[2017.09.21-08.01.01:603][199]LogModuleManager: Shutting down and abandoning module ComponentVisualizers (388)
[2017.09.21-08.01.01:603][199]LogModuleManager: Shutting down and abandoning module DetailCustomizations (386)
[2017.09.21-08.01.01:603][199]LogModuleManager: Shutting down and abandoning module PackagesDialog (384)
[2017.09.21-08.01.01:605][199]LogModuleManager: Shutting down and abandoning module Persona (382)
[2017.09.21-08.01.01:630][199]LogModuleManager: Shutting down and abandoning module AdvancedPreviewScene (381)
[2017.09.21-08.01.01:630][199]LogModuleManager: Shutting down and abandoning module AnimGraph (379)
[2017.09.21-08.01.01:630][199]LogModuleManager: Shutting down and abandoning module Kismet (376)
[2017.09.21-08.01.01:651][199]LogModuleManager: Shutting down and abandoning module ClassViewer (374)
[2017.09.21-08.01.01:651][199]LogModuleManager: Shutting down and abandoning module Toolbox (372)
[2017.09.21-08.01.01:651][199]LogModuleManager: Shutting down and abandoning module ModuleUI (370)
[2017.09.21-08.01.01:692][199]LogModuleManager: Shutting down and abandoning module MovieSceneTools (368)
[2017.09.21-08.01.01:697][199]LogModuleManager: Shutting down and abandoning module OutputLog (366)
[2017.09.21-08.01.01:697][199]LogModuleManager: Shutting down and abandoning module GammaUI (364)
[2017.09.21-08.01.01:711][199]LogModuleManager: Shutting down and abandoning module Documentation (362)
[2017.09.21-08.01.01:712][199]LogModuleManager: Shutting down and abandoning module MovieSceneTracks (360)
[2017.09.21-08.01.01:726][199]LogModuleManager: Shutting down and abandoning module MovieScene (358)
[2017.09.21-08.01.01:726][199]LogModuleManager: Shutting down and abandoning module Niagara (356)
[2017.09.21-08.01.01:726][199]LogModuleManager: Shutting down and abandoning module NiagaraEditor (355)
[2017.09.21-08.01.01:733][199]LogModuleManager: Shutting down and abandoning module StreamingPauseRendering (352)
[2017.09.21-08.01.01:734][199]LogModuleManager: Shutting down and abandoning module LauncherPlatform (350)
[2017.09.21-08.01.01:734][199]LogModuleManager: Shutting down and abandoning module AnalyticsET (348)
[2017.09.21-08.01.01:734][199]LogModuleManager: Shutting down and abandoning module PortalServices (346)
[2017.09.21-08.01.01:734][199]LogModuleManager: Shutting down and abandoning module PortalRpc (344)
[2017.09.21-08.01.01:734][199]LogModuleManager: Shutting down and abandoning module MessagingRpc (342)
[2017.09.21-08.01.01:734][199]LogModuleManager: Shutting down and abandoning module AIModule (340)
[2017.09.21-08.01.01:734][199]LogModuleManager: Shutting down and abandoning module GameplayDebugger (339)
[2017.09.21-08.01.01:734][199]LogModuleManager: Shutting down and abandoning module AITestSuite (337)
[2017.09.21-08.01.01:734][199]LogModuleManager: Shutting down and abandoning module ProfilerService (334)
[2017.09.21-08.01.01:851][199]LogModuleManager: Shutting down and abandoning module TaskGraph (332)
[2017.09.21-08.01.01:869][199]LogModuleManager: Shutting down and abandoning module SteamVRController (330)
[2017.09.21-08.01.01:869][199]LogModuleManager: Shutting down and abandoning module ProceduralMeshComponentEditor (328)
[2017.09.21-08.01.01:869][199]LogModuleManager: Shutting down and abandoning module ProceduralMeshComponent (326)
[2017.09.21-08.01.01:870][199]LogModuleManager: Shutting down and abandoning module OculusInput (324)
[2017.09.21-08.01.01:870][199]LogModuleManager: Shutting down and abandoning module MobilePatchingUtils (322)
[2017.09.21-08.01.01:870][199]LogModuleManager: Shutting down and abandoning module CustomMeshComponent (320)
[2017.09.21-08.01.01:870][199]LogModuleManager: Shutting down and abandoning module CableComponent (318)
[2017.09.21-08.01.01:870][199]LogModuleManager: Shutting down and abandoning module ArchVisCharacter (316)
[2017.09.21-08.01.01:870][199]LogModuleManager: Shutting down and abandoning module AndroidPermission (314)
[2017.09.21-08.01.01:870][199]LogModuleManager: Shutting down and abandoning module MediaPlayerEditor (310)
[2017.09.21-08.01.01:879][199]LogModuleManager: Shutting down and abandoning module HTML5Networking (308)
[2017.09.21-08.01.01:879][199]LogModuleManager: Shutting down and abandoning module AlembicImporter (306)
[2017.09.21-08.01.01:904][199]LogModuleManager: Shutting down and abandoning module AlembicLibrary (305)
[2017.09.21-08.01.01:904][199]LogModuleManager: Shutting down and abandoning module GeometryCache (304)
[2017.09.21-08.01.01:905][199]LogModuleManager: Shutting down and abandoning module GeometryCacheEd (303)
[2017.09.21-08.01.01:905][199]LogModuleManager: Shutting down and abandoning module SpeedTreeImporter (298)
[2017.09.21-08.01.01:905][199]LogModuleManager: Shutting down and abandoning module PluginBrowser (296)
[2017.09.21-08.01.01:916][199]LogModuleManager: Shutting down and abandoning module MobileLauncherProfileWizard (294)
[2017.09.21-08.01.01:931][199]LogModuleManager: Shutting down and abandoning module VisualStudioSourceCodeAccess (292)
[2017.09.21-08.01.01:931][199]LogModuleManager: Shutting down and abandoning module DesktopPlatform (291)
[2017.09.21-08.01.01:931][199]LogModuleManager: Shutting down and abandoning module UObjectPlugin (288)
[2017.09.21-08.01.01:931][199]LogModuleManager: Shutting down and abandoning module SubversionSourceControl (286)
[2017.09.21-08.01.01:931][199]LogModuleManager: Shutting down and abandoning module PerforceSourceControl (284)
[2017.09.21-08.01.01:932][199]LogModuleManager: Shutting down and abandoning module GitSourceControl (282)
[2017.09.21-08.01.01:932][199]LogModuleManager: Shutting down and abandoning module SourceControl (281)
[2017.09.21-08.01.01:942][199]LogModuleManager: Shutting down and abandoning module LightPropagationVolumeEditor (278)
[2017.09.21-08.01.01:942][199]LogModuleManager: Shutting down and abandoning module PaperTiledImporter (276)
[2017.09.21-08.01.01:942][199]LogModuleManager: Shutting down and abandoning module PaperSpriteSheetImporter (274)
[2017.09.21-08.01.01:942][199]LogModuleManager: Shutting down and abandoning module Paper2DEditor (272)
[2017.09.21-08.01.01:943][199]LogModuleManager: Shutting down and abandoning module MeshPaint (271)
[2017.09.21-08.01.01:943][199]LogModuleManager: Shutting down and abandoning module LevelEditor (269)
[2017.09.21-08.01.01:946][199]LogModuleManager: Shutting down and abandoning module PixelInspectorModule (268)
[2017.09.21-08.01.01:946][199]LogModuleManager: Shutting down and abandoning module MainFrame (266)
[2017.09.21-08.01.01:946][199]LogModuleManager: Shutting down and abandoning module HotReload (265)
[2017.09.21-08.01.01:948][199]LogModuleManager: Shutting down and abandoning module RuntimePhysXCooking (260)
[2017.09.21-08.01.01:948][199]LogModuleManager: Shutting down and abandoning module PhysXVehiclesEditor (258)
[2017.09.21-08.01.01:948][199]LogModuleManager: Shutting down and abandoning module PhysXVehicles (256)
[2017.09.21-08.01.01:948][199]LogModuleManager: Shutting down and abandoning module OculusEditor (254)
[2017.09.21-08.01.01:948][199]LogModuleManager: Shutting down and abandoning module LocationServicesBPLibrary (252)
[2017.09.21-08.01.01:948][199]LogModuleManager: Shutting down and abandoning module ImmediatePhysicsEditor (250)
[2017.09.21-08.01.01:948][199]LogModuleManager: Shutting down and abandoning module ImmediatePhysics (248)
[2017.09.21-08.01.01:948][199]LogModuleManager: Shutting down and abandoning module UdpMessaging (246)
[2017.09.21-08.01.02:049][199]LogModuleManager: Shutting down and abandoning module TcpMessaging (244)
[2017.09.21-08.01.02:150][199]LogModuleManager: Shutting down and abandoning module GameplayTagsEditor (242)
[2017.09.21-08.01.02:200][199]LogModuleManager: Shutting down and abandoning module FacialAnimationEditor (240)
[2017.09.21-08.01.02:200][199]LogModuleManager: Shutting down and abandoning module FacialAnimation (238)
[2017.09.21-08.01.02:200][199]LogModuleManager: Shutting down and abandoning module AssetManagerEditor (236)
[2017.09.21-08.01.02:201][199]LogModuleManager: Shutting down and abandoning module GraphEditor (235)
[2017.09.21-08.01.02:201][199]LogModuleManager: Shutting down and abandoning module ContentBrowser (233)
[2017.09.21-08.01.02:205][199]LogModuleManager: Shutting down and abandoning module LightPropagationVolumeRuntime (230)
[2017.09.21-08.01.02:205][199]LogModuleManager: Shutting down and abandoning module Paper2D (228)
[2017.09.21-08.01.02:205][199]LogModuleManager: Shutting down and abandoning module WindowsMoviePlayer (226)
[2017.09.21-08.01.02:205][199]LogModuleManager: Shutting down and abandoning module WmfMedia (224)
[2017.09.21-08.01.02:205][199]LogModuleManager: Shutting down and abandoning module PacketHandler (222)
[2017.09.21-08.01.02:205][199]LogModuleManager: Shutting down and abandoning module ClothingSystemEditor (220)
[2017.09.21-08.01.02:205][199]LogModuleManager: Shutting down and abandoning module ClothingSystemRuntime (218)
[2017.09.21-08.01.02:209][199]LogModuleManager: Shutting down and abandoning module Overlay (216)
[2017.09.21-08.01.02:209][199]LogModuleManager: Shutting down and abandoning module OverlayEditor (215)
[2017.09.21-08.01.02:210][199]LogModuleManager: Shutting down and abandoning module MediaAssets (212)
[2017.09.21-08.01.02:210][199]LogModuleManager: Shutting down and abandoning module VREditor (210)
[2017.09.21-08.01.02:218][199]LogModuleManager: Shutting down and abandoning module StringTableEditor (208)
[2017.09.21-08.01.02:218][199]LogModuleManager: Shutting down and abandoning module GameplayTasksEditor (206)
[2017.09.21-08.01.02:218][199]LogModuleManager: Shutting down and abandoning module BehaviorTreeEditor (204)
[2017.09.21-08.01.02:244][199]LogModuleManager: Shutting down and abandoning module FunctionalTesting (202)
[2017.09.21-08.01.02:244][199]LogModuleManager: Shutting down and abandoning module CollisionAnalyzer (200)
[2017.09.21-08.01.02:244][199]LogModuleManager: Shutting down and abandoning module WorkspaceMenuStructure (199)
[2017.09.21-08.01.02:244][199]LogModuleManager: Shutting down and abandoning module UMG (196)
[2017.09.21-08.01.02:245][199]LogModuleManager: Shutting down and abandoning module UMGEditor (195)
[2017.09.21-08.01.02:245][199]LogModuleManager: Shutting down and abandoning module Sequencer (194)
[2017.09.21-08.01.02:245][199]LogModuleManager: Shutting down and abandoning module MessageLog (191)
[2017.09.21-08.01.02:245][199]LogModuleManager: Shutting down and abandoning module SlateReflector (186)
[2017.09.21-08.01.02:255][199]LogModuleManager: Shutting down and abandoning module Slate (184)
[2017.09.21-08.01.02:255][199]LogModuleManager: Shutting down and abandoning module EditorStyle (182)
[2017.09.21-08.01.02:265][199]LogModuleManager: Shutting down and abandoning module MRMesh (180)
[2017.09.21-08.01.02:265][199]LogModuleManager: Shutting down and abandoning module SourceCodeAccess (178)
[2017.09.21-08.01.02:265][199]LogModuleManager: Shutting down and abandoning module HeadMountedDisplay (176)
[2017.09.21-08.01.02:265][199]LogModuleManager: Shutting down and abandoning module XAudio2 (174)
[2017.09.21-08.01.02:265][199]LogModuleManager: Shutting down and abandoning module Networking (172)
[2017.09.21-08.01.02:265][199]LogModuleManager: Shutting down and abandoning module Core (168)
[2017.09.21-08.01.02:265][199]LogModuleManager: Shutting down and abandoning module KismetCompiler (164)
[2017.09.21-08.01.02:265][199]LogModuleManager: Shutting down and abandoning module LevelSequence (162)
[2017.09.21-08.01.02:265][199]LogModuleManager: Shutting down and abandoning module MeshUtilities (160)
[2017.09.21-08.01.02:278][199]LogModuleManager: Shutting down and abandoning module MeshMergeUtilities (159)
[2017.09.21-08.01.02:285][199]LogModuleManager: Shutting down and abandoning module MeshReductionInterface (158)
[2017.09.21-08.01.02:285][199]LogModuleManager: Shutting down and abandoning module SimplygonSwarm (157)
[2017.09.21-08.01.02:297][199]LogModuleManager: Shutting down and abandoning module SimplygonMeshReduction (155)
[2017.09.21-08.01.02:297][199]LogModuleManager: Shutting down and abandoning module QuadricMeshReduction (153)
[2017.09.21-08.01.02:297][199]LogModuleManager: Shutting down and abandoning module MaterialBaking (149)
[2017.09.21-08.01.02:297][199]LogModuleManager: Shutting down and abandoning module DirectoryWatcher (146)
[2017.09.21-08.01.02:303][199]LogModuleManager: Shutting down and abandoning module DerivedDataCache (144)
[2017.09.21-08.01.02:401][199]LogDerivedDataCache: Shutdown
[2017.09.21-08.01.02:401][199]LogModuleManager: Shutting down and abandoning module TargetPlatform (142)
[2017.09.21-08.01.02:401][199]LogModuleManager: Shutting down and abandoning module VulkanShaderFormat (141)
[2017.09.21-08.01.02:401][199]LogModuleManager: Shutting down and abandoning module ShaderFormatVectorVM (139)
[2017.09.21-08.01.02:421][199]LogModuleManager: Shutting down and abandoning module ShaderFormatOpenGL (137)
[2017.09.21-08.01.02:436][199]LogModuleManager: Shutting down and abandoning module ShaderFormatD3D (135)
[2017.09.21-08.01.02:436][199]LogModuleManager: Shutting down and abandoning module MetalShaderFormat (133)
[2017.09.21-08.01.02:450][199]LogModuleManager: Shutting down and abandoning module TextureFormatUncompressed (131)
[2017.09.21-08.01.02:450][199]LogModuleManager: Shutting down and abandoning module TextureFormatPVR (129)
[2017.09.21-08.01.02:450][199]LogModuleManager: Shutting down and abandoning module TextureFormatDXT (127)
[2017.09.21-08.01.02:450][199]LogModuleManager: Shutting down and abandoning module TextureFormatIntelISPCTexComp (125)
[2017.09.21-08.01.02:450][199]LogModuleManager: Shutting down and abandoning module TextureFormatASTC (123)
[2017.09.21-08.01.02:450][199]LogModuleManager: Shutting down and abandoning module ImageWrapper (122)
[2017.09.21-08.01.02:450][199]LogModuleManager: Shutting down and abandoning module TextureFormatAndroid (119)
[2017.09.21-08.01.02:450][199]LogModuleManager: Shutting down and abandoning module AudioFormatOpus (117)
[2017.09.21-08.01.02:450][199]LogModuleManager: Shutting down and abandoning module AudioFormatOgg (115)
[2017.09.21-08.01.02:450][199]LogModuleManager: Shutting down and abandoning module AudioFormatADPCM (113)
[2017.09.21-08.01.02:451][199]LogModuleManager: Shutting down and abandoning module LinuxTargetPlatform (111)
[2017.09.21-08.01.02:451][199]LogModuleManager: Shutting down and abandoning module LinuxServerTargetPlatform (109)
[2017.09.21-08.01.02:451][199]LogModuleManager: Shutting down and abandoning module LinuxNoEditorTargetPlatform (107)
[2017.09.21-08.01.02:451][199]LogModuleManager: Shutting down and abandoning module LinuxClientTargetPlatform (105)
[2017.09.21-08.01.02:451][199]LogModuleManager: Shutting down and abandoning module TVOSTargetPlatform (103)
[2017.09.21-08.01.02:451][199]LogModuleManager: Shutting down and abandoning module Messaging (101)
[2017.09.21-08.01.02:451][199]LogModuleManager: Shutting down and abandoning module IOSTargetPlatform (99)
[2017.09.21-08.01.02:451][199]LogModuleManager: Shutting down and abandoning module HTML5TargetPlatform (97)
[2017.09.21-08.01.02:451][199]LogModuleManager: Shutting down and abandoning module Android_PVRTCTargetPlatform (95)
[2017.09.21-08.01.02:451][199]LogModuleManager: Shutting down and abandoning module Android_MultiTargetPlatform (93)
[2017.09.21-08.01.02:451][199]LogModuleManager: Shutting down and abandoning module Android_ETC2TargetPlatform (91)
[2017.09.21-08.01.02:451][199]LogModuleManager: Shutting down and abandoning module Android_ETC1TargetPlatform (89)
[2017.09.21-08.01.02:452][199]LogModuleManager: Shutting down and abandoning module Android_DXTTargetPlatform (87)
[2017.09.21-08.01.02:452][199]LogModuleManager: Shutting down and abandoning module Android_ATCTargetPlatform (85)
[2017.09.21-08.01.02:452][199]LogModuleManager: Shutting down and abandoning module Android_ASTCTargetPlatform (83)
[2017.09.21-08.01.02:452][199]LogModuleManager: Shutting down and abandoning module AndroidTargetPlatform (81)
[2017.09.21-08.01.02:452][199]LogModuleManager: Shutting down and abandoning module WindowsTargetPlatform (79)
[2017.09.21-08.01.02:452][199]LogModuleManager: Shutting down and abandoning module WindowsServerTargetPlatform (77)
[2017.09.21-08.01.02:452][199]LogModuleManager: Shutting down and abandoning module WindowsNoEditorTargetPlatform (75)
[2017.09.21-08.01.02:454][199]LogModuleManager: Shutting down and abandoning module WindowsClientTargetPlatform (73)
[2017.09.21-08.01.02:454][199]LogModuleManager: Shutting down and abandoning module MacTargetPlatform (71)
[2017.09.21-08.01.02:454][199]LogModuleManager: Shutting down and abandoning module MacServerTargetPlatform (69)
[2017.09.21-08.01.02:454][199]LogModuleManager: Shutting down and abandoning module MacNoEditorTargetPlatform (67)
[2017.09.21-08.01.02:455][199]LogModuleManager: Shutting down and abandoning module MacClientTargetPlatform (65)
[2017.09.21-08.01.02:455][199]LogModuleManager: Shutting down and abandoning module AllDesktopTargetPlatform (63)
[2017.09.21-08.01.02:455][199]LogModuleManager: Shutting down and abandoning module InputCore (60)
[2017.09.21-08.01.02:456][199]LogModuleManager: Shutting down and abandoning module Settings (58)
[2017.09.21-08.01.02:456][199]LogModuleManager: Shutting down and abandoning module PhysXCooking (56)
[2017.09.21-08.01.02:456][199]LogModuleManager: Shutting down and abandoning module SteamVR (54)
[2017.09.21-08.01.02:456][199]LogModuleManager: Shutting down and abandoning module OculusHMD (52)
[2017.09.21-08.01.02:456][199]LogModuleManager: Shutting down and abandoning module ExampleDeviceProfileSelector (50)
[2017.09.21-08.01.02:456][199]LogModuleManager: Shutting down and abandoning module OnlineBlueprintSupport (48)
[2017.09.21-08.01.02:456][199]LogModuleManager: Shutting down and abandoning module OnlineSubsystem (44)
[2017.09.21-08.01.02:456][199]LogOnline: Display: Unloading online subsystem: NULL
[2017.09.21-08.01.02:474][199]LogModuleManager: Shutting down and abandoning module XMPP (43)
[2017.09.21-08.01.02:487][199]LogModuleManager: Shutting down and abandoning module HTTP (41)
[2017.09.21-08.01.02:487][199]LogHttp: Display: Http module shutting down, but needs to wait on 1 outstanding Http requests:
[2017.09.21-08.01.02:487][199]LogHttp: Display: 	verb=[POST] url=[https://datarouter.ol.epicgames.com/datarouter/api/v1/public/data?SessionID=%7B1EF83995-4BEA-4162-267C-D09A5CECE135%7D&AppID=UEEditor.Rocket.Release&AppVersion=4.17.1-3586342%2B%2B%2BUE4%2BRelease-4.17&UserID=0efcc9714911522ee20bfea314a53ba2%7Cedac503300a34cfaa64394f1cb5130c7%7C44d9ab76-44fa-4e37-9604-830ef5004ef4&AppEnvironment=datacollector-binary&UploadType=eteventstream] status=Processing
[2017.09.21-08.01.02:511][199]LogModuleManager: Shutting down and abandoning module SSL (40)
[2017.09.21-08.01.02:516][199]LogModuleManager: Shutting down and abandoning module AnimationModifiers (36)
[2017.09.21-08.01.02:516][199]LogModuleManager: Shutting down and abandoning module PropertyEditor (35)
[2017.09.21-08.01.02:516][199]LogModuleManager: Shutting down and abandoning module AudioEditor (32)
[2017.09.21-08.01.02:517][199]LogModuleManager: Shutting down and abandoning module TextureCompressor (30)
[2017.09.21-08.01.02:517][199]LogModuleManager: Shutting down and abandoning module ShaderCore (28)
[2017.09.21-08.01.02:517][199]LogModuleManager: Shutting down and abandoning module Landscape (26)
[2017.09.21-08.01.02:517][199]LogModuleManager: Shutting down and abandoning module SlateRHIRenderer (24)
[2017.09.21-08.01.02:557][199]LogModuleManager: Shutting down and abandoning module OpenGLDrv (22)
[2017.09.21-08.01.02:568][199]LogModuleManager: Shutting down and abandoning module D3D11RHI (20)
[2017.09.21-08.01.02:568][199]LogModuleManager: Shutting down and abandoning module AnimGraphRuntime (18)
[2017.09.21-08.01.02:568][199]LogModuleManager: Shutting down and abandoning module Renderer (16)
[2017.09.21-08.01.02:568][199]LogModuleManager: Shutting down and abandoning module Engine (14)
[2017.09.21-08.01.02:568][199]LogModuleManager: Shutting down and abandoning module CoreUObject (12)
[2017.09.21-08.01.02:568][199]LogModuleManager: Shutting down and abandoning module NetworkFile (10)
[2017.09.21-08.01.02:568][199]LogModuleManager: Shutting down and abandoning module CookedIterativeFile (8)
[2017.09.21-08.01.02:568][199]LogModuleManager: Shutting down and abandoning module StreamingFile (6)
[2017.09.21-08.01.02:569][199]LogModuleManager: Shutting down and abandoning module SandboxFile (4)
[2017.09.21-08.01.02:569][199]LogModuleManager: Shutting down and abandoning module PakFile (2)
[2017.09.21-08.01.02:576][199]LogExit: Exiting.
[2017.09.21-08.01.02:606][199]Log file closed, 09/21/17 17:31:02
