Log file open, 10/12/17 17:10:58
LogWindows: LoadLibraryWithSearchPaths failed for file aqProf.dll. GetLastError=0
LogWindows: LoadLibraryWithSearchPaths failed for file VtuneApi.dll. GetLastError=0
LogWindows: LoadLibraryWithSearchPaths failed for file VtuneApi32e.dll. GetLastError=0
LogInit: Display: Running engine for game: Game
LogPlatformFile: Not using cached read wrapper
LogInit: Display: RandInit(1757302627) SRandInit(1757302627).
LogTaskGraph: Started task graph with 5 named threads and 8 total threads with 3 sets of task threads.
LogStats: Stats thread started at 0.108296
LogD3D11RHI: Aftermath initialized
LogPluginManager: Mounting plugin Paper2D
LogPluginManager: Mounting plugin LightPropagationVolume
LogPluginManager: Mounting plugin CodeLiteSourceCodeAccess
LogPluginManager: Mounting plugin GitSourceControl
LogPluginManager: Mounting plugin KDevelopSourceCodeAccess
LogPluginManager: Mounting plugin NullSourceCodeAccess
LogPluginManager: Mounting plugin PerforceSourceControl
LogPluginManager: Mounting plugin SubversionSourceControl
LogPluginManager: Mounting plugin UObjectPlugin
LogPluginManager: Mounting plugin VisualStudioSourceCodeAccess
LogPluginManager: Mounting plugin XCodeSourceCodeAccess
LogPluginManager: Mounting plugin AssetManagerEditor
LogPluginManager: Mounting plugin AudioCapture
LogPluginManager: Mounting plugin FacialAnimation
LogPluginManager: Mounting plugin GameplayTagsEditor
LogPluginManager: Mounting plugin MobileLauncherProfileWizard
LogPluginManager: Mounting plugin PluginBrowser
LogPluginManager: Mounting plugin SpeedTreeImporter
LogPluginManager: Mounting plugin AlembicImporter
LogPluginManager: Mounting plugin CharacterAI
LogPluginManager: Mounting plugin HTML5Networking
LogPluginManager: Mounting plugin AndroidMedia
LogPluginManager: Mounting plugin AvfMedia
LogPluginManager: Mounting plugin MediaPlayerEditor
LogPluginManager: Mounting plugin WmfMedia
LogPluginManager: Mounting plugin TcpMessaging
LogPluginManager: Mounting plugin UdpMessaging
LogPluginManager: Mounting plugin LevelSequenceEditor
LogPluginManager: Mounting plugin MatineeToLevelSequence
LogPluginManager: Mounting plugin OnlineSubsystemGooglePlay
LogPluginManager: Mounting plugin OnlineSubsystemIOS
LogPluginManager: Mounting plugin OnlineSubsystem
LogPluginManager: Mounting plugin OnlineSubsystemNull
LogPluginManager: Mounting plugin OnlineSubsystemUtils
LogPluginManager: Mounting plugin AndroidDeviceProfileSelector
LogPluginManager: Mounting plugin AndroidMoviePlayer
LogPluginManager: Mounting plugin AndroidPermission
LogPluginManager: Mounting plugin AppleMoviePlayer
LogPluginManager: Mounting plugin ArchVisCharacter
LogPluginManager: Mounting plugin CableComponent
LogPluginManager: Mounting plugin CustomMeshComponent
LogPluginManager: Mounting plugin ExampleDeviceProfileSelector
LogPluginManager: Mounting plugin GoogleCloudMessaging
LogPluginManager: Mounting plugin ImmediatePhysics
LogPluginManager: Mounting plugin IOSDeviceProfileSelector
LogPluginManager: Mounting plugin LinuxDeviceProfileSelector
LogPluginManager: Mounting plugin LocationServicesBPLibrary
LogPluginManager: Mounting plugin MobilePatchingUtils
LogPluginManager: Mounting plugin OculusVR
LogPluginManager: Mounting plugin PhysXVehicles
LogPluginManager: Mounting plugin ProceduralMeshComponent
LogPluginManager: Mounting plugin RuntimePhysXCooking
LogPluginManager: Mounting plugin SteamVR
LogPluginManager: Mounting plugin WindowsMoviePlayer
LogInit: Using libcurl 7.47.1
LogInit:  - built for x86_64-pc-win32
LogInit:  - supports SSL with OpenSSL/1.0.2g
LogInit:  - supports HTTP deflate (compression) using libz 1.2.8
LogInit:  - other features:
LogInit:      CURL_VERSION_SSL
LogInit:      CURL_VERSION_LIBZ
LogInit:      CURL_VERSION_IPV6
LogInit:      CURL_VERSION_ASYNCHDNS
LogInit:      CURL_VERSION_LARGEFILE
LogInit:      CURL_VERSION_IDN
LogInit:  CurlRequestOptions (configurable via config and command line):
LogInit:  - bVerifyPeer = false  - Libcurl will NOT verify peer certificate
LogInit:  - bUseHttpProxy = false  - Libcurl will NOT use HTTP proxy
LogInit:  - bDontReuseConnections = false  - Libcurl will reuse connections
LogInit:  - CertBundlePath = nullptr  - Libcurl will use whatever was configured at build time.
LogInit: Build: ++UE4+Release-4.17-CL-3586342
LogInit: Engine Version: 4.17.1-3586342+++UE4+Release-4.17
LogInit: Compatible Engine Version: 4.17.0-3573198+++UE4+Release-4.17
LogInit: Net CL: 3573198
LogDevObjectVersion: Number of dev versions registered: 16
LogDevObjectVersion:   Dev-Blueprints (B0D832E4-1F89-4F0D-ACCF-7EB736FD4AA2): 10
LogDevObjectVersion:   Dev-Build (E1C64328-A22C-4D53-A36C-8E866417BD8C): 0
LogDevObjectVersion:   Dev-Core (375EC13C-06E4-48FB-B500-84F0262A717E): 2
LogDevObjectVersion:   Dev-Editor (E4B068ED-F494-42E9-A231-DA0B2E46BB41): 20
LogDevObjectVersion:   Dev-Framework (CFFC743F-43B0-4480-9391-14DF171D2073): 28
LogDevObjectVersion:   Dev-Mobile (B02B49B5-BB20-44E9-A304-32B752E40360): 0
LogDevObjectVersion:   Dev-Networking (A4E4105C-59A1-49B5-A7C5-40C4547EDFEE): 0
LogDevObjectVersion:   Dev-Online (39C831C9-5AE6-47DC-9A44-9C173E1C8E7C): 0
LogDevObjectVersion:   Dev-Physics (78F01B33-EBEA-4F98-B9B4-84EACCB95AA2): 0
LogDevObjectVersion:   Dev-Platform (6631380F-2D4D-43E0-8009-CF276956A95A): 0
LogDevObjectVersion:   Dev-Rendering (12F88B9F-8875-4AFC-A67C-D90C383ABD29): 19
LogDevObjectVersion:   Dev-Sequencer (7B5AE74C-D270-4C10-A958-57980B212A5A): 4
LogDevObjectVersion:   Dev-VR (D7296918-1DD6-4BDD-9DE2-64A83CC13884): 0
LogDevObjectVersion:   Dev-LoadTimes (C2A15278-BFE7-4AFE-6C17-90FF531DF755): 1
LogDevObjectVersion:   Private-Geometry (6EACA3D4-40EC-4CC1-B786-8BED09428FC5): 1
LogDevObjectVersion:   Dev-AnimPhys (29E575DD-E0A3-4627-9D10-D276232CDCEA): 7
LogInit: Compiled (64-bit): Aug 15 2017 02:05:26
LogInit: Compiled with Visual C++: 19.00.24215.01
LogInit: Build Configuration: Development
LogInit: Branch Name: ++UE4+Release-4.17
LogInit: Command line:  
LogInit: Base directory: C:/Program Files/Epic Games/UE_4.17/Engine/Binaries/Win64/
LogInit: Installed Engine Build: 1
LogInit: Presizing for max 8388607 objects, including 0 objects not considered by GC, pre-allocating 0 bytes for permanent pool.
LogInit: Object subsystem initialized
[2017.10.12-06.40.58:931][  0]LogInit: Selected Device Profile: [Windows]
[2017.10.12-06.40.58:931][  0]LogInit: Applying CVar settings loaded from the selected device profile: [Windows]
[2017.10.12-06.40.59:003][  0]LogInit: Computer: LAPTOP-AF13HJPO
[2017.10.12-06.40.59:003][  0]LogInit: User: RaymondAoukar
[2017.10.12-06.40.59:003][  0]LogInit: CPU Page size=4096, Cores=2
[2017.10.12-06.40.59:003][  0]LogInit: High frequency timer resolution =2.835937 MHz
[2017.10.12-06.40.59:003][  0]LogMemory: Memory total: Physical=15.9GB (16GB approx)
[2017.10.12-06.40.59:003][  0]LogMemory: Platform Memory Stats for Windows
[2017.10.12-06.40.59:003][  0]LogMemory: Process Physical Memory: 279.52 MB used, 279.52 MB peak
[2017.10.12-06.40.59:003][  0]LogMemory: Process Virtual Memory: 275.88 MB used, 275.88 MB peak
[2017.10.12-06.40.59:003][  0]LogMemory: Physical Memory: 8951.20 MB used,  7300.93 MB free, 16252.13 MB total
[2017.10.12-06.40.59:003][  0]LogMemory: Virtual Memory: 667.05 MB used,  7300.93 MB free, 134217728.00 MB total
[2017.10.12-06.40.59:316][  0]LogInit: Using OS detected language (en-US).
[2017.10.12-06.40.59:316][  0]LogInit: Using OS detected locale (en-AU).
[2017.10.12-06.40.59:376][  0]LogTextLocalizationManager: No specific localization for 'en-US' exists, so the 'en' localization will be used.
[2017.10.12-06.41.02:068][  0]LogD3D11RHI: D3D11 adapters:
[2017.10.12-06.41.02:161][  0]LogD3D11RHI:    0. 'NVIDIA GeForce 940MX' (Feature Level 11_0)
[2017.10.12-06.41.02:161][  0]LogD3D11RHI:       4065/0/8126 MB DedicatedVideo/DedicatedSystem/SharedSystem, Outputs:1, VendorId:0x10de
[2017.10.12-06.41.02:167][  0]LogD3D11RHI:    1. 'Intel(R) HD Graphics 620' (Feature Level 11_0)
[2017.10.12-06.41.02:167][  0]LogD3D11RHI:       128/0/8126 MB DedicatedVideo/DedicatedSystem/SharedSystem, Outputs:0, VendorId:0x8086
[2017.10.12-06.41.02:168][  0]LogD3D11RHI:    2. 'Microsoft Basic Render Driver' (Feature Level 11_0)
[2017.10.12-06.41.02:168][  0]LogD3D11RHI:       0/0/8126 MB DedicatedVideo/DedicatedSystem/SharedSystem, Outputs:0, VendorId:0x1414
[2017.10.12-06.41.02:168][  0]LogD3D11RHI: Chosen D3D11 Adapter: 0
[2017.10.12-06.41.02:174][  0]LogD3D11RHI: Creating new Direct3DDevice
[2017.10.12-06.41.02:174][  0]LogD3D11RHI:     GPU DeviceId: 0x179c (for the marketing name, search the web for "GPU Device Id")
[2017.10.12-06.41.02:174][  0]LogWindows: EnumDisplayDevices:
[2017.10.12-06.41.02:174][  0]LogWindows:    0. 'Intel(R) HD Graphics 620' (P:1 D:1)
[2017.10.12-06.41.02:174][  0]LogWindows:    1. 'Intel(R) HD Graphics 620' (P:0 D:0)
[2017.10.12-06.41.02:174][  0]LogWindows:    2. 'Intel(R) HD Graphics 620' (P:0 D:0)
[2017.10.12-06.41.02:174][  0]LogWindows: DebugString: PrimaryIsNotTheChoosenAdapter PrimaryIsNotTheChoosenAdapter PrimaryIsNotTheChoosenAdapter FoundDriverCount:0 
[2017.10.12-06.41.02:174][  0]LogD3D11RHI:     Adapter Name: NVIDIA GeForce 940MX
[2017.10.12-06.41.02:174][  0]LogD3D11RHI:   Driver Version: Unknown (internal:Unknown, unified:Unknown)
[2017.10.12-06.41.02:174][  0]LogD3D11RHI:      Driver Date: Unknown
[2017.10.12-06.41.02:174][  0]LogRHI: Texture pool is 1361 MB (70% of 1945 MB)
[2017.10.12-06.41.02:203][  0]LogD3D11RHI: Async texture creation enabled
[2017.10.12-06.41.02:219][  0]LogD3D11RHI: GPU Timing Frequency: 1000.000000 (Debug: 2 2)
[2017.10.12-06.41.02:219][  0]LogShaderCompilers: Guid format shader working directory is -41 characters bigger than the processId version (../../../../../../Users/Raymond Aoukar/Desktop/Computer Game Design/repository/PewPewGames/Game/Intermediate/Shaders/WorkingDirectory/17124/).
[2017.10.12-06.41.02:219][  0]LogShaderCompilers: Cleaned the shader compiler working directory 'C:/Users/Raymond Aoukar/AppData/Local/Temp/UnrealShaderWorkingDir/7A122D39480E3CCEA705C9BE9E488B84/'.
[2017.10.12-06.41.02:219][  0]LogShaderCompilers: Display: Using Local Shader Compiler.
[2017.10.12-06.41.03:953][  0]LogTemp: Display: Loaded TP AllDesktopTargetPlatform
[2017.10.12-06.41.03:999][  0]LogTemp: Display: Loaded TP MacClientTargetPlatform
[2017.10.12-06.41.04:056][  0]LogTemp: Display: Loaded TP MacNoEditorTargetPlatform
[2017.10.12-06.41.04:109][  0]LogTemp: Display: Loaded TP MacServerTargetPlatform
[2017.10.12-06.41.04:161][  0]LogTemp: Display: Loaded TP MacTargetPlatform
[2017.10.12-06.41.04:211][  0]LogTemp: Display: Loaded TP WindowsClientTargetPlatform
[2017.10.12-06.41.04:257][  0]LogTemp: Display: Loaded TP WindowsNoEditorTargetPlatform
[2017.10.12-06.41.04:302][  0]LogTemp: Display: Loaded TP WindowsServerTargetPlatform
[2017.10.12-06.41.04:343][  0]LogTemp: Display: Loaded TP WindowsTargetPlatform
[2017.10.12-06.41.04:388][  0]LogTemp: Display: Loaded TP AndroidTargetPlatform
[2017.10.12-06.41.04:431][  0]LogTemp: Display: Loaded TP Android_ASTCTargetPlatform
[2017.10.12-06.41.04:473][  0]LogTemp: Display: Loaded TP Android_ATCTargetPlatform
[2017.10.12-06.41.04:517][  0]LogTemp: Display: Loaded TP Android_DXTTargetPlatform
[2017.10.12-06.41.04:565][  0]LogTemp: Display: Loaded TP Android_ETC1TargetPlatform
[2017.10.12-06.41.04:626][  0]LogTemp: Display: Loaded TP Android_ETC2TargetPlatform
[2017.10.12-06.41.04:718][  0]LogTemp: Display: Loaded TP Android_MultiTargetPlatform
[2017.10.12-06.41.04:718][  0]LogTemp: Display: Loaded TP Android_PVRTCTargetPlatform
[2017.10.12-06.41.04:754][  0]LogTemp: Display: Loaded TP HTML5TargetPlatform
[2017.10.12-06.41.04:857][  0]LogTemp: Display: Loaded TP IOSTargetPlatform
[2017.10.12-06.41.04:890][  0]LogTemp: Display: Loaded TP TVOSTargetPlatform
[2017.10.12-06.41.04:948][  0]LogTemp: Display: Loaded TP LinuxClientTargetPlatform
[2017.10.12-06.41.04:997][  0]LogTemp: Display: Loaded TP LinuxNoEditorTargetPlatform
[2017.10.12-06.41.05:038][  0]LogTemp: Display: Loaded TP LinuxServerTargetPlatform
[2017.10.12-06.41.05:086][  0]LogTemp: Display: Loaded TP LinuxTargetPlatform
[2017.10.12-06.41.05:086][  0]LogTargetPlatformManager: Display: Building Assets For Windows
[2017.10.12-06.41.05:573][  0]LogDerivedDataCache: Display: Max Cache Size: 512 MB
[2017.10.12-06.41.05:665][  0]LogDerivedDataCache: Loaded boot cache 0.09s 93MB C:/Users/Raymond Aoukar/AppData/Local/UnrealEngine/4.17/DerivedDataCache/Boot.ddc.
[2017.10.12-06.41.05:665][  0]LogDerivedDataCache: Display: Loaded Boot cache: C:/Users/Raymond Aoukar/AppData/Local/UnrealEngine/4.17/DerivedDataCache/Boot.ddc
[2017.10.12-06.41.05:665][  0]LogDerivedDataCache: FDerivedDataBackendGraph:  Pak pak cache file ../../../../../../Users/Raymond Aoukar/Desktop/Computer Game Design/repository/PewPewGames/Game/DerivedDataCache/DDC.ddp not found, will not use a pak cache.
[2017.10.12-06.41.05:665][  0]LogDerivedDataCache: Unable to find inner node Pak for hierarchical cache Hierarchy.
[2017.10.12-06.41.05:665][  0]LogDerivedDataCache: FDerivedDataBackendGraph:  CompressedPak pak cache file ../../../../../../Users/Raymond Aoukar/Desktop/Computer Game Design/repository/PewPewGames/Game/DerivedDataCache/Compressed.ddp not found, will not use a pak cache.
[2017.10.12-06.41.05:665][  0]LogDerivedDataCache: Unable to find inner node CompressedPak for hierarchical cache Hierarchy.
[2017.10.12-06.41.05:684][  0]LogDerivedDataCache: Display: Pak cache opened for reading ../../../Engine/DerivedDataCache/Compressed.ddp.
[2017.10.12-06.41.05:695][  0]LogDerivedDataCache: Using Local data cache path C:/Users/Raymond Aoukar/AppData/Local/UnrealEngine/Common/DerivedDataCache: Writable
[2017.10.12-06.41.05:705][  0]LogMaterial: Verifying Global Shaders for PCD3D_SM5
[2017.10.12-06.41.05:705][  0]LogSlate: Using Freetype 2.6.0
[2017.10.12-06.41.05:719][  0]LogSlate: SlateFontCache - WITH_FREETYPE: 1, WITH_HARFBUZZ: 1
[2017.10.12-06.41.05:719][  0]LogSlate: SlateFontCache - WITH_FREETYPE: 1, WITH_HARFBUZZ: 1
[2017.10.12-06.41.06:075][  0]LogAssetRegistry: FAssetRegistry took 0.0256 seconds to start up
[2017.10.12-06.41.06:200][  0]LogInit: Selected Device Profile: [Windows]
[2017.10.12-06.41.06:487][  0]LogContentStreaming: Texture pool size is 0.00 MB
[2017.10.12-06.41.06:780][  0]LogSimplygon: Simplygon DLL not present - disabling.
[2017.10.12-06.41.06:819][  0]LogMeshReduction: Using SimplygonSwarm for distributed automatic mesh merging
[2017.10.12-06.41.06:819][  0]LogMeshReduction: Using QuadricMeshReduction for automatic static mesh reduction
[2017.10.12-06.41.06:819][  0]LogMeshReduction: No automatic skeletal mesh reduction module available
[2017.10.12-06.41.06:819][  0]LogMeshReduction: No automatic mesh merging module available
[2017.10.12-06.41.06:819][  0]LogMeshMerging: No automatic mesh merging module available
[2017.10.12-06.41.07:416][  0]LogNetVersion: Game , NetCL: 3573198, EngineNetVer: 2, GameNetVer: 0 (Checksum: 2957514414)
[2017.10.12-06.41.07:804][  0]LogPackageLocalizationCache: Processed 5 localized package path(s) for 2 prioritized culture(s) in 0.057120 seconds
[2017.10.12-06.41.07:809][  0]LogUObjectArray: 35825 objects as part of root set at end of initial load.
[2017.10.12-06.41.07:809][  0]LogUObjectAllocator: 7529104 out of 0 bytes used by permanent object pool.
[2017.10.12-06.41.07:809][  0]LogUObjectArray: CloseDisregardForGC: 0/0 objects in disregard for GC pool
[2017.10.12-06.41.07:862][  0]LogInit: WinSock: version 1.1 (2.2), MaxSocks=32767, MaxUdp=65467
[2017.10.12-06.41.11:766][  0]LogTcpMessaging: Initializing TcpMessaging bridge
[2017.10.12-06.41.11:802][  0]LogUdpMessaging: Initializing bridge on interface 0.0.0.0:0 to multicast group 230.0.0.1:6666.
[2017.10.12-06.41.12:558][  0]LogMaterial: Uniform references updated for custom material expression Custom.
[2017.10.12-06.41.13:086][  0]SourceControl: Source control is disabled
[2017.10.12-06.41.13:086][  0]SourceControl: Source control is disabled
[2017.10.12-06.41.13:131][  0]SourceControl: Source control is disabled
[2017.10.12-06.41.13:171][  0]SourceControl: Source control is disabled
[2017.10.12-06.41.13:712][  0]LogAndroidPermission: UAndroidPermissionCallbackProxy::GetInstance
[2017.10.12-06.41.13:922][  0]LogOcInput: OculusInput pre-init called
[2017.10.12-06.41.14:195][  0]LogEngine: Initializing Engine...
[2017.10.12-06.41.14:196][  0]LogHMD: Failed to initialize OpenVR with code 110
[2017.10.12-06.41.14:549][  0]LogStats: UGameplayTagsManager::ConstructGameplayTagTree: Construct from data asset -  0.000 s
[2017.10.12-06.41.14:549][  0]LogStats: UGameplayTagsManager::ConstructGameplayTagTree: GameplayTagTreeChangedEvent.Broadcast -  0.000 s
[2017.10.12-06.41.14:660][  0]LogAIModule: Creating AISystem for world Untitled
[2017.10.12-06.41.14:666][  0]LogInit: XAudio2 using 'Speakers (Realtek High Definition Audio)' : 2 channels at 48 kHz using 32 bits per sample (channel mask 0x3)
[2017.10.12-06.41.14:690][  0]LogInit: FAudioDevice initialized.
[2017.10.12-06.41.14:921][  0]LogDerivedDataCache: Saved boot cache 0.23s 93MB C:/Users/Raymond Aoukar/AppData/Local/UnrealEngine/4.17/DerivedDataCache/Boot.ddc.
[2017.10.12-06.41.14:929][  0]LogInit: Texture streaming: Enabled
[2017.10.12-06.41.15:033][  0]LogEngineSessionManager: EngineSessionManager initialized
[2017.10.12-06.41.15:253][  0]LogInit: Transaction tracking system initialized
[2017.10.12-06.41.15:523][  0]BlueprintLog: New page: Editor Load
[2017.10.12-06.41.16:335][  0]LocalizationService: Localization service is disabled
[2017.10.12-06.41.16:975][  0]LogConsoleResponse: Display: 
[2017.10.12-06.41.17:352][  0]LogCook: Display: Max memory allowance for cook 16384mb min free memory 0mb
[2017.10.12-06.41.17:352][  0]LogCook: Display: Mobile HDR setting 1
[2017.10.12-06.41.17:352][  0]LogGameplayTags: Display: UGameplayTagsManager::DoneAddingNativeTags. DelegateIsBound: 0
[2017.10.12-06.41.17:853][  0]LogFileCache: Scanning file cache for directory 'C:/Users/Raymond Aoukar/Desktop/Computer Game Design/repository/PewPewGames/Game/Content/' took 0.02s
[2017.10.12-06.41.18:388][  0]SourceControl: Source control is disabled
[2017.10.12-06.41.18:389][  0]LightingResults: New page: Lighting Build
[2017.10.12-06.41.18:444][  0]MapCheck: New page: Map Check
[2017.10.12-06.41.18:444][  0]LightingResults: New page: Lighting Build
[2017.10.12-06.41.19:435][  0]LogBlueprint: Warning: [Compiler Ue4ASP_Character] InputAction Event references unknown Action 'Crouch' for  InputAction Crouch
[2017.10.12-06.41.19:444][  0]LogBlueprint: Warning: [Compiler Ue4ASP_Character] [0022.88] Compile of Ue4ASP_Character successful, but with 1 Warning(s) [in 31 ms] (/Game/AnimStarterPack/Ue4ASP_Character.Ue4ASP_Character)
[2017.10.12-06.41.20:773][  0]LogAIModule: Creating AISystem for world FirstPersonExampleMap
[2017.10.12-06.41.20:810][  0]LogEditorServer: Finished looking for orphan Actors (0.000 secs)
[2017.10.12-06.41.20:843][  0]Cmd: MAP CHECKDEP NOCLEARLOG
[2017.10.12-06.41.20:904][  0]MapCheck: Map check complete: 0 Error(s), 0 Warning(s), took 60.535ms to complete.
[2017.10.12-06.41.20:904][  0]LogFileHelpers: Loading map 'FirstPersonExampleMap' took 2.516
[2017.10.12-06.41.21:109][  0]LogCollectionManager: Loaded 0 collections in 0.002428 seconds
[2017.10.12-06.41.21:186][  0]LogFileCache: Scanning file cache for directory 'C:/Users/Raymond Aoukar/Desktop/Computer Game Design/repository/PewPewGames/Game/Saved/Collections/' took 0.01s
[2017.10.12-06.41.21:186][  0]LogFileCache: Scanning file cache for directory 'C:/Users/Raymond Aoukar/Desktop/Computer Game Design/repository/PewPewGames/Game/Content/Developers/RaymondAoukar/Collections/' took 0.01s
[2017.10.12-06.41.21:186][  0]LogFileCache: Scanning file cache for directory 'C:/Users/Raymond Aoukar/Desktop/Computer Game Design/repository/PewPewGames/Game/Content/Collections/' took 0.01s
[2017.10.12-06.41.21:186][  0]LogCollectionManager: Rebuilt the GUID cache for 0 collections in 0.000000 seconds
[2017.10.12-06.41.21:194][  0]LogContentBrowser: Native class hierarchy populated in 0.0086 seconds. Added 2386 classes and 500 folders.
[2017.10.12-06.41.21:253][  0]LogContentBrowser: Native class hierarchy updated for 'WidgetCarousel' in 0.0005 seconds. Added 0 classes and 0 folders.
[2017.10.12-06.41.21:530][  0]LogContentBrowser: Native class hierarchy updated for 'AddContentDialog' in 0.0006 seconds. Added 0 classes and 0 folders.
[2017.10.12-06.41.21:572][  0]LogContentBrowser: Native class hierarchy updated for 'SceneOutliner' in 0.0006 seconds. Added 1 classes and 2 folders.
[2017.10.12-06.41.21:601][  0]LogSlate: Took 0.003334 seconds to synchronously load lazily loaded font '../../../Engine/Content/Slate/Fonts/Roboto-Regular.ttf' (155K)
[2017.10.12-06.41.21:606][  0]LogSlate: Took 0.003005 seconds to synchronously load lazily loaded font '../../../Engine/Content/Slate/Fonts/Roboto-Bold.ttf' (160K)
[2017.10.12-06.41.21:615][  0]LogSlate: Took 0.003433 seconds to synchronously load lazily loaded font '../../../Engine/Content/Editor/Slate/Fonts/FontAwesome.ttf' (139K)
[2017.10.12-06.41.21:785][  0]LogRenderer: Reallocating scene render targets to support 1208x576 Format 10 NumSamples 1 (Frame:1).
[2017.10.12-06.41.22:149][  0]LogContentBrowser: Native class hierarchy updated for 'HierarchicalLODOutliner' in 0.0006 seconds. Added 1 classes and 2 folders.
[2017.10.12-06.41.22:149][  0]LogLoad: (Engine Initialization) Total time: 25.59 seconds
[2017.10.12-06.41.22:149][  0]LogLoad: (Engine Initialization) Total Blueprint compile time: 0.00 seconds
[2017.10.12-06.41.22:149][  0]LogExternalProfiler: Found external profiler: VSPerf
[2017.10.12-06.41.22:150][  0]LogExternalProfiler: Using external profiler: VSPerf
[2017.10.12-06.41.22:510][  0]LogContentStreaming: Texture pool size now 1000 MB
[2017.10.12-06.41.23:541][  2]LogAssetRegistry: Asset discovery search completed in 17.4873 seconds
[2017.10.12-06.41.23:543][  2]LogCollectionManager: Rebuilt the object cache for 0 collections in 0.000000 seconds (found 0 objects)
[2017.10.12-06.41.23:543][  2]LogCollectionManager: Fixed up redirectors for 0 collections in 0.000048 seconds (updated 0 objects)
[2017.10.12-06.42.11:705][294]LogSlate: Took 0.003135 seconds to synchronously load lazily loaded font '../../../Engine/Content/Slate/Fonts/Roboto-Light.ttf' (159K)
[2017.10.12-06.42.12:209][294]LogContentBrowser: Native class hierarchy updated for 'BlueprintGraph' in 0.0009 seconds. Added 113 classes and 0 folders.
[2017.10.12-06.42.13:043][294]LogSlate: Took 0.000116 seconds to synchronously load lazily loaded font '../../../Engine/Content/Slate/Fonts/Roboto-Light.ttf' (159K)
[2017.10.12-06.42.13:079][294]LogSlate: Took 0.035692 seconds to synchronously load lazily loaded font '../../../Engine/Content/Editor/Slate/Fonts/Roboto-BoldCondensed.ttf' (158K)
[2017.10.12-06.42.18:403][597]LogSlate: Took 0.064337 seconds to synchronously load lazily loaded font '../../../Engine/Content/Slate/Fonts/DroidSansFallback.ttf' (3848K)
[2017.10.12-06.43.11:823][794]LogUObjectHash: Warning: Ambiguous search, could be VerticalBox /Game/PPGContent/Menus/Options.Options:WidgetTree.VerticalBox_1 or VerticalBox /Game/PPGContent/Menus/Options.SKEL_Options_C:WidgetTree.VerticalBox_1
[2017.10.12-06.43.11:823][794]LogUObjectHash: Warning: Ambiguous search, could be VerticalBox /Game/PPGContent/Menus/Options.Options:WidgetTree.VerticalBox_1 or VerticalBox /Game/PPGContent/Menus/Options.Options_C:WidgetTree.VerticalBox_1
[2017.10.12-06.43.11:823][794]LogUObjectHash: Warning: Ambiguous search, could be VerticalBox /Game/PPGContent/Menus/Options.Options:WidgetTree.VerticalBox_1 or VerticalBox /Engine/Transient.World_1:Options_C_0.WidgetTree_0.VerticalBox_1
[2017.10.12-06.43.11:823][794]LogUObjectHash: Warning: Ambiguous search, could be VerticalBox /Game/PPGContent/Menus/Options.Options:WidgetTree.VerticalBox_1 or VerticalBox /Engine/Transient.World_1:Options_C_1.WidgetTree_1.VerticalBox_1
[2017.10.12-06.43.11:823][794]LogProperty: Warning: Illegal TEXT reference to a private object in external package (VerticalBoxSlot /Game/PPGContent/Menus/Options.Options:WidgetTree.VerticalBox_1.VerticalBoxSlot_1) from referencer (Button /Engine/UMG/Editor/Transient.DevSoundsbutton).  Import failed...
[2017.10.12-06.43.11:823][794]LogProperty: Warning: ObjectProperty /Script/UMG.Widget:Slot: unresolved reference to 'VerticalBoxSlot'VerticalBox_1.VerticalBoxSlot_1''
[2017.10.12-06.43.17:799][139]LogUObjectHash: Warning: Ambiguous search, could be Button /Engine/Transient.World_1:Options_C_1.WidgetTree_1.DevSoundsbutton or Button /Game/PPGContent/Menus/Options.Options:WidgetTree.DevSoundsbutton
[2017.10.12-06.43.17:799][139]LogUObjectHash: Warning: Ambiguous search, could be Button /Engine/Transient.World_1:Options_C_1.WidgetTree_1.DevSoundsbutton or ObjectProperty /Engine/Transient.TRASHCLASS_Options_58:DevSoundsbutton
[2017.10.12-06.43.17:799][139]LogUObjectHash: Warning: Ambiguous search, could be Button /Engine/Transient.World_1:Options_C_1.WidgetTree_1.DevSoundsbutton or Button /Engine/Transient.WidgetTree:DevSoundsbutton
[2017.10.12-06.43.17:799][139]LogUObjectHash: Warning: Ambiguous search, could be Button /Engine/Transient.World_1:Options_C_1.WidgetTree_1.DevSoundsbutton or Button /Engine/Transient.World_1:Options_C_0.WidgetTree_0.DevSoundsbutton
[2017.10.12-06.43.17:799][139]LogUObjectHash: Warning: Ambiguous search, could be Button /Engine/Transient.World_1:Options_C_1.WidgetTree_1.DevSoundsbutton or ObjectProperty /Game/PPGContent/Menus/Options.Options_C:DevSoundsbutton
[2017.10.12-06.43.17:799][139]LogUObjectHash: Warning: Ambiguous search, could be Button /Engine/Transient.World_1:Options_C_1.WidgetTree_1.DevSoundsbutton or Button /Game/PPGContent/Menus/Options.Options_C:WidgetTree.DevSoundsbutton
[2017.10.12-06.43.17:800][139]LogUObjectHash: Warning: Ambiguous search, could be Button /Engine/Transient.World_1:Options_C_1.WidgetTree_1.DevSoundsbutton or ObjectProperty /Engine/Transient.REINST_SKEL_Options_C_4:DevSoundsbutton
[2017.10.12-06.43.17:800][139]LogUObjectHash: Warning: Ambiguous search, could be Button /Engine/Transient.World_1:Options_C_1.WidgetTree_1.DevSoundsbutton or Button /Engine/Transient.REINST_SKEL_Options_C_4:WidgetTree.DevSoundsbutton
[2017.10.12-06.43.17:800][139]LogUObjectHash: Warning: Ambiguous search, could be Button /Engine/Transient.World_1:Options_C_1.WidgetTree_1.DevSoundsbutton or ObjectProperty /Game/PPGContent/Menus/Options.SKEL_Options_C:DevSoundsbutton
[2017.10.12-06.43.17:800][139]LogUObjectHash: Warning: Ambiguous search, could be Button /Engine/Transient.World_1:Options_C_1.WidgetTree_1.DevSoundsbutton or Button /Engine/Transient.World_1:Options_C_2.WidgetTree_2.DevSoundsbutton
[2017.10.12-06.43.17:800][139]LogProperty: Warning: Illegal TEXT reference to a private object in external package (ButtonSlot /Engine/Transient.World_1:Options_C_1.WidgetTree_1.DevSoundsbutton.ButtonSlot_0) from referencer (TextBlock /Engine/UMG/Editor/Transient.TextBlock_2).  Import failed...
[2017.10.12-06.43.17:800][139]LogProperty: Warning: ObjectProperty /Script/UMG.Widget:Slot: unresolved reference to 'ButtonSlot'DevSoundsbutton.ButtonSlot_0''
[2017.10.12-06.43.22:266][407]LogEditorTransaction: Undo Animatable Property Changed
[2017.10.12-06.43.22:766][437]LogEditorTransaction: Undo Animatable Property Changed
[2017.10.12-06.43.23:799][499]LogEditorTransaction: Undo Animatable Property Changed
[2017.10.12-06.43.25:982][630]LogEditorTransaction: Undo Paste clipboard contents
[2017.10.12-06.43.46:604][855]LogUObjectHash: Warning: Ambiguous search, could be VerticalBox /Game/PPGContent/Menus/Options.Options:WidgetTree.VerticalBox_1 or VerticalBox /Engine/Transient.WidgetTree:VerticalBox_1
[2017.10.12-06.43.46:604][855]LogUObjectHash: Warning: Ambiguous search, could be VerticalBox /Game/PPGContent/Menus/Options.Options:WidgetTree.VerticalBox_1 or VerticalBox /Game/PPGContent/Menus/Options.Options_C:WidgetTree.VerticalBox_1
[2017.10.12-06.43.46:604][855]LogUObjectHash: Warning: Ambiguous search, could be VerticalBox /Game/PPGContent/Menus/Options.Options:WidgetTree.VerticalBox_1 or VerticalBox /Engine/Transient.World_1:Options_C_0.WidgetTree_0.VerticalBox_1
[2017.10.12-06.43.46:604][855]LogUObjectHash: Warning: Ambiguous search, could be VerticalBox /Game/PPGContent/Menus/Options.Options:WidgetTree.VerticalBox_1 or VerticalBox /Engine/Transient.World_1:Options_C_1.WidgetTree_1.VerticalBox_1
[2017.10.12-06.43.46:604][855]LogUObjectHash: Warning: Ambiguous search, could be VerticalBox /Game/PPGContent/Menus/Options.Options:WidgetTree.VerticalBox_1 or VerticalBox /Engine/Transient.REINST_SKEL_Options_C_4:WidgetTree.VerticalBox_1
[2017.10.12-06.43.46:604][855]LogUObjectHash: Warning: Ambiguous search, could be VerticalBox /Game/PPGContent/Menus/Options.Options:WidgetTree.VerticalBox_1 or VerticalBox /Engine/Transient.World_1:Options_C_2.WidgetTree_2.VerticalBox_1
[2017.10.12-06.43.46:604][855]LogUObjectHash: Warning: Ambiguous search, could be VerticalBox /Game/PPGContent/Menus/Options.Options:WidgetTree.VerticalBox_1 or VerticalBox /Engine/Transient.World_1:Options_C_3.WidgetTree_3.VerticalBox_1
[2017.10.12-06.43.46:604][855]LogProperty: Warning: Illegal TEXT reference to a private object in external package (VerticalBoxSlot /Game/PPGContent/Menus/Options.Options:WidgetTree.VerticalBox_1.VerticalBoxSlot_1) from referencer (Button /Engine/UMG/Editor/Transient.DevSoundsbutton).  Import failed...
[2017.10.12-06.43.46:604][855]LogProperty: Warning: ObjectProperty /Script/UMG.Widget:Slot: unresolved reference to 'VerticalBoxSlot'VerticalBox_1.VerticalBoxSlot_1''
[2017.10.12-06.45.18:284][319]LogSlate: Took 0.020583 seconds to synchronously load lazily loaded font '../../../Engine/Content/Editor/Slate/Fonts/Roboto-Italic.ttf' (157K)
[2017.10.12-06.46.39:383][989]BlueprintLog: New page: Compile FirstPersonCharacter
[2017.10.12-06.51.34:095][413]BlueprintLog: New page: Compile Options
[2017.10.12-06.51.34:851][439]LogSavePackage: Save=103.36ms
[2017.10.12-06.51.34:851][439]LogSavePackage: Moving '../../../../../../Users/Raymond Aoukar/Desktop/Computer Game Design/repository/PewPewGames/Game/Saved/Options5AFC0F4D44CCA5209A2F5D90EF4EE33D.tmp' to '../../../../../../Users/Raymond Aoukar/Desktop/Computer Game Design/repository/PewPewGames/Game/Content/PPGContent/Menus/Options.uasset'
[2017.10.12-06.51.34:863][439]LogSavePackage: Display: Finished SavePackage ../../../../../../Users/Raymond Aoukar/Desktop/Computer Game Design/repository/PewPewGames/Game/Content/PPGContent/Menus/Options.uasset
[2017.10.12-06.52.20:449][133]LogSavePackage: Save=156.52ms
[2017.10.12-06.52.20:450][133]LogSavePackage: Moving '../../../../../../Users/Raymond Aoukar/Desktop/Computer Game Design/repository/PewPewGames/Game/Saved/FirstPersonExampleMap_Auto1E566D4D44A20B09D13335DA43A44D096.tmp' to '../../../../../../Users/Raymond Aoukar/Desktop/Computer Game Design/repository/PewPewGames/Game/Saved/Autosaves/Game/FirstPersonBP/Maps/FirstPersonExampleMap_Auto1.umap'
[2017.10.12-06.52.20:452][133]LogSavePackage: Display: Finished SavePackage ../../../../../../Users/Raymond Aoukar/Desktop/Computer Game Design/repository/PewPewGames/Game/Saved/Autosaves/Game/FirstPersonBP/Maps/FirstPersonExampleMap_Auto1.umap
[2017.10.12-06.52.20:458][133]LogFileHelpers: Editor autosave (incl. sublevels) for '/Game/FirstPersonBP/Maps/FirstPersonExampleMap' took 0.210
[2017.10.12-06.52.20:458][133]LogFileHelpers: Editor autosave (incl. sublevels) for all levels took 0.210
[2017.10.12-06.52.20:460][133]OBJ SavePackage: Generating thumbnails for [1] asset(s) in package [/Game/FirstPersonBP/Blueprints/FirstPersonCharacter] ([1] browsable assets)...
[2017.10.12-06.52.20:574][133]OBJ SavePackage:     Rendered thumbnail for [Blueprint /Game/FirstPersonBP/Blueprints/FirstPersonCharacter.FirstPersonCharacter]
[2017.10.12-06.52.20:574][133]OBJ SavePackage: Finished generating thumbnails for package [/Game/FirstPersonBP/Blueprints/FirstPersonCharacter]
[2017.10.12-06.52.20:891][133]LogSavePackage: Save=306.26ms
[2017.10.12-06.52.20:891][133]LogSavePackage: Moving '../../../../../../Users/Raymond Aoukar/Desktop/Computer Game Design/repository/PewPewGames/Game/Saved/FirstPersonCharacter_Auto11C1A9A1A44C55DC2167A48BBE5839532.tmp' to '../../../../../../Users/Raymond Aoukar/Desktop/Computer Game Design/repository/PewPewGames/Game/Saved/Autosaves/Game/FirstPersonBP/Blueprints/FirstPersonCharacter_Auto1.uasset'
[2017.10.12-06.52.20:893][133]LogSavePackage: Display: Finished SavePackage ../../../../../../Users/Raymond Aoukar/Desktop/Computer Game Design/repository/PewPewGames/Game/Saved/Autosaves/Game/FirstPersonBP/Blueprints/FirstPersonCharacter_Auto1.uasset
[2017.10.12-06.52.20:893][133]LogFileHelpers: Auto-saving content packages took 0.434
[2017.10.12-06.57.55:005][589]BlueprintLog: New page: Compile FirstPersonCharacter
[2017.10.12-07.02.45:440][539]BlueprintLog: New page: Compile AI_Character
[2017.10.12-07.04.18:299][ 46]BlueprintLog: New page: Compile AI_Character
[2017.10.12-07.05.20:368][886]LogSavePackage: Save=163.05ms
[2017.10.12-07.05.20:368][886]LogSavePackage: Moving '../../../../../../Users/Raymond Aoukar/Desktop/Computer Game Design/repository/PewPewGames/Game/Saved/FirstPersonExampleMap_Auto2B60809B444CC2FFA5155B9886C956E50.tmp' to '../../../../../../Users/Raymond Aoukar/Desktop/Computer Game Design/repository/PewPewGames/Game/Saved/Autosaves/Game/FirstPersonBP/Maps/FirstPersonExampleMap_Auto2.umap'
[2017.10.12-07.05.20:380][886]LogSavePackage: Display: Finished SavePackage ../../../../../../Users/Raymond Aoukar/Desktop/Computer Game Design/repository/PewPewGames/Game/Saved/Autosaves/Game/FirstPersonBP/Maps/FirstPersonExampleMap_Auto2.umap
[2017.10.12-07.05.20:382][886]LogFileHelpers: Editor autosave (incl. sublevels) for '/Game/FirstPersonBP/Maps/FirstPersonExampleMap' took 0.226
[2017.10.12-07.05.20:382][886]LogFileHelpers: Editor autosave (incl. sublevels) for all levels took 0.226
[2017.10.12-07.05.20:384][886]OBJ SavePackage: Generating thumbnails for [1] asset(s) in package [/Game/PPGContent/Characters/Enemy/Base_Enemy/AI_Character] ([1] browsable assets)...
[2017.10.12-07.05.20:439][886]OBJ SavePackage:     Rendered thumbnail for [Blueprint /Game/PPGContent/Characters/Enemy/Base_Enemy/AI_Character.AI_Character]
[2017.10.12-07.05.20:440][886]OBJ SavePackage: Finished generating thumbnails for package [/Game/PPGContent/Characters/Enemy/Base_Enemy/AI_Character]
[2017.10.12-07.05.20:563][886]LogSavePackage: Save=113.25ms
[2017.10.12-07.05.20:563][886]LogSavePackage: Moving '../../../../../../Users/Raymond Aoukar/Desktop/Computer Game Design/repository/PewPewGames/Game/Saved/AI_Character_Auto2ACC7458C430C3C65058D74882A547876.tmp' to '../../../../../../Users/Raymond Aoukar/Desktop/Computer Game Design/repository/PewPewGames/Game/Saved/Autosaves/Game/PPGContent/Characters/Enemy/Base_Enemy/AI_Character_Auto2.uasset'
[2017.10.12-07.05.20:565][886]LogSavePackage: Display: Finished SavePackage ../../../../../../Users/Raymond Aoukar/Desktop/Computer Game Design/repository/PewPewGames/Game/Saved/Autosaves/Game/PPGContent/Characters/Enemy/Base_Enemy/AI_Character_Auto2.uasset
[2017.10.12-07.05.20:566][886]OBJ SavePackage: Generating thumbnails for [1] asset(s) in package [/Game/FirstPersonBP/Blueprints/FirstPersonCharacter] ([1] browsable assets)...
[2017.10.12-07.05.20:619][886]OBJ SavePackage:     Rendered thumbnail for [Blueprint /Game/FirstPersonBP/Blueprints/FirstPersonCharacter.FirstPersonCharacter]
[2017.10.12-07.05.20:619][886]OBJ SavePackage: Finished generating thumbnails for package [/Game/FirstPersonBP/Blueprints/FirstPersonCharacter]
[2017.10.12-07.05.20:973][886]LogSavePackage: Save=343.25ms
[2017.10.12-07.05.20:973][886]LogSavePackage: Moving '../../../../../../Users/Raymond Aoukar/Desktop/Computer Game Design/repository/PewPewGames/Game/Saved/FirstPersonCharacter_Auto27186E7574974B2F517773B86F45DD220.tmp' to '../../../../../../Users/Raymond Aoukar/Desktop/Computer Game Design/repository/PewPewGames/Game/Saved/Autosaves/Game/FirstPersonBP/Blueprints/FirstPersonCharacter_Auto2.uasset'
[2017.10.12-07.05.20:975][886]LogSavePackage: Display: Finished SavePackage ../../../../../../Users/Raymond Aoukar/Desktop/Computer Game Design/repository/PewPewGames/Game/Saved/Autosaves/Game/FirstPersonBP/Blueprints/FirstPersonCharacter_Auto2.uasset
[2017.10.12-07.05.20:975][886]LogFileHelpers: Auto-saving content packages took 0.592
[2017.10.12-07.07.55:522][406]LogFactory: FactoryCreateFile: SoundWave with ReimportSoundFactory (0 0 ../../../../../../Users/Raymond Aoukar/Desktop/Audacity Files/Dev-CloseDoor.wav)
[2017.10.12-07.07.55:527][406]LogAudioDerivedData: Display: Building compressed audio format OGG wave Dev-CloseDoor...
[2017.10.12-07.07.55:570][406]LogAudioDerivedData: Updated SoundWave->RawPCMDataSize during cooking SoundWave /Game/PPGContent/Doors/Automatic_slidedoor/Dev-CloseDoor.Dev-CloseDoor.
[2017.10.12-07.07.59:901][450]LogFactory: FactoryCreateFile: SoundWave with ReimportSoundFactory (0 0 ../../../../../../Users/Raymond Aoukar/Desktop/Audacity Files/Dev-ReverseDoorClose.wav)
[2017.10.12-07.07.59:906][450]LogAudioDerivedData: Display: Building compressed audio format OGG wave Dev-ReverseDoorClose...
[2017.10.12-07.07.59:946][450]LogAudioDerivedData: Updated SoundWave->RawPCMDataSize during cooking SoundWave /Game/PPGContent/Doors/Automatic_slidedoor/Dev-ReverseDoorClose.Dev-ReverseDoorClose.
[2017.10.12-07.12.03:974][852]BlueprintLog: New page: Compile Blue_Automatic_Slide_Door
[2017.10.12-07.12.05:870][936]LogTemp: Repeating last play command: Selected Viewport
[2017.10.12-07.12.05:952][936]LogBlueprintUserMessages: Early PlayInEditor Detection: Level '/Game/FirstPersonBP/Maps/FirstPersonExampleMap.FirstPersonExampleMap:PersistentLevel' has LevelScriptBlueprint '/Game/FirstPersonBP/Maps/FirstPersonExampleMap.FirstPersonExampleMap:PersistentLevel.FirstPersonExampleMap' with GeneratedClass '/Game/FirstPersonBP/Maps/FirstPersonExampleMap.FirstPersonExampleMap_C' with ClassGeneratedBy '/Game/FirstPersonBP/Maps/FirstPersonExampleMap.FirstPersonExampleMap:PersistentLevel.FirstPersonExampleMap'
[2017.10.12-07.12.05:952][936]LogPlayLevel: PlayLevel: No blueprints needed recompiling
[2017.10.12-07.12.05:953][936]PIE: New page: PIE session: FirstPersonExampleMap (13 Oct 2017 4:12:05 am)
[2017.10.12-07.12.05:953][936]LogPlayLevel: Creating play world package: /Game/FirstPersonBP/Maps/UEDPIE_0_FirstPersonExampleMap
[2017.10.12-07.12.05:976][936]LogPlayLevel: PIE: StaticDuplicateObject took: (0.022504s)
[2017.10.12-07.12.05:977][936]LogAIModule: Creating AISystem for world FirstPersonExampleMap
[2017.10.12-07.12.05:978][936]LogPlayLevel: PIE: World Init took: (0.001432s)
[2017.10.12-07.12.05:978][936]LogPlayLevel: PIE: Created PIE world by copying editor world from /Game/FirstPersonBP/Maps/FirstPersonExampleMap.FirstPersonExampleMap to /Game/FirstPersonBP/Maps/UEDPIE_0_FirstPersonExampleMap.FirstPersonExampleMap (0.024312s)
[2017.10.12-07.12.06:010][936]LogInit: XAudio2 using 'Speakers (Realtek High Definition Audio)' : 2 channels at 48 kHz using 32 bits per sample (channel mask 0x3)
[2017.10.12-07.12.06:019][936]LogInit: FAudioDevice initialized.
[2017.10.12-07.12.06:067][936]LogLoad: Game class is 'FirstPersonGameMode_C'
[2017.10.12-07.12.06:073][936]LogWorld: Bringing World /Game/FirstPersonBP/Maps/UEDPIE_0_FirstPersonExampleMap.FirstPersonExampleMap up for play (max tick rate 60) at 2017.10.12-17.42.06
[2017.10.12-07.12.06:074][936]LogWorld: Bringing up level for play took: 0.006507
[2017.10.12-07.12.06:129][936]LogContentBrowser: Native class hierarchy updated for 'MovieSceneCapture' in 0.0011 seconds. Added 11 classes and 0 folders.
[2017.10.12-07.12.06:134][936]PIE: Play in editor start time for /Game/FirstPersonBP/Maps/UEDPIE_0_FirstPersonExampleMap 0.583
[2017.10.12-07.12.06:134][936]LogBlueprintUserMessages: Late PlayInEditor Detection: Level '/Game/FirstPersonBP/Maps/FirstPersonExampleMap.FirstPersonExampleMap:PersistentLevel' has LevelScriptBlueprint '/Game/FirstPersonBP/Maps/FirstPersonExampleMap.FirstPersonExampleMap:PersistentLevel.FirstPersonExampleMap' with GeneratedClass '/Game/FirstPersonBP/Maps/FirstPersonExampleMap.FirstPersonExampleMap_C' with ClassGeneratedBy '/Game/FirstPersonBP/Maps/FirstPersonExampleMap.FirstPersonExampleMap:PersistentLevel.FirstPersonExampleMap'
[2017.10.12-07.12.06:271][936]LogRenderer: Reallocating scene render targets to support 1292x756 Format 10 NumSamples 1 (Frame:1).
[2017.10.12-07.12.36:945][ 51]LogScript: Warning: Accessed None trying to read property K2Node_DynamicCast_AsFirst_Person_Character2
	Blue_Automatic_Slide_Door_C /Game/FirstPersonBP/Maps/UEDPIE_0_FirstPersonExampleMap.FirstPersonExampleMap:PersistentLevel.Slide_Up_1098
	Function /Game/PPGContent/Doors/Automatic_slidedoor/Blue_Automatic_Slide_Door.Blue_Automatic_Slide_Door_C:ExecuteUbergraph_Blue_Automatic_Slide_Door:02F7
[2017.10.12-07.12.36:946][ 51]PIE: Error: Blueprint Runtime Error: Accessed None trying to read property K2Node_DynamicCast_AsFirst_Person_Character2 from function: 'ExecuteUbergraph_Blue_Automatic_Slide_Door' from node: Branch in graph: EventGraph in object: Blue_Automatic_Slide_Door with description: Accessed None trying to read property K2Node_DynamicCast_AsFirst_Person_Character2
[2017.10.12-07.12.36:946][ 51]LogScript: Warning: Accessed None trying to read property K2Node_DynamicCast_AsFirst_Person_Character2
	Blue_Automatic_Slide_Door_C /Game/FirstPersonBP/Maps/UEDPIE_0_FirstPersonExampleMap.FirstPersonExampleMap:PersistentLevel.Slide_Up_1098
	Function /Game/PPGContent/Doors/Automatic_slidedoor/Blue_Automatic_Slide_Door.Blue_Automatic_Slide_Door_C:ExecuteUbergraph_Blue_Automatic_Slide_Door:0323
[2017.10.12-07.12.36:946][ 51]PIE: Error: Blueprint Runtime Error: Accessed None trying to read property K2Node_DynamicCast_AsFirst_Person_Character2 from function: 'ExecuteUbergraph_Blue_Automatic_Slide_Door' from node: Branch in graph: EventGraph in object: Blue_Automatic_Slide_Door with description: Accessed None trying to read property K2Node_DynamicCast_AsFirst_Person_Character2
[2017.10.12-07.12.49:331][475]LogBlueprintUserMessages: Early EndPlayMap Detection: Level '/Game/FirstPersonBP/Maps/FirstPersonExampleMap.FirstPersonExampleMap:PersistentLevel' has LevelScriptBlueprint '/Game/FirstPersonBP/Maps/FirstPersonExampleMap.FirstPersonExampleMap:PersistentLevel.FirstPersonExampleMap' with GeneratedClass '/Game/FirstPersonBP/Maps/FirstPersonExampleMap.FirstPersonExampleMap_C' with ClassGeneratedBy '/Game/FirstPersonBP/Maps/FirstPersonExampleMap.FirstPersonExampleMap:PersistentLevel.FirstPersonExampleMap'
[2017.10.12-07.12.49:486][475]LogBlueprintUserMessages: Late EndPlayMap Detection: Level '/Game/FirstPersonBP/Maps/FirstPersonExampleMap.FirstPersonExampleMap:PersistentLevel' has LevelScriptBlueprint '/Game/FirstPersonBP/Maps/FirstPersonExampleMap.FirstPersonExampleMap:PersistentLevel.FirstPersonExampleMap' with GeneratedClass '/Game/FirstPersonBP/Maps/FirstPersonExampleMap.FirstPersonExampleMap_C' with ClassGeneratedBy '/Game/FirstPersonBP/Maps/FirstPersonExampleMap.FirstPersonExampleMap:PersistentLevel.FirstPersonExampleMap'
[2017.10.12-07.13.37:382][337]LogTemp: Repeating last play command: Selected Viewport
[2017.10.12-07.13.37:431][337]LogBlueprintUserMessages: Early PlayInEditor Detection: Level '/Game/FirstPersonBP/Maps/FirstPersonExampleMap.FirstPersonExampleMap:PersistentLevel' has LevelScriptBlueprint '/Game/FirstPersonBP/Maps/FirstPersonExampleMap.FirstPersonExampleMap:PersistentLevel.FirstPersonExampleMap' with GeneratedClass '/Game/FirstPersonBP/Maps/FirstPersonExampleMap.FirstPersonExampleMap_C' with ClassGeneratedBy '/Game/FirstPersonBP/Maps/FirstPersonExampleMap.FirstPersonExampleMap:PersistentLevel.FirstPersonExampleMap'
[2017.10.12-07.13.37:431][337]LogPlayLevel: PlayLevel: No blueprints needed recompiling
[2017.10.12-07.13.37:431][337]PIE: New page: PIE session: FirstPersonExampleMap (13 Oct 2017 4:13:37 am)
[2017.10.12-07.13.37:431][337]LogPlayLevel: Creating play world package: /Game/FirstPersonBP/Maps/UEDPIE_0_FirstPersonExampleMap
[2017.10.12-07.13.37:454][337]LogPlayLevel: PIE: StaticDuplicateObject took: (0.022424s)
[2017.10.12-07.13.37:455][337]LogAIModule: Creating AISystem for world FirstPersonExampleMap
[2017.10.12-07.13.37:455][337]LogPlayLevel: PIE: World Init took: (0.001296s)
[2017.10.12-07.13.37:455][337]LogPlayLevel: PIE: Created PIE world by copying editor world from /Game/FirstPersonBP/Maps/FirstPersonExampleMap.FirstPersonExampleMap to /Game/FirstPersonBP/Maps/UEDPIE_0_FirstPersonExampleMap.FirstPersonExampleMap (0.024109s)
[2017.10.12-07.13.37:489][337]LogInit: XAudio2 using 'Speakers (Realtek High Definition Audio)' : 2 channels at 48 kHz using 32 bits per sample (channel mask 0x3)
[2017.10.12-07.13.37:500][337]LogInit: FAudioDevice initialized.
[2017.10.12-07.13.37:542][337]LogLoad: Game class is 'FirstPersonGameMode_C'
[2017.10.12-07.13.37:548][337]LogWorld: Bringing World /Game/FirstPersonBP/Maps/UEDPIE_0_FirstPersonExampleMap.FirstPersonExampleMap up for play (max tick rate 60) at 2017.10.12-17.43.37
[2017.10.12-07.13.37:549][337]LogWorld: Bringing up level for play took: 0.006881
[2017.10.12-07.13.37:554][337]PIE: Play in editor start time for /Game/FirstPersonBP/Maps/UEDPIE_0_FirstPersonExampleMap 0.003
[2017.10.12-07.13.37:555][337]LogBlueprintUserMessages: Late PlayInEditor Detection: Level '/Game/FirstPersonBP/Maps/FirstPersonExampleMap.FirstPersonExampleMap:PersistentLevel' has LevelScriptBlueprint '/Game/FirstPersonBP/Maps/FirstPersonExampleMap.FirstPersonExampleMap:PersistentLevel.FirstPersonExampleMap' with GeneratedClass '/Game/FirstPersonBP/Maps/FirstPersonExampleMap.FirstPersonExampleMap_C' with ClassGeneratedBy '/Game/FirstPersonBP/Maps/FirstPersonExampleMap.FirstPersonExampleMap:PersistentLevel.FirstPersonExampleMap'
[2017.10.12-07.14.55:133][126]LogBlueprintUserMessages: Early EndPlayMap Detection: Level '/Game/FirstPersonBP/Maps/FirstPersonExampleMap.FirstPersonExampleMap:PersistentLevel' has LevelScriptBlueprint '/Game/FirstPersonBP/Maps/FirstPersonExampleMap.FirstPersonExampleMap:PersistentLevel.FirstPersonExampleMap' with GeneratedClass '/Game/FirstPersonBP/Maps/FirstPersonExampleMap.FirstPersonExampleMap_C' with ClassGeneratedBy '/Game/FirstPersonBP/Maps/FirstPersonExampleMap.FirstPersonExampleMap:PersistentLevel.FirstPersonExampleMap'
[2017.10.12-07.14.55:236][126]LogBlueprintUserMessages: Late EndPlayMap Detection: Level '/Game/FirstPersonBP/Maps/FirstPersonExampleMap.FirstPersonExampleMap:PersistentLevel' has LevelScriptBlueprint '/Game/FirstPersonBP/Maps/FirstPersonExampleMap.FirstPersonExampleMap:PersistentLevel.FirstPersonExampleMap' with GeneratedClass '/Game/FirstPersonBP/Maps/FirstPersonExampleMap.FirstPersonExampleMap_C' with ClassGeneratedBy '/Game/FirstPersonBP/Maps/FirstPersonExampleMap.FirstPersonExampleMap:PersistentLevel.FirstPersonExampleMap'
[2017.10.12-07.14.56:709][203]LogTemp: Repeating last play command: Selected Viewport
[2017.10.12-07.14.56:758][203]LogBlueprintUserMessages: Early PlayInEditor Detection: Level '/Game/FirstPersonBP/Maps/FirstPersonExampleMap.FirstPersonExampleMap:PersistentLevel' has LevelScriptBlueprint '/Game/FirstPersonBP/Maps/FirstPersonExampleMap.FirstPersonExampleMap:PersistentLevel.FirstPersonExampleMap' with GeneratedClass '/Game/FirstPersonBP/Maps/FirstPersonExampleMap.FirstPersonExampleMap_C' with ClassGeneratedBy '/Game/FirstPersonBP/Maps/FirstPersonExampleMap.FirstPersonExampleMap:PersistentLevel.FirstPersonExampleMap'
[2017.10.12-07.14.56:758][203]LogPlayLevel: PlayLevel: No blueprints needed recompiling
[2017.10.12-07.14.56:758][203]PIE: New page: PIE session: FirstPersonExampleMap (13 Oct 2017 4:14:56 am)
[2017.10.12-07.14.56:758][203]LogPlayLevel: Creating play world package: /Game/FirstPersonBP/Maps/UEDPIE_0_FirstPersonExampleMap
[2017.10.12-07.14.56:777][203]LogPlayLevel: PIE: StaticDuplicateObject took: (0.018864s)
[2017.10.12-07.14.56:778][203]LogAIModule: Creating AISystem for world FirstPersonExampleMap
[2017.10.12-07.14.56:778][203]LogPlayLevel: PIE: World Init took: (0.000933s)
[2017.10.12-07.14.56:778][203]LogPlayLevel: PIE: Created PIE world by copying editor world from /Game/FirstPersonBP/Maps/FirstPersonExampleMap.FirstPersonExampleMap to /Game/FirstPersonBP/Maps/UEDPIE_0_FirstPersonExampleMap.FirstPersonExampleMap (0.020154s)
[2017.10.12-07.14.56:812][203]LogInit: XAudio2 using 'Speakers (Realtek High Definition Audio)' : 2 channels at 48 kHz using 32 bits per sample (channel mask 0x3)
[2017.10.12-07.14.56:821][203]LogInit: FAudioDevice initialized.
[2017.10.12-07.14.56:861][203]LogLoad: Game class is 'FirstPersonGameMode_C'
[2017.10.12-07.14.56:868][203]LogWorld: Bringing World /Game/FirstPersonBP/Maps/UEDPIE_0_FirstPersonExampleMap.FirstPersonExampleMap up for play (max tick rate 60) at 2017.10.12-17.44.56
[2017.10.12-07.14.56:869][203]LogWorld: Bringing up level for play took: 0.007036
[2017.10.12-07.14.56:873][203]PIE: Play in editor start time for /Game/FirstPersonBP/Maps/UEDPIE_0_FirstPersonExampleMap -0.678
[2017.10.12-07.14.56:874][203]LogBlueprintUserMessages: Late PlayInEditor Detection: Level '/Game/FirstPersonBP/Maps/FirstPersonExampleMap.FirstPersonExampleMap:PersistentLevel' has LevelScriptBlueprint '/Game/FirstPersonBP/Maps/FirstPersonExampleMap.FirstPersonExampleMap:PersistentLevel.FirstPersonExampleMap' with GeneratedClass '/Game/FirstPersonBP/Maps/FirstPersonExampleMap.FirstPersonExampleMap_C' with ClassGeneratedBy '/Game/FirstPersonBP/Maps/FirstPersonExampleMap.FirstPersonExampleMap:PersistentLevel.FirstPersonExampleMap'
[2017.10.12-07.15.51:373][ 70]LogBlueprintUserMessages: Early EndPlayMap Detection: Level '/Game/FirstPersonBP/Maps/FirstPersonExampleMap.FirstPersonExampleMap:PersistentLevel' has LevelScriptBlueprint '/Game/FirstPersonBP/Maps/FirstPersonExampleMap.FirstPersonExampleMap:PersistentLevel.FirstPersonExampleMap' with GeneratedClass '/Game/FirstPersonBP/Maps/FirstPersonExampleMap.FirstPersonExampleMap_C' with ClassGeneratedBy '/Game/FirstPersonBP/Maps/FirstPersonExampleMap.FirstPersonExampleMap:PersistentLevel.FirstPersonExampleMap'
[2017.10.12-07.15.51:476][ 70]LogBlueprintUserMessages: Late EndPlayMap Detection: Level '/Game/FirstPersonBP/Maps/FirstPersonExampleMap.FirstPersonExampleMap:PersistentLevel' has LevelScriptBlueprint '/Game/FirstPersonBP/Maps/FirstPersonExampleMap.FirstPersonExampleMap:PersistentLevel.FirstPersonExampleMap' with GeneratedClass '/Game/FirstPersonBP/Maps/FirstPersonExampleMap.FirstPersonExampleMap_C' with ClassGeneratedBy '/Game/FirstPersonBP/Maps/FirstPersonExampleMap.FirstPersonExampleMap:PersistentLevel.FirstPersonExampleMap'
[2017.10.12-07.17.28:141][801]LogSavePackage: Save=151.35ms
[2017.10.12-07.17.28:141][801]LogSavePackage: Moving '../../../../../../Users/Raymond Aoukar/Desktop/Computer Game Design/repository/PewPewGames/Game/Saved/FirstPersonExampleMap92BDDD0542388F826D3297A586FB53E7.tmp' to '../../../../../../Users/Raymond Aoukar/Desktop/Computer Game Design/repository/PewPewGames/Game/Content/FirstPersonBP/Maps/FirstPersonExampleMap.umap'
[2017.10.12-07.17.28:156][801]LogSavePackage: Display: Finished SavePackage ../../../../../../Users/Raymond Aoukar/Desktop/Computer Game Design/repository/PewPewGames/Game/Content/FirstPersonBP/Maps/FirstPersonExampleMap.umap
[2017.10.12-07.17.28:236][801]LogFileHelpers: Saving map 'FirstPersonExampleMap' took 0.367
[2017.10.12-07.17.28:356][801]LogSavePackage: Save=105.38ms
[2017.10.12-07.17.28:356][801]LogSavePackage: Moving '../../../../../../Users/Raymond Aoukar/Desktop/Computer Game Design/repository/PewPewGames/Game/Saved/AI_Character90708EA0412035A740B177A2C69C46FD.tmp' to '../../../../../../Users/Raymond Aoukar/Desktop/Computer Game Design/repository/PewPewGames/Game/Content/PPGContent/Characters/Enemy/Base_Enemy/AI_Character.uasset'
[2017.10.12-07.17.28:363][801]LogSavePackage: Display: Finished SavePackage ../../../../../../Users/Raymond Aoukar/Desktop/Computer Game Design/repository/PewPewGames/Game/Content/PPGContent/Characters/Enemy/Base_Enemy/AI_Character.uasset
[2017.10.12-07.17.28:647][801]LogSavePackage: Save=268.95ms
[2017.10.12-07.17.28:647][801]LogSavePackage: Moving '../../../../../../Users/Raymond Aoukar/Desktop/Computer Game Design/repository/PewPewGames/Game/Saved/FirstPersonCharacter53B81EA94D80D115B472B08275CFAEAD.tmp' to '../../../../../../Users/Raymond Aoukar/Desktop/Computer Game Design/repository/PewPewGames/Game/Content/FirstPersonBP/Blueprints/FirstPersonCharacter.uasset'
[2017.10.12-07.17.28:651][801]LogSavePackage: Display: Finished SavePackage ../../../../../../Users/Raymond Aoukar/Desktop/Computer Game Design/repository/PewPewGames/Game/Content/FirstPersonBP/Blueprints/FirstPersonCharacter.uasset
[2017.10.12-07.17.28:835][801]LogSavePackage: Save=94.39ms
[2017.10.12-07.17.28:835][801]LogSavePackage: Moving '../../../../../../Users/Raymond Aoukar/Desktop/Computer Game Design/repository/PewPewGames/Game/Saved/Blue_Automatic_Slide_DoorE6CC2333471AC9485E5187A7F9521614.tmp' to '../../../../../../Users/Raymond Aoukar/Desktop/Computer Game Design/repository/PewPewGames/Game/Content/PPGContent/Doors/Automatic_slidedoor/Blue_Automatic_Slide_Door.uasset'
[2017.10.12-07.17.28:839][801]LogSavePackage: Display: Finished SavePackage ../../../../../../Users/Raymond Aoukar/Desktop/Computer Game Design/repository/PewPewGames/Game/Content/PPGContent/Doors/Automatic_slidedoor/Blue_Automatic_Slide_Door.uasset
[2017.10.12-07.17.28:873][801]LogSavePackage: Save=7.69ms
[2017.10.12-07.17.28:873][801]LogSavePackage: Moving '../../../../../../Users/Raymond Aoukar/Desktop/Computer Game Design/repository/PewPewGames/Game/Saved/Dev-CloseDoor17C2A550417DFB957E7F88B4B7A27BC6.tmp' to '../../../../../../Users/Raymond Aoukar/Desktop/Computer Game Design/repository/PewPewGames/Game/Content/PPGContent/Doors/Automatic_slidedoor/Dev-CloseDoor.uasset'
[2017.10.12-07.17.28:876][801]LogSavePackage: Display: Finished SavePackage ../../../../../../Users/Raymond Aoukar/Desktop/Computer Game Design/repository/PewPewGames/Game/Content/PPGContent/Doors/Automatic_slidedoor/Dev-CloseDoor.uasset
[2017.10.12-07.17.28:902][801]LogSavePackage: Save=7.39ms
[2017.10.12-07.17.28:902][801]LogSavePackage: Moving '../../../../../../Users/Raymond Aoukar/Desktop/Computer Game Design/repository/PewPewGames/Game/Saved/Dev-ReverseDoorClose46A3BA954B1A85A3096EBCB2F8D54C67.tmp' to '../../../../../../Users/Raymond Aoukar/Desktop/Computer Game Design/repository/PewPewGames/Game/Content/PPGContent/Doors/Automatic_slidedoor/Dev-ReverseDoorClose.uasset'
[2017.10.12-07.17.28:905][801]LogSavePackage: Display: Finished SavePackage ../../../../../../Users/Raymond Aoukar/Desktop/Computer Game Design/repository/PewPewGames/Game/Content/PPGContent/Doors/Automatic_slidedoor/Dev-ReverseDoorClose.uasset
[2017.10.12-07.17.32:757][  2]LogActorComponent: UnregisterComponent: (/Engine/Transient.EditorFloorComp) Not registered. Aborting.
[2017.10.12-07.17.32:818][  2]LogActorComponent: UnregisterComponent: (/Engine/Transient.EditorFloorComp) Not registered. Aborting.
[2017.10.12-07.17.33:153][  3]Cmd: QUIT_EDITOR
[2017.10.12-07.17.33:850][  3]LogWindowsTextInputMethodSystem: Display: IME system now deactivated.
[2017.10.12-07.17.33:899][  3]LogExit: Preparing to exit.
[2017.10.12-07.17.34:611][  3]LogDirectoryWatcher: A directory notification for 'C:/Users/Raymond Aoukar/Desktop/Computer Game Design/repository/PewPewGames/Game/Content/' was aborted.
[2017.10.12-07.17.34:747][  3]LogExit: Editor shut down
[2017.10.12-07.17.34:772][  3]LogExit: Transaction tracking system shut down
[2017.10.12-07.17.35:000][  3]LogDirectoryWatcher: A directory notification for '../../../Engine/Content/' was aborted.
[2017.10.12-07.17.35:000][  3]LogDirectoryWatcher: A directory notification for '../../../../../../Users/Raymond Aoukar/Desktop/Computer Game Design/repository/PewPewGames/Game/Content/' was aborted.
[2017.10.12-07.17.35:001][  3]LogDirectoryWatcher: A directory notification for '../../../Engine/Plugins/2D/Paper2D/Content/' was aborted.
[2017.10.12-07.17.35:001][  3]LogDirectoryWatcher: A directory notification for '../../../Engine/Plugins/Runtime/Oculus/OculusVR/Content/' was aborted.
[2017.10.12-07.17.35:001][  3]LogDirectoryWatcher: A directory notification for '../../../Engine/Plugins/Runtime/Steam/SteamVR/Content/' was aborted.
[2017.10.12-07.17.35:212][  3]LogExit: Object subsystem successfully closed.
[2017.10.12-07.17.35:231][  3]LogD3D11RHI: Shutdown
[2017.10.12-07.17.35:231][  3]LogD3D11RHI: CleanupD3DDevice
[2017.10.12-07.17.35:327][  3]LogD3D11RHI: ~FD3D11DynamicRHI
[2017.10.12-07.17.35:340][  3]LogModuleManager: Shutting down and abandoning module MovieSceneCapture (538)
[2017.10.12-07.17.35:341][  3]LogModuleManager: Shutting down and abandoning module SequencerWidgets (536)
[2017.10.12-07.17.35:341][  3]LogModuleManager: Shutting down and abandoning module BlueprintGraph (534)
[2017.10.12-07.17.35:341][  3]LogModuleManager: Shutting down and abandoning module BlueprintProfiler (532)
[2017.10.12-07.17.35:341][  3]LogModuleManager: Shutting down and abandoning module HierarchicalLODOutliner (530)
[2017.10.12-07.17.35:341][  3]LogModuleManager: Shutting down and abandoning module SceneOutliner (528)
[2017.10.12-07.17.35:341][  3]LogModuleManager: Shutting down and abandoning module AddContentDialog (526)
[2017.10.12-07.17.35:341][  3]LogDirectoryWatcher: A directory notification for 'C:/Program Files/Epic Games/UE_4.17/FeaturePacks/' was aborted.
[2017.10.12-07.17.35:353][  3]LogModuleManager: Shutting down and abandoning module WidgetCarousel (525)
[2017.10.12-07.17.35:353][  3]LogModuleManager: Shutting down and abandoning module EditorWidgets (522)
[2017.10.12-07.17.35:353][  3]LogModuleManager: Shutting down and abandoning module CollectionManager (520)
[2017.10.12-07.17.35:353][  3]LogDirectoryWatcher: A directory notification for 'C:/Users/Raymond Aoukar/Desktop/Computer Game Design/repository/PewPewGames/Game/Content/Collections/' was aborted.
[2017.10.12-07.17.35:353][  3]LogDirectoryWatcher: A directory notification for 'C:/Users/Raymond Aoukar/Desktop/Computer Game Design/repository/PewPewGames/Game/Content/Developers/RaymondAoukar/Collections/' was aborted.
[2017.10.12-07.17.35:353][  3]LogDirectoryWatcher: A directory notification for 'C:/Users/Raymond Aoukar/Desktop/Computer Game Design/repository/PewPewGames/Game/Saved/Collections/' was aborted.
[2017.10.12-07.17.35:353][  3]LogModuleManager: Shutting down and abandoning module StatsViewer (518)
[2017.10.12-07.17.35:353][  3]LogModuleManager: Shutting down and abandoning module FoliageEdit (516)
[2017.10.12-07.17.35:353][  3]LogModuleManager: Shutting down and abandoning module LandscapeEditor (514)
[2017.10.12-07.17.35:353][  3]LogModuleManager: Shutting down and abandoning module MeshPaintMode (512)
[2017.10.12-07.17.35:354][  3]LogModuleManager: Shutting down and abandoning module SceneDepthPickerMode (510)
[2017.10.12-07.17.35:354][  3]LogModuleManager: Shutting down and abandoning module ActorPickerMode (508)
[2017.10.12-07.17.35:354][  3]LogModuleManager: Shutting down and abandoning module GeometryMode (506)
[2017.10.12-07.17.35:354][  3]LogModuleManager: Shutting down and abandoning module TextureAlignMode (504)
[2017.10.12-07.17.35:354][  3]LogModuleManager: Shutting down and abandoning module BspMode (502)
[2017.10.12-07.17.35:354][  3]LogModuleManager: Shutting down and abandoning module PIEPreviewDeviceProfileSelector (500)
[2017.10.12-07.17.35:354][  3]LogModuleManager: Shutting down and abandoning module HardwareSurvey (498)
[2017.10.12-07.17.35:354][  3]LogModuleManager: Shutting down and abandoning module SequenceRecorderSections (496)
[2017.10.12-07.17.35:354][  3]LogModuleManager: Shutting down and abandoning module AutomationWorker (494)
[2017.10.12-07.17.35:354][  3]LogModuleManager: Shutting down and abandoning module MatineeToLevelSequence (492)
[2017.10.12-07.17.35:354][  3]LogModuleManager: Shutting down and abandoning module LevelSequenceEditor (490)
[2017.10.12-07.17.35:354][  3]LogModuleManager: Shutting down and abandoning module PlacementMode (489)
[2017.10.12-07.17.35:354][  3]LogModuleManager: Shutting down and abandoning module WmfMediaFactory (486)
[2017.10.12-07.17.35:354][  3]LogModuleManager: Shutting down and abandoning module WmfMediaEditor (484)
[2017.10.12-07.17.35:354][  3]LogModuleManager: Shutting down and abandoning module AvfMediaFactory (482)
[2017.10.12-07.17.35:354][  3]LogModuleManager: Shutting down and abandoning module AvfMediaEditor (480)
[2017.10.12-07.17.35:354][  3]LogModuleManager: Shutting down and abandoning module AndroidMediaFactory (478)
[2017.10.12-07.17.35:354][  3]LogModuleManager: Shutting down and abandoning module Media (477)
[2017.10.12-07.17.35:354][  3]LogModuleManager: Shutting down and abandoning module AndroidMediaEditor (474)
[2017.10.12-07.17.35:354][  3]LogModuleManager: Shutting down and abandoning module CharacterAI (472)
[2017.10.12-07.17.35:354][  3]LogModuleManager: Shutting down and abandoning module AudioCapture (470)
[2017.10.12-07.17.35:354][  3]LogModuleManager: Shutting down and abandoning module SequenceRecorder (469)
[2017.10.12-07.17.35:354][  3]LogModuleManager: Shutting down and abandoning module SmartSnapping (466)
[2017.10.12-07.17.35:354][  3]LogModuleManager: Shutting down and abandoning module SessionServices (464)
[2017.10.12-07.17.35:354][  3]LogModuleManager: Shutting down and abandoning module ViewportSnapping (462)
[2017.10.12-07.17.35:354][  3]LogModuleManager: Shutting down and abandoning module ViewportInteraction (460)
[2017.10.12-07.17.35:354][  3]LogModuleManager: Shutting down and abandoning module ClothPainter (458)
[2017.10.12-07.17.35:354][  3]LogModuleManager: Shutting down and abandoning module LogVisualizer (456)
[2017.10.12-07.17.35:354][  3]LogModuleManager: Shutting down and abandoning module IntroTutorials (454)
[2017.10.12-07.17.35:354][  3]LogModuleManager: Shutting down and abandoning module GameProjectGeneration (453)
[2017.10.12-07.17.35:354][  3]LogModuleManager: Shutting down and abandoning module IOSPlatformEditor (450)
[2017.10.12-07.17.35:354][  3]LogModuleManager: Shutting down and abandoning module HTML5PlatformEditor (448)
[2017.10.12-07.17.35:354][  3]LogModuleManager: Shutting down and abandoning module AndroidPlatformEditor (446)
[2017.10.12-07.17.35:354][  3]LogModuleManager: Shutting down and abandoning module AndroidDeviceDetection (445)
[2017.10.12-07.17.36:254][  3]LogModuleManager: Shutting down and abandoning module WindowsPlatformEditor (442)
[2017.10.12-07.17.36:254][  3]LogModuleManager: Shutting down and abandoning module IOSRuntimeSettings (440)
[2017.10.12-07.17.36:254][  3]LogModuleManager: Shutting down and abandoning module AndroidRuntimeSettings (438)
[2017.10.12-07.17.36:254][  3]LogModuleManager: Shutting down and abandoning module InputBindingEditor (436)
[2017.10.12-07.17.36:254][  3]LogModuleManager: Shutting down and abandoning module MergeActors (434)
[2017.10.12-07.17.36:254][  3]LogModuleManager: Shutting down and abandoning module SizeMap (432)
[2017.10.12-07.17.36:254][  3]LogModuleManager: Shutting down and abandoning module TreeMap (430)
[2017.10.12-07.17.36:254][  3]LogModuleManager: Shutting down and abandoning module ReferenceViewer (428)
[2017.10.12-07.17.36:255][  3]LogModuleManager: Shutting down and abandoning module LocalizationDashboard (426)
[2017.10.12-07.17.36:255][  3]LogModuleManager: Shutting down and abandoning module LocalizationService (425)
[2017.10.12-07.17.36:255][  3]LogModuleManager: Shutting down and abandoning module HardwareTargeting (422)
[2017.10.12-07.17.36:255][  3]LogModuleManager: Shutting down and abandoning module DeviceProfileEditor (420)
[2017.10.12-07.17.36:255][  3]LogModuleManager: Shutting down and abandoning module UndoHistory (418)
[2017.10.12-07.17.36:255][  3]LogModuleManager: Shutting down and abandoning module XmlParser (416)
[2017.10.12-07.17.36:255][  3]LogModuleManager: Shutting down and abandoning module Blutility (414)
[2017.10.12-07.17.36:255][  3]LogModuleManager: Shutting down and abandoning module ProjectSettingsViewer (412)
[2017.10.12-07.17.36:255][  3]LogModuleManager: Shutting down and abandoning module ProjectTargetPlatformEditor (411)
[2017.10.12-07.17.36:257][  3]LogModuleManager: Shutting down and abandoning module EditorSettingsViewer (408)
[2017.10.12-07.17.36:257][  3]LogModuleManager: Shutting down and abandoning module SettingsEditor (406)
[2017.10.12-07.17.36:257][  3]LogModuleManager: Shutting down and abandoning module ProjectLauncher (404)
[2017.10.12-07.17.36:258][  3]LogModuleManager: Shutting down and abandoning module SessionFrontend (402)
[2017.10.12-07.17.36:258][  3]LogModuleManager: Shutting down and abandoning module ProfilerClient (400)
[2017.10.12-07.17.36:258][  3]LogModuleManager: Shutting down and abandoning module DeviceManager (398)
[2017.10.12-07.17.36:258][  3]LogModuleManager: Shutting down and abandoning module TargetDeviceServices (397)
[2017.10.12-07.17.36:324][  3]LogModuleManager: Shutting down and abandoning module AutomationController (394)
[2017.10.12-07.17.36:324][  3]LogModuleManager: Shutting down and abandoning module AutomationWindow (392)
[2017.10.12-07.17.36:325][  3]LogModuleManager: Shutting down and abandoning module Layers (390)
[2017.10.12-07.17.36:325][  3]LogModuleManager: Shutting down and abandoning module ComponentVisualizers (388)
[2017.10.12-07.17.36:325][  3]LogModuleManager: Shutting down and abandoning module DetailCustomizations (386)
[2017.10.12-07.17.36:325][  3]LogModuleManager: Shutting down and abandoning module PackagesDialog (384)
[2017.10.12-07.17.36:325][  3]LogModuleManager: Shutting down and abandoning module Persona (382)
[2017.10.12-07.17.36:326][  3]LogModuleManager: Shutting down and abandoning module AdvancedPreviewScene (381)
[2017.10.12-07.17.36:326][  3]LogModuleManager: Shutting down and abandoning module AnimGraph (379)
[2017.10.12-07.17.36:326][  3]LogModuleManager: Shutting down and abandoning module Kismet (376)
[2017.10.12-07.17.36:354][  3]LogModuleManager: Shutting down and abandoning module ClassViewer (374)
[2017.10.12-07.17.36:355][  3]LogModuleManager: Shutting down and abandoning module Toolbox (372)
[2017.10.12-07.17.36:355][  3]LogModuleManager: Shutting down and abandoning module ModuleUI (370)
[2017.10.12-07.17.36:355][  3]LogModuleManager: Shutting down and abandoning module MovieSceneTools (368)
[2017.10.12-07.17.36:355][  3]LogModuleManager: Shutting down and abandoning module OutputLog (366)
[2017.10.12-07.17.36:355][  3]LogModuleManager: Shutting down and abandoning module GammaUI (364)
[2017.10.12-07.17.36:355][  3]LogModuleManager: Shutting down and abandoning module Documentation (362)
[2017.10.12-07.17.36:357][  3]LogModuleManager: Shutting down and abandoning module MovieSceneTracks (360)
[2017.10.12-07.17.36:357][  3]LogModuleManager: Shutting down and abandoning module MovieScene (358)
[2017.10.12-07.17.36:357][  3]LogModuleManager: Shutting down and abandoning module Niagara (356)
[2017.10.12-07.17.36:357][  3]LogModuleManager: Shutting down and abandoning module NiagaraEditor (355)
[2017.10.12-07.17.36:358][  3]LogModuleManager: Shutting down and abandoning module StreamingPauseRendering (352)
[2017.10.12-07.17.36:358][  3]LogModuleManager: Shutting down and abandoning module LauncherPlatform (350)
[2017.10.12-07.17.36:358][  3]LogModuleManager: Shutting down and abandoning module AnalyticsET (348)
[2017.10.12-07.17.36:358][  3]LogModuleManager: Shutting down and abandoning module PortalServices (346)
[2017.10.12-07.17.36:358][  3]LogModuleManager: Shutting down and abandoning module PortalRpc (344)
[2017.10.12-07.17.36:358][  3]LogModuleManager: Shutting down and abandoning module MessagingRpc (342)
[2017.10.12-07.17.36:358][  3]LogModuleManager: Shutting down and abandoning module AIModule (340)
[2017.10.12-07.17.36:358][  3]LogModuleManager: Shutting down and abandoning module GameplayDebugger (339)
[2017.10.12-07.17.36:358][  3]LogModuleManager: Shutting down and abandoning module AITestSuite (337)
[2017.10.12-07.17.36:358][  3]LogModuleManager: Shutting down and abandoning module ProfilerService (334)
[2017.10.12-07.17.36:491][  3]LogModuleManager: Shutting down and abandoning module TaskGraph (332)
[2017.10.12-07.17.36:491][  3]LogModuleManager: Shutting down and abandoning module SteamVRController (330)
[2017.10.12-07.17.36:491][  3]LogModuleManager: Shutting down and abandoning module ProceduralMeshComponentEditor (328)
[2017.10.12-07.17.36:491][  3]LogModuleManager: Shutting down and abandoning module ProceduralMeshComponent (326)
[2017.10.12-07.17.36:491][  3]LogModuleManager: Shutting down and abandoning module OculusInput (324)
[2017.10.12-07.17.36:491][  3]LogModuleManager: Shutting down and abandoning module MobilePatchingUtils (322)
[2017.10.12-07.17.36:491][  3]LogModuleManager: Shutting down and abandoning module CustomMeshComponent (320)
[2017.10.12-07.17.36:491][  3]LogModuleManager: Shutting down and abandoning module CableComponent (318)
[2017.10.12-07.17.36:491][  3]LogModuleManager: Shutting down and abandoning module ArchVisCharacter (316)
[2017.10.12-07.17.36:491][  3]LogModuleManager: Shutting down and abandoning module AndroidPermission (314)
[2017.10.12-07.17.36:491][  3]LogModuleManager: Shutting down and abandoning module MediaPlayerEditor (310)
[2017.10.12-07.17.36:492][  3]LogModuleManager: Shutting down and abandoning module HTML5Networking (308)
[2017.10.12-07.17.36:492][  3]LogModuleManager: Shutting down and abandoning module AlembicImporter (306)
[2017.10.12-07.17.36:492][  3]LogModuleManager: Shutting down and abandoning module AlembicLibrary (305)
[2017.10.12-07.17.36:492][  3]LogModuleManager: Shutting down and abandoning module GeometryCache (304)
[2017.10.12-07.17.36:492][  3]LogModuleManager: Shutting down and abandoning module GeometryCacheEd (303)
[2017.10.12-07.17.36:492][  3]LogModuleManager: Shutting down and abandoning module SpeedTreeImporter (298)
[2017.10.12-07.17.36:492][  3]LogModuleManager: Shutting down and abandoning module PluginBrowser (296)
[2017.10.12-07.17.36:492][  3]LogModuleManager: Shutting down and abandoning module MobileLauncherProfileWizard (294)
[2017.10.12-07.17.36:493][  3]LogModuleManager: Shutting down and abandoning module VisualStudioSourceCodeAccess (292)
[2017.10.12-07.17.36:493][  3]LogModuleManager: Shutting down and abandoning module DesktopPlatform (291)
[2017.10.12-07.17.36:493][  3]LogModuleManager: Shutting down and abandoning module UObjectPlugin (288)
[2017.10.12-07.17.36:493][  3]LogModuleManager: Shutting down and abandoning module SubversionSourceControl (286)
[2017.10.12-07.17.36:493][  3]LogModuleManager: Shutting down and abandoning module PerforceSourceControl (284)
[2017.10.12-07.17.36:493][  3]LogModuleManager: Shutting down and abandoning module GitSourceControl (282)
[2017.10.12-07.17.36:493][  3]LogModuleManager: Shutting down and abandoning module SourceControl (281)
[2017.10.12-07.17.36:494][  3]LogModuleManager: Shutting down and abandoning module LightPropagationVolumeEditor (278)
[2017.10.12-07.17.36:494][  3]LogModuleManager: Shutting down and abandoning module PaperTiledImporter (276)
[2017.10.12-07.17.36:494][  3]LogModuleManager: Shutting down and abandoning module PaperSpriteSheetImporter (274)
[2017.10.12-07.17.36:494][  3]LogModuleManager: Shutting down and abandoning module Paper2DEditor (272)
[2017.10.12-07.17.36:494][  3]LogModuleManager: Shutting down and abandoning module MeshPaint (271)
[2017.10.12-07.17.36:494][  3]LogModuleManager: Shutting down and abandoning module LevelEditor (269)
[2017.10.12-07.17.36:497][  3]LogModuleManager: Shutting down and abandoning module PixelInspectorModule (268)
[2017.10.12-07.17.36:498][  3]LogModuleManager: Shutting down and abandoning module MainFrame (266)
[2017.10.12-07.17.36:498][  3]LogModuleManager: Shutting down and abandoning module HotReload (265)
[2017.10.12-07.17.36:500][  3]LogModuleManager: Shutting down and abandoning module RuntimePhysXCooking (260)
[2017.10.12-07.17.36:500][  3]LogModuleManager: Shutting down and abandoning module PhysXVehiclesEditor (258)
[2017.10.12-07.17.36:500][  3]LogModuleManager: Shutting down and abandoning module PhysXVehicles (256)
[2017.10.12-07.17.36:500][  3]LogModuleManager: Shutting down and abandoning module OculusEditor (254)
[2017.10.12-07.17.36:500][  3]LogModuleManager: Shutting down and abandoning module LocationServicesBPLibrary (252)
[2017.10.12-07.17.36:500][  3]LogModuleManager: Shutting down and abandoning module ImmediatePhysicsEditor (250)
[2017.10.12-07.17.36:500][  3]LogModuleManager: Shutting down and abandoning module ImmediatePhysics (248)
[2017.10.12-07.17.36:501][  3]LogModuleManager: Shutting down and abandoning module UdpMessaging (246)
[2017.10.12-07.17.36:602][  3]LogModuleManager: Shutting down and abandoning module TcpMessaging (244)
[2017.10.12-07.17.36:703][  3]LogModuleManager: Shutting down and abandoning module GameplayTagsEditor (242)
[2017.10.12-07.17.36:703][  3]LogModuleManager: Shutting down and abandoning module FacialAnimationEditor (240)
[2017.10.12-07.17.36:703][  3]LogModuleManager: Shutting down and abandoning module FacialAnimation (238)
[2017.10.12-07.17.36:703][  3]LogModuleManager: Shutting down and abandoning module AssetManagerEditor (236)
[2017.10.12-07.17.36:703][  3]LogModuleManager: Shutting down and abandoning module GraphEditor (235)
[2017.10.12-07.17.36:704][  3]LogModuleManager: Shutting down and abandoning module ContentBrowser (233)
[2017.10.12-07.17.36:709][  3]LogModuleManager: Shutting down and abandoning module LightPropagationVolumeRuntime (230)
[2017.10.12-07.17.36:709][  3]LogModuleManager: Shutting down and abandoning module Paper2D (228)
[2017.10.12-07.17.36:709][  3]LogModuleManager: Shutting down and abandoning module WindowsMoviePlayer (226)
[2017.10.12-07.17.36:710][  3]LogModuleManager: Shutting down and abandoning module WmfMedia (224)
[2017.10.12-07.17.36:710][  3]LogModuleManager: Shutting down and abandoning module PacketHandler (222)
[2017.10.12-07.17.36:710][  3]LogModuleManager: Shutting down and abandoning module ClothingSystemEditor (220)
[2017.10.12-07.17.36:710][  3]LogModuleManager: Shutting down and abandoning module ClothingSystemRuntime (218)
[2017.10.12-07.17.36:710][  3]LogModuleManager: Shutting down and abandoning module Overlay (216)
[2017.10.12-07.17.36:710][  3]LogModuleManager: Shutting down and abandoning module OverlayEditor (215)
[2017.10.12-07.17.36:710][  3]LogModuleManager: Shutting down and abandoning module MediaAssets (212)
[2017.10.12-07.17.36:710][  3]LogModuleManager: Shutting down and abandoning module VREditor (210)
[2017.10.12-07.17.36:711][  3]LogModuleManager: Shutting down and abandoning module StringTableEditor (208)
[2017.10.12-07.17.36:711][  3]LogModuleManager: Shutting down and abandoning module GameplayTasksEditor (206)
[2017.10.12-07.17.36:711][  3]LogModuleManager: Shutting down and abandoning module BehaviorTreeEditor (204)
[2017.10.12-07.17.36:711][  3]LogModuleManager: Shutting down and abandoning module FunctionalTesting (202)
[2017.10.12-07.17.36:711][  3]LogModuleManager: Shutting down and abandoning module CollisionAnalyzer (200)
[2017.10.12-07.17.36:712][  3]LogModuleManager: Shutting down and abandoning module WorkspaceMenuStructure (199)
[2017.10.12-07.17.36:712][  3]LogModuleManager: Shutting down and abandoning module UMG (196)
[2017.10.12-07.17.36:712][  3]LogModuleManager: Shutting down and abandoning module UMGEditor (195)
[2017.10.12-07.17.36:712][  3]LogModuleManager: Shutting down and abandoning module Sequencer (194)
[2017.10.12-07.17.36:713][  3]LogModuleManager: Shutting down and abandoning module MessageLog (191)
[2017.10.12-07.17.36:713][  3]LogModuleManager: Shutting down and abandoning module SlateReflector (186)
[2017.10.12-07.17.36:713][  3]LogModuleManager: Shutting down and abandoning module Slate (184)
[2017.10.12-07.17.36:713][  3]LogModuleManager: Shutting down and abandoning module EditorStyle (182)
[2017.10.12-07.17.36:723][  3]LogModuleManager: Shutting down and abandoning module MRMesh (180)
[2017.10.12-07.17.36:723][  3]LogModuleManager: Shutting down and abandoning module SourceCodeAccess (178)
[2017.10.12-07.17.36:723][  3]LogModuleManager: Shutting down and abandoning module HeadMountedDisplay (176)
[2017.10.12-07.17.36:723][  3]LogModuleManager: Shutting down and abandoning module XAudio2 (174)
[2017.10.12-07.17.36:723][  3]LogModuleManager: Shutting down and abandoning module Networking (172)
[2017.10.12-07.17.36:723][  3]LogModuleManager: Shutting down and abandoning module Core (168)
[2017.10.12-07.17.36:723][  3]LogModuleManager: Shutting down and abandoning module KismetCompiler (164)
[2017.10.12-07.17.36:723][  3]LogModuleManager: Shutting down and abandoning module LevelSequence (162)
[2017.10.12-07.17.36:724][  3]LogModuleManager: Shutting down and abandoning module MeshUtilities (160)
[2017.10.12-07.17.36:724][  3]LogModuleManager: Shutting down and abandoning module MeshMergeUtilities (159)
[2017.10.12-07.17.36:724][  3]LogModuleManager: Shutting down and abandoning module MeshReductionInterface (158)
[2017.10.12-07.17.36:724][  3]LogModuleManager: Shutting down and abandoning module SimplygonSwarm (157)
[2017.10.12-07.17.36:724][  3]LogModuleManager: Shutting down and abandoning module SimplygonMeshReduction (155)
[2017.10.12-07.17.36:724][  3]LogModuleManager: Shutting down and abandoning module QuadricMeshReduction (153)
[2017.10.12-07.17.36:724][  3]LogModuleManager: Shutting down and abandoning module MaterialBaking (149)
[2017.10.12-07.17.36:724][  3]LogModuleManager: Shutting down and abandoning module DirectoryWatcher (146)
[2017.10.12-07.17.36:741][  3]LogModuleManager: Shutting down and abandoning module DerivedDataCache (144)
[2017.10.12-07.17.36:834][  3]LogDerivedDataCache: Shutdown
[2017.10.12-07.17.36:834][  3]LogModuleManager: Shutting down and abandoning module TargetPlatform (142)
[2017.10.12-07.17.36:834][  3]LogModuleManager: Shutting down and abandoning module VulkanShaderFormat (141)
[2017.10.12-07.17.36:834][  3]LogModuleManager: Shutting down and abandoning module ShaderFormatVectorVM (139)
[2017.10.12-07.17.36:834][  3]LogModuleManager: Shutting down and abandoning module ShaderFormatOpenGL (137)
[2017.10.12-07.17.36:834][  3]LogModuleManager: Shutting down and abandoning module ShaderFormatD3D (135)
[2017.10.12-07.17.36:834][  3]LogModuleManager: Shutting down and abandoning module MetalShaderFormat (133)
[2017.10.12-07.17.36:834][  3]LogModuleManager: Shutting down and abandoning module TextureFormatUncompressed (131)
[2017.10.12-07.17.36:834][  3]LogModuleManager: Shutting down and abandoning module TextureFormatPVR (129)
[2017.10.12-07.17.36:834][  3]LogModuleManager: Shutting down and abandoning module TextureFormatDXT (127)
[2017.10.12-07.17.36:834][  3]LogModuleManager: Shutting down and abandoning module TextureFormatIntelISPCTexComp (125)
[2017.10.12-07.17.36:835][  3]LogModuleManager: Shutting down and abandoning module TextureFormatASTC (123)
[2017.10.12-07.17.36:835][  3]LogModuleManager: Shutting down and abandoning module ImageWrapper (122)
[2017.10.12-07.17.36:835][  3]LogModuleManager: Shutting down and abandoning module TextureFormatAndroid (119)
[2017.10.12-07.17.36:835][  3]LogModuleManager: Shutting down and abandoning module AudioFormatOpus (117)
[2017.10.12-07.17.36:835][  3]LogModuleManager: Shutting down and abandoning module AudioFormatOgg (115)
[2017.10.12-07.17.36:835][  3]LogModuleManager: Shutting down and abandoning module AudioFormatADPCM (113)
[2017.10.12-07.17.36:835][  3]LogModuleManager: Shutting down and abandoning module LinuxTargetPlatform (111)
[2017.10.12-07.17.36:835][  3]LogModuleManager: Shutting down and abandoning module LinuxServerTargetPlatform (109)
[2017.10.12-07.17.36:835][  3]LogModuleManager: Shutting down and abandoning module LinuxNoEditorTargetPlatform (107)
[2017.10.12-07.17.36:835][  3]LogModuleManager: Shutting down and abandoning module LinuxClientTargetPlatform (105)
[2017.10.12-07.17.36:835][  3]LogModuleManager: Shutting down and abandoning module TVOSTargetPlatform (103)
[2017.10.12-07.17.36:835][  3]LogModuleManager: Shutting down and abandoning module Messaging (101)
[2017.10.12-07.17.36:835][  3]LogModuleManager: Shutting down and abandoning module IOSTargetPlatform (99)
[2017.10.12-07.17.36:835][  3]LogModuleManager: Shutting down and abandoning module HTML5TargetPlatform (97)
[2017.10.12-07.17.36:835][  3]LogModuleManager: Shutting down and abandoning module Android_PVRTCTargetPlatform (95)
[2017.10.12-07.17.36:835][  3]LogModuleManager: Shutting down and abandoning module Android_MultiTargetPlatform (93)
[2017.10.12-07.17.36:835][  3]LogModuleManager: Shutting down and abandoning module Android_ETC2TargetPlatform (91)
[2017.10.12-07.17.36:835][  3]LogModuleManager: Shutting down and abandoning module Android_ETC1TargetPlatform (89)
[2017.10.12-07.17.36:835][  3]LogModuleManager: Shutting down and abandoning module Android_DXTTargetPlatform (87)
[2017.10.12-07.17.36:835][  3]LogModuleManager: Shutting down and abandoning module Android_ATCTargetPlatform (85)
[2017.10.12-07.17.36:835][  3]LogModuleManager: Shutting down and abandoning module Android_ASTCTargetPlatform (83)
[2017.10.12-07.17.36:835][  3]LogModuleManager: Shutting down and abandoning module AndroidTargetPlatform (81)
[2017.10.12-07.17.36:835][  3]LogModuleManager: Shutting down and abandoning module WindowsTargetPlatform (79)
[2017.10.12-07.17.36:835][  3]LogModuleManager: Shutting down and abandoning module WindowsServerTargetPlatform (77)
[2017.10.12-07.17.36:835][  3]LogModuleManager: Shutting down and abandoning module WindowsNoEditorTargetPlatform (75)
[2017.10.12-07.17.36:835][  3]LogModuleManager: Shutting down and abandoning module WindowsClientTargetPlatform (73)
[2017.10.12-07.17.36:835][  3]LogModuleManager: Shutting down and abandoning module MacTargetPlatform (71)
[2017.10.12-07.17.36:835][  3]LogModuleManager: Shutting down and abandoning module MacServerTargetPlatform (69)
[2017.10.12-07.17.36:835][  3]LogModuleManager: Shutting down and abandoning module MacNoEditorTargetPlatform (67)
[2017.10.12-07.17.36:835][  3]LogModuleManager: Shutting down and abandoning module MacClientTargetPlatform (65)
[2017.10.12-07.17.36:835][  3]LogModuleManager: Shutting down and abandoning module AllDesktopTargetPlatform (63)
[2017.10.12-07.17.36:835][  3]LogModuleManager: Shutting down and abandoning module InputCore (60)
[2017.10.12-07.17.36:835][  3]LogModuleManager: Shutting down and abandoning module Settings (58)
[2017.10.12-07.17.36:835][  3]LogModuleManager: Shutting down and abandoning module PhysXCooking (56)
[2017.10.12-07.17.36:835][  3]LogModuleManager: Shutting down and abandoning module SteamVR (54)
[2017.10.12-07.17.36:835][  3]LogModuleManager: Shutting down and abandoning module OculusHMD (52)
[2017.10.12-07.17.36:835][  3]LogModuleManager: Shutting down and abandoning module ExampleDeviceProfileSelector (50)
[2017.10.12-07.17.36:835][  3]LogModuleManager: Shutting down and abandoning module OnlineBlueprintSupport (48)
[2017.10.12-07.17.36:835][  3]LogModuleManager: Shutting down and abandoning module OnlineSubsystem (44)
[2017.10.12-07.17.36:835][  3]LogOnline: Display: Unloading online subsystem: NULL
[2017.10.12-07.17.36:835][  3]LogModuleManager: Shutting down and abandoning module XMPP (43)
[2017.10.12-07.17.36:835][  3]LogModuleManager: Shutting down and abandoning module HTTP (41)
[2017.10.12-07.17.36:835][  3]LogHttp: Display: Http module shutting down, but needs to wait on 2 outstanding Http requests:
[2017.10.12-07.17.36:835][  3]LogHttp: Display: 	verb=[POST] url=[https://datarouter.ol.epicgames.com/datarouter/api/v1/public/data?SessionID=%7BD14FF785-4B51-F77E-C018-2184C312C1CB%7D&AppID=UEEditor.Rocket.Release&AppVersion=4.17.1-3586342%2B%2B%2BUE4%2BRelease-4.17&UserID=0efcc9714911522ee20bfea314a53ba2%7Cedac503300a34cfaa64394f1cb5130c7%7C44d9ab76-44fa-4e37-9604-830ef5004ef4&AppEnvironment=datacollector-binary&UploadType=eteventstream] status=Processing
[2017.10.12-07.17.36:835][  3]LogHttp: Display: 	verb=[POST] url=[https://datarouter.ol.epicgames.com/datarouter/api/v1/public/data?SessionID=%7BD14FF785-4B51-F77E-C018-2184C312C1CB%7D&AppID=UEEditor.Rocket.Release&AppVersion=4.17.1-3586342%2B%2B%2BUE4%2BRelease-4.17&UserID=0efcc9714911522ee20bfea314a53ba2%7Cedac503300a34cfaa64394f1cb5130c7%7C44d9ab76-44fa-4e37-9604-830ef5004ef4&AppEnvironment=datacollector-binary&UploadType=eteventstream] status=Processing
[2017.10.12-07.17.36:860][  3]LogModuleManager: Shutting down and abandoning module SSL (40)
[2017.10.12-07.17.36:862][  3]LogModuleManager: Shutting down and abandoning module AnimationModifiers (36)
[2017.10.12-07.17.36:862][  3]LogModuleManager: Shutting down and abandoning module PropertyEditor (35)
[2017.10.12-07.17.36:862][  3]LogModuleManager: Shutting down and abandoning module AudioEditor (32)
[2017.10.12-07.17.36:862][  3]LogModuleManager: Shutting down and abandoning module TextureCompressor (30)
[2017.10.12-07.17.36:862][  3]LogModuleManager: Shutting down and abandoning module ShaderCore (28)
[2017.10.12-07.17.36:862][  3]LogModuleManager: Shutting down and abandoning module Landscape (26)
[2017.10.12-07.17.36:862][  3]LogModuleManager: Shutting down and abandoning module SlateRHIRenderer (24)
[2017.10.12-07.17.36:874][  3]LogModuleManager: Shutting down and abandoning module OpenGLDrv (22)
[2017.10.12-07.17.36:874][  3]LogModuleManager: Shutting down and abandoning module D3D11RHI (20)
[2017.10.12-07.17.36:874][  3]LogModuleManager: Shutting down and abandoning module AnimGraphRuntime (18)
[2017.10.12-07.17.36:874][  3]LogModuleManager: Shutting down and abandoning module Renderer (16)
[2017.10.12-07.17.36:874][  3]LogModuleManager: Shutting down and abandoning module Engine (14)
[2017.10.12-07.17.36:874][  3]LogModuleManager: Shutting down and abandoning module CoreUObject (12)
[2017.10.12-07.17.36:874][  3]LogModuleManager: Shutting down and abandoning module NetworkFile (10)
[2017.10.12-07.17.36:874][  3]LogModuleManager: Shutting down and abandoning module CookedIterativeFile (8)
[2017.10.12-07.17.36:874][  3]LogModuleManager: Shutting down and abandoning module StreamingFile (6)
[2017.10.12-07.17.36:874][  3]LogModuleManager: Shutting down and abandoning module SandboxFile (4)
[2017.10.12-07.17.36:874][  3]LogModuleManager: Shutting down and abandoning module PakFile (2)
[2017.10.12-07.17.36:876][  3]LogExit: Exiting.
[2017.10.12-07.17.36:919][  3]Log file closed, 10/12/17 17:47:36
