Log file open, 10/17/17 19:21:34
LogWindows: LoadLibraryWithSearchPaths failed for file aqProf.dll. GetLastError=0
LogWindows: LoadLibraryWithSearchPaths failed for file VSPerf140.dll. GetLastError=0
LogWindows: LoadLibraryWithSearchPaths failed for file VtuneApi.dll. GetLastError=0
LogWindows: LoadLibraryWithSearchPaths failed for file VtuneApi32e.dll. GetLastError=0
LogInit: Display: Running engine for game: Game
LogPlatformFile: Not using cached read wrapper
LogInit: Display: RandInit(-530958511) SRandInit(-530958511).
LogTaskGraph: Started task graph with 5 named threads and 14 total threads with 3 sets of task threads.
LogStats: Stats thread started at 0.151654
LogD3D11RHI: Aftermath initialized
LogPluginManager: Mounting plugin Paper2D
LogPluginManager: Mounting plugin LightPropagationVolume
LogPluginManager: Mounting plugin CodeLiteSourceCodeAccess
LogPluginManager: Mounting plugin GitSourceControl
LogPluginManager: Mounting plugin KDevelopSourceCodeAccess
LogPluginManager: Mounting plugin NullSourceCodeAccess
LogPluginManager: Mounting plugin PerforceSourceControl
LogPluginManager: Mounting plugin SubversionSourceControl
LogPluginManager: Mounting plugin UObjectPlugin
LogPluginManager: Mounting plugin VisualStudioSourceCodeAccess
LogPluginManager: Mounting plugin XCodeSourceCodeAccess
LogPluginManager: Mounting plugin AssetManagerEditor
LogPluginManager: Mounting plugin AudioCapture
LogPluginManager: Mounting plugin FacialAnimation
LogPluginManager: Mounting plugin GameplayTagsEditor
LogPluginManager: Mounting plugin MobileLauncherProfileWizard
LogPluginManager: Mounting plugin PluginBrowser
LogPluginManager: Mounting plugin SpeedTreeImporter
LogPluginManager: Mounting plugin AlembicImporter
LogPluginManager: Mounting plugin CharacterAI
LogPluginManager: Mounting plugin HTML5Networking
LogPluginManager: Mounting plugin AndroidMedia
LogPluginManager: Mounting plugin AvfMedia
LogPluginManager: Mounting plugin MediaPlayerEditor
LogPluginManager: Mounting plugin WmfMedia
LogPluginManager: Mounting plugin TcpMessaging
LogPluginManager: Mounting plugin UdpMessaging
LogPluginManager: Mounting plugin LevelSequenceEditor
LogPluginManager: Mounting plugin MatineeToLevelSequence
LogPluginManager: Mounting plugin OnlineSubsystemGooglePlay
LogPluginManager: Mounting plugin OnlineSubsystemIOS
LogPluginManager: Mounting plugin OnlineSubsystem
LogPluginManager: Mounting plugin OnlineSubsystemNull
LogPluginManager: Mounting plugin OnlineSubsystemUtils
LogPluginManager: Mounting plugin AndroidDeviceProfileSelector
LogPluginManager: Mounting plugin AndroidMoviePlayer
LogPluginManager: Mounting plugin AndroidPermission
LogPluginManager: Mounting plugin AppleMoviePlayer
LogPluginManager: Mounting plugin ArchVisCharacter
LogPluginManager: Mounting plugin CableComponent
LogPluginManager: Mounting plugin CustomMeshComponent
LogPluginManager: Mounting plugin ExampleDeviceProfileSelector
LogPluginManager: Mounting plugin GoogleCloudMessaging
LogPluginManager: Mounting plugin ImmediatePhysics
LogPluginManager: Mounting plugin IOSDeviceProfileSelector
LogPluginManager: Mounting plugin LinuxDeviceProfileSelector
LogPluginManager: Mounting plugin LocationServicesBPLibrary
LogPluginManager: Mounting plugin MobilePatchingUtils
LogPluginManager: Mounting plugin OculusVR
LogPluginManager: Mounting plugin PhysXVehicles
LogPluginManager: Mounting plugin ProceduralMeshComponent
LogPluginManager: Mounting plugin RuntimePhysXCooking
LogPluginManager: Mounting plugin SteamVR
LogPluginManager: Mounting plugin WindowsMoviePlayer
LogInit: Using libcurl 7.47.1
LogInit:  - built for x86_64-pc-win32
LogInit:  - supports SSL with OpenSSL/1.0.2g
LogInit:  - supports HTTP deflate (compression) using libz 1.2.8
LogInit:  - other features:
LogInit:      CURL_VERSION_SSL
LogInit:      CURL_VERSION_LIBZ
LogInit:      CURL_VERSION_IPV6
LogInit:      CURL_VERSION_ASYNCHDNS
LogInit:      CURL_VERSION_LARGEFILE
LogInit:      CURL_VERSION_IDN
LogInit:  CurlRequestOptions (configurable via config and command line):
LogInit:  - bVerifyPeer = false  - Libcurl will NOT verify peer certificate
LogInit:  - bUseHttpProxy = false  - Libcurl will NOT use HTTP proxy
LogInit:  - bDontReuseConnections = false  - Libcurl will reuse connections
LogInit:  - CertBundlePath = nullptr  - Libcurl will use whatever was configured at build time.
LogInit: Build: ++UE4+Release-4.17-CL-3586342
LogInit: Engine Version: 4.17.1-3586342+++UE4+Release-4.17
LogInit: Compatible Engine Version: 4.17.0-3573198+++UE4+Release-4.17
LogInit: Net CL: 3573198
LogDevObjectVersion: Number of dev versions registered: 16
LogDevObjectVersion:   Dev-Blueprints (B0D832E4-1F89-4F0D-ACCF-7EB736FD4AA2): 10
LogDevObjectVersion:   Dev-Build (E1C64328-A22C-4D53-A36C-8E866417BD8C): 0
LogDevObjectVersion:   Dev-Core (375EC13C-06E4-48FB-B500-84F0262A717E): 2
LogDevObjectVersion:   Dev-Editor (E4B068ED-F494-42E9-A231-DA0B2E46BB41): 20
LogDevObjectVersion:   Dev-Framework (CFFC743F-43B0-4480-9391-14DF171D2073): 28
LogDevObjectVersion:   Dev-Mobile (B02B49B5-BB20-44E9-A304-32B752E40360): 0
LogDevObjectVersion:   Dev-Networking (A4E4105C-59A1-49B5-A7C5-40C4547EDFEE): 0
LogDevObjectVersion:   Dev-Online (39C831C9-5AE6-47DC-9A44-9C173E1C8E7C): 0
LogDevObjectVersion:   Dev-Physics (78F01B33-EBEA-4F98-B9B4-84EACCB95AA2): 0
LogDevObjectVersion:   Dev-Platform (6631380F-2D4D-43E0-8009-CF276956A95A): 0
LogDevObjectVersion:   Dev-Rendering (12F88B9F-8875-4AFC-A67C-D90C383ABD29): 19
LogDevObjectVersion:   Dev-Sequencer (7B5AE74C-D270-4C10-A958-57980B212A5A): 4
LogDevObjectVersion:   Dev-VR (D7296918-1DD6-4BDD-9DE2-64A83CC13884): 0
LogDevObjectVersion:   Dev-LoadTimes (C2A15278-BFE7-4AFE-6C17-90FF531DF755): 1
LogDevObjectVersion:   Private-Geometry (6EACA3D4-40EC-4CC1-B786-8BED09428FC5): 1
LogDevObjectVersion:   Dev-AnimPhys (29E575DD-E0A3-4627-9D10-D276232CDCEA): 7
LogInit: Compiled (64-bit): Aug 15 2017 02:05:26
LogInit: Compiled with Visual C++: 19.00.24215.01
LogInit: Build Configuration: Development
LogInit: Branch Name: ++UE4+Release-4.17
LogInit: Command line: -EpicPortal 
LogInit: Base directory: E:/Program Files/Epic Games/UE_4.17/Engine/Binaries/Win64/
LogInit: Installed Engine Build: 1
LogInit: Presizing for max 8388607 objects, including 0 objects not considered by GC, pre-allocating 0 bytes for permanent pool.
LogInit: Object subsystem initialized
[2017.10.17-08.51.35:322][  0]LogInit: Selected Device Profile: [Windows]
[2017.10.17-08.51.35:322][  0]LogInit: Applying CVar settings loaded from the selected device profile: [Windows]
[2017.10.17-08.51.35:329][  0]LogInit: Computer: BASIL
[2017.10.17-08.51.35:329][  0]LogInit: User: Shane
[2017.10.17-08.51.35:329][  0]LogInit: CPU Page size=4096, Cores=4
[2017.10.17-08.51.35:329][  0]LogInit: High frequency timer resolution =3.417968 MHz
[2017.10.17-08.51.35:329][  0]LogMemory: Memory total: Physical=31.9GB (32GB approx)
[2017.10.17-08.51.35:329][  0]LogMemory: Platform Memory Stats for Windows
[2017.10.17-08.51.35:329][  0]LogMemory: Process Physical Memory: 281.28 MB used, 281.28 MB peak
[2017.10.17-08.51.35:329][  0]LogMemory: Process Virtual Memory: 292.54 MB used, 292.54 MB peak
[2017.10.17-08.51.35:329][  0]LogMemory: Physical Memory: 5651.64 MB used,  27054.24 MB free, 32705.88 MB total
[2017.10.17-08.51.35:329][  0]LogMemory: Virtual Memory: 672.59 MB used,  27054.24 MB free, 134217728.00 MB total
[2017.10.17-08.51.35:447][  0]LogInit: Using OS detected language (en-US).
[2017.10.17-08.51.35:447][  0]LogInit: Using OS detected locale (en-AU).
[2017.10.17-08.51.35:450][  0]LogTextLocalizationManager: No specific localization for 'en-US' exists, so the 'en' localization will be used.
[2017.10.17-08.51.35:954][  0]LogD3D11RHI: D3D11 adapters:
[2017.10.17-08.51.35:985][  0]LogD3D11RHI:    0. 'NVIDIA GeForce GTX 1070' (Feature Level 11_0)
[2017.10.17-08.51.35:985][  0]LogD3D11RHI:       8100/0/16352 MB DedicatedVideo/DedicatedSystem/SharedSystem, Outputs:1, VendorId:0x10de
[2017.10.17-08.51.35:986][  0]LogD3D11RHI:    1. 'Microsoft Basic Render Driver' (Feature Level 11_0)
[2017.10.17-08.51.35:986][  0]LogD3D11RHI:       0/0/16352 MB DedicatedVideo/DedicatedSystem/SharedSystem, Outputs:0, VendorId:0x1414
[2017.10.17-08.51.35:986][  0]LogD3D11RHI: Chosen D3D11 Adapter: 0
[2017.10.17-08.51.35:990][  0]LogD3D11RHI: Creating new Direct3DDevice
[2017.10.17-08.51.35:990][  0]LogD3D11RHI:     GPU DeviceId: 0x1b81 (for the marketing name, search the web for "GPU Device Id")
[2017.10.17-08.51.35:990][  0]LogWindows: EnumDisplayDevices:
[2017.10.17-08.51.35:990][  0]LogWindows:    0. 'NVIDIA GeForce GTX 1070' (P:1 D:1)
[2017.10.17-08.51.35:990][  0]LogWindows:    1. 'NVIDIA GeForce GTX 1070' (P:0 D:0)
[2017.10.17-08.51.35:990][  0]LogWindows:    2. 'NVIDIA GeForce GTX 1070' (P:0 D:0)
[2017.10.17-08.51.35:990][  0]LogWindows:    3. 'NVIDIA GeForce GTX 1070' (P:0 D:0)
[2017.10.17-08.51.35:990][  0]LogWindows: DebugString: FoundDriverCount:4 
[2017.10.17-08.51.35:991][  0]LogD3D11RHI:     Adapter Name: NVIDIA GeForce GTX 1070
[2017.10.17-08.51.35:991][  0]LogD3D11RHI:   Driver Version: 387.92 (internal:23.21.13.8792, unified:387.92)
[2017.10.17-08.51.35:991][  0]LogD3D11RHI:      Driver Date: 10-6-2017
[2017.10.17-08.51.35:991][  0]LogRHI: Texture pool is 1361 MB (70% of 1945 MB)
[2017.10.17-08.51.36:008][  0]LogD3D11RHI: Async texture creation enabled
[2017.10.17-08.51.36:033][  0]LogD3D11RHI: GPU Timing Frequency: 1000.000000 (Debug: 2 1)
[2017.10.17-08.51.36:075][  0]LogShaderCompilers: Guid format shader working directory is -2 characters bigger than the processId version (C:/Users/Shane/Documents/GitHub/PewPewGames/Game/Intermediate/Shaders/WorkingDirectory/5020/).
[2017.10.17-08.51.36:075][  0]LogShaderCompilers: Cleaned the shader compiler working directory 'C:/Users/Shane/AppData/Local/Temp/UnrealShaderWorkingDir/7BB547464EB4688EB326578046B5B8A9/'.
[2017.10.17-08.51.36:075][  0]LogShaderCompilers: Display: Using Local Shader Compiler.
[2017.10.17-08.51.36:728][  0]LogTemp: Display: Loaded TP AllDesktopTargetPlatform
[2017.10.17-08.51.36:760][  0]LogTemp: Display: Loaded TP MacClientTargetPlatform
[2017.10.17-08.51.36:793][  0]LogTemp: Display: Loaded TP MacNoEditorTargetPlatform
[2017.10.17-08.51.36:825][  0]LogTemp: Display: Loaded TP MacServerTargetPlatform
[2017.10.17-08.51.36:857][  0]LogTemp: Display: Loaded TP MacTargetPlatform
[2017.10.17-08.51.36:888][  0]LogTemp: Display: Loaded TP WindowsClientTargetPlatform
[2017.10.17-08.51.36:919][  0]LogTemp: Display: Loaded TP WindowsNoEditorTargetPlatform
[2017.10.17-08.51.36:958][  0]LogTemp: Display: Loaded TP WindowsServerTargetPlatform
[2017.10.17-08.51.36:983][  0]LogTemp: Display: Loaded TP WindowsTargetPlatform
[2017.10.17-08.51.37:012][  0]LogTemp: Display: Loaded TP AndroidTargetPlatform
[2017.10.17-08.51.37:065][  0]LogTemp: Display: Loaded TP Android_ASTCTargetPlatform
[2017.10.17-08.51.37:095][  0]LogTemp: Display: Loaded TP Android_ATCTargetPlatform
[2017.10.17-08.51.37:125][  0]LogTemp: Display: Loaded TP Android_DXTTargetPlatform
[2017.10.17-08.51.37:156][  0]LogTemp: Display: Loaded TP Android_ETC1TargetPlatform
[2017.10.17-08.51.37:192][  0]LogTemp: Display: Loaded TP Android_ETC2TargetPlatform
[2017.10.17-08.51.37:259][  0]LogTemp: Display: Loaded TP Android_MultiTargetPlatform
[2017.10.17-08.51.37:259][  0]LogTemp: Display: Loaded TP Android_PVRTCTargetPlatform
[2017.10.17-08.51.37:286][  0]LogTemp: Display: Loaded TP HTML5TargetPlatform
[2017.10.17-08.51.37:352][  0]LogTemp: Display: Loaded TP IOSTargetPlatform
[2017.10.17-08.51.37:370][  0]LogTemp: Display: Loaded TP TVOSTargetPlatform
[2017.10.17-08.51.37:404][  0]LogTemp: Display: Loaded TP LinuxClientTargetPlatform
[2017.10.17-08.51.37:439][  0]LogTemp: Display: Loaded TP LinuxNoEditorTargetPlatform
[2017.10.17-08.51.37:478][  0]LogTemp: Display: Loaded TP LinuxServerTargetPlatform
[2017.10.17-08.51.37:509][  0]LogTemp: Display: Loaded TP LinuxTargetPlatform
[2017.10.17-08.51.37:509][  0]LogTargetPlatformManager: Display: Building Assets For Windows
[2017.10.17-08.51.37:781][  0]LogDerivedDataCache: Display: Max Cache Size: 512 MB
[2017.10.17-08.51.37:850][  0]LogDerivedDataCache: Loaded boot cache 0.07s 93MB C:/Users/Shane/AppData/Local/UnrealEngine/4.17/DerivedDataCache/Boot.ddc.
[2017.10.17-08.51.37:850][  0]LogDerivedDataCache: Display: Loaded Boot cache: C:/Users/Shane/AppData/Local/UnrealEngine/4.17/DerivedDataCache/Boot.ddc
[2017.10.17-08.51.37:850][  0]LogDerivedDataCache: FDerivedDataBackendGraph:  Pak pak cache file C:/Users/Shane/Documents/GitHub/PewPewGames/Game/DerivedDataCache/DDC.ddp not found, will not use a pak cache.
[2017.10.17-08.51.37:850][  0]LogDerivedDataCache: Unable to find inner node Pak for hierarchical cache Hierarchy.
[2017.10.17-08.51.37:850][  0]LogDerivedDataCache: FDerivedDataBackendGraph:  CompressedPak pak cache file C:/Users/Shane/Documents/GitHub/PewPewGames/Game/DerivedDataCache/Compressed.ddp not found, will not use a pak cache.
[2017.10.17-08.51.37:850][  0]LogDerivedDataCache: Unable to find inner node CompressedPak for hierarchical cache Hierarchy.
[2017.10.17-08.51.37:863][  0]LogDerivedDataCache: Display: Pak cache opened for reading ../../../Engine/DerivedDataCache/Compressed.ddp.
[2017.10.17-08.51.37:875][  0]LogDerivedDataCache: Using Local data cache path C:/Users/Shane/AppData/Local/UnrealEngine/Common/DerivedDataCache: Writable
[2017.10.17-08.51.37:882][  0]LogMaterial: Verifying Global Shaders for PCD3D_SM5
[2017.10.17-08.51.37:883][  0]LogSlate: Using Freetype 2.6.0
[2017.10.17-08.51.37:883][  0]LogSlate: SlateFontCache - WITH_FREETYPE: 1, WITH_HARFBUZZ: 1
[2017.10.17-08.51.37:883][  0]LogSlate: SlateFontCache - WITH_FREETYPE: 1, WITH_HARFBUZZ: 1
[2017.10.17-08.51.38:105][  0]LogAssetRegistry: FAssetRegistry took 0.0249 seconds to start up
[2017.10.17-08.51.38:191][  0]LogInit: Selected Device Profile: [Windows]
[2017.10.17-08.51.38:295][  0]LogContentStreaming: Texture pool size is 0.00 MB
[2017.10.17-08.51.38:543][  0]LogSimplygon: Simplygon DLL not present - disabling.
[2017.10.17-08.51.38:585][  0]LogMeshReduction: Using SimplygonSwarm for distributed automatic mesh merging
[2017.10.17-08.51.38:585][  0]LogMeshReduction: Using QuadricMeshReduction for automatic static mesh reduction
[2017.10.17-08.51.38:585][  0]LogMeshReduction: No automatic skeletal mesh reduction module available
[2017.10.17-08.51.38:585][  0]LogMeshReduction: No automatic mesh merging module available
[2017.10.17-08.51.38:585][  0]LogMeshMerging: No automatic mesh merging module available
[2017.10.17-08.51.38:933][  0]LogNetVersion: Game , NetCL: 3573198, EngineNetVer: 2, GameNetVer: 0 (Checksum: 2957514414)
[2017.10.17-08.51.39:098][  0]LogPackageLocalizationCache: Processed 5 localized package path(s) for 2 prioritized culture(s) in 0.038922 seconds
[2017.10.17-08.51.39:102][  0]LogUObjectArray: 35825 objects as part of root set at end of initial load.
[2017.10.17-08.51.39:102][  0]LogUObjectAllocator: 7529112 out of 0 bytes used by permanent object pool.
[2017.10.17-08.51.39:102][  0]LogUObjectArray: CloseDisregardForGC: 0/0 objects in disregard for GC pool
[2017.10.17-08.51.39:135][  0]LogInit: WinSock: version 1.1 (2.2), MaxSocks=32767, MaxUdp=65467
[2017.10.17-08.51.41:003][  0]LogTcpMessaging: Initializing TcpMessaging bridge
[2017.10.17-08.51.41:030][  0]LogUdpMessaging: Initializing bridge on interface 0.0.0.0:0 to multicast group 230.0.0.1:6666.
[2017.10.17-08.51.41:462][  0]LogMaterial: Uniform references updated for custom material expression Custom.
[2017.10.17-08.51.41:721][  0]SourceControl: Source control is disabled
[2017.10.17-08.51.41:721][  0]SourceControl: Source control is disabled
[2017.10.17-08.51.41:754][  0]SourceControl: Source control is disabled
[2017.10.17-08.51.41:784][  0]SourceControl: Source control is disabled
[2017.10.17-08.51.42:148][  0]LogAndroidPermission: UAndroidPermissionCallbackProxy::GetInstance
[2017.10.17-08.51.42:305][  0]LogOcInput: OculusInput pre-init called
[2017.10.17-08.51.42:475][  0]LogEngine: Initializing Engine...
[2017.10.17-08.51.42:477][  0]LogHMD: Failed to initialize OpenVR with code 100
[2017.10.17-08.51.42:632][  0]LogStats: UGameplayTagsManager::ConstructGameplayTagTree: Construct from data asset -  0.000 s
[2017.10.17-08.51.42:632][  0]LogStats: UGameplayTagsManager::ConstructGameplayTagTree: GameplayTagTreeChangedEvent.Broadcast -  0.000 s
[2017.10.17-08.51.42:708][  0]LogAIModule: Creating AISystem for world Untitled
[2017.10.17-08.51.42:715][  0]LogInit: XAudio2 using 'Speakers (3- Sennheiser 3D G4ME1)' : 2 channels at 44.1 kHz using 16 bits per sample (channel mask 0x3)
[2017.10.17-08.51.42:725][  0]LogInit: FAudioDevice initialized.
[2017.10.17-08.51.42:790][  0]LogDerivedDataCache: Saved boot cache 0.07s 93MB C:/Users/Shane/AppData/Local/UnrealEngine/4.17/DerivedDataCache/Boot.ddc.
[2017.10.17-08.51.42:799][  0]LogInit: Texture streaming: Enabled
[2017.10.17-08.51.42:859][  0]LogEngineSessionManager: EngineSessionManager initialized
[2017.10.17-08.51.42:999][  0]LogInit: Transaction tracking system initialized
[2017.10.17-08.51.43:190][  0]BlueprintLog: New page: Editor Load
[2017.10.17-08.51.43:725][  0]LocalizationService: Localization service is disabled
[2017.10.17-08.51.44:150][  0]LogConsoleResponse: Display: 
[2017.10.17-08.51.44:287][  0]LogCook: Display: Max memory allowance for cook 16384mb min free memory 0mb
[2017.10.17-08.51.44:287][  0]LogCook: Display: Mobile HDR setting 1
[2017.10.17-08.51.44:287][  0]LogGameplayTags: Display: UGameplayTagsManager::DoneAddingNativeTags. DelegateIsBound: 0
[2017.10.17-08.51.44:461][  0]LogFileCache: Scanning file cache for directory 'C:/Users/Shane/Documents/GitHub/PewPewGames/Game/Content/' took 0.02s
[2017.10.17-08.51.44:969][  0]SourceControl: Source control is disabled
[2017.10.17-08.51.44:970][  0]Cmd: MAP LOAD FILE="C:/Users/Shane/Documents/GitHub/PewPewGames/Game/Content/FirstPersonBP/Maps/FirstPersonExampleMap.umap" TEMPLATE=0 SHOWPROGRESS=1 FEATURELEVEL=3
[2017.10.17-08.51.44:971][  0]LightingResults: New page: Lighting Build
[2017.10.17-08.51.44:997][  0]MapCheck: New page: Map Check
[2017.10.17-08.51.44:997][  0]LightingResults: New page: Lighting Build
[2017.10.17-08.51.45:832][  0]LogBlueprint: Warning: [Compiler Ue4ASP_Character] InputAction Event references unknown Action 'Crouch' for  InputAction Crouch
[2017.10.17-08.51.45:839][  0]LogBlueprint: Warning: [Compiler Ue4ASP_Character] [0011.71] Compile of Ue4ASP_Character successful, but with 1 Warning(s) [in 37 ms] (/Game/AnimStarterPack/Ue4ASP_Character.Ue4ASP_Character)
[2017.10.17-08.51.47:189][  0]LogAIModule: Creating AISystem for world FirstPersonExampleMap
[2017.10.17-08.51.47:363][  0]LogEditorServer: Finished looking for orphan Actors (0.000 secs)
[2017.10.17-08.51.47:387][  0]Cmd: MAP CHECKDEP NOCLEARLOG
[2017.10.17-08.51.47:470][  0]MapCheck: Map check complete: 0 Error(s), 0 Warning(s), took 83.236ms to complete.
[2017.10.17-08.51.47:470][  0]LogFileHelpers: Loading map 'FirstPersonExampleMap' took 2.501
[2017.10.17-08.51.47:527][  0]LogWindowsTextInputMethodSystem: Display: IME system now deactivated.
[2017.10.17-08.51.47:967][  0]LogCollectionManager: Loaded 0 collections in 0.001010 seconds
[2017.10.17-08.51.48:099][  0]LogFileCache: Scanning file cache for directory 'C:/Users/Shane/Documents/GitHub/PewPewGames/Game/Saved/Collections/' took 0.01s
[2017.10.17-08.51.48:099][  0]LogFileCache: Scanning file cache for directory 'C:/Users/Shane/Documents/GitHub/PewPewGames/Game/Content/Developers/Shane/Collections/' took 0.01s
[2017.10.17-08.51.48:099][  0]LogFileCache: Scanning file cache for directory 'C:/Users/Shane/Documents/GitHub/PewPewGames/Game/Content/Collections/' took 0.01s
[2017.10.17-08.51.48:099][  0]LogCollectionManager: Rebuilt the GUID cache for 0 collections in 0.000000 seconds
[2017.10.17-08.51.48:124][  0]LogContentBrowser: Native class hierarchy populated in 0.0231 seconds. Added 2386 classes and 500 folders.
[2017.10.17-08.51.48:188][  0]LogContentBrowser: Native class hierarchy updated for 'WidgetCarousel' in 0.0008 seconds. Added 0 classes and 0 folders.
[2017.10.17-08.51.48:607][  0]LogContentBrowser: Native class hierarchy updated for 'AddContentDialog' in 0.0005 seconds. Added 0 classes and 0 folders.
[2017.10.17-08.51.48:681][  0]LogContentBrowser: Native class hierarchy updated for 'SceneOutliner' in 0.0005 seconds. Added 1 classes and 2 folders.
[2017.10.17-08.51.49:013][  0]LogSlate: Took 0.000256 seconds to synchronously load lazily loaded font '../../../Engine/Content/Slate/Fonts/Roboto-Regular.ttf' (155K)
[2017.10.17-08.51.49:027][  0]LogSlate: Took 0.000218 seconds to synchronously load lazily loaded font '../../../Engine/Content/Slate/Fonts/Roboto-Bold.ttf' (160K)
[2017.10.17-08.51.49:085][  0]LogSlate: Took 0.018659 seconds to synchronously load lazily loaded font '../../../Engine/Content/Editor/Slate/Fonts/FontAwesome.ttf' (139K)
[2017.10.17-08.51.49:383][  0]LogRenderer: Reallocating scene render targets to support 2172x836 Format 10 NumSamples 1 (Frame:1).
[2017.10.17-08.51.49:809][  0]LogContentBrowser: Native class hierarchy updated for 'HierarchicalLODOutliner' in 0.0007 seconds. Added 1 classes and 2 folders.
[2017.10.17-08.51.49:809][  0]LogLoad: (Engine Initialization) Total time: 15.68 seconds
[2017.10.17-08.51.49:809][  0]LogLoad: (Engine Initialization) Total Blueprint compile time: 0.00 seconds
[2017.10.17-08.51.49:809][  0]LogExternalProfiler: No external profilers were discovered.  External profiling features will not be available.
[2017.10.17-08.51.49:852][  0]LogAssetRegistry: Asset discovery search completed in 11.7694 seconds
[2017.10.17-08.51.49:854][  0]LogCollectionManager: Rebuilt the object cache for 0 collections in 0.000000 seconds (found 0 objects)
[2017.10.17-08.51.49:854][  0]LogCollectionManager: Fixed up redirectors for 0 collections in 0.000045 seconds (updated 0 objects)
[2017.10.17-08.51.49:865][  0]LogContentStreaming: Texture pool size now 1000 MB
[2017.10.17-08.51.50:862][ 62]LogSlate: Took 0.011368 seconds to synchronously load lazily loaded font '../../../Engine/Content/Slate/Fonts/Roboto-Light.ttf' (159K)
[2017.10.17-08.51.56:252][322]LogSlate: Took 0.000184 seconds to synchronously load lazily loaded font '../../../Engine/Content/Slate/Fonts/Roboto-Light.ttf' (159K)
[2017.10.17-08.51.56:902][322]LogContentBrowser: Native class hierarchy updated for 'BlueprintGraph' in 0.0007 seconds. Added 113 classes and 0 folders.
[2017.10.17-08.51.57:915][322]LogSlate: Took 0.012551 seconds to synchronously load lazily loaded font '../../../Engine/Content/Editor/Slate/Fonts/Roboto-BoldCondensed.ttf' (158K)
[2017.10.17-08.52.01:080][594]LogSlate: Took 0.015225 seconds to synchronously load lazily loaded font '../../../Engine/Content/Editor/Slate/Fonts/Roboto-Italic.ttf' (157K)
[2017.10.17-08.53.47:361][ 95]LogFactory: FactoryCreateFile: StaticMesh with FbxFactory (0 0 C:/Users/Shane/Documents/GitHub/PewPewGames/messtables1.fbx)
[2017.10.17-08.53.47:446][ 95]LogFbx: ItemName: GlobalSettings, ItemCount : 1
[2017.10.17-08.53.47:446][ 95]LogFbx: ItemName: AnimationStack, ItemCount : 1
[2017.10.17-08.53.47:446][ 95]LogFbx: ItemName: AnimationLayer, ItemCount : 1
[2017.10.17-08.53.47:446][ 95]LogFbx: ItemName: NodeAttribute, ItemCount : 24
[2017.10.17-08.53.47:446][ 95]LogFbx: ItemName: Model, ItemCount : 25
[2017.10.17-08.53.47:446][ 95]LogFbx: ItemName: Geometry, ItemCount : 1
[2017.10.17-08.53.47:446][ 95]LogFbx: ItemName: Material, ItemCount : 2
[2017.10.17-08.53.47:455][ 95]LogFbx: Loading FBX Scene from C:/Users/Shane/Documents/GitHub/PewPewGames/messtables1.fbx
[2017.10.17-08.53.47:471][ 95]LogFbx: FBX Scene Loaded Succesfully
[2017.10.17-08.53.49:531][ 95]LogFbx: Loading FBX Scene from C:/Users/Shane/Documents/GitHub/PewPewGames/messtables1.fbx
[2017.10.17-08.53.49:540][ 95]LogFbx: FBX Scene Loaded Succesfully
[2017.10.17-08.53.49:552][ 95]LogFbx: Warning: Triangulating static mesh pCube13
[2017.10.17-08.53.49:572][ 95]LogStaticMesh: Building static mesh messtables1...
[2017.10.17-08.53.49:616][ 95]LogStaticMesh: Built static mesh [0.04s] /Game/PPGContent/Doors/Automatic_slidedoor/messtables1.messtables1
[2017.10.17-08.53.49:654][ 95]FBXImport: Warning: No smoothing group information was found in this FBX scene.  Please make sure to enable the 'Export Smoothing Groups' option in the FBX Exporter plug-in before exporting the file.  Even for tools that don't support smoothing groups, the FBX Exporter will generate appropriate smoothing data at export-time so that correct vertex normals can be inferred while importing. 
[2017.10.17-08.53.52:821][258]LogActorFactory: Actor Factory created messtables1
[2017.10.17-08.53.53:301][281]LogActorFactory: Actor Factory created messtables1
[2017.10.17-08.56.26:640][359]LogEditorViewport: Clicking on Actor (context menu): StaticMeshActor (messtables1)
[2017.10.17-08.56.38:856][775]LogEditorViewport: Clicking on Actor (LMB): StaticMeshActor (messtables1)
[2017.10.17-08.58.00:872][945]Cmd: EDIT COPY
[2017.10.17-08.58.05:939][421]LogEditorViewport: Clicking on Actor (context menu): StaticMeshActor (messtables1)
[2017.10.17-08.58.09:448][543]Cmd: EDIT COPY
[2017.10.17-08.58.10:249][620]LogEditorViewport: Clicking on Actor (context menu): StaticMeshActor (Map)
[2017.10.17-08.58.15:213][764]Cmd: EDIT PASTE
[2017.10.17-08.58.19:362][150]LogEditorViewport: Clicking on Actor (context menu): StaticMeshActor (Map)
[2017.10.17-08.58.21:400][215]Cmd: EDIT PASTE
[2017.10.17-08.58.31:922][223]LogEditorViewport: Clicking on Actor (context menu): StaticMeshActor (Map)
[2017.10.17-08.58.34:117][290]Cmd: EDIT PASTE
[2017.10.17-08.58.38:069][627]LogEditorViewport: Clicking on Actor (LMB): BP_Sky_Sphere_C (SkySphereBlueprint)
[2017.10.17-08.59.03:485][655]LogSavePackage: Save=22.82ms
[2017.10.17-08.59.03:485][655]LogSavePackage: Moving 'C:/Users/Shane/Documents/GitHub/PewPewGames/Game/Saved/messtables11FD82E6F4E5F6312A01633A7973098C0.tmp' to 'C:/Users/Shane/Documents/GitHub/PewPewGames/Game/Content/PPGContent/Doors/Automatic_slidedoor/messtables1.uasset'
[2017.10.17-08.59.03:488][655]LogSavePackage: Display: Finished SavePackage C:/Users/Shane/Documents/GitHub/PewPewGames/Game/Content/PPGContent/Doors/Automatic_slidedoor/messtables1.uasset
[2017.10.17-09.01.04:635][888]LogFactory: FactoryCreateFile: StaticMesh with FbxFactory (0 0 C:/Users/Shane/Documents/GitHub/PewPewGames/messtables1.fbx)
[2017.10.17-09.01.04:667][888]LogFbx: ItemName: GlobalSettings, ItemCount : 1
[2017.10.17-09.01.04:667][888]LogFbx: ItemName: AnimationStack, ItemCount : 1
[2017.10.17-09.01.04:667][888]LogFbx: ItemName: AnimationLayer, ItemCount : 1
[2017.10.17-09.01.04:667][888]LogFbx: ItemName: NodeAttribute, ItemCount : 24
[2017.10.17-09.01.04:667][888]LogFbx: ItemName: Model, ItemCount : 25
[2017.10.17-09.01.04:667][888]LogFbx: ItemName: Geometry, ItemCount : 1
[2017.10.17-09.01.04:667][888]LogFbx: ItemName: Material, ItemCount : 2
[2017.10.17-09.01.04:670][888]LogFbx: Loading FBX Scene from C:/Users/Shane/Documents/GitHub/PewPewGames/messtables1.fbx
[2017.10.17-09.01.04:678][888]LogFbx: FBX Scene Loaded Succesfully
[2017.10.17-09.01.06:396][888]LogFbx: Loading FBX Scene from C:/Users/Shane/Documents/GitHub/PewPewGames/messtables1.fbx
[2017.10.17-09.01.06:403][888]LogFbx: FBX Scene Loaded Succesfully
[2017.10.17-09.01.06:403][888]LogFbx: Warning: Triangulating static mesh pCube13
[2017.10.17-09.01.06:422][888]LogStaticMesh: Building static mesh messtables1...
[2017.10.17-09.01.06:427][888]LogStaticMesh: Built static mesh [0.00s] /Game/PPGContent/Furniture/messtables1.messtables1
[2017.10.17-09.01.06:434][888]FBXImport: Warning: No smoothing group information was found in this FBX scene.  Please make sure to enable the 'Export Smoothing Groups' option in the FBX Exporter plug-in before exporting the file.  Even for tools that don't support smoothing groups, the FBX Exporter will generate appropriate smoothing data at export-time so that correct vertex normals can be inferred while importing. 
[2017.10.17-09.01.19:041][408]LogFactory: FactoryCreateFile: StaticMesh with FbxFactory (0 0 C:/Users/Shane/Documents/GitHub/PewPewGames/messtables1.fbx)
[2017.10.17-09.01.19:070][408]LogFbx: ItemName: GlobalSettings, ItemCount : 1
[2017.10.17-09.01.19:070][408]LogFbx: ItemName: AnimationStack, ItemCount : 1
[2017.10.17-09.01.19:070][408]LogFbx: ItemName: AnimationLayer, ItemCount : 1
[2017.10.17-09.01.19:070][408]LogFbx: ItemName: NodeAttribute, ItemCount : 24
[2017.10.17-09.01.19:070][408]LogFbx: ItemName: Model, ItemCount : 25
[2017.10.17-09.01.19:070][408]LogFbx: ItemName: Geometry, ItemCount : 1
[2017.10.17-09.01.19:070][408]LogFbx: ItemName: Material, ItemCount : 2
[2017.10.17-09.01.19:073][408]LogFbx: Loading FBX Scene from C:/Users/Shane/Documents/GitHub/PewPewGames/messtables1.fbx
[2017.10.17-09.01.19:081][408]LogFbx: FBX Scene Loaded Succesfully
[2017.10.17-09.01.23:776][408]LogFbx: Loading FBX Scene from C:/Users/Shane/Documents/GitHub/PewPewGames/messtables1.fbx
[2017.10.17-09.01.23:783][408]LogFbx: FBX Scene Loaded Succesfully
[2017.10.17-09.01.23:784][408]LogFbx: Warning: Triangulating static mesh pCube13
[2017.10.17-09.01.23:803][408]LogStaticMesh: Building static mesh messtables1...
[2017.10.17-09.01.23:808][408]LogStaticMesh: Built static mesh [0.00s] /Game/PPGContent/Furniture/messtables1.messtables1
[2017.10.17-09.01.23:813][408]FBXImport: Warning: No smoothing group information was found in this FBX scene.  Please make sure to enable the 'Export Smoothing Groups' option in the FBX Exporter plug-in before exporting the file.  Even for tools that don't support smoothing groups, the FBX Exporter will generate appropriate smoothing data at export-time so that correct vertex normals can be inferred while importing. 
[2017.10.17-09.01.29:467][652]Cmd: OBJ SAVEPACKAGE PACKAGE="/Game/PPGContent/Furniture/messtables1" FILE="C:/Users/Shane/Documents/GitHub/PewPewGames/Game/Content/PPGContent/Furniture/messtables1.uasset" SILENT=true
[2017.10.17-09.01.29:477][652]LogSavePackage: Save=8.17ms
[2017.10.17-09.01.29:477][652]LogSavePackage: Moving 'C:/Users/Shane/Documents/GitHub/PewPewGames/Game/Saved/messtables150CBEE2345A364CC63EECB831436FEE3.tmp' to 'C:/Users/Shane/Documents/GitHub/PewPewGames/Game/Content/PPGContent/Furniture/messtables1.uasset'
[2017.10.17-09.01.29:480][652]LogSavePackage: Display: Finished SavePackage C:/Users/Shane/Documents/GitHub/PewPewGames/Game/Content/PPGContent/Furniture/messtables1.uasset
[2017.10.17-09.01.31:388][768]LogActorFactory: Actor Factory created messtables1
[2017.10.17-09.01.33:782][977]LogActorFactory: Actor Factory created messtables1
[2017.10.17-09.02.09:771][390]LogEditorViewport: Clicking on Actor (context menu): StaticMeshActor (messtables5)
[2017.10.17-09.02.29:803][348]LogEditorViewport: Clicking on Actor (context menu): StaticMeshActor (messtables5)
[2017.10.17-09.02.32:811][445]Cmd: EDIT COPY
[2017.10.17-09.02.33:490][509]LogEditorViewport: Clicking on Actor (context menu): StaticMeshActor (Map)
[2017.10.17-09.02.38:245][686]LogEditorViewport: Clicking on Actor (LMB): StaticMeshActor (Map)
[2017.10.17-09.02.38:789][729]Cmd: EDIT PASTE
[2017.10.17-09.02.41:849][  8]Cmd: EDIT PASTE
[2017.10.17-09.02.48:002][533]Cmd: EDIT PASTE
[2017.10.17-09.03.13:253][705]Cmd: EDIT COPY
[2017.10.17-09.03.13:624][742]Cmd: EDIT PASTE
[2017.10.17-09.03.26:533][959]Cmd: EDIT PASTE
[2017.10.17-09.03.41:704][227]LogEditorViewport: Clicking on Actor (LMB): BP_Sky_Sphere_C (SkySphereBlueprint)
[2017.10.17-09.04.00:906][ 31]LogEditorViewport: Clicking on Actor (LMB): StaticMeshActor (cobrolla1)
[2017.10.17-09.04.01:784][ 69]Cmd: DELETE
[2017.10.17-09.04.01:784][ 69]Cmd: ACTOR DELETE
[2017.10.17-09.04.01:785][ 69]LogEditorActor: Deleted Actor: StaticMeshActor
[2017.10.17-09.04.01:805][ 69]LogEditorActor: Deleted 1 Actors (0.020 secs)
[2017.10.17-09.04.02:492][ 90]LogEditorViewport: Clicking on Actor (LMB): StaticMeshActor (cobrolla4)
[2017.10.17-09.04.05:689][234]LogEditorViewport: Clicking on Actor (LMB): BP_Sky_Sphere_C (SkySphereBlueprint)
[2017.10.17-09.04.11:389][492]LogSavePackage: Save=120.85ms
[2017.10.17-09.04.11:389][492]LogSavePackage: Moving 'C:/Users/Shane/Documents/GitHub/PewPewGames/Game/Saved/FirstPersonExampleMap_Auto18863443441B4CCCC44F269A45F094C2B.tmp' to 'C:/Users/Shane/Documents/GitHub/PewPewGames/Game/Saved/Autosaves/Game/FirstPersonBP/Maps/FirstPersonExampleMap_Auto1.umap'
[2017.10.17-09.04.11:391][492]LogSavePackage: Display: Finished SavePackage C:/Users/Shane/Documents/GitHub/PewPewGames/Game/Saved/Autosaves/Game/FirstPersonBP/Maps/FirstPersonExampleMap_Auto1.umap
[2017.10.17-09.04.11:403][492]LogFileHelpers: Editor autosave (incl. sublevels) for '/Game/FirstPersonBP/Maps/FirstPersonExampleMap' took 0.186
[2017.10.17-09.04.11:403][492]LogFileHelpers: Editor autosave (incl. sublevels) for all levels took 0.186
[2017.10.17-09.04.30:937][138]LogActorFactory: Actor Factory created CargoContainer
[2017.10.17-09.04.31:589][181]LogActorFactory: Actor Factory created CargoContainer
[2017.10.17-09.06.53:637][975]Cmd: EDIT COPY
[2017.10.17-09.06.53:977][  8]Cmd: EDIT PASTE
[2017.10.17-09.07.01:898][790]Cmd: EDIT COPY
[2017.10.17-09.07.02:184][818]Cmd: EDIT PASTE
[2017.10.17-09.07.20:518][614]Cmd: EDIT COPY
[2017.10.17-09.07.20:724][634]Cmd: EDIT PASTE
[2017.10.17-09.07.25:496][104]Cmd: EDIT PASTE
[2017.10.17-09.07.29:756][523]Cmd: EDIT PASTE
[2017.10.17-09.07.47:982][314]LogEditorViewport: Clicking on Actor (LMB): StaticMeshActor (CargoContainer4)
[2017.10.17-09.07.52:476][741]LogEditorViewport: Clicking on Actor (LMB): StaticMeshActor (CargoContainer8)
[2017.10.17-09.07.52:564][742]LogEditorViewport: Clicking on Component (LMB): StaticMeshComponent (StaticMeshComponent0)
[2017.10.17-09.07.54:240][905]LogEditorViewport: Clicking on Actor (context menu): StaticMeshActor (Map)
[2017.10.17-09.07.57:165][ 26]LogEditorViewport: Clicking on Actor (LMB): StaticMeshActor (CargoContainer7)
[2017.10.17-09.08.03:000][586]LogEditorViewport: Clicking on Actor (LMB): StaticMeshActor (CargoContainer6)
[2017.10.17-09.08.12:230][404]Cmd: EDIT COPY
[2017.10.17-09.08.12:602][436]Cmd: EDIT PASTE
[2017.10.17-09.08.14:359][512]Cmd: TRANSACTION UNDO
[2017.10.17-09.08.14:360][512]LogEditorTransaction: Undo Paste
[2017.10.17-09.08.21:364][917]Cmd: EDIT PASTE
[2017.10.17-09.08.22:704][978]Cmd: TRANSACTION UNDO
[2017.10.17-09.08.22:704][978]LogEditorTransaction: Undo Paste
[2017.10.17-09.08.26:482][139]LogEditorViewport: Clicking on Actor (LMB): StaticMeshActor (CargoContainer8)
[2017.10.17-09.08.30:746][494]Cmd: EDIT COPY
[2017.10.17-09.08.31:027][517]Cmd: EDIT PASTE
[2017.10.17-09.08.43:066][583]Cmd: EDIT PASTE
[2017.10.17-09.08.46:628][915]Cmd: EDIT PASTE
[2017.10.17-09.08.52:863][416]LogEditorViewport: Clicking on Actor (LMB): BP_Sky_Sphere_C (SkySphereBlueprint)
[2017.10.17-09.09.49:822][ 42]LogFactory: FactoryCreateFile: StaticMesh with FbxFactory (0 0 C:/Users/Shane/Documents/GitHub/PewPewGames/emergencylight1.fbx)
[2017.10.17-09.09.49:847][ 42]LogFbx: ItemName: GlobalSettings, ItemCount : 1
[2017.10.17-09.09.49:847][ 42]LogFbx: ItemName: AnimationStack, ItemCount : 1
[2017.10.17-09.09.49:847][ 42]LogFbx: ItemName: AnimationLayer, ItemCount : 1
[2017.10.17-09.09.49:847][ 42]LogFbx: ItemName: NodeAttribute, ItemCount : 7
[2017.10.17-09.09.49:847][ 42]LogFbx: ItemName: Model, ItemCount : 8
[2017.10.17-09.09.49:847][ 42]LogFbx: ItemName: Geometry, ItemCount : 1
[2017.10.17-09.09.49:847][ 42]LogFbx: ItemName: Material, ItemCount : 2
[2017.10.17-09.09.49:847][ 42]LogFbx: ItemName: Video, ItemCount : 2
[2017.10.17-09.09.49:850][ 42]LogFbx: Loading FBX Scene from C:/Users/Shane/Documents/GitHub/PewPewGames/emergencylight1.fbx
[2017.10.17-09.09.50:076][ 42]LogFbx: FBX Scene Loaded Succesfully
[2017.10.17-09.09.54:975][ 42]LogFbx: Loading FBX Scene from C:/Users/Shane/Documents/GitHub/PewPewGames/emergencylight1.fbx
[2017.10.17-09.09.54:980][ 42]LogFbx: FBX Scene Loaded Succesfully
[2017.10.17-09.09.54:981][ 42]LogFbx: Warning: Triangulating static mesh areaLight2
[2017.10.17-09.09.54:990][ 42]LogStaticMesh: Building static mesh emergencylight1...
[2017.10.17-09.09.54:992][ 42]LogStaticMesh: Built static mesh [0.00s] /Game/PPGContent/Lights/emergencylight1.emergencylight1
[2017.10.17-09.09.54:999][ 42]FBXImport: Warning: No smoothing group information was found in this FBX scene.  Please make sure to enable the 'Export Smoothing Groups' option in the FBX Exporter plug-in before exporting the file.  Even for tools that don't support smoothing groups, the FBX Exporter will generate appropriate smoothing data at export-time so that correct vertex normals can be inferred while importing. 
[2017.10.17-09.09.54:999][ 42]FBXImport: Warning: Warning: The imported mesh is very small. This is most likely an issue with the units used when exporting to FBX. 
[2017.10.17-09.10.13:712][877]LogFactory: FactoryCreateFile: StaticMesh with FbxFactory (0 0 C:/Users/Shane/Documents/GitHub/PewPewGames/emergencylight1.fbx)
[2017.10.17-09.10.13:732][877]LogFbx: ItemName: GlobalSettings, ItemCount : 1
[2017.10.17-09.10.13:732][877]LogFbx: ItemName: AnimationStack, ItemCount : 1
[2017.10.17-09.10.13:732][877]LogFbx: ItemName: AnimationLayer, ItemCount : 1
[2017.10.17-09.10.13:732][877]LogFbx: ItemName: NodeAttribute, ItemCount : 7
[2017.10.17-09.10.13:732][877]LogFbx: ItemName: Model, ItemCount : 8
[2017.10.17-09.10.13:732][877]LogFbx: ItemName: Geometry, ItemCount : 1
[2017.10.17-09.10.13:732][877]LogFbx: ItemName: Material, ItemCount : 2
[2017.10.17-09.10.13:732][877]LogFbx: ItemName: Video, ItemCount : 2
[2017.10.17-09.10.13:735][877]LogFbx: Loading FBX Scene from C:/Users/Shane/Documents/GitHub/PewPewGames/emergencylight1.fbx
[2017.10.17-09.10.13:741][877]LogFbx: FBX Scene Loaded Succesfully
[2017.10.17-09.10.17:766][877]LogFbx: Loading FBX Scene from C:/Users/Shane/Documents/GitHub/PewPewGames/emergencylight1.fbx
[2017.10.17-09.10.17:773][877]LogFbx: FBX Scene Loaded Succesfully
[2017.10.17-09.10.17:773][877]LogFbx: Warning: Triangulating static mesh areaLight2
[2017.10.17-09.10.17:782][877]LogStaticMesh: Building static mesh emergencylight1...
[2017.10.17-09.10.17:784][877]LogStaticMesh: Built static mesh [0.00s] /Game/PPGContent/Lights/emergencylight1.emergencylight1
[2017.10.17-09.10.17:791][877]FBXImport: Warning: No smoothing group information was found in this FBX scene.  Please make sure to enable the 'Export Smoothing Groups' option in the FBX Exporter plug-in before exporting the file.  Even for tools that don't support smoothing groups, the FBX Exporter will generate appropriate smoothing data at export-time so that correct vertex normals can be inferred while importing. 
[2017.10.17-09.10.21:272][ 51]LogActorFactory: Actor Factory created emergencylight1
[2017.10.17-09.10.22:541][159]LogActorFactory: Actor Factory created emergencylight1
[2017.10.17-09.11.04:248][860]LogEditorViewport: Clicking on Actor (context menu): StaticMeshActor (emergencylight1)
[2017.10.17-09.11.45:687][603]Cmd: DELETE
[2017.10.17-09.11.45:687][603]Cmd: ACTOR DELETE
[2017.10.17-09.11.45:688][603]LogEditorActor: Deleted Actor: StaticMeshActor
[2017.10.17-09.11.45:702][603]LogEditorActor: Deleted 1 Actors (0.014 secs)
[2017.10.17-09.11.49:368][744]Cmd: OBJ SAVEPACKAGE PACKAGE="/Game/PPGContent/Lights/emergencylight1" FILE="C:/Users/Shane/Documents/GitHub/PewPewGames/Game/Content/PPGContent/Lights/emergencylight1.uasset" SILENT=true
[2017.10.17-09.11.49:377][744]LogSavePackage: Save=7.80ms
[2017.10.17-09.11.49:377][744]LogSavePackage: Moving 'C:/Users/Shane/Documents/GitHub/PewPewGames/Game/Saved/emergencylight1E55BE0D04A90F2F8DA64D4AC9F924DB2.tmp' to 'C:/Users/Shane/Documents/GitHub/PewPewGames/Game/Content/PPGContent/Lights/emergencylight1.uasset'
[2017.10.17-09.11.49:380][744]LogSavePackage: Display: Finished SavePackage C:/Users/Shane/Documents/GitHub/PewPewGames/Game/Content/PPGContent/Lights/emergencylight1.uasset
[2017.10.17-09.12.14:805][587]LogFactory: FactoryCreateFile: StaticMesh with FbxFactory (0 0 C:/Users/Shane/Documents/GitHub/PewPewGames/coffeemug1.fbx)
[2017.10.17-09.12.14:832][587]LogFbx: ItemName: GlobalSettings, ItemCount : 1
[2017.10.17-09.12.14:832][587]LogFbx: ItemName: AnimationStack, ItemCount : 1
[2017.10.17-09.12.14:832][587]LogFbx: ItemName: AnimationLayer, ItemCount : 1
[2017.10.17-09.12.14:832][587]LogFbx: ItemName: NodeAttribute, ItemCount : 4
[2017.10.17-09.12.14:832][587]LogFbx: ItemName: Model, ItemCount : 5
[2017.10.17-09.12.14:832][587]LogFbx: ItemName: Geometry, ItemCount : 1
[2017.10.17-09.12.14:832][587]LogFbx: ItemName: Material, ItemCount : 1
[2017.10.17-09.12.14:837][587]LogFbx: Loading FBX Scene from C:/Users/Shane/Documents/GitHub/PewPewGames/coffeemug1.fbx
[2017.10.17-09.12.14:841][587]LogFbx: FBX Scene Loaded Succesfully
[2017.10.17-09.12.18:551][587]LogFbx: Loading FBX Scene from C:/Users/Shane/Documents/GitHub/PewPewGames/coffeemug1.fbx
[2017.10.17-09.12.18:556][587]LogFbx: FBX Scene Loaded Succesfully
[2017.10.17-09.12.18:559][587]LogFbx: Warning: Triangulating static mesh pTorus2
[2017.10.17-09.12.18:572][587]LogStaticMesh: Building static mesh coffeemug1...
[2017.10.17-09.12.18:574][587]LogStaticMesh: Built static mesh [0.00s] /Game/PPGContent/StaticAssets/coffeemug1.coffeemug1
[2017.10.17-09.12.18:581][587]FBXImport: Warning: No smoothing group information was found in this FBX scene.  Please make sure to enable the 'Export Smoothing Groups' option in the FBX Exporter plug-in before exporting the file.  Even for tools that don't support smoothing groups, the FBX Exporter will generate appropriate smoothing data at export-time so that correct vertex normals can be inferred while importing. 
[2017.10.17-09.12.18:581][587]FBXImport: Warning: Warning: The imported mesh is very small. This is most likely an issue with the units used when exporting to FBX. 
[2017.10.17-09.12.25:424][953]Cmd: OBJ SAVEPACKAGE PACKAGE="/Game/PPGContent/StaticAssets/coffeemug1" FILE="C:/Users/Shane/Documents/GitHub/PewPewGames/Game/Content/PPGContent/StaticAssets/coffeemug1.uasset" SILENT=true
[2017.10.17-09.12.25:433][953]LogSavePackage: Save=7.76ms
[2017.10.17-09.12.25:433][953]LogSavePackage: Moving 'C:/Users/Shane/Documents/GitHub/PewPewGames/Game/Saved/coffeemug191D5BFE443599B2A4D413AA1F5E0491E.tmp' to 'C:/Users/Shane/Documents/GitHub/PewPewGames/Game/Content/PPGContent/StaticAssets/coffeemug1.uasset'
[2017.10.17-09.12.25:436][953]LogSavePackage: Display: Finished SavePackage C:/Users/Shane/Documents/GitHub/PewPewGames/Game/Content/PPGContent/StaticAssets/coffeemug1.uasset
[2017.10.17-09.12.46:032][863]LogEditorViewport: Clicking on Actor (LMB): Blue_keycard_C (Blue_keycard)
[2017.10.17-09.12.50:900][297]LogEditorViewport: Clicking on Actor (LMB): Blue_keycard_C (Blue_keycard)
[2017.10.17-09.13.00:874][233]LogEditorViewport: Clicking on Actor (LMB): P_Keycard_C (P_Keycard)
[2017.10.17-09.13.07:661][793]LogEditorViewport: Clicking on Actor (LMB): BP_Sky_Sphere_C (SkySphereBlueprint)
[2017.10.17-09.13.10:638][951]LogSavePackage: Save=134.92ms
[2017.10.17-09.13.10:638][951]LogSavePackage: Moving 'C:/Users/Shane/Documents/GitHub/PewPewGames/Game/Saved/FirstPersonExampleMap294835F2479BFB622F20DDBA783C9506.tmp' to 'C:/Users/Shane/Documents/GitHub/PewPewGames/Game/Content/FirstPersonBP/Maps/FirstPersonExampleMap.umap'
[2017.10.17-09.13.10:641][951]LogSavePackage: Display: Finished SavePackage C:/Users/Shane/Documents/GitHub/PewPewGames/Game/Content/FirstPersonBP/Maps/FirstPersonExampleMap.umap
[2017.10.17-09.13.10:703][951]LogSavePackage: Save=12.05ms
[2017.10.17-09.13.10:703][951]LogSavePackage: Moving 'C:/Users/Shane/Documents/GitHub/PewPewGames/Game/Saved/FirstPersonExampleMap_BuiltData95A31CB94C7F3C11BEA44291DD873382.tmp' to 'C:/Users/Shane/Documents/GitHub/PewPewGames/Game/Content/FirstPersonBP/Maps/FirstPersonExampleMap_BuiltData.uasset'
[2017.10.17-09.13.10:705][951]LogSavePackage: Display: Finished SavePackage C:/Users/Shane/Documents/GitHub/PewPewGames/Game/Content/FirstPersonBP/Maps/FirstPersonExampleMap_BuiltData.uasset
[2017.10.17-09.13.14:843][349]LogWindowsTextInputMethodSystem: Display: IME system now deactivated.
[2017.10.17-09.13.15:008][350]Cmd: QUIT_EDITOR
[2017.10.17-09.13.15:036][350]LogExit: Preparing to exit.
[2017.10.17-09.13.15:784][350]LogExit: Editor shut down
[2017.10.17-09.13.15:785][350]LogExit: Transaction tracking system shut down
[2017.10.17-09.13.15:988][350]LogDirectoryWatcher: A directory notification for '../../../Engine/Content/' was aborted.
[2017.10.17-09.13.15:988][350]LogDirectoryWatcher: A directory notification for 'C:/Users/Shane/Documents/GitHub/PewPewGames/Game/Content/' was aborted.
[2017.10.17-09.13.15:988][350]LogDirectoryWatcher: A directory notification for '../../../Engine/Plugins/2D/Paper2D/Content/' was aborted.
[2017.10.17-09.13.15:988][350]LogDirectoryWatcher: A directory notification for '../../../Engine/Plugins/Runtime/Oculus/OculusVR/Content/' was aborted.
[2017.10.17-09.13.15:988][350]LogDirectoryWatcher: A directory notification for '../../../Engine/Plugins/Runtime/Steam/SteamVR/Content/' was aborted.
[2017.10.17-09.13.16:067][350]LogExit: Object subsystem successfully closed.
[2017.10.17-09.13.16:090][350]LogD3D11RHI: Shutdown
[2017.10.17-09.13.16:090][350]LogD3D11RHI: CleanupD3DDevice
[2017.10.17-09.13.16:168][350]LogD3D11RHI: ~FD3D11DynamicRHI
[2017.10.17-09.13.16:190][350]LogModuleManager: Shutting down and abandoning module StaticMeshEditor (538)
[2017.10.17-09.13.16:190][350]LogModuleManager: Shutting down and abandoning module HierarchicalLODUtilities (536)
[2017.10.17-09.13.16:190][350]LogModuleManager: Shutting down and abandoning module BlueprintGraph (534)
[2017.10.17-09.13.16:190][350]LogModuleManager: Shutting down and abandoning module BlueprintProfiler (532)
[2017.10.17-09.13.16:190][350]LogModuleManager: Shutting down and abandoning module HierarchicalLODOutliner (530)
[2017.10.17-09.13.16:190][350]LogModuleManager: Shutting down and abandoning module SceneOutliner (528)
[2017.10.17-09.13.16:190][350]LogModuleManager: Shutting down and abandoning module AddContentDialog (526)
[2017.10.17-09.13.16:190][350]LogDirectoryWatcher: A directory notification for 'E:/Program Files/Epic Games/UE_4.17/FeaturePacks/' was aborted.
[2017.10.17-09.13.16:191][350]LogModuleManager: Shutting down and abandoning module WidgetCarousel (525)
[2017.10.17-09.13.16:191][350]LogModuleManager: Shutting down and abandoning module EditorWidgets (522)
[2017.10.17-09.13.16:191][350]LogModuleManager: Shutting down and abandoning module CollectionManager (520)
[2017.10.17-09.13.16:191][350]LogDirectoryWatcher: A directory notification for 'C:/Users/Shane/Documents/GitHub/PewPewGames/Game/Content/Collections/' was aborted.
[2017.10.17-09.13.16:191][350]LogDirectoryWatcher: A directory notification for 'C:/Users/Shane/Documents/GitHub/PewPewGames/Game/Content/Developers/Shane/Collections/' was aborted.
[2017.10.17-09.13.16:191][350]LogDirectoryWatcher: A directory notification for 'C:/Users/Shane/Documents/GitHub/PewPewGames/Game/Saved/Collections/' was aborted.
[2017.10.17-09.13.16:191][350]LogModuleManager: Shutting down and abandoning module StatsViewer (518)
[2017.10.17-09.13.16:191][350]LogModuleManager: Shutting down and abandoning module FoliageEdit (516)
[2017.10.17-09.13.16:191][350]LogModuleManager: Shutting down and abandoning module LandscapeEditor (514)
[2017.10.17-09.13.16:191][350]LogModuleManager: Shutting down and abandoning module MeshPaintMode (512)
[2017.10.17-09.13.16:191][350]LogModuleManager: Shutting down and abandoning module SceneDepthPickerMode (510)
[2017.10.17-09.13.16:191][350]LogModuleManager: Shutting down and abandoning module ActorPickerMode (508)
[2017.10.17-09.13.16:191][350]LogModuleManager: Shutting down and abandoning module GeometryMode (506)
[2017.10.17-09.13.16:191][350]LogModuleManager: Shutting down and abandoning module TextureAlignMode (504)
[2017.10.17-09.13.16:191][350]LogModuleManager: Shutting down and abandoning module BspMode (502)
[2017.10.17-09.13.16:191][350]LogModuleManager: Shutting down and abandoning module PIEPreviewDeviceProfileSelector (500)
[2017.10.17-09.13.16:191][350]LogModuleManager: Shutting down and abandoning module HardwareSurvey (498)
[2017.10.17-09.13.16:191][350]LogModuleManager: Shutting down and abandoning module SequenceRecorderSections (496)
[2017.10.17-09.13.16:191][350]LogModuleManager: Shutting down and abandoning module AutomationWorker (494)
[2017.10.17-09.13.16:191][350]LogModuleManager: Shutting down and abandoning module MatineeToLevelSequence (492)
[2017.10.17-09.13.16:191][350]LogModuleManager: Shutting down and abandoning module LevelSequenceEditor (490)
[2017.10.17-09.13.16:191][350]LogModuleManager: Shutting down and abandoning module PlacementMode (489)
[2017.10.17-09.13.16:191][350]LogModuleManager: Shutting down and abandoning module WmfMediaFactory (486)
[2017.10.17-09.13.16:191][350]LogModuleManager: Shutting down and abandoning module WmfMediaEditor (484)
[2017.10.17-09.13.16:191][350]LogModuleManager: Shutting down and abandoning module AvfMediaFactory (482)
[2017.10.17-09.13.16:191][350]LogModuleManager: Shutting down and abandoning module AvfMediaEditor (480)
[2017.10.17-09.13.16:191][350]LogModuleManager: Shutting down and abandoning module AndroidMediaFactory (478)
[2017.10.17-09.13.16:191][350]LogModuleManager: Shutting down and abandoning module Media (477)
[2017.10.17-09.13.16:191][350]LogModuleManager: Shutting down and abandoning module AndroidMediaEditor (474)
[2017.10.17-09.13.16:191][350]LogModuleManager: Shutting down and abandoning module CharacterAI (472)
[2017.10.17-09.13.16:191][350]LogModuleManager: Shutting down and abandoning module AudioCapture (470)
[2017.10.17-09.13.16:191][350]LogModuleManager: Shutting down and abandoning module SequenceRecorder (469)
[2017.10.17-09.13.16:191][350]LogModuleManager: Shutting down and abandoning module SmartSnapping (466)
[2017.10.17-09.13.16:191][350]LogModuleManager: Shutting down and abandoning module SessionServices (464)
[2017.10.17-09.13.16:191][350]LogModuleManager: Shutting down and abandoning module ViewportSnapping (462)
[2017.10.17-09.13.16:191][350]LogModuleManager: Shutting down and abandoning module ViewportInteraction (460)
[2017.10.17-09.13.16:191][350]LogModuleManager: Shutting down and abandoning module ClothPainter (458)
[2017.10.17-09.13.16:191][350]LogModuleManager: Shutting down and abandoning module LogVisualizer (456)
[2017.10.17-09.13.16:192][350]LogModuleManager: Shutting down and abandoning module IntroTutorials (454)
[2017.10.17-09.13.16:192][350]LogModuleManager: Shutting down and abandoning module GameProjectGeneration (453)
[2017.10.17-09.13.16:192][350]LogModuleManager: Shutting down and abandoning module IOSPlatformEditor (450)
[2017.10.17-09.13.16:192][350]LogModuleManager: Shutting down and abandoning module HTML5PlatformEditor (448)
[2017.10.17-09.13.16:192][350]LogModuleManager: Shutting down and abandoning module AndroidPlatformEditor (446)
[2017.10.17-09.13.16:192][350]LogModuleManager: Shutting down and abandoning module AndroidDeviceDetection (445)
[2017.10.17-09.13.16:565][350]LogModuleManager: Shutting down and abandoning module WindowsPlatformEditor (442)
[2017.10.17-09.13.16:565][350]LogModuleManager: Shutting down and abandoning module IOSRuntimeSettings (440)
[2017.10.17-09.13.16:565][350]LogModuleManager: Shutting down and abandoning module AndroidRuntimeSettings (438)
[2017.10.17-09.13.16:565][350]LogModuleManager: Shutting down and abandoning module InputBindingEditor (436)
[2017.10.17-09.13.16:565][350]LogModuleManager: Shutting down and abandoning module MergeActors (434)
[2017.10.17-09.13.16:565][350]LogModuleManager: Shutting down and abandoning module SizeMap (432)
[2017.10.17-09.13.16:565][350]LogModuleManager: Shutting down and abandoning module TreeMap (430)
[2017.10.17-09.13.16:565][350]LogModuleManager: Shutting down and abandoning module ReferenceViewer (428)
[2017.10.17-09.13.16:565][350]LogModuleManager: Shutting down and abandoning module LocalizationDashboard (426)
[2017.10.17-09.13.16:565][350]LogModuleManager: Shutting down and abandoning module LocalizationService (425)
[2017.10.17-09.13.16:565][350]LogModuleManager: Shutting down and abandoning module HardwareTargeting (422)
[2017.10.17-09.13.16:565][350]LogModuleManager: Shutting down and abandoning module DeviceProfileEditor (420)
[2017.10.17-09.13.16:565][350]LogModuleManager: Shutting down and abandoning module UndoHistory (418)
[2017.10.17-09.13.16:565][350]LogModuleManager: Shutting down and abandoning module XmlParser (416)
[2017.10.17-09.13.16:565][350]LogModuleManager: Shutting down and abandoning module Blutility (414)
[2017.10.17-09.13.16:565][350]LogModuleManager: Shutting down and abandoning module ProjectSettingsViewer (412)
[2017.10.17-09.13.16:565][350]LogModuleManager: Shutting down and abandoning module ProjectTargetPlatformEditor (411)
[2017.10.17-09.13.16:565][350]LogModuleManager: Shutting down and abandoning module EditorSettingsViewer (408)
[2017.10.17-09.13.16:565][350]LogModuleManager: Shutting down and abandoning module SettingsEditor (406)
[2017.10.17-09.13.16:565][350]LogModuleManager: Shutting down and abandoning module ProjectLauncher (404)
[2017.10.17-09.13.16:565][350]LogModuleManager: Shutting down and abandoning module SessionFrontend (402)
[2017.10.17-09.13.16:565][350]LogModuleManager: Shutting down and abandoning module ProfilerClient (400)
[2017.10.17-09.13.16:565][350]LogModuleManager: Shutting down and abandoning module DeviceManager (398)
[2017.10.17-09.13.16:565][350]LogModuleManager: Shutting down and abandoning module TargetDeviceServices (397)
[2017.10.17-09.13.16:620][350]LogModuleManager: Shutting down and abandoning module AutomationController (394)
[2017.10.17-09.13.16:620][350]LogModuleManager: Shutting down and abandoning module AutomationWindow (392)
[2017.10.17-09.13.16:620][350]LogModuleManager: Shutting down and abandoning module Layers (390)
[2017.10.17-09.13.16:620][350]LogModuleManager: Shutting down and abandoning module ComponentVisualizers (388)
[2017.10.17-09.13.16:620][350]LogModuleManager: Shutting down and abandoning module DetailCustomizations (386)
[2017.10.17-09.13.16:620][350]LogModuleManager: Shutting down and abandoning module PackagesDialog (384)
[2017.10.17-09.13.16:620][350]LogModuleManager: Shutting down and abandoning module Persona (382)
[2017.10.17-09.13.16:620][350]LogModuleManager: Shutting down and abandoning module AdvancedPreviewScene (381)
[2017.10.17-09.13.16:620][350]LogModuleManager: Shutting down and abandoning module AnimGraph (379)
[2017.10.17-09.13.16:620][350]LogModuleManager: Shutting down and abandoning module Kismet (376)
[2017.10.17-09.13.16:625][350]LogModuleManager: Shutting down and abandoning module ClassViewer (374)
[2017.10.17-09.13.16:625][350]LogModuleManager: Shutting down and abandoning module Toolbox (372)
[2017.10.17-09.13.16:625][350]LogModuleManager: Shutting down and abandoning module ModuleUI (370)
[2017.10.17-09.13.16:625][350]LogModuleManager: Shutting down and abandoning module MovieSceneTools (368)
[2017.10.17-09.13.16:626][350]LogModuleManager: Shutting down and abandoning module OutputLog (366)
[2017.10.17-09.13.16:626][350]LogModuleManager: Shutting down and abandoning module GammaUI (364)
[2017.10.17-09.13.16:626][350]LogModuleManager: Shutting down and abandoning module Documentation (362)
[2017.10.17-09.13.16:626][350]LogModuleManager: Shutting down and abandoning module MovieSceneTracks (360)
[2017.10.17-09.13.16:626][350]LogModuleManager: Shutting down and abandoning module MovieScene (358)
[2017.10.17-09.13.16:626][350]LogModuleManager: Shutting down and abandoning module Niagara (356)
[2017.10.17-09.13.16:626][350]LogModuleManager: Shutting down and abandoning module NiagaraEditor (355)
[2017.10.17-09.13.16:626][350]LogModuleManager: Shutting down and abandoning module StreamingPauseRendering (352)
[2017.10.17-09.13.16:626][350]LogModuleManager: Shutting down and abandoning module LauncherPlatform (350)
[2017.10.17-09.13.16:626][350]LogModuleManager: Shutting down and abandoning module AnalyticsET (348)
[2017.10.17-09.13.16:626][350]LogModuleManager: Shutting down and abandoning module PortalServices (346)
[2017.10.17-09.13.16:626][350]LogModuleManager: Shutting down and abandoning module PortalRpc (344)
[2017.10.17-09.13.16:626][350]LogModuleManager: Shutting down and abandoning module MessagingRpc (342)
[2017.10.17-09.13.16:626][350]LogModuleManager: Shutting down and abandoning module AIModule (340)
[2017.10.17-09.13.16:626][350]LogModuleManager: Shutting down and abandoning module GameplayDebugger (339)
[2017.10.17-09.13.16:626][350]LogModuleManager: Shutting down and abandoning module AITestSuite (337)
[2017.10.17-09.13.16:626][350]LogModuleManager: Shutting down and abandoning module ProfilerService (334)
[2017.10.17-09.13.16:762][350]LogModuleManager: Shutting down and abandoning module TaskGraph (332)
[2017.10.17-09.13.16:762][350]LogModuleManager: Shutting down and abandoning module SteamVRController (330)
[2017.10.17-09.13.16:762][350]LogModuleManager: Shutting down and abandoning module ProceduralMeshComponentEditor (328)
[2017.10.17-09.13.16:762][350]LogModuleManager: Shutting down and abandoning module ProceduralMeshComponent (326)
[2017.10.17-09.13.16:762][350]LogModuleManager: Shutting down and abandoning module OculusInput (324)
[2017.10.17-09.13.16:762][350]LogModuleManager: Shutting down and abandoning module MobilePatchingUtils (322)
[2017.10.17-09.13.16:762][350]LogModuleManager: Shutting down and abandoning module CustomMeshComponent (320)
[2017.10.17-09.13.16:762][350]LogModuleManager: Shutting down and abandoning module CableComponent (318)
[2017.10.17-09.13.16:762][350]LogModuleManager: Shutting down and abandoning module ArchVisCharacter (316)
[2017.10.17-09.13.16:762][350]LogModuleManager: Shutting down and abandoning module AndroidPermission (314)
[2017.10.17-09.13.16:762][350]LogModuleManager: Shutting down and abandoning module MediaPlayerEditor (310)
[2017.10.17-09.13.16:762][350]LogModuleManager: Shutting down and abandoning module HTML5Networking (308)
[2017.10.17-09.13.16:762][350]LogModuleManager: Shutting down and abandoning module AlembicImporter (306)
[2017.10.17-09.13.16:762][350]LogModuleManager: Shutting down and abandoning module AlembicLibrary (305)
[2017.10.17-09.13.16:762][350]LogModuleManager: Shutting down and abandoning module GeometryCache (304)
[2017.10.17-09.13.16:762][350]LogModuleManager: Shutting down and abandoning module GeometryCacheEd (303)
[2017.10.17-09.13.16:762][350]LogModuleManager: Shutting down and abandoning module SpeedTreeImporter (298)
[2017.10.17-09.13.16:762][350]LogModuleManager: Shutting down and abandoning module PluginBrowser (296)
[2017.10.17-09.13.16:762][350]LogModuleManager: Shutting down and abandoning module MobileLauncherProfileWizard (294)
[2017.10.17-09.13.16:762][350]LogModuleManager: Shutting down and abandoning module VisualStudioSourceCodeAccess (292)
[2017.10.17-09.13.16:762][350]LogModuleManager: Shutting down and abandoning module DesktopPlatform (291)
[2017.10.17-09.13.16:762][350]LogModuleManager: Shutting down and abandoning module UObjectPlugin (288)
[2017.10.17-09.13.16:762][350]LogModuleManager: Shutting down and abandoning module SubversionSourceControl (286)
[2017.10.17-09.13.16:762][350]LogModuleManager: Shutting down and abandoning module PerforceSourceControl (284)
[2017.10.17-09.13.16:762][350]LogModuleManager: Shutting down and abandoning module GitSourceControl (282)
[2017.10.17-09.13.16:762][350]LogModuleManager: Shutting down and abandoning module SourceControl (281)
[2017.10.17-09.13.16:762][350]LogModuleManager: Shutting down and abandoning module LightPropagationVolumeEditor (278)
[2017.10.17-09.13.16:762][350]LogModuleManager: Shutting down and abandoning module PaperTiledImporter (276)
[2017.10.17-09.13.16:762][350]LogModuleManager: Shutting down and abandoning module PaperSpriteSheetImporter (274)
[2017.10.17-09.13.16:762][350]LogModuleManager: Shutting down and abandoning module Paper2DEditor (272)
[2017.10.17-09.13.16:762][350]LogModuleManager: Shutting down and abandoning module MeshPaint (271)
[2017.10.17-09.13.16:762][350]LogModuleManager: Shutting down and abandoning module LevelEditor (269)
[2017.10.17-09.13.16:763][350]LogModuleManager: Shutting down and abandoning module PixelInspectorModule (268)
[2017.10.17-09.13.16:763][350]LogModuleManager: Shutting down and abandoning module MainFrame (266)
[2017.10.17-09.13.16:763][350]LogModuleManager: Shutting down and abandoning module HotReload (265)
[2017.10.17-09.13.16:763][350]LogModuleManager: Shutting down and abandoning module RuntimePhysXCooking (260)
[2017.10.17-09.13.16:763][350]LogModuleManager: Shutting down and abandoning module PhysXVehiclesEditor (258)
[2017.10.17-09.13.16:763][350]LogModuleManager: Shutting down and abandoning module PhysXVehicles (256)
[2017.10.17-09.13.16:763][350]LogModuleManager: Shutting down and abandoning module OculusEditor (254)
[2017.10.17-09.13.16:763][350]LogModuleManager: Shutting down and abandoning module LocationServicesBPLibrary (252)
[2017.10.17-09.13.16:763][350]LogModuleManager: Shutting down and abandoning module ImmediatePhysicsEditor (250)
[2017.10.17-09.13.16:763][350]LogModuleManager: Shutting down and abandoning module ImmediatePhysics (248)
[2017.10.17-09.13.16:763][350]LogModuleManager: Shutting down and abandoning module UdpMessaging (246)
[2017.10.17-09.13.16:865][350]LogModuleManager: Shutting down and abandoning module TcpMessaging (244)
[2017.10.17-09.13.16:965][350]LogModuleManager: Shutting down and abandoning module GameplayTagsEditor (242)
[2017.10.17-09.13.16:965][350]LogModuleManager: Shutting down and abandoning module FacialAnimationEditor (240)
[2017.10.17-09.13.16:965][350]LogModuleManager: Shutting down and abandoning module FacialAnimation (238)
[2017.10.17-09.13.16:965][350]LogModuleManager: Shutting down and abandoning module AssetManagerEditor (236)
[2017.10.17-09.13.16:965][350]LogModuleManager: Shutting down and abandoning module GraphEditor (235)
[2017.10.17-09.13.16:965][350]LogModuleManager: Shutting down and abandoning module ContentBrowser (233)
[2017.10.17-09.13.16:965][350]LogModuleManager: Shutting down and abandoning module LightPropagationVolumeRuntime (230)
[2017.10.17-09.13.16:965][350]LogModuleManager: Shutting down and abandoning module Paper2D (228)
[2017.10.17-09.13.16:965][350]LogModuleManager: Shutting down and abandoning module WindowsMoviePlayer (226)
[2017.10.17-09.13.16:965][350]LogModuleManager: Shutting down and abandoning module WmfMedia (224)
[2017.10.17-09.13.16:965][350]LogModuleManager: Shutting down and abandoning module PacketHandler (222)
[2017.10.17-09.13.16:965][350]LogModuleManager: Shutting down and abandoning module ClothingSystemEditor (220)
[2017.10.17-09.13.16:966][350]LogModuleManager: Shutting down and abandoning module ClothingSystemRuntime (218)
[2017.10.17-09.13.16:966][350]LogModuleManager: Shutting down and abandoning module Overlay (216)
[2017.10.17-09.13.16:966][350]LogModuleManager: Shutting down and abandoning module OverlayEditor (215)
[2017.10.17-09.13.16:966][350]LogModuleManager: Shutting down and abandoning module MediaAssets (212)
[2017.10.17-09.13.16:966][350]LogModuleManager: Shutting down and abandoning module VREditor (210)
[2017.10.17-09.13.16:966][350]LogModuleManager: Shutting down and abandoning module StringTableEditor (208)
[2017.10.17-09.13.16:966][350]LogModuleManager: Shutting down and abandoning module GameplayTasksEditor (206)
[2017.10.17-09.13.16:966][350]LogModuleManager: Shutting down and abandoning module BehaviorTreeEditor (204)
[2017.10.17-09.13.16:966][350]LogModuleManager: Shutting down and abandoning module FunctionalTesting (202)
[2017.10.17-09.13.16:966][350]LogModuleManager: Shutting down and abandoning module CollisionAnalyzer (200)
[2017.10.17-09.13.16:966][350]LogModuleManager: Shutting down and abandoning module WorkspaceMenuStructure (199)
[2017.10.17-09.13.16:966][350]LogModuleManager: Shutting down and abandoning module UMG (196)
[2017.10.17-09.13.16:966][350]LogModuleManager: Shutting down and abandoning module UMGEditor (195)
[2017.10.17-09.13.16:966][350]LogModuleManager: Shutting down and abandoning module Sequencer (194)
[2017.10.17-09.13.16:966][350]LogModuleManager: Shutting down and abandoning module MessageLog (191)
[2017.10.17-09.13.16:966][350]LogModuleManager: Shutting down and abandoning module SlateReflector (186)
[2017.10.17-09.13.16:966][350]LogModuleManager: Shutting down and abandoning module Slate (184)
[2017.10.17-09.13.16:966][350]LogModuleManager: Shutting down and abandoning module EditorStyle (182)
[2017.10.17-09.13.16:968][350]LogModuleManager: Shutting down and abandoning module MRMesh (180)
[2017.10.17-09.13.16:968][350]LogModuleManager: Shutting down and abandoning module SourceCodeAccess (178)
[2017.10.17-09.13.16:968][350]LogModuleManager: Shutting down and abandoning module HeadMountedDisplay (176)
[2017.10.17-09.13.16:968][350]LogModuleManager: Shutting down and abandoning module XAudio2 (174)
[2017.10.17-09.13.16:968][350]LogModuleManager: Shutting down and abandoning module Networking (172)
[2017.10.17-09.13.16:968][350]LogModuleManager: Shutting down and abandoning module Core (168)
[2017.10.17-09.13.16:968][350]LogModuleManager: Shutting down and abandoning module KismetCompiler (164)
[2017.10.17-09.13.16:968][350]LogModuleManager: Shutting down and abandoning module LevelSequence (162)
[2017.10.17-09.13.16:968][350]LogModuleManager: Shutting down and abandoning module MeshUtilities (160)
[2017.10.17-09.13.16:968][350]LogModuleManager: Shutting down and abandoning module MeshMergeUtilities (159)
[2017.10.17-09.13.16:968][350]LogModuleManager: Shutting down and abandoning module MeshReductionInterface (158)
[2017.10.17-09.13.16:968][350]LogModuleManager: Shutting down and abandoning module SimplygonSwarm (157)
[2017.10.17-09.13.16:968][350]LogModuleManager: Shutting down and abandoning module SimplygonMeshReduction (155)
[2017.10.17-09.13.16:968][350]LogModuleManager: Shutting down and abandoning module QuadricMeshReduction (153)
[2017.10.17-09.13.16:968][350]LogModuleManager: Shutting down and abandoning module MaterialBaking (149)
[2017.10.17-09.13.16:968][350]LogModuleManager: Shutting down and abandoning module DirectoryWatcher (146)
[2017.10.17-09.13.16:968][350]LogModuleManager: Shutting down and abandoning module DerivedDataCache (144)
[2017.10.17-09.13.16:971][350]LogDerivedDataCache: Shutdown
[2017.10.17-09.13.16:971][350]LogModuleManager: Shutting down and abandoning module TargetPlatform (142)
[2017.10.17-09.13.16:971][350]LogModuleManager: Shutting down and abandoning module VulkanShaderFormat (141)
[2017.10.17-09.13.16:971][350]LogModuleManager: Shutting down and abandoning module ShaderFormatVectorVM (139)
[2017.10.17-09.13.16:971][350]LogModuleManager: Shutting down and abandoning module ShaderFormatOpenGL (137)
[2017.10.17-09.13.16:971][350]LogModuleManager: Shutting down and abandoning module ShaderFormatD3D (135)
[2017.10.17-09.13.16:971][350]LogModuleManager: Shutting down and abandoning module MetalShaderFormat (133)
[2017.10.17-09.13.16:971][350]LogModuleManager: Shutting down and abandoning module TextureFormatUncompressed (131)
[2017.10.17-09.13.16:971][350]LogModuleManager: Shutting down and abandoning module TextureFormatPVR (129)
[2017.10.17-09.13.16:971][350]LogModuleManager: Shutting down and abandoning module TextureFormatDXT (127)
[2017.10.17-09.13.16:971][350]LogModuleManager: Shutting down and abandoning module TextureFormatIntelISPCTexComp (125)
[2017.10.17-09.13.16:971][350]LogModuleManager: Shutting down and abandoning module TextureFormatASTC (123)
[2017.10.17-09.13.16:971][350]LogModuleManager: Shutting down and abandoning module ImageWrapper (122)
[2017.10.17-09.13.16:971][350]LogModuleManager: Shutting down and abandoning module TextureFormatAndroid (119)
[2017.10.17-09.13.16:971][350]LogModuleManager: Shutting down and abandoning module AudioFormatOpus (117)
[2017.10.17-09.13.16:971][350]LogModuleManager: Shutting down and abandoning module AudioFormatOgg (115)
[2017.10.17-09.13.16:971][350]LogModuleManager: Shutting down and abandoning module AudioFormatADPCM (113)
[2017.10.17-09.13.16:971][350]LogModuleManager: Shutting down and abandoning module LinuxTargetPlatform (111)
[2017.10.17-09.13.16:971][350]LogModuleManager: Shutting down and abandoning module LinuxServerTargetPlatform (109)
[2017.10.17-09.13.16:971][350]LogModuleManager: Shutting down and abandoning module LinuxNoEditorTargetPlatform (107)
[2017.10.17-09.13.16:971][350]LogModuleManager: Shutting down and abandoning module LinuxClientTargetPlatform (105)
[2017.10.17-09.13.16:971][350]LogModuleManager: Shutting down and abandoning module TVOSTargetPlatform (103)
[2017.10.17-09.13.16:971][350]LogModuleManager: Shutting down and abandoning module Messaging (101)
[2017.10.17-09.13.16:971][350]LogModuleManager: Shutting down and abandoning module IOSTargetPlatform (99)
[2017.10.17-09.13.16:971][350]LogModuleManager: Shutting down and abandoning module HTML5TargetPlatform (97)
[2017.10.17-09.13.16:971][350]LogModuleManager: Shutting down and abandoning module Android_PVRTCTargetPlatform (95)
[2017.10.17-09.13.16:971][350]LogModuleManager: Shutting down and abandoning module Android_MultiTargetPlatform (93)
[2017.10.17-09.13.16:971][350]LogModuleManager: Shutting down and abandoning module Android_ETC2TargetPlatform (91)
[2017.10.17-09.13.16:971][350]LogModuleManager: Shutting down and abandoning module Android_ETC1TargetPlatform (89)
[2017.10.17-09.13.16:971][350]LogModuleManager: Shutting down and abandoning module Android_DXTTargetPlatform (87)
[2017.10.17-09.13.16:971][350]LogModuleManager: Shutting down and abandoning module Android_ATCTargetPlatform (85)
[2017.10.17-09.13.16:971][350]LogModuleManager: Shutting down and abandoning module Android_ASTCTargetPlatform (83)
[2017.10.17-09.13.16:971][350]LogModuleManager: Shutting down and abandoning module AndroidTargetPlatform (81)
[2017.10.17-09.13.16:971][350]LogModuleManager: Shutting down and abandoning module WindowsTargetPlatform (79)
[2017.10.17-09.13.16:971][350]LogModuleManager: Shutting down and abandoning module WindowsServerTargetPlatform (77)
[2017.10.17-09.13.16:971][350]LogModuleManager: Shutting down and abandoning module WindowsNoEditorTargetPlatform (75)
[2017.10.17-09.13.16:971][350]LogModuleManager: Shutting down and abandoning module WindowsClientTargetPlatform (73)
[2017.10.17-09.13.16:971][350]LogModuleManager: Shutting down and abandoning module MacTargetPlatform (71)
[2017.10.17-09.13.16:971][350]LogModuleManager: Shutting down and abandoning module MacServerTargetPlatform (69)
[2017.10.17-09.13.16:971][350]LogModuleManager: Shutting down and abandoning module MacNoEditorTargetPlatform (67)
[2017.10.17-09.13.16:971][350]LogModuleManager: Shutting down and abandoning module MacClientTargetPlatform (65)
[2017.10.17-09.13.16:971][350]LogModuleManager: Shutting down and abandoning module AllDesktopTargetPlatform (63)
[2017.10.17-09.13.16:971][350]LogModuleManager: Shutting down and abandoning module InputCore (60)
[2017.10.17-09.13.16:971][350]LogModuleManager: Shutting down and abandoning module Settings (58)
[2017.10.17-09.13.16:972][350]LogModuleManager: Shutting down and abandoning module PhysXCooking (56)
[2017.10.17-09.13.16:972][350]LogModuleManager: Shutting down and abandoning module SteamVR (54)
[2017.10.17-09.13.16:972][350]LogModuleManager: Shutting down and abandoning module OculusHMD (52)
[2017.10.17-09.13.16:972][350]LogModuleManager: Shutting down and abandoning module ExampleDeviceProfileSelector (50)
[2017.10.17-09.13.16:972][350]LogModuleManager: Shutting down and abandoning module OnlineBlueprintSupport (48)
[2017.10.17-09.13.16:972][350]LogModuleManager: Shutting down and abandoning module OnlineSubsystem (44)
[2017.10.17-09.13.16:972][350]LogOnline: Display: Unloading online subsystem: NULL
[2017.10.17-09.13.16:972][350]LogModuleManager: Shutting down and abandoning module XMPP (43)
[2017.10.17-09.13.16:972][350]LogModuleManager: Shutting down and abandoning module HTTP (41)
[2017.10.17-09.13.16:972][350]LogHttp: Display: Http module shutting down, but needs to wait on 1 outstanding Http requests:
[2017.10.17-09.13.16:972][350]LogHttp: Display: 	verb=[POST] url=[https://datarouter.ol.epicgames.com/datarouter/api/v1/public/data?SessionID=%7BEFA73228-496A-82A0-572A-299EEB32E0B3%7D&AppID=UEEditor.Rocket.Release&AppVersion=4.17.1-3586342%2B%2B%2BUE4%2BRelease-4.17&UserID=1ee654794bb1dbb4fdcecb895d61a17b%7C74f7cd5b508640abb98b1acc49be9e0d%7C6dd7baf2-3dc7-4d67-a885-ed52f33a8397&AppEnvironment=datacollector-binary&UploadType=eteventstream] status=Processing
[2017.10.17-09.13.16:980][350]LogModuleManager: Shutting down and abandoning module SSL (40)
[2017.10.17-09.13.16:981][350]LogModuleManager: Shutting down and abandoning module AnimationModifiers (36)
[2017.10.17-09.13.16:981][350]LogModuleManager: Shutting down and abandoning module PropertyEditor (35)
[2017.10.17-09.13.16:981][350]LogModuleManager: Shutting down and abandoning module AudioEditor (32)
[2017.10.17-09.13.16:981][350]LogModuleManager: Shutting down and abandoning module TextureCompressor (30)
[2017.10.17-09.13.16:981][350]LogModuleManager: Shutting down and abandoning module ShaderCore (28)
[2017.10.17-09.13.16:981][350]LogModuleManager: Shutting down and abandoning module Landscape (26)
[2017.10.17-09.13.16:981][350]LogModuleManager: Shutting down and abandoning module SlateRHIRenderer (24)
[2017.10.17-09.13.16:982][350]LogModuleManager: Shutting down and abandoning module OpenGLDrv (22)
[2017.10.17-09.13.16:982][350]LogModuleManager: Shutting down and abandoning module D3D11RHI (20)
[2017.10.17-09.13.16:982][350]LogModuleManager: Shutting down and abandoning module AnimGraphRuntime (18)
[2017.10.17-09.13.16:982][350]LogModuleManager: Shutting down and abandoning module Renderer (16)
[2017.10.17-09.13.16:982][350]LogModuleManager: Shutting down and abandoning module Engine (14)
[2017.10.17-09.13.16:982][350]LogModuleManager: Shutting down and abandoning module CoreUObject (12)
[2017.10.17-09.13.16:982][350]LogModuleManager: Shutting down and abandoning module NetworkFile (10)
[2017.10.17-09.13.16:982][350]LogModuleManager: Shutting down and abandoning module CookedIterativeFile (8)
[2017.10.17-09.13.16:982][350]LogModuleManager: Shutting down and abandoning module StreamingFile (6)
[2017.10.17-09.13.16:982][350]LogModuleManager: Shutting down and abandoning module SandboxFile (4)
[2017.10.17-09.13.16:982][350]LogModuleManager: Shutting down and abandoning module PakFile (2)
[2017.10.17-09.13.16:984][350]LogExit: Exiting.
[2017.10.17-09.13.17:011][350]Log file closed, 10/17/17 19:43:17
