Log file open, 10/28/17 22:10:17
LogWindows: LoadLibraryWithSearchPaths failed for file aqProf.dll. GetLastError=0
LogWindows: LoadLibraryWithSearchPaths failed for file VtuneApi.dll. GetLastError=0
LogWindows: LoadLibraryWithSearchPaths failed for file VtuneApi32e.dll. GetLastError=0
LogInit: Display: Running engine for game: Game
LogPlatformFile: Not using cached read wrapper
LogInit: Display: RandInit(-194635912) SRandInit(-194635912).
LogTaskGraph: Started task graph with 5 named threads and 14 total threads with 3 sets of task threads.
LogStats: Stats thread started at 0.199471
LogD3D11RHI: Aftermath initialized
LogPluginManager: Mounting plugin Paper2D
LogPluginManager: Mounting plugin LightPropagationVolume
LogPluginManager: Mounting plugin CodeLiteSourceCodeAccess
LogPluginManager: Mounting plugin GitSourceControl
LogPluginManager: Mounting plugin KDevelopSourceCodeAccess
LogPluginManager: Mounting plugin NullSourceCodeAccess
LogPluginManager: Mounting plugin PerforceSourceControl
LogPluginManager: Mounting plugin SubversionSourceControl
LogPluginManager: Mounting plugin UObjectPlugin
LogPluginManager: Mounting plugin VisualStudioSourceCodeAccess
LogPluginManager: Mounting plugin XCodeSourceCodeAccess
LogPluginManager: Mounting plugin AssetManagerEditor
LogPluginManager: Mounting plugin AudioCapture
LogPluginManager: Mounting plugin FacialAnimation
LogPluginManager: Mounting plugin GameplayTagsEditor
LogPluginManager: Mounting plugin MobileLauncherProfileWizard
LogPluginManager: Mounting plugin PluginBrowser
LogPluginManager: Mounting plugin SpeedTreeImporter
LogPluginManager: Mounting plugin AlembicImporter
LogPluginManager: Mounting plugin CharacterAI
LogPluginManager: Mounting plugin HTML5Networking
LogPluginManager: Mounting plugin AndroidMedia
LogPluginManager: Mounting plugin AvfMedia
LogPluginManager: Mounting plugin MediaPlayerEditor
LogPluginManager: Mounting plugin WmfMedia
LogPluginManager: Mounting plugin TcpMessaging
LogPluginManager: Mounting plugin UdpMessaging
LogPluginManager: Mounting plugin LevelSequenceEditor
LogPluginManager: Mounting plugin MatineeToLevelSequence
LogPluginManager: Mounting plugin OnlineSubsystemGooglePlay
LogPluginManager: Mounting plugin OnlineSubsystemIOS
LogPluginManager: Mounting plugin OnlineSubsystem
LogPluginManager: Mounting plugin OnlineSubsystemNull
LogPluginManager: Mounting plugin OnlineSubsystemUtils
LogPluginManager: Mounting plugin AndroidDeviceProfileSelector
LogPluginManager: Mounting plugin AndroidMoviePlayer
LogPluginManager: Mounting plugin AndroidPermission
LogPluginManager: Mounting plugin AppleMoviePlayer
LogPluginManager: Mounting plugin ArchVisCharacter
LogPluginManager: Mounting plugin CableComponent
LogPluginManager: Mounting plugin CustomMeshComponent
LogPluginManager: Mounting plugin ExampleDeviceProfileSelector
LogPluginManager: Mounting plugin GoogleCloudMessaging
LogPluginManager: Mounting plugin ImmediatePhysics
LogPluginManager: Mounting plugin IOSDeviceProfileSelector
LogPluginManager: Mounting plugin LinuxDeviceProfileSelector
LogPluginManager: Mounting plugin LocationServicesBPLibrary
LogPluginManager: Mounting plugin MobilePatchingUtils
LogPluginManager: Mounting plugin OculusVR
LogPluginManager: Mounting plugin PhysXVehicles
LogPluginManager: Mounting plugin ProceduralMeshComponent
LogPluginManager: Mounting plugin RuntimePhysXCooking
LogPluginManager: Mounting plugin SteamVR
LogPluginManager: Mounting plugin WindowsMoviePlayer
LogInit: Using libcurl 7.47.1
LogInit:  - built for x86_64-pc-win32
LogInit:  - supports SSL with OpenSSL/1.0.2g
LogInit:  - supports HTTP deflate (compression) using libz 1.2.8
LogInit:  - other features:
LogInit:      CURL_VERSION_SSL
LogInit:      CURL_VERSION_LIBZ
LogInit:      CURL_VERSION_IPV6
LogInit:      CURL_VERSION_ASYNCHDNS
LogInit:      CURL_VERSION_LARGEFILE
LogInit:      CURL_VERSION_IDN
LogInit:  CurlRequestOptions (configurable via config and command line):
LogInit:  - bVerifyPeer = false  - Libcurl will NOT verify peer certificate
LogInit:  - bUseHttpProxy = false  - Libcurl will NOT use HTTP proxy
LogInit:  - bDontReuseConnections = false  - Libcurl will reuse connections
LogInit:  - CertBundlePath = nullptr  - Libcurl will use whatever was configured at build time.
LogInit: Build: ++UE4+Release-4.17-CL-3586342
LogInit: Engine Version: 4.17.1-3586342+++UE4+Release-4.17
LogInit: Compatible Engine Version: 4.17.0-3573198+++UE4+Release-4.17
LogInit: Net CL: 3573198
LogDevObjectVersion: Number of dev versions registered: 16
LogDevObjectVersion:   Dev-Blueprints (B0D832E4-1F89-4F0D-ACCF-7EB736FD4AA2): 10
LogDevObjectVersion:   Dev-Build (E1C64328-A22C-4D53-A36C-8E866417BD8C): 0
LogDevObjectVersion:   Dev-Core (375EC13C-06E4-48FB-B500-84F0262A717E): 2
LogDevObjectVersion:   Dev-Editor (E4B068ED-F494-42E9-A231-DA0B2E46BB41): 20
LogDevObjectVersion:   Dev-Framework (CFFC743F-43B0-4480-9391-14DF171D2073): 28
LogDevObjectVersion:   Dev-Mobile (B02B49B5-BB20-44E9-A304-32B752E40360): 0
LogDevObjectVersion:   Dev-Networking (A4E4105C-59A1-49B5-A7C5-40C4547EDFEE): 0
LogDevObjectVersion:   Dev-Online (39C831C9-5AE6-47DC-9A44-9C173E1C8E7C): 0
LogDevObjectVersion:   Dev-Physics (78F01B33-EBEA-4F98-B9B4-84EACCB95AA2): 0
LogDevObjectVersion:   Dev-Platform (6631380F-2D4D-43E0-8009-CF276956A95A): 0
LogDevObjectVersion:   Dev-Rendering (12F88B9F-8875-4AFC-A67C-D90C383ABD29): 19
LogDevObjectVersion:   Dev-Sequencer (7B5AE74C-D270-4C10-A958-57980B212A5A): 4
LogDevObjectVersion:   Dev-VR (D7296918-1DD6-4BDD-9DE2-64A83CC13884): 0
LogDevObjectVersion:   Dev-LoadTimes (C2A15278-BFE7-4AFE-6C17-90FF531DF755): 1
LogDevObjectVersion:   Private-Geometry (6EACA3D4-40EC-4CC1-B786-8BED09428FC5): 1
LogDevObjectVersion:   Dev-AnimPhys (29E575DD-E0A3-4627-9D10-D276232CDCEA): 7
LogInit: Compiled (64-bit): Aug 15 2017 02:05:26
LogInit: Compiled with Visual C++: 19.00.24215.01
LogInit: Build Configuration: Development
LogInit: Branch Name: ++UE4+Release-4.17
LogInit: Command line: -EpicPortal 
LogInit: Base directory: D:/Program Files/Epic Games/UE_4.17/Engine/Binaries/Win64/
LogInit: Installed Engine Build: 1
LogInit: Presizing for max 8388607 objects, including 0 objects not considered by GC, pre-allocating 0 bytes for permanent pool.
LogInit: Object subsystem initialized
[2017.10.28-11.40.19:560][  0]LogInit: Selected Device Profile: [Windows]
[2017.10.28-11.40.19:560][  0]LogInit: Applying CVar settings loaded from the selected device profile: [Windows]
[2017.10.28-11.40.19:810][  0]LogInit: Computer: ALAN
[2017.10.28-11.40.19:810][  0]LogInit: User: lak132
[2017.10.28-11.40.19:810][  0]LogInit: CPU Page size=4096, Cores=4
[2017.10.28-11.40.19:810][  0]LogInit: High frequency timer resolution =2.531245 MHz
[2017.10.28-11.40.19:811][  0]LogMemory: Memory total: Physical=7.9GB (8GB approx)
[2017.10.28-11.40.19:811][  0]LogMemory: Platform Memory Stats for Windows
[2017.10.28-11.40.19:811][  0]LogMemory: Process Physical Memory: 281.57 MB used, 281.57 MB peak
[2017.10.28-11.40.19:811][  0]LogMemory: Process Virtual Memory: 277.60 MB used, 277.60 MB peak
[2017.10.28-11.40.19:811][  0]LogMemory: Physical Memory: 7641.07 MB used,  458.75 MB free, 8099.82 MB total
[2017.10.28-11.40.19:811][  0]LogMemory: Virtual Memory: 673.35 MB used,  458.75 MB free, 134217728.00 MB total
[2017.10.28-11.40.21:762][  0]LogInit: Using OS detected language (en-US).
[2017.10.28-11.40.21:762][  0]LogInit: Using OS detected locale (en-AU).
[2017.10.28-11.40.22:222][  0]LogTextLocalizationManager: No specific localization for 'en-US' exists, so the 'en' localization will be used.
[2017.10.28-11.40.36:895][  0]LogD3D11RHI: D3D11 adapters:
[2017.10.28-11.40.36:964][  0]LogD3D11RHI:    0. 'NVIDIA GeForce GTX 960M' (Feature Level 11_0)
[2017.10.28-11.40.36:964][  0]LogD3D11RHI:       4065/0/4049 MB DedicatedVideo/DedicatedSystem/SharedSystem, Outputs:1, VendorId:0x10de
[2017.10.28-11.40.36:974][  0]LogD3D11RHI:    1. 'Intel(R) HD Graphics 530' (Feature Level 11_0)
[2017.10.28-11.40.36:974][  0]LogD3D11RHI:       128/0/4049 MB DedicatedVideo/DedicatedSystem/SharedSystem, Outputs:0, VendorId:0x8086
[2017.10.28-11.40.36:982][  0]LogD3D11RHI:    2. 'Microsoft Basic Render Driver' (Feature Level 11_0)
[2017.10.28-11.40.36:983][  0]LogD3D11RHI:       0/0/4049 MB DedicatedVideo/DedicatedSystem/SharedSystem, Outputs:0, VendorId:0x1414
[2017.10.28-11.40.36:983][  0]LogD3D11RHI: Chosen D3D11 Adapter: 0
[2017.10.28-11.40.36:998][  0]LogD3D11RHI: Creating new Direct3DDevice
[2017.10.28-11.40.36:998][  0]LogD3D11RHI:     GPU DeviceId: 0x139b (for the marketing name, search the web for "GPU Device Id")
[2017.10.28-11.40.36:998][  0]LogWindows: EnumDisplayDevices:
[2017.10.28-11.40.36:998][  0]LogWindows:    0. 'Intel(R) HD Graphics 530' (P:1 D:1)
[2017.10.28-11.40.36:998][  0]LogWindows:    1. 'Intel(R) HD Graphics 530' (P:0 D:0)
[2017.10.28-11.40.36:999][  0]LogWindows:    2. 'Intel(R) HD Graphics 530' (P:0 D:0)
[2017.10.28-11.40.36:999][  0]LogWindows: DebugString: PrimaryIsNotTheChoosenAdapter PrimaryIsNotTheChoosenAdapter PrimaryIsNotTheChoosenAdapter FoundDriverCount:0 
[2017.10.28-11.40.36:999][  0]LogD3D11RHI:     Adapter Name: NVIDIA GeForce GTX 960M
[2017.10.28-11.40.36:999][  0]LogD3D11RHI:   Driver Version: Unknown (internal:Unknown, unified:Unknown)
[2017.10.28-11.40.36:999][  0]LogD3D11RHI:      Driver Date: Unknown
[2017.10.28-11.40.36:999][  0]LogRHI: Texture pool is 1361 MB (70% of 1945 MB)
[2017.10.28-11.40.37:027][  0]LogD3D11RHI: Async texture creation enabled
[2017.10.28-11.40.37:043][  0]LogD3D11RHI: GPU Timing Frequency: 1000.000000 (Debug: 2 1)
[2017.10.28-11.40.37:044][  0]LogShaderCompilers: Guid format shader working directory is -45 characters bigger than the processId version (../../../../../../Google Drive/School/COMP3752 (Comp Game Design)/UE4 Game/PewPewGames/Game/Intermediate/Shaders/WorkingDirectory/15084/).
[2017.10.28-11.40.37:045][  0]LogShaderCompilers: Cleaned the shader compiler working directory 'C:/Users/lak132/AppData/Local/Temp/UnrealShaderWorkingDir/8745E7754DB2E80BD8CAE8A1E15642E6/'.
[2017.10.28-11.40.37:045][  0]LogShaderCompilers: Display: Using Local Shader Compiler.
[2017.10.28-11.40.46:351][  0]LogTemp: Display: Loaded TP AllDesktopTargetPlatform
[2017.10.28-11.40.46:444][  0]LogTemp: Display: Loaded TP MacClientTargetPlatform
[2017.10.28-11.40.46:527][  0]LogTemp: Display: Loaded TP MacNoEditorTargetPlatform
[2017.10.28-11.40.46:616][  0]LogTemp: Display: Loaded TP MacServerTargetPlatform
[2017.10.28-11.40.46:790][  0]LogTemp: Display: Loaded TP MacTargetPlatform
[2017.10.28-11.40.46:897][  0]LogTemp: Display: Loaded TP WindowsClientTargetPlatform
[2017.10.28-11.40.46:989][  0]LogTemp: Display: Loaded TP WindowsNoEditorTargetPlatform
[2017.10.28-11.40.47:087][  0]LogTemp: Display: Loaded TP WindowsServerTargetPlatform
[2017.10.28-11.40.47:187][  0]LogTemp: Display: Loaded TP WindowsTargetPlatform
[2017.10.28-11.40.47:353][  0]LogTemp: Display: Loaded TP AndroidTargetPlatform
[2017.10.28-11.40.47:465][  0]LogTemp: Display: Loaded TP Android_ASTCTargetPlatform
[2017.10.28-11.40.47:573][  0]LogTemp: Display: Loaded TP Android_ATCTargetPlatform
[2017.10.28-11.40.47:726][  0]LogTemp: Display: Loaded TP Android_DXTTargetPlatform
[2017.10.28-11.40.47:842][  0]LogTemp: Display: Loaded TP Android_ETC1TargetPlatform
[2017.10.28-11.40.47:974][  0]LogTemp: Display: Loaded TP Android_ETC2TargetPlatform
[2017.10.28-11.40.48:228][  0]LogTemp: Display: Loaded TP Android_MultiTargetPlatform
[2017.10.28-11.40.48:228][  0]LogTemp: Display: Loaded TP Android_PVRTCTargetPlatform
[2017.10.28-11.40.48:293][  0]LogTemp: Display: Loaded TP HTML5TargetPlatform
[2017.10.28-11.40.48:541][  0]LogTemp: Display: Loaded TP IOSTargetPlatform
[2017.10.28-11.40.48:611][  0]LogTemp: Display: Loaded TP TVOSTargetPlatform
[2017.10.28-11.40.48:706][  0]LogTemp: Display: Loaded TP LinuxClientTargetPlatform
[2017.10.28-11.40.48:793][  0]LogTemp: Display: Loaded TP LinuxNoEditorTargetPlatform
[2017.10.28-11.40.48:873][  0]LogTemp: Display: Loaded TP LinuxServerTargetPlatform
[2017.10.28-11.40.49:176][  0]LogTemp: Display: Loaded TP LinuxTargetPlatform
[2017.10.28-11.40.49:176][  0]LogTargetPlatformManager: Display: Building Assets For Windows
[2017.10.28-11.40.52:335][  0]LogDerivedDataCache: Display: Max Cache Size: 512 MB
[2017.10.28-11.40.52:579][  0]LogDerivedDataCache: Loaded boot cache 0.24s 95MB C:/Users/lak132/AppData/Local/UnrealEngine/4.17/DerivedDataCache/Boot.ddc.
[2017.10.28-11.40.52:579][  0]LogDerivedDataCache: Display: Loaded Boot cache: C:/Users/lak132/AppData/Local/UnrealEngine/4.17/DerivedDataCache/Boot.ddc
[2017.10.28-11.40.52:579][  0]LogDerivedDataCache: FDerivedDataBackendGraph:  Pak pak cache file ../../../../../../Google Drive/School/COMP3752 (Comp Game Design)/UE4 Game/PewPewGames/Game/DerivedDataCache/DDC.ddp not found, will not use a pak cache.
[2017.10.28-11.40.52:579][  0]LogDerivedDataCache: Unable to find inner node Pak for hierarchical cache Hierarchy.
[2017.10.28-11.40.52:579][  0]LogDerivedDataCache: FDerivedDataBackendGraph:  CompressedPak pak cache file ../../../../../../Google Drive/School/COMP3752 (Comp Game Design)/UE4 Game/PewPewGames/Game/DerivedDataCache/Compressed.ddp not found, will not use a pak cache.
[2017.10.28-11.40.52:579][  0]LogDerivedDataCache: Unable to find inner node CompressedPak for hierarchical cache Hierarchy.
[2017.10.28-11.40.52:615][  0]LogDerivedDataCache: Display: Pak cache opened for reading ../../../Engine/DerivedDataCache/Compressed.ddp.
[2017.10.28-11.40.52:627][  0]LogDerivedDataCache: Using Local data cache path C:/Users/lak132/AppData/Local/UnrealEngine/Common/DerivedDataCache: Writable
[2017.10.28-11.40.52:632][  0]LogMaterial: Verifying Global Shaders for PCD3D_SM5
[2017.10.28-11.40.54:828][  0]LogSlate: Using Freetype 2.6.0
[2017.10.28-11.40.54:901][  0]LogSlate: SlateFontCache - WITH_FREETYPE: 1, WITH_HARFBUZZ: 1
[2017.10.28-11.40.54:901][  0]LogSlate: SlateFontCache - WITH_FREETYPE: 1, WITH_HARFBUZZ: 1
[2017.10.28-11.41.08:142][  0]LogAssetRegistry: FAssetRegistry took 0.0347 seconds to start up
[2017.10.28-11.41.08:726][  0]LogInit: Selected Device Profile: [Windows]
[2017.10.28-11.41.09:164][  0]LogContentStreaming: Texture pool size is 0.00 MB
[2017.10.28-11.41.10:178][  0]LogSimplygon: Simplygon DLL not present - disabling.
[2017.10.28-11.41.10:331][  0]LogMeshReduction: Using SimplygonSwarm for distributed automatic mesh merging
[2017.10.28-11.41.10:331][  0]LogMeshReduction: Using QuadricMeshReduction for automatic static mesh reduction
[2017.10.28-11.41.10:331][  0]LogMeshReduction: No automatic skeletal mesh reduction module available
[2017.10.28-11.41.10:331][  0]LogMeshReduction: No automatic mesh merging module available
[2017.10.28-11.41.10:331][  0]LogMeshMerging: No automatic mesh merging module available
[2017.10.28-11.41.11:161][  0]LogNetVersion: Game , NetCL: 3573198, EngineNetVer: 2, GameNetVer: 0 (Checksum: 2957514414)
[2017.10.28-11.41.11:665][  0]LogPackageLocalizationCache: Processed 5 localized package path(s) for 2 prioritized culture(s) in 0.111436 seconds
[2017.10.28-11.41.11:677][  0]LogUObjectArray: 35825 objects as part of root set at end of initial load.
[2017.10.28-11.41.11:677][  0]LogUObjectAllocator: 7529104 out of 0 bytes used by permanent object pool.
[2017.10.28-11.41.11:677][  0]LogUObjectArray: CloseDisregardForGC: 0/0 objects in disregard for GC pool
[2017.10.28-11.41.11:811][  0]LogInit: WinSock: version 1.1 (2.2), MaxSocks=32767, MaxUdp=65467
[2017.10.28-11.42.07:850][  0]LogTcpMessaging: Initializing TcpMessaging bridge
[2017.10.28-11.42.07:914][  0]LogUdpMessaging: Initializing bridge on interface 0.0.0.0:0 to multicast group 230.0.0.1:6666.
[2017.10.28-11.42.09:114][  0]LogMaterial: Missing cached shader map for material DefaultMaterial, compiling. 
[2017.10.28-11.42.12:345][  0]LogMaterial: Missing cached shader map for material BaseColor, compiling. 
[2017.10.28-11.42.12:345][  0]LogMaterial: Warning: Failed to compile Material /Engine/BufferVisualization/BaseColor.BaseColor for platform PCD3D_SM5, Default Material will be used in game.
[2017.10.28-11.42.12:345][  0]LogMaterial: Warning: 	(Node SceneTexture) GBuffer scene textures not available with forward shading.
[2017.10.28-11.42.12:351][  0]LogMaterial: Missing cached shader map for material CustomDepth, compiling. 
[2017.10.28-11.42.12:401][  0]LogMaterial: Uniform references updated for custom material expression Custom.
[2017.10.28-11.42.12:408][  0]LogMaterial: Missing cached shader map for material CustomStencil, compiling. 
[2017.10.28-11.42.12:430][  0]LogMaterial: Missing cached shader map for material FinalImage, compiling. 
[2017.10.28-11.42.12:451][  0]LogMaterial: Missing cached shader map for material LightingModel, compiling. 
[2017.10.28-11.42.12:452][  0]LogMaterial: Warning: Failed to compile Material /Engine/BufferVisualization/LightingModel.LightingModel for platform PCD3D_SM5, Default Material will be used in game.
[2017.10.28-11.42.12:452][  0]LogMaterial: Warning: 	(Node SceneTexture) GBuffer scene textures not available with forward shading.
[2017.10.28-11.42.12:459][  0]LogMaterial: Missing cached shader map for material MaterialAO, compiling. 
[2017.10.28-11.42.12:460][  0]LogMaterial: Warning: Failed to compile Material /Engine/BufferVisualization/MaterialAO.MaterialAO for platform PCD3D_SM5, Default Material will be used in game.
[2017.10.28-11.42.12:460][  0]LogMaterial: Warning: 	(Node SceneTexture) GBuffer scene textures not available with forward shading.
[2017.10.28-11.42.12:468][  0]LogMaterial: Missing cached shader map for material Metallic, compiling. 
[2017.10.28-11.42.12:469][  0]LogMaterial: Warning: Failed to compile Material /Engine/BufferVisualization/Metallic.Metallic for platform PCD3D_SM5, Default Material will be used in game.
[2017.10.28-11.42.12:469][  0]LogMaterial: Warning: 	(Node SceneTexture) GBuffer scene textures not available with forward shading.
[2017.10.28-11.42.12:476][  0]LogMaterial: Missing cached shader map for material Opacity, compiling. 
[2017.10.28-11.42.12:477][  0]LogMaterial: Warning: Failed to compile Material /Engine/BufferVisualization/Opacity.Opacity for platform PCD3D_SM5, Default Material will be used in game.
[2017.10.28-11.42.12:477][  0]LogMaterial: Warning: 	(Node SceneTexture) GBuffer scene textures not available with forward shading.
[2017.10.28-11.42.12:483][  0]LogMaterial: Missing cached shader map for material Roughness, compiling. 
[2017.10.28-11.42.12:484][  0]LogMaterial: Warning: Failed to compile Material /Engine/BufferVisualization/Roughness.Roughness for platform PCD3D_SM5, Default Material will be used in game.
[2017.10.28-11.42.12:484][  0]LogMaterial: Warning: 	(Node SceneTexture) GBuffer scene textures not available with forward shading.
[2017.10.28-11.42.12:491][  0]LogMaterial: Missing cached shader map for material SceneColor, compiling. 
[2017.10.28-11.42.12:508][  0]LogMaterial: Missing cached shader map for material SceneDepth, compiling. 
[2017.10.28-11.42.12:527][  0]LogMaterial: Missing cached shader map for material SeparateTranslucencyRGB, compiling. 
[2017.10.28-11.42.12:548][  0]LogMaterial: Missing cached shader map for material SeparateTranslucencyA, compiling. 
[2017.10.28-11.42.12:568][  0]LogMaterial: Missing cached shader map for material Specular, compiling. 
[2017.10.28-11.42.12:568][  0]LogMaterial: Warning: Failed to compile Material /Engine/BufferVisualization/Specular.Specular for platform PCD3D_SM5, Default Material will be used in game.
[2017.10.28-11.42.12:568][  0]LogMaterial: Warning: 	(Node SceneTexture) GBuffer scene textures not available with forward shading.
[2017.10.28-11.42.12:577][  0]LogMaterial: Missing cached shader map for material SubsurfaceColor, compiling. 
[2017.10.28-11.42.12:578][  0]LogMaterial: Warning: Failed to compile Material /Engine/BufferVisualization/SubsurfaceColor.SubsurfaceColor for platform PCD3D_SM5, Default Material will be used in game.
[2017.10.28-11.42.12:578][  0]LogMaterial: Warning: 	(Node SceneTexture) GBuffer scene textures not available with forward shading.
[2017.10.28-11.42.12:588][  0]LogMaterial: Missing cached shader map for material WorldNormal, compiling. 
[2017.10.28-11.42.12:589][  0]LogMaterial: Warning: Failed to compile Material /Engine/BufferVisualization/WorldNormal.WorldNormal for platform PCD3D_SM5, Default Material will be used in game.
[2017.10.28-11.42.12:589][  0]LogMaterial: Warning: 	(Node SceneTexture) GBuffer scene textures not available with forward shading.
[2017.10.28-11.42.12:601][  0]LogMaterial: Missing cached shader map for material AmbientOcclusion, compiling. 
[2017.10.28-11.42.12:644][  0]LogMaterial: Missing cached shader map for material CustomDepthWorldUnits, compiling. 
[2017.10.28-11.42.12:663][  0]LogMaterial: Missing cached shader map for material SceneDepthWorldUnits, compiling. 
[2017.10.28-11.42.12:683][  0]LogMaterial: Missing cached shader map for material PreTonemapHDRColor, compiling. 
[2017.10.28-11.42.12:702][  0]LogMaterial: Missing cached shader map for material PostTonemapHDRColor, compiling. 
[2017.10.28-11.42.13:495][  0]SourceControl: Source control is disabled
[2017.10.28-11.42.13:495][  0]SourceControl: Source control is disabled
[2017.10.28-11.42.14:200][  0]SourceControl: Source control is disabled
[2017.10.28-11.42.14:479][  0]SourceControl: Source control is disabled
[2017.10.28-11.42.17:121][  0]LogAndroidPermission: UAndroidPermissionCallbackProxy::GetInstance
[2017.10.28-11.42.17:544][  0]LogOcInput: OculusInput pre-init called
[2017.10.28-11.42.18:090][  0]LogMaterial: Missing cached shader map for material HighResScreenshot, compiling. 
[2017.10.28-11.42.18:124][  0]LogMaterial: Missing cached shader map for material HighResScreenshotMask, compiling. 
[2017.10.28-11.42.18:155][  0]LogMaterial: Missing cached shader map for material HighResScreenshotCaptureRegion, compiling. 
[2017.10.28-11.42.18:267][  0]LogEngine: Initializing Engine...
[2017.10.28-11.42.18:288][  0]LogHMD: Failed to initialize OpenVR with code 110
[2017.10.28-11.42.18:302][  0]LogMaterial: Missing cached shader map for material WireframeMaterial, compiling. Is special engine material.
[2017.10.28-11.42.18:744][  0]LogMaterial: Missing cached shader map for material LevelColorationLitMaterial, compiling. Is special engine material.
[2017.10.28-11.42.19:767][  0]LogMaterial: Missing cached shader map for material LevelColorationUnlitMaterial, compiling. Is special engine material.
[2017.10.28-11.42.20:090][  0]LogMaterial: Missing cached shader map for material MAT_LevelColorationLitLightmapUV, compiling. Is special engine material.
[2017.10.28-11.42.21:140][  0]LogMaterial: Missing cached shader map for material ShadedLevelColorationLitMaterial, compiling. Is special engine material.
[2017.10.28-11.42.22:127][  0]LogMaterial: Missing cached shader map for material ShadedLevelColorationUnlitMateri, compiling. Is special engine material.
[2017.10.28-11.42.22:463][  0]LogMaterial: Missing cached shader map for material VertexColorMaterial, compiling. 
[2017.10.28-11.42.22:596][  0]LogMaterial: Missing cached shader map for material VertexColorViewMode_ColorOnly, compiling. 
[2017.10.28-11.42.22:635][  0]LogMaterial: Missing cached shader map for material VertexColorViewMode_AlphaAsColor, compiling. 
[2017.10.28-11.42.22:667][  0]LogMaterial: Missing cached shader map for material VertexColorViewMode_RedOnly, compiling. 
[2017.10.28-11.42.22:702][  0]LogMaterial: Missing cached shader map for material VertexColorViewMode_GreenOnly, compiling. 
[2017.10.28-11.42.22:735][  0]LogMaterial: Missing cached shader map for material VertexColorViewMode_BlueOnly, compiling. 
[2017.10.28-11.42.22:766][  0]LogMaterial: Missing cached shader map for material RemoveSurfaceMaterial, compiling. 
[2017.10.28-11.42.22:783][  0]LogMaterial: Missing cached shader map for material DebugMeshMaterial, compiling. 
[2017.10.28-11.42.22:814][  0]LogMaterial: Missing cached shader map for material M_InvalidLightmapSettings, compiling. 
[2017.10.28-11.42.22:875][  0]LogMaterial: Missing cached shader map for material GizmoMaterial, compiling. 
[2017.10.28-11.42.22:903][  0]LogMaterial: Missing cached shader map for material PhAT_JointLimitMaterial, compiling. 
[2017.10.28-11.42.22:934][  0]LogMaterial: Missing cached shader map for material GeomMaterial, compiling. 
[2017.10.28-11.42.22:963][  0]LogMaterial: Missing cached shader map for material EditorBrushMaterial, compiling. 
[2017.10.28-11.42.23:001][  0]LogMaterial: Missing cached shader map for material BoneWeightMaterial, compiling. 
[2017.10.28-11.42.23:164][  0]LogMaterial: Missing cached shader map for material ClothMaterial, compiling. 
[2017.10.28-11.42.23:203][  0]LogMaterial: Missing cached shader map for material ClothMaterial_WF, compiling. 
[2017.10.28-11.42.23:254][  0]LogMaterial: Missing cached shader map for material DebugEditorMaterial, compiling. 
[2017.10.28-11.42.23:285][  0]LogMaterial: Missing cached shader map for material PreviewShadowIndicatorMaterial, compiling. 
[2017.10.28-11.42.24:797][  0]LogStats: UGameplayTagsManager::ConstructGameplayTagTree: Construct from data asset -  0.000 s
[2017.10.28-11.42.24:824][  0]LogStats: UGameplayTagsManager::ConstructGameplayTagTree: GameplayTagTreeChangedEvent.Broadcast -  0.001 s
[2017.10.28-11.42.25:887][  0]LogAIModule: Creating AISystem for world Untitled
[2017.10.28-11.42.26:097][  0]LogInit: XAudio2 using 'Speakers (Realtek High Definition Audio)' : 6 channels at 48 kHz using 32 bits per sample (channel mask 0x3f)
[2017.10.28-11.42.26:476][  0]LogInit: FAudioDevice initialized.
[2017.10.28-11.42.26:684][  0]LogDerivedDataCache: Saved boot cache 0.15s 97MB C:/Users/lak132/AppData/Local/UnrealEngine/4.17/DerivedDataCache/Boot.ddc.
[2017.10.28-11.42.26:767][  0]LogInit: Texture streaming: Enabled
[2017.10.28-11.42.27:610][  0]LogEngineSessionManager: EngineSessionManager initialized
[2017.10.28-11.42.29:365][  0]LogInit: Transaction tracking system initialized
[2017.10.28-11.42.30:115][  0]BlueprintLog: New page: Editor Load
[2017.10.28-11.42.32:606][  0]LocalizationService: Localization service is disabled
[2017.10.28-11.42.34:397][  0]LogConsoleResponse: Display: 
[2017.10.28-11.42.34:761][  0]LogMaterial: Missing cached shader map for material Cross_Mat, compiling. 
[2017.10.28-11.42.34:793][  0]LogMaterial: Missing cached shader map for material PhAT_BoneSelectedMaterial, compiling. 
[2017.10.28-11.42.34:815][  0]LogMaterial: Missing cached shader map for material PhAT_ElemSelectedMaterial, compiling. 
[2017.10.28-11.42.34:839][  0]LogMaterial: Missing cached shader map for material PhAT_NoCollisionMaterial, compiling. 
[2017.10.28-11.42.34:861][  0]LogMaterial: Missing cached shader map for material PhAT_UnselectedMaterial, compiling. 
[2017.10.28-11.42.34:890][  0]LogMaterial: Missing cached shader map for material Tick_Mat, compiling. 
[2017.10.28-11.42.34:926][  0]LogMaterial: Missing cached shader map for material WidgetGridVertexColorMaterial_Ma, compiling. 
[2017.10.28-11.42.34:953][  0]LogMaterial: Missing cached shader map for material WidgetMaterial, compiling. 
[2017.10.28-11.42.34:976][  0]LogMaterial: Missing cached shader map for material WidgetMaterial_Current, compiling. 
[2017.10.28-11.42.34:999][  0]LogMaterial: Missing cached shader map for material WidgetMaterial_X, compiling. 
[2017.10.28-11.42.35:024][  0]LogMaterial: Missing cached shader map for material WidgetMaterial_Y, compiling. 
[2017.10.28-11.42.35:050][  0]LogMaterial: Missing cached shader map for material WidgetMaterial_Z, compiling. 
[2017.10.28-11.42.35:080][  0]LogMaterial: Missing cached shader map for material WidgetVertexColorMaterial, compiling. 
[2017.10.28-11.42.35:163][  0]LogMaterial: Missing cached shader map for material LevelGridMaterial, compiling. 
[2017.10.28-11.42.35:375][  0]LogMaterial: Missing cached shader map for material BlinkingCaret, compiling. 
[2017.10.28-11.42.35:453][  0]LogMaterial: Missing cached shader map for material M_StreamingPause, compiling. 
[2017.10.28-11.42.35:682][  0]LogCook: Display: Max memory allowance for cook 16384mb min free memory 0mb
[2017.10.28-11.42.35:688][  0]LogCook: Display: Mobile HDR setting 1
[2017.10.28-11.42.35:732][  0]LogGameplayTags: Display: UGameplayTagsManager::DoneAddingNativeTags. DelegateIsBound: 0
[2017.10.28-11.42.36:384][  0]LogFileCache: Scanning file cache for directory 'D:/Google Drive/School/COMP3752 (Comp Game Design)/UE4 Game/PewPewGames/Game/Content/' took 0.40s
[2017.10.28-11.42.39:371][  0]SourceControl: Source control is disabled
[2017.10.28-11.42.39:613][  0]LightingResults: New page: Lighting Build
[2017.10.28-11.42.39:770][  0]MapCheck: New page: Map Check
[2017.10.28-11.42.39:770][  0]LightingResults: New page: Lighting Build
[2017.10.28-11.42.45:148][  0]LogMaterial: Missing cached shader map for material TargetRed, compiling. 
[2017.10.28-11.42.45:596][  0]LogMaterial: Missing cached shader map for material BaseMaterial, compiling. 
[2017.10.28-11.42.45:714][  0]LogMaterial: Missing cached shader map for material M_Sky_Panning_Clouds2, compiling. 
[2017.10.28-11.42.46:030][  0]LogMaterial: Missing cached shader map for material M_UE4Man_Body, compiling. 
[2017.10.28-11.42.46:205][  0]LogMaterial: Missing cached shader map for material Face2, compiling. 
[2017.10.28-11.42.46:250][  0]LogMaterial: Missing cached shader map for material Face1, compiling. 
[2017.10.28-11.42.46:297][  0]LogMaterial: Missing cached shader map for material magnetic_strip, compiling. 
[2017.10.28-11.42.46:386][  0]LogMaterial: Missing cached shader map for material Blue, compiling. 
[2017.10.28-11.42.46:433][  0]LogMaterial: Missing cached shader map for material Metal, compiling. 
[2017.10.28-11.42.46:477][  0]LogMaterial: Missing cached shader map for material Face0, compiling. 
[2017.10.28-11.42.46:779][  0]LogMaterial: Missing cached shader map for material M_FPGun, compiling. 
[2017.10.28-11.42.47:297][  0]LogMaterial: Missing cached shader map for material White, compiling. 
[2017.10.28-11.42.47:399][  0]LogMaterial: Missing cached shader map for material LightMetal, compiling. 
[2017.10.28-11.42.47:625][  0]LogMaterial: Missing cached shader map for material M_Glass, compiling. 
[2017.10.28-11.42.47:759][  0]LogMaterial: Missing cached shader map for material CubeMaterial, compiling. 
[2017.10.28-11.42.47:825][  0]LogMaterial: Missing cached shader map for material M_Statue, compiling. 
[2017.10.28-11.42.47:954][  0]LogMaterial: Missing cached shader map for material M_Metal_Gold, compiling. 
[2017.10.28-11.42.48:007][  0]LogMaterial: Missing cached shader map for material Red, compiling. 
[2017.10.28-11.42.48:197][  0]LogAIModule: Creating AISystem for world FirstPersonExampleMap
[2017.10.28-11.46.35:103][  0]LogEditorServer: Finished looking for orphan Actors (0.000 secs)
[2017.10.28-11.46.35:329][  0]Cmd: MAP CHECKDEP NOCLEARLOG
[2017.10.28-11.46.35:453][  0]MapCheck: Map check complete: 0 Error(s), 0 Warning(s), took 119.535ms to complete.
[2017.10.28-11.46.35:453][  0]LogFileHelpers: Loading map 'FirstPersonExampleMap' took 236.071
[2017.10.28-11.46.36:261][  0]LogCollectionManager: Loaded 0 collections in 0.002235 seconds
[2017.10.28-11.46.36:434][  0]LogFileCache: Scanning file cache for directory 'D:/Google Drive/School/COMP3752 (Comp Game Design)/UE4 Game/PewPewGames/Game/Saved/Collections/' took 0.01s
[2017.10.28-11.46.36:434][  0]LogFileCache: Scanning file cache for directory 'D:/Google Drive/School/COMP3752 (Comp Game Design)/UE4 Game/PewPewGames/Game/Content/Developers/lak132/Collections/' took 0.01s
[2017.10.28-11.46.36:434][  0]LogFileCache: Scanning file cache for directory 'D:/Google Drive/School/COMP3752 (Comp Game Design)/UE4 Game/PewPewGames/Game/Content/Collections/' took 0.01s
[2017.10.28-11.46.36:434][  0]LogCollectionManager: Rebuilt the GUID cache for 0 collections in 0.000002 seconds
[2017.10.28-11.46.36:462][  0]LogContentBrowser: Native class hierarchy populated in 0.0272 seconds. Added 2386 classes and 500 folders.
[2017.10.28-11.46.36:571][  0]LogContentBrowser: Native class hierarchy updated for 'WidgetCarousel' in 0.0018 seconds. Added 0 classes and 0 folders.
[2017.10.28-11.46.37:819][  0]LogContentBrowser: Native class hierarchy updated for 'AddContentDialog' in 0.0011 seconds. Added 0 classes and 0 folders.
[2017.10.28-11.46.37:902][  0]LogContentBrowser: Native class hierarchy updated for 'SceneOutliner' in 0.0013 seconds. Added 1 classes and 2 folders.
[2017.10.28-11.46.38:421][  0]LogSlate: Took 0.040711 seconds to synchronously load lazily loaded font '../../../Engine/Content/Slate/Fonts/Roboto-Regular.ttf' (155K)
[2017.10.28-11.46.38:445][  0]LogSlate: Took 0.021121 seconds to synchronously load lazily loaded font '../../../Engine/Content/Slate/Fonts/Roboto-Bold.ttf' (160K)
[2017.10.28-11.46.38:491][  0]LogSlate: Took 0.036463 seconds to synchronously load lazily loaded font '../../../Engine/Content/Editor/Slate/Fonts/FontAwesome.ttf' (139K)
[2017.10.28-11.46.38:632][  0]LogMaterial: Missing cached shader map for material LevelGridMaterial2, compiling. 
[2017.10.28-11.46.38:762][  0]LogRenderer: Reallocating scene render targets to support 816x436 Format 10 NumSamples 1 (Frame:1).
[2017.10.28-11.46.38:903][  0]LogSlate: Took 0.020025 seconds to synchronously load lazily loaded font '../../../Engine/Content/Slate/Fonts/Roboto-Light.ttf' (159K)
[2017.10.28-11.46.50:753][  0]LogContentBrowser: Native class hierarchy updated for 'HierarchicalLODOutliner' in 0.0013 seconds. Added 1 classes and 2 folders.
[2017.10.28-11.46.50:753][  0]LogLoad: (Engine Initialization) Total time: 402.81 seconds
[2017.10.28-11.46.50:753][  0]LogLoad: (Engine Initialization) Total Blueprint compile time: 0.00 seconds
[2017.10.28-11.46.50:770][  0]LogExternalProfiler: Found external profiler: VSPerf
[2017.10.28-11.46.50:770][  0]LogExternalProfiler: Using external profiler: VSPerf
[2017.10.28-11.46.51:253][  0]LogContentStreaming: Texture pool size now 1000 MB
[2017.10.28-11.47.12:068][  2]LogFileCache: Retrieving MD5 hashes for directory 'D:/Google Drive/School/COMP3752 (Comp Game Design)/UE4 Game/PewPewGames/Game/Content/' took 20.91s
[2017.10.28-11.47.12:436][  3]LogSlate: Took 0.000229 seconds to synchronously load lazily loaded font '../../../Engine/Content/Slate/Fonts/Roboto-Light.ttf' (159K)
[2017.10.28-11.47.12:729][  4]LogAssetRegistry: Asset discovery search completed in 364.6143 seconds
[2017.10.28-11.47.12:735][  4]LogCollectionManager: Rebuilt the object cache for 0 collections in 0.000002 seconds (found 0 objects)
[2017.10.28-11.47.12:735][  4]LogCollectionManager: Fixed up redirectors for 0 collections in 0.000148 seconds (updated 0 objects)
[2017.10.28-11.47.32:099][105]LogWindowsTextInputMethodSystem: Display: IME system now deactivated.
[2017.10.28-11.47.32:104][105]LogWindowsTextInputMethodSystem: Display: IME system now deactivated.
[2017.10.28-11.47.33:066][106]Cmd: QUIT_EDITOR
[2017.10.28-11.47.33:753][106]LogExit: Preparing to exit.
[2017.10.28-11.47.35:355][106]LogDirectoryWatcher: A directory notification for 'D:/Google Drive/School/COMP3752 (Comp Game Design)/UE4 Game/PewPewGames/Game/Content/' was aborted.
[2017.10.28-11.47.35:704][106]LogExit: Editor shut down
[2017.10.28-11.47.35:758][106]LogExit: Transaction tracking system shut down
[2017.10.28-11.47.35:986][106]LogDirectoryWatcher: A directory notification for '../../../Engine/Content/' was aborted.
[2017.10.28-11.47.35:986][106]LogDirectoryWatcher: A directory notification for '../../../../../../Google Drive/School/COMP3752 (Comp Game Design)/UE4 Game/PewPewGames/Game/Content/' was aborted.
[2017.10.28-11.47.35:986][106]LogDirectoryWatcher: A directory notification for '../../../Engine/Plugins/2D/Paper2D/Content/' was aborted.
[2017.10.28-11.47.35:986][106]LogDirectoryWatcher: A directory notification for '../../../Engine/Plugins/Runtime/Oculus/OculusVR/Content/' was aborted.
[2017.10.28-11.47.35:987][106]LogDirectoryWatcher: A directory notification for '../../../Engine/Plugins/Runtime/Steam/SteamVR/Content/' was aborted.
[2017.10.28-11.47.37:737][106]LogExit: Object subsystem successfully closed.
[2017.10.28-11.47.38:018][106]LogD3D11RHI: Shutdown
[2017.10.28-11.47.38:026][106]LogD3D11RHI: CleanupD3DDevice
[2017.10.28-11.47.38:678][106]LogD3D11RHI: ~FD3D11DynamicRHI
[2017.10.28-11.47.41:439][106]LogModuleManager: Shutting down and abandoning module HierarchicalLODOutliner (530)
[2017.10.28-11.47.41:440][106]LogModuleManager: Shutting down and abandoning module SceneOutliner (528)
[2017.10.28-11.47.41:491][106]LogModuleManager: Shutting down and abandoning module AddContentDialog (526)
[2017.10.28-11.47.41:516][106]LogDirectoryWatcher: A directory notification for 'D:/Program Files/Epic Games/UE_4.17/FeaturePacks/' was aborted.
[2017.10.28-11.47.41:558][106]LogModuleManager: Shutting down and abandoning module WidgetCarousel (525)
[2017.10.28-11.47.41:558][106]LogModuleManager: Shutting down and abandoning module EditorWidgets (522)
[2017.10.28-11.47.41:558][106]LogModuleManager: Shutting down and abandoning module CollectionManager (520)
[2017.10.28-11.47.41:579][106]LogDirectoryWatcher: A directory notification for 'D:/Google Drive/School/COMP3752 (Comp Game Design)/UE4 Game/PewPewGames/Game/Content/Collections/' was aborted.
[2017.10.28-11.47.41:579][106]LogDirectoryWatcher: A directory notification for 'D:/Google Drive/School/COMP3752 (Comp Game Design)/UE4 Game/PewPewGames/Game/Content/Developers/lak132/Collections/' was aborted.
[2017.10.28-11.47.41:580][106]LogDirectoryWatcher: A directory notification for 'D:/Google Drive/School/COMP3752 (Comp Game Design)/UE4 Game/PewPewGames/Game/Saved/Collections/' was aborted.
[2017.10.28-11.47.41:580][106]LogModuleManager: Shutting down and abandoning module StatsViewer (518)
[2017.10.28-11.47.41:631][106]LogModuleManager: Shutting down and abandoning module FoliageEdit (516)
[2017.10.28-11.47.41:631][106]LogModuleManager: Shutting down and abandoning module LandscapeEditor (514)
[2017.10.28-11.47.41:704][106]LogModuleManager: Shutting down and abandoning module MeshPaintMode (512)
[2017.10.28-11.47.41:704][106]LogModuleManager: Shutting down and abandoning module SceneDepthPickerMode (510)
[2017.10.28-11.47.41:704][106]LogModuleManager: Shutting down and abandoning module ActorPickerMode (508)
[2017.10.28-11.47.41:704][106]LogModuleManager: Shutting down and abandoning module GeometryMode (506)
[2017.10.28-11.47.41:704][106]LogModuleManager: Shutting down and abandoning module TextureAlignMode (504)
[2017.10.28-11.47.41:704][106]LogModuleManager: Shutting down and abandoning module BspMode (502)
[2017.10.28-11.47.41:723][106]LogModuleManager: Shutting down and abandoning module PIEPreviewDeviceProfileSelector (500)
[2017.10.28-11.47.41:723][106]LogModuleManager: Shutting down and abandoning module HardwareSurvey (498)
[2017.10.28-11.47.41:723][106]LogModuleManager: Shutting down and abandoning module SequenceRecorderSections (496)
[2017.10.28-11.47.41:723][106]LogModuleManager: Shutting down and abandoning module AutomationWorker (494)
[2017.10.28-11.47.41:752][106]LogModuleManager: Shutting down and abandoning module MatineeToLevelSequence (492)
[2017.10.28-11.47.41:764][106]LogModuleManager: Shutting down and abandoning module LevelSequenceEditor (490)
[2017.10.28-11.47.41:837][106]LogModuleManager: Shutting down and abandoning module PlacementMode (489)
[2017.10.28-11.47.41:837][106]LogModuleManager: Shutting down and abandoning module WmfMediaFactory (486)
[2017.10.28-11.47.41:837][106]LogModuleManager: Shutting down and abandoning module WmfMediaEditor (484)
[2017.10.28-11.47.41:837][106]LogModuleManager: Shutting down and abandoning module AvfMediaFactory (482)
[2017.10.28-11.47.41:837][106]LogModuleManager: Shutting down and abandoning module AvfMediaEditor (480)
[2017.10.28-11.47.41:837][106]LogModuleManager: Shutting down and abandoning module AndroidMediaFactory (478)
[2017.10.28-11.47.41:837][106]LogModuleManager: Shutting down and abandoning module Media (477)
[2017.10.28-11.47.41:837][106]LogModuleManager: Shutting down and abandoning module AndroidMediaEditor (474)
[2017.10.28-11.47.41:837][106]LogModuleManager: Shutting down and abandoning module CharacterAI (472)
[2017.10.28-11.47.41:837][106]LogModuleManager: Shutting down and abandoning module AudioCapture (470)
[2017.10.28-11.47.41:837][106]LogModuleManager: Shutting down and abandoning module SequenceRecorder (469)
[2017.10.28-11.47.41:837][106]LogModuleManager: Shutting down and abandoning module SmartSnapping (466)
[2017.10.28-11.47.41:837][106]LogModuleManager: Shutting down and abandoning module SessionServices (464)
[2017.10.28-11.47.41:838][106]LogModuleManager: Shutting down and abandoning module ViewportSnapping (462)
[2017.10.28-11.47.41:838][106]LogModuleManager: Shutting down and abandoning module ViewportInteraction (460)
[2017.10.28-11.47.41:838][106]LogModuleManager: Shutting down and abandoning module ClothPainter (458)
[2017.10.28-11.47.41:934][106]LogModuleManager: Shutting down and abandoning module LogVisualizer (456)
[2017.10.28-11.47.41:984][106]LogModuleManager: Shutting down and abandoning module IntroTutorials (454)
[2017.10.28-11.47.42:032][106]LogModuleManager: Shutting down and abandoning module GameProjectGeneration (453)
[2017.10.28-11.47.42:055][106]LogModuleManager: Shutting down and abandoning module IOSPlatformEditor (450)
[2017.10.28-11.47.42:055][106]LogModuleManager: Shutting down and abandoning module HTML5PlatformEditor (448)
[2017.10.28-11.47.42:055][106]LogModuleManager: Shutting down and abandoning module AndroidPlatformEditor (446)
[2017.10.28-11.47.42:055][106]LogModuleManager: Shutting down and abandoning module AndroidDeviceDetection (445)
[2017.10.28-11.47.42:695][106]LogModuleManager: Shutting down and abandoning module WindowsPlatformEditor (442)
[2017.10.28-11.47.42:695][106]LogModuleManager: Shutting down and abandoning module IOSRuntimeSettings (440)
[2017.10.28-11.47.42:695][106]LogModuleManager: Shutting down and abandoning module AndroidRuntimeSettings (438)
[2017.10.28-11.47.42:695][106]LogModuleManager: Shutting down and abandoning module InputBindingEditor (436)
[2017.10.28-11.47.42:712][106]LogModuleManager: Shutting down and abandoning module MergeActors (434)
[2017.10.28-11.47.42:746][106]LogModuleManager: Shutting down and abandoning module SizeMap (432)
[2017.10.28-11.47.42:746][106]LogModuleManager: Shutting down and abandoning module TreeMap (430)
[2017.10.28-11.47.42:754][106]LogModuleManager: Shutting down and abandoning module ReferenceViewer (428)
[2017.10.28-11.47.42:754][106]LogModuleManager: Shutting down and abandoning module LocalizationDashboard (426)
[2017.10.28-11.47.42:808][106]LogModuleManager: Shutting down and abandoning module LocalizationService (425)
[2017.10.28-11.47.42:829][106]LogModuleManager: Shutting down and abandoning module HardwareTargeting (422)
[2017.10.28-11.47.42:830][106]LogModuleManager: Shutting down and abandoning module DeviceProfileEditor (420)
[2017.10.28-11.47.42:859][106]LogModuleManager: Shutting down and abandoning module UndoHistory (418)
[2017.10.28-11.47.42:859][106]LogModuleManager: Shutting down and abandoning module XmlParser (416)
[2017.10.28-11.47.42:883][106]LogModuleManager: Shutting down and abandoning module Blutility (414)
[2017.10.28-11.47.42:883][106]LogModuleManager: Shutting down and abandoning module ProjectSettingsViewer (412)
[2017.10.28-11.47.42:883][106]LogModuleManager: Shutting down and abandoning module ProjectTargetPlatformEditor (411)
[2017.10.28-11.47.42:884][106]LogModuleManager: Shutting down and abandoning module EditorSettingsViewer (408)
[2017.10.28-11.47.42:884][106]LogModuleManager: Shutting down and abandoning module SettingsEditor (406)
[2017.10.28-11.47.42:939][106]LogModuleManager: Shutting down and abandoning module ProjectLauncher (404)
[2017.10.28-11.47.42:972][106]LogModuleManager: Shutting down and abandoning module SessionFrontend (402)
[2017.10.28-11.47.43:001][106]LogModuleManager: Shutting down and abandoning module ProfilerClient (400)
[2017.10.28-11.47.43:035][106]LogModuleManager: Shutting down and abandoning module DeviceManager (398)
[2017.10.28-11.47.43:120][106]LogModuleManager: Shutting down and abandoning module TargetDeviceServices (397)
[2017.10.28-11.47.43:173][106]LogModuleManager: Shutting down and abandoning module AutomationController (394)
[2017.10.28-11.47.43:211][106]LogModuleManager: Shutting down and abandoning module AutomationWindow (392)
[2017.10.28-11.47.43:296][106]LogModuleManager: Shutting down and abandoning module Layers (390)
[2017.10.28-11.47.43:364][106]LogModuleManager: Shutting down and abandoning module ComponentVisualizers (388)
[2017.10.28-11.47.43:365][106]LogModuleManager: Shutting down and abandoning module DetailCustomizations (386)
[2017.10.28-11.47.43:393][106]LogModuleManager: Shutting down and abandoning module PackagesDialog (384)
[2017.10.28-11.47.43:394][106]LogModuleManager: Shutting down and abandoning module Persona (382)
[2017.10.28-11.47.43:475][106]LogModuleManager: Shutting down and abandoning module AdvancedPreviewScene (381)
[2017.10.28-11.47.43:475][106]LogModuleManager: Shutting down and abandoning module AnimGraph (379)
[2017.10.28-11.47.43:489][106]LogModuleManager: Shutting down and abandoning module Kismet (376)
[2017.10.28-11.47.43:549][106]LogModuleManager: Shutting down and abandoning module ClassViewer (374)
[2017.10.28-11.47.43:550][106]LogModuleManager: Shutting down and abandoning module Toolbox (372)
[2017.10.28-11.47.43:550][106]LogModuleManager: Shutting down and abandoning module ModuleUI (370)
[2017.10.28-11.47.43:580][106]LogModuleManager: Shutting down and abandoning module MovieSceneTools (368)
[2017.10.28-11.47.43:617][106]LogModuleManager: Shutting down and abandoning module OutputLog (366)
[2017.10.28-11.47.43:628][106]LogModuleManager: Shutting down and abandoning module GammaUI (364)
[2017.10.28-11.47.43:643][106]LogModuleManager: Shutting down and abandoning module Documentation (362)
[2017.10.28-11.47.43:643][106]LogModuleManager: Shutting down and abandoning module MovieSceneTracks (360)
[2017.10.28-11.47.43:643][106]LogModuleManager: Shutting down and abandoning module MovieScene (358)
[2017.10.28-11.47.43:643][106]LogModuleManager: Shutting down and abandoning module Niagara (356)
[2017.10.28-11.47.43:643][106]LogModuleManager: Shutting down and abandoning module NiagaraEditor (355)
[2017.10.28-11.47.43:691][106]LogModuleManager: Shutting down and abandoning module StreamingPauseRendering (352)
[2017.10.28-11.47.43:691][106]LogModuleManager: Shutting down and abandoning module LauncherPlatform (350)
[2017.10.28-11.47.43:691][106]LogModuleManager: Shutting down and abandoning module AnalyticsET (348)
[2017.10.28-11.47.43:691][106]LogModuleManager: Shutting down and abandoning module PortalServices (346)
[2017.10.28-11.47.43:691][106]LogModuleManager: Shutting down and abandoning module PortalRpc (344)
[2017.10.28-11.47.43:691][106]LogModuleManager: Shutting down and abandoning module MessagingRpc (342)
[2017.10.28-11.47.43:691][106]LogModuleManager: Shutting down and abandoning module AIModule (340)
[2017.10.28-11.47.43:706][106]LogModuleManager: Shutting down and abandoning module GameplayDebugger (339)
[2017.10.28-11.47.43:706][106]LogModuleManager: Shutting down and abandoning module AITestSuite (337)
[2017.10.28-11.47.43:717][106]LogModuleManager: Shutting down and abandoning module ProfilerService (334)
[2017.10.28-11.47.43:721][106]LogModuleManager: Shutting down and abandoning module TaskGraph (332)
[2017.10.28-11.47.43:755][106]LogModuleManager: Shutting down and abandoning module SteamVRController (330)
[2017.10.28-11.47.43:755][106]LogModuleManager: Shutting down and abandoning module ProceduralMeshComponentEditor (328)
[2017.10.28-11.47.43:755][106]LogModuleManager: Shutting down and abandoning module ProceduralMeshComponent (326)
[2017.10.28-11.47.43:755][106]LogModuleManager: Shutting down and abandoning module OculusInput (324)
[2017.10.28-11.47.43:765][106]LogModuleManager: Shutting down and abandoning module MobilePatchingUtils (322)
[2017.10.28-11.47.43:765][106]LogModuleManager: Shutting down and abandoning module CustomMeshComponent (320)
[2017.10.28-11.47.43:765][106]LogModuleManager: Shutting down and abandoning module CableComponent (318)
[2017.10.28-11.47.43:771][106]LogModuleManager: Shutting down and abandoning module ArchVisCharacter (316)
[2017.10.28-11.47.43:771][106]LogModuleManager: Shutting down and abandoning module AndroidPermission (314)
[2017.10.28-11.47.43:772][106]LogModuleManager: Shutting down and abandoning module MediaPlayerEditor (310)
[2017.10.28-11.47.43:791][106]LogModuleManager: Shutting down and abandoning module HTML5Networking (308)
[2017.10.28-11.47.43:791][106]LogModuleManager: Shutting down and abandoning module AlembicImporter (306)
[2017.10.28-11.47.43:800][106]LogModuleManager: Shutting down and abandoning module AlembicLibrary (305)
[2017.10.28-11.47.43:800][106]LogModuleManager: Shutting down and abandoning module GeometryCache (304)
[2017.10.28-11.47.43:800][106]LogModuleManager: Shutting down and abandoning module GeometryCacheEd (303)
[2017.10.28-11.47.43:800][106]LogModuleManager: Shutting down and abandoning module SpeedTreeImporter (298)
[2017.10.28-11.47.43:800][106]LogModuleManager: Shutting down and abandoning module PluginBrowser (296)
[2017.10.28-11.47.43:830][106]LogModuleManager: Shutting down and abandoning module MobileLauncherProfileWizard (294)
[2017.10.28-11.47.43:834][106]LogModuleManager: Shutting down and abandoning module VisualStudioSourceCodeAccess (292)
[2017.10.28-11.47.43:835][106]LogModuleManager: Shutting down and abandoning module DesktopPlatform (291)
[2017.10.28-11.47.43:844][106]LogModuleManager: Shutting down and abandoning module UObjectPlugin (288)
[2017.10.28-11.47.43:844][106]LogModuleManager: Shutting down and abandoning module SubversionSourceControl (286)
[2017.10.28-11.47.43:856][106]LogModuleManager: Shutting down and abandoning module PerforceSourceControl (284)
[2017.10.28-11.47.43:893][106]LogModuleManager: Shutting down and abandoning module GitSourceControl (282)
[2017.10.28-11.47.43:909][106]LogModuleManager: Shutting down and abandoning module SourceControl (281)
[2017.10.28-11.47.43:935][106]LogModuleManager: Shutting down and abandoning module LightPropagationVolumeEditor (278)
[2017.10.28-11.47.43:935][106]LogModuleManager: Shutting down and abandoning module PaperTiledImporter (276)
[2017.10.28-11.47.43:935][106]LogModuleManager: Shutting down and abandoning module PaperSpriteSheetImporter (274)
[2017.10.28-11.47.43:935][106]LogModuleManager: Shutting down and abandoning module Paper2DEditor (272)
[2017.10.28-11.47.43:966][106]LogModuleManager: Shutting down and abandoning module MeshPaint (271)
[2017.10.28-11.47.43:977][106]LogModuleManager: Shutting down and abandoning module LevelEditor (269)
[2017.10.28-11.47.43:996][106]LogModuleManager: Shutting down and abandoning module PixelInspectorModule (268)
[2017.10.28-11.47.44:019][106]LogModuleManager: Shutting down and abandoning module MainFrame (266)
[2017.10.28-11.47.44:019][106]LogModuleManager: Shutting down and abandoning module HotReload (265)
[2017.10.28-11.47.44:083][106]LogModuleManager: Shutting down and abandoning module RuntimePhysXCooking (260)
[2017.10.28-11.47.44:083][106]LogModuleManager: Shutting down and abandoning module PhysXVehiclesEditor (258)
[2017.10.28-11.47.44:083][106]LogModuleManager: Shutting down and abandoning module PhysXVehicles (256)
[2017.10.28-11.47.44:083][106]LogModuleManager: Shutting down and abandoning module OculusEditor (254)
[2017.10.28-11.47.44:083][106]LogModuleManager: Shutting down and abandoning module LocationServicesBPLibrary (252)
[2017.10.28-11.47.44:083][106]LogModuleManager: Shutting down and abandoning module ImmediatePhysicsEditor (250)
[2017.10.28-11.47.44:083][106]LogModuleManager: Shutting down and abandoning module ImmediatePhysics (248)
[2017.10.28-11.47.44:095][106]LogModuleManager: Shutting down and abandoning module UdpMessaging (246)
[2017.10.28-11.47.44:195][106]LogModuleManager: Shutting down and abandoning module TcpMessaging (244)
[2017.10.28-11.47.44:309][106]LogModuleManager: Shutting down and abandoning module GameplayTagsEditor (242)
[2017.10.28-11.47.44:369][106]LogModuleManager: Shutting down and abandoning module FacialAnimationEditor (240)
[2017.10.28-11.47.44:369][106]LogModuleManager: Shutting down and abandoning module FacialAnimation (238)
[2017.10.28-11.47.44:369][106]LogModuleManager: Shutting down and abandoning module AssetManagerEditor (236)
[2017.10.28-11.47.44:455][106]LogModuleManager: Shutting down and abandoning module GraphEditor (235)
[2017.10.28-11.47.44:565][106]LogModuleManager: Shutting down and abandoning module ContentBrowser (233)
[2017.10.28-11.47.44:566][106]LogModuleManager: Shutting down and abandoning module LightPropagationVolumeRuntime (230)
[2017.10.28-11.47.44:566][106]LogModuleManager: Shutting down and abandoning module Paper2D (228)
[2017.10.28-11.47.44:579][106]LogModuleManager: Shutting down and abandoning module WindowsMoviePlayer (226)
[2017.10.28-11.47.44:590][106]LogModuleManager: Shutting down and abandoning module WmfMedia (224)
[2017.10.28-11.47.44:600][106]LogModuleManager: Shutting down and abandoning module PacketHandler (222)
[2017.10.28-11.47.44:600][106]LogModuleManager: Shutting down and abandoning module ClothingSystemEditor (220)
[2017.10.28-11.47.44:600][106]LogModuleManager: Shutting down and abandoning module ClothingSystemRuntime (218)
[2017.10.28-11.47.44:619][106]LogModuleManager: Shutting down and abandoning module Overlay (216)
[2017.10.28-11.47.44:620][106]LogModuleManager: Shutting down and abandoning module OverlayEditor (215)
[2017.10.28-11.47.44:620][106]LogModuleManager: Shutting down and abandoning module MediaAssets (212)
[2017.10.28-11.47.44:620][106]LogModuleManager: Shutting down and abandoning module VREditor (210)
[2017.10.28-11.47.44:655][106]LogModuleManager: Shutting down and abandoning module StringTableEditor (208)
[2017.10.28-11.47.44:678][106]LogModuleManager: Shutting down and abandoning module GameplayTasksEditor (206)
[2017.10.28-11.47.44:678][106]LogModuleManager: Shutting down and abandoning module BehaviorTreeEditor (204)
[2017.10.28-11.47.44:703][106]LogModuleManager: Shutting down and abandoning module FunctionalTesting (202)
[2017.10.28-11.47.44:703][106]LogModuleManager: Shutting down and abandoning module CollisionAnalyzer (200)
[2017.10.28-11.47.44:717][106]LogModuleManager: Shutting down and abandoning module WorkspaceMenuStructure (199)
[2017.10.28-11.47.44:717][106]LogModuleManager: Shutting down and abandoning module UMG (196)
[2017.10.28-11.47.44:729][106]LogModuleManager: Shutting down and abandoning module UMGEditor (195)
[2017.10.28-11.47.44:755][106]LogModuleManager: Shutting down and abandoning module Sequencer (194)
[2017.10.28-11.47.44:771][106]LogModuleManager: Shutting down and abandoning module MessageLog (191)
[2017.10.28-11.47.44:784][106]LogModuleManager: Shutting down and abandoning module SlateReflector (186)
[2017.10.28-11.47.44:840][106]LogModuleManager: Shutting down and abandoning module Slate (184)
[2017.10.28-11.47.44:840][106]LogModuleManager: Shutting down and abandoning module EditorStyle (182)
[2017.10.28-11.47.44:867][106]LogModuleManager: Shutting down and abandoning module MRMesh (180)
[2017.10.28-11.47.44:867][106]LogModuleManager: Shutting down and abandoning module SourceCodeAccess (178)
[2017.10.28-11.47.44:867][106]LogModuleManager: Shutting down and abandoning module HeadMountedDisplay (176)
[2017.10.28-11.47.44:867][106]LogModuleManager: Shutting down and abandoning module XAudio2 (174)
[2017.10.28-11.47.44:867][106]LogModuleManager: Shutting down and abandoning module Networking (172)
[2017.10.28-11.47.44:868][106]LogModuleManager: Shutting down and abandoning module Core (168)
[2017.10.28-11.47.44:868][106]LogModuleManager: Shutting down and abandoning module KismetCompiler (164)
[2017.10.28-11.47.44:868][106]LogModuleManager: Shutting down and abandoning module LevelSequence (162)
[2017.10.28-11.47.44:868][106]LogModuleManager: Shutting down and abandoning module MeshUtilities (160)
[2017.10.28-11.47.44:892][106]LogModuleManager: Shutting down and abandoning module MeshMergeUtilities (159)
[2017.10.28-11.47.44:906][106]LogModuleManager: Shutting down and abandoning module MeshReductionInterface (158)
[2017.10.28-11.47.44:906][106]LogModuleManager: Shutting down and abandoning module SimplygonSwarm (157)
[2017.10.28-11.47.44:913][106]LogModuleManager: Shutting down and abandoning module SimplygonMeshReduction (155)
[2017.10.28-11.47.44:913][106]LogModuleManager: Shutting down and abandoning module QuadricMeshReduction (153)
[2017.10.28-11.47.44:923][106]LogModuleManager: Shutting down and abandoning module MaterialBaking (149)
[2017.10.28-11.47.44:938][106]LogModuleManager: Shutting down and abandoning module DirectoryWatcher (146)
[2017.10.28-11.47.44:944][106]LogModuleManager: Shutting down and abandoning module DerivedDataCache (144)
[2017.10.28-11.47.44:952][106]LogDerivedDataCache: Shutdown
[2017.10.28-11.47.44:952][106]LogModuleManager: Shutting down and abandoning module TargetPlatform (142)
[2017.10.28-11.47.44:952][106]LogModuleManager: Shutting down and abandoning module VulkanShaderFormat (141)
[2017.10.28-11.47.44:968][106]LogModuleManager: Shutting down and abandoning module ShaderFormatVectorVM (139)
[2017.10.28-11.47.44:978][106]LogModuleManager: Shutting down and abandoning module ShaderFormatOpenGL (137)
[2017.10.28-11.47.44:983][106]LogModuleManager: Shutting down and abandoning module ShaderFormatD3D (135)
[2017.10.28-11.47.44:984][106]LogModuleManager: Shutting down and abandoning module MetalShaderFormat (133)
[2017.10.28-11.47.44:992][106]LogModuleManager: Shutting down and abandoning module TextureFormatUncompressed (131)
[2017.10.28-11.47.44:992][106]LogModuleManager: Shutting down and abandoning module TextureFormatPVR (129)
[2017.10.28-11.47.44:992][106]LogModuleManager: Shutting down and abandoning module TextureFormatDXT (127)
[2017.10.28-11.47.45:004][106]LogModuleManager: Shutting down and abandoning module TextureFormatIntelISPCTexComp (125)
[2017.10.28-11.47.45:015][106]LogModuleManager: Shutting down and abandoning module TextureFormatASTC (123)
[2017.10.28-11.47.45:015][106]LogModuleManager: Shutting down and abandoning module ImageWrapper (122)
[2017.10.28-11.47.45:015][106]LogModuleManager: Shutting down and abandoning module TextureFormatAndroid (119)
[2017.10.28-11.47.45:016][106]LogModuleManager: Shutting down and abandoning module AudioFormatOpus (117)
[2017.10.28-11.47.45:016][106]LogModuleManager: Shutting down and abandoning module AudioFormatOgg (115)
[2017.10.28-11.47.45:016][106]LogModuleManager: Shutting down and abandoning module AudioFormatADPCM (113)
[2017.10.28-11.47.45:016][106]LogModuleManager: Shutting down and abandoning module LinuxTargetPlatform (111)
[2017.10.28-11.47.45:016][106]LogModuleManager: Shutting down and abandoning module LinuxServerTargetPlatform (109)
[2017.10.28-11.47.45:016][106]LogModuleManager: Shutting down and abandoning module LinuxNoEditorTargetPlatform (107)
[2017.10.28-11.47.45:016][106]LogModuleManager: Shutting down and abandoning module LinuxClientTargetPlatform (105)
[2017.10.28-11.47.45:016][106]LogModuleManager: Shutting down and abandoning module TVOSTargetPlatform (103)
[2017.10.28-11.47.45:016][106]LogModuleManager: Shutting down and abandoning module Messaging (101)
[2017.10.28-11.47.45:016][106]LogModuleManager: Shutting down and abandoning module IOSTargetPlatform (99)
[2017.10.28-11.47.45:016][106]LogModuleManager: Shutting down and abandoning module HTML5TargetPlatform (97)
[2017.10.28-11.47.45:016][106]LogModuleManager: Shutting down and abandoning module Android_PVRTCTargetPlatform (95)
[2017.10.28-11.47.45:016][106]LogModuleManager: Shutting down and abandoning module Android_MultiTargetPlatform (93)
[2017.10.28-11.47.45:016][106]LogModuleManager: Shutting down and abandoning module Android_ETC2TargetPlatform (91)
[2017.10.28-11.47.45:016][106]LogModuleManager: Shutting down and abandoning module Android_ETC1TargetPlatform (89)
[2017.10.28-11.47.45:016][106]LogModuleManager: Shutting down and abandoning module Android_DXTTargetPlatform (87)
[2017.10.28-11.47.45:016][106]LogModuleManager: Shutting down and abandoning module Android_ATCTargetPlatform (85)
[2017.10.28-11.47.45:016][106]LogModuleManager: Shutting down and abandoning module Android_ASTCTargetPlatform (83)
[2017.10.28-11.47.45:017][106]LogModuleManager: Shutting down and abandoning module AndroidTargetPlatform (81)
[2017.10.28-11.47.45:017][106]LogModuleManager: Shutting down and abandoning module WindowsTargetPlatform (79)
[2017.10.28-11.47.45:017][106]LogModuleManager: Shutting down and abandoning module WindowsServerTargetPlatform (77)
[2017.10.28-11.47.45:017][106]LogModuleManager: Shutting down and abandoning module WindowsNoEditorTargetPlatform (75)
[2017.10.28-11.47.45:017][106]LogModuleManager: Shutting down and abandoning module WindowsClientTargetPlatform (73)
[2017.10.28-11.47.45:017][106]LogModuleManager: Shutting down and abandoning module MacTargetPlatform (71)
[2017.10.28-11.47.45:017][106]LogModuleManager: Shutting down and abandoning module MacServerTargetPlatform (69)
[2017.10.28-11.47.45:017][106]LogModuleManager: Shutting down and abandoning module MacNoEditorTargetPlatform (67)
[2017.10.28-11.47.45:017][106]LogModuleManager: Shutting down and abandoning module MacClientTargetPlatform (65)
[2017.10.28-11.47.45:017][106]LogModuleManager: Shutting down and abandoning module AllDesktopTargetPlatform (63)
[2017.10.28-11.47.45:017][106]LogModuleManager: Shutting down and abandoning module InputCore (60)
[2017.10.28-11.47.45:017][106]LogModuleManager: Shutting down and abandoning module Settings (58)
[2017.10.28-11.47.45:017][106]LogModuleManager: Shutting down and abandoning module PhysXCooking (56)
[2017.10.28-11.47.45:017][106]LogModuleManager: Shutting down and abandoning module SteamVR (54)
[2017.10.28-11.47.45:017][106]LogModuleManager: Shutting down and abandoning module OculusHMD (52)
[2017.10.28-11.47.45:027][106]LogModuleManager: Shutting down and abandoning module ExampleDeviceProfileSelector (50)
[2017.10.28-11.47.45:028][106]LogModuleManager: Shutting down and abandoning module OnlineBlueprintSupport (48)
[2017.10.28-11.47.45:028][106]LogModuleManager: Shutting down and abandoning module OnlineSubsystem (44)
[2017.10.28-11.47.45:041][106]LogOnline: Display: Unloading online subsystem: NULL
[2017.10.28-11.47.45:054][106]LogModuleManager: Shutting down and abandoning module XMPP (43)
[2017.10.28-11.47.45:070][106]LogModuleManager: Shutting down and abandoning module HTTP (41)
[2017.10.28-11.47.45:081][106]LogHttp: Display: Http module shutting down, but needs to wait on 1 outstanding Http requests:
[2017.10.28-11.47.45:088][106]LogHttp: Display: 	verb=[POST] url=[https://datarouter.ol.epicgames.com/datarouter/api/v1/public/data?SessionID=%7B5A607FFE-4835-0388-8817-019FF1E19BCD%7D&AppID=UEEditor.Rocket.Release&AppVersion=4.17.1-3586342%2B%2B%2BUE4%2BRelease-4.17&UserID=e19ad0994311ff8e1b38e6913a39a0d8%7C49c699bcdb1142478c3672ec712a3b7b%7C341b144e-e325-4efe-ab56-6bad8d611ed7&AppEnvironment=datacollector-binary&UploadType=eteventstream] status=Processing
[2017.10.28-11.47.45:127][106]LogModuleManager: Shutting down and abandoning module SSL (40)
[2017.10.28-11.47.45:149][106]LogModuleManager: Shutting down and abandoning module AnimationModifiers (36)
[2017.10.28-11.47.45:166][106]LogModuleManager: Shutting down and abandoning module PropertyEditor (35)
[2017.10.28-11.47.45:167][106]LogModuleManager: Shutting down and abandoning module AudioEditor (32)
[2017.10.28-11.47.45:180][106]LogModuleManager: Shutting down and abandoning module TextureCompressor (30)
[2017.10.28-11.47.45:212][106]LogModuleManager: Shutting down and abandoning module ShaderCore (28)
[2017.10.28-11.47.45:212][106]LogModuleManager: Shutting down and abandoning module Landscape (26)
[2017.10.28-11.47.45:212][106]LogModuleManager: Shutting down and abandoning module SlateRHIRenderer (24)
[2017.10.28-11.47.45:230][106]LogModuleManager: Shutting down and abandoning module OpenGLDrv (22)
[2017.10.28-11.47.45:243][106]LogModuleManager: Shutting down and abandoning module D3D11RHI (20)
[2017.10.28-11.47.45:243][106]LogModuleManager: Shutting down and abandoning module AnimGraphRuntime (18)
[2017.10.28-11.47.45:253][106]LogModuleManager: Shutting down and abandoning module Renderer (16)
[2017.10.28-11.47.45:253][106]LogModuleManager: Shutting down and abandoning module Engine (14)
[2017.10.28-11.47.45:267][106]LogModuleManager: Shutting down and abandoning module CoreUObject (12)
[2017.10.28-11.47.45:267][106]LogModuleManager: Shutting down and abandoning module NetworkFile (10)
[2017.10.28-11.47.45:278][106]LogModuleManager: Shutting down and abandoning module CookedIterativeFile (8)
[2017.10.28-11.47.45:293][106]LogModuleManager: Shutting down and abandoning module StreamingFile (6)
[2017.10.28-11.47.45:306][106]LogModuleManager: Shutting down and abandoning module SandboxFile (4)
[2017.10.28-11.47.45:306][106]LogModuleManager: Shutting down and abandoning module PakFile (2)
[2017.10.28-11.47.45:346][106]LogExit: Exiting.
[2017.10.28-11.47.45:460][106]Log file closed, 10/28/17 22:17:45
