Log file open, 10/15/17 18:44:39
LogWindows: LoadLibraryWithSearchPaths failed for file aqProf.dll. GetLastError=0
LogWindows: LoadLibraryWithSearchPaths failed for file VSPerf140.dll. GetLastError=0
LogWindows: LoadLibraryWithSearchPaths failed for file VtuneApi.dll. GetLastError=0
LogWindows: LoadLibraryWithSearchPaths failed for file VtuneApi32e.dll. GetLastError=0
LogInit: Display: Running engine for game: Game
LogPlatformFile: Not using cached read wrapper
LogInit: Display: RandInit(1041289730) SRandInit(1041289730).
LogTaskGraph: Started task graph with 5 named threads and 14 total threads with 3 sets of task threads.
LogStats: Stats thread started at 0.147938
LogD3D11RHI: Aftermath initialized
LogPluginManager: Mounting plugin Paper2D
LogPluginManager: Mounting plugin LightPropagationVolume
LogPluginManager: Mounting plugin CodeLiteSourceCodeAccess
LogPluginManager: Mounting plugin GitSourceControl
LogPluginManager: Mounting plugin KDevelopSourceCodeAccess
LogPluginManager: Mounting plugin NullSourceCodeAccess
LogPluginManager: Mounting plugin PerforceSourceControl
LogPluginManager: Mounting plugin SubversionSourceControl
LogPluginManager: Mounting plugin UObjectPlugin
LogPluginManager: Mounting plugin VisualStudioSourceCodeAccess
LogPluginManager: Mounting plugin XCodeSourceCodeAccess
LogPluginManager: Mounting plugin AssetManagerEditor
LogPluginManager: Mounting plugin AudioCapture
LogPluginManager: Mounting plugin FacialAnimation
LogPluginManager: Mounting plugin GameplayTagsEditor
LogPluginManager: Mounting plugin MobileLauncherProfileWizard
LogPluginManager: Mounting plugin PluginBrowser
LogPluginManager: Mounting plugin SpeedTreeImporter
LogPluginManager: Mounting plugin AlembicImporter
LogPluginManager: Mounting plugin CharacterAI
LogPluginManager: Mounting plugin HTML5Networking
LogPluginManager: Mounting plugin AndroidMedia
LogPluginManager: Mounting plugin AvfMedia
LogPluginManager: Mounting plugin MediaPlayerEditor
LogPluginManager: Mounting plugin WmfMedia
LogPluginManager: Mounting plugin TcpMessaging
LogPluginManager: Mounting plugin UdpMessaging
LogPluginManager: Mounting plugin LevelSequenceEditor
LogPluginManager: Mounting plugin MatineeToLevelSequence
LogPluginManager: Mounting plugin OnlineSubsystemGooglePlay
LogPluginManager: Mounting plugin OnlineSubsystemIOS
LogPluginManager: Mounting plugin OnlineSubsystem
LogPluginManager: Mounting plugin OnlineSubsystemNull
LogPluginManager: Mounting plugin OnlineSubsystemUtils
LogPluginManager: Mounting plugin AndroidDeviceProfileSelector
LogPluginManager: Mounting plugin AndroidMoviePlayer
LogPluginManager: Mounting plugin AndroidPermission
LogPluginManager: Mounting plugin AppleMoviePlayer
LogPluginManager: Mounting plugin ArchVisCharacter
LogPluginManager: Mounting plugin CableComponent
LogPluginManager: Mounting plugin CustomMeshComponent
LogPluginManager: Mounting plugin ExampleDeviceProfileSelector
LogPluginManager: Mounting plugin GoogleCloudMessaging
LogPluginManager: Mounting plugin ImmediatePhysics
LogPluginManager: Mounting plugin IOSDeviceProfileSelector
LogPluginManager: Mounting plugin LinuxDeviceProfileSelector
LogPluginManager: Mounting plugin LocationServicesBPLibrary
LogPluginManager: Mounting plugin MobilePatchingUtils
LogPluginManager: Mounting plugin OculusVR
LogPluginManager: Mounting plugin PhysXVehicles
LogPluginManager: Mounting plugin ProceduralMeshComponent
LogPluginManager: Mounting plugin RuntimePhysXCooking
LogPluginManager: Mounting plugin SteamVR
LogPluginManager: Mounting plugin WindowsMoviePlayer
LogInit: Using libcurl 7.47.1
LogInit:  - built for x86_64-pc-win32
LogInit:  - supports SSL with OpenSSL/1.0.2g
LogInit:  - supports HTTP deflate (compression) using libz 1.2.8
LogInit:  - other features:
LogInit:      CURL_VERSION_SSL
LogInit:      CURL_VERSION_LIBZ
LogInit:      CURL_VERSION_IPV6
LogInit:      CURL_VERSION_ASYNCHDNS
LogInit:      CURL_VERSION_LARGEFILE
LogInit:      CURL_VERSION_IDN
LogInit:  CurlRequestOptions (configurable via config and command line):
LogInit:  - bVerifyPeer = false  - Libcurl will NOT verify peer certificate
LogInit:  - bUseHttpProxy = false  - Libcurl will NOT use HTTP proxy
LogInit:  - bDontReuseConnections = false  - Libcurl will reuse connections
LogInit:  - CertBundlePath = nullptr  - Libcurl will use whatever was configured at build time.
LogInit: Build: ++UE4+Release-4.17-CL-3586342
LogInit: Engine Version: 4.17.1-3586342+++UE4+Release-4.17
LogInit: Compatible Engine Version: 4.17.0-3573198+++UE4+Release-4.17
LogInit: Net CL: 3573198
LogDevObjectVersion: Number of dev versions registered: 16
LogDevObjectVersion:   Dev-Blueprints (B0D832E4-1F89-4F0D-ACCF-7EB736FD4AA2): 10
LogDevObjectVersion:   Dev-Build (E1C64328-A22C-4D53-A36C-8E866417BD8C): 0
LogDevObjectVersion:   Dev-Core (375EC13C-06E4-48FB-B500-84F0262A717E): 2
LogDevObjectVersion:   Dev-Editor (E4B068ED-F494-42E9-A231-DA0B2E46BB41): 20
LogDevObjectVersion:   Dev-Framework (CFFC743F-43B0-4480-9391-14DF171D2073): 28
LogDevObjectVersion:   Dev-Mobile (B02B49B5-BB20-44E9-A304-32B752E40360): 0
LogDevObjectVersion:   Dev-Networking (A4E4105C-59A1-49B5-A7C5-40C4547EDFEE): 0
LogDevObjectVersion:   Dev-Online (39C831C9-5AE6-47DC-9A44-9C173E1C8E7C): 0
LogDevObjectVersion:   Dev-Physics (78F01B33-EBEA-4F98-B9B4-84EACCB95AA2): 0
LogDevObjectVersion:   Dev-Platform (6631380F-2D4D-43E0-8009-CF276956A95A): 0
LogDevObjectVersion:   Dev-Rendering (12F88B9F-8875-4AFC-A67C-D90C383ABD29): 19
LogDevObjectVersion:   Dev-Sequencer (7B5AE74C-D270-4C10-A958-57980B212A5A): 4
LogDevObjectVersion:   Dev-VR (D7296918-1DD6-4BDD-9DE2-64A83CC13884): 0
LogDevObjectVersion:   Dev-LoadTimes (C2A15278-BFE7-4AFE-6C17-90FF531DF755): 1
LogDevObjectVersion:   Private-Geometry (6EACA3D4-40EC-4CC1-B786-8BED09428FC5): 1
LogDevObjectVersion:   Dev-AnimPhys (29E575DD-E0A3-4627-9D10-D276232CDCEA): 7
LogInit: Compiled (64-bit): Aug 15 2017 02:05:26
LogInit: Compiled with Visual C++: 19.00.24215.01
LogInit: Build Configuration: Development
LogInit: Branch Name: ++UE4+Release-4.17
LogInit: Command line: -EpicPortal 
LogInit: Base directory: E:/Program Files/Epic Games/UE_4.17/Engine/Binaries/Win64/
LogInit: Installed Engine Build: 1
LogInit: Presizing for max 8388607 objects, including 0 objects not considered by GC, pre-allocating 0 bytes for permanent pool.
LogInit: Object subsystem initialized
[2017.10.15-08.14.39:763][  0]LogInit: Selected Device Profile: [Windows]
[2017.10.15-08.14.39:763][  0]LogInit: Applying CVar settings loaded from the selected device profile: [Windows]
[2017.10.15-08.14.39:770][  0]LogInit: Computer: BASIL
[2017.10.15-08.14.39:770][  0]LogInit: User: Shane
[2017.10.15-08.14.39:770][  0]LogInit: CPU Page size=4096, Cores=4
[2017.10.15-08.14.39:770][  0]LogInit: High frequency timer resolution =3.417964 MHz
[2017.10.15-08.14.39:770][  0]LogMemory: Memory total: Physical=31.9GB (32GB approx)
[2017.10.15-08.14.39:770][  0]LogMemory: Platform Memory Stats for Windows
[2017.10.15-08.14.39:770][  0]LogMemory: Process Physical Memory: 281.31 MB used, 281.31 MB peak
[2017.10.15-08.14.39:770][  0]LogMemory: Process Virtual Memory: 292.57 MB used, 292.57 MB peak
[2017.10.15-08.14.39:770][  0]LogMemory: Physical Memory: 6475.75 MB used,  26230.14 MB free, 32705.88 MB total
[2017.10.15-08.14.39:770][  0]LogMemory: Virtual Memory: 672.59 MB used,  26230.14 MB free, 134217728.00 MB total
[2017.10.15-08.14.39:852][  0]LogInit: Using OS detected language (en-US).
[2017.10.15-08.14.39:852][  0]LogInit: Using OS detected locale (en-AU).
[2017.10.15-08.14.39:854][  0]LogTextLocalizationManager: No specific localization for 'en-US' exists, so the 'en' localization will be used.
[2017.10.15-08.14.40:348][  0]LogD3D11RHI: D3D11 adapters:
[2017.10.15-08.14.40:376][  0]LogD3D11RHI:    0. 'NVIDIA GeForce GTX 1070' (Feature Level 11_0)
[2017.10.15-08.14.40:376][  0]LogD3D11RHI:       8100/0/16352 MB DedicatedVideo/DedicatedSystem/SharedSystem, Outputs:1, VendorId:0x10de
[2017.10.15-08.14.40:377][  0]LogD3D11RHI:    1. 'Microsoft Basic Render Driver' (Feature Level 11_0)
[2017.10.15-08.14.40:377][  0]LogD3D11RHI:       0/0/16352 MB DedicatedVideo/DedicatedSystem/SharedSystem, Outputs:0, VendorId:0x1414
[2017.10.15-08.14.40:377][  0]LogD3D11RHI: Chosen D3D11 Adapter: 0
[2017.10.15-08.14.40:380][  0]LogD3D11RHI: Creating new Direct3DDevice
[2017.10.15-08.14.40:380][  0]LogD3D11RHI:     GPU DeviceId: 0x1b81 (for the marketing name, search the web for "GPU Device Id")
[2017.10.15-08.14.40:380][  0]LogWindows: EnumDisplayDevices:
[2017.10.15-08.14.40:380][  0]LogWindows:    0. 'NVIDIA GeForce GTX 1070' (P:1 D:1)
[2017.10.15-08.14.40:380][  0]LogWindows:    1. 'NVIDIA GeForce GTX 1070' (P:0 D:0)
[2017.10.15-08.14.40:380][  0]LogWindows:    2. 'NVIDIA GeForce GTX 1070' (P:0 D:0)
[2017.10.15-08.14.40:380][  0]LogWindows:    3. 'NVIDIA GeForce GTX 1070' (P:0 D:0)
[2017.10.15-08.14.40:381][  0]LogWindows: DebugString: FoundDriverCount:4 
[2017.10.15-08.14.40:381][  0]LogD3D11RHI:     Adapter Name: NVIDIA GeForce GTX 1070
[2017.10.15-08.14.40:381][  0]LogD3D11RHI:   Driver Version: 387.92 (internal:23.21.13.8792, unified:387.92)
[2017.10.15-08.14.40:381][  0]LogD3D11RHI:      Driver Date: 10-6-2017
[2017.10.15-08.14.40:381][  0]LogRHI: Texture pool is 1361 MB (70% of 1945 MB)
[2017.10.15-08.14.40:398][  0]LogD3D11RHI: Async texture creation enabled
[2017.10.15-08.14.40:427][  0]LogD3D11RHI: GPU Timing Frequency: 1000.000000 (Debug: 2 2)
[2017.10.15-08.14.40:469][  0]LogShaderCompilers: Guid format shader working directory is -3 characters bigger than the processId version (C:/Users/Shane/Documents/GitHub/PewPewGames/Game/Intermediate/Shaders/WorkingDirectory/12316/).
[2017.10.15-08.14.40:470][  0]LogShaderCompilers: Cleaned the shader compiler working directory 'C:/Users/Shane/AppData/Local/Temp/UnrealShaderWorkingDir/EBC5A5F2438808F883F529AC6DE98F91/'.
[2017.10.15-08.14.40:470][  0]LogShaderCompilers: Display: Using Local Shader Compiler.
[2017.10.15-08.14.41:122][  0]LogTemp: Display: Loaded TP AllDesktopTargetPlatform
[2017.10.15-08.14.41:154][  0]LogTemp: Display: Loaded TP MacClientTargetPlatform
[2017.10.15-08.14.41:184][  0]LogTemp: Display: Loaded TP MacNoEditorTargetPlatform
[2017.10.15-08.14.41:215][  0]LogTemp: Display: Loaded TP MacServerTargetPlatform
[2017.10.15-08.14.41:254][  0]LogTemp: Display: Loaded TP MacTargetPlatform
[2017.10.15-08.14.41:285][  0]LogTemp: Display: Loaded TP WindowsClientTargetPlatform
[2017.10.15-08.14.41:316][  0]LogTemp: Display: Loaded TP WindowsNoEditorTargetPlatform
[2017.10.15-08.14.41:346][  0]LogTemp: Display: Loaded TP WindowsServerTargetPlatform
[2017.10.15-08.14.41:375][  0]LogTemp: Display: Loaded TP WindowsTargetPlatform
[2017.10.15-08.14.41:404][  0]LogTemp: Display: Loaded TP AndroidTargetPlatform
[2017.10.15-08.14.41:438][  0]LogTemp: Display: Loaded TP Android_ASTCTargetPlatform
[2017.10.15-08.14.41:468][  0]LogTemp: Display: Loaded TP Android_ATCTargetPlatform
[2017.10.15-08.14.41:498][  0]LogTemp: Display: Loaded TP Android_DXTTargetPlatform
[2017.10.15-08.14.41:527][  0]LogTemp: Display: Loaded TP Android_ETC1TargetPlatform
[2017.10.15-08.14.41:557][  0]LogTemp: Display: Loaded TP Android_ETC2TargetPlatform
[2017.10.15-08.14.41:617][  0]LogTemp: Display: Loaded TP Android_MultiTargetPlatform
[2017.10.15-08.14.41:617][  0]LogTemp: Display: Loaded TP Android_PVRTCTargetPlatform
[2017.10.15-08.14.41:639][  0]LogTemp: Display: Loaded TP HTML5TargetPlatform
[2017.10.15-08.14.41:701][  0]LogTemp: Display: Loaded TP IOSTargetPlatform
[2017.10.15-08.14.41:718][  0]LogTemp: Display: Loaded TP TVOSTargetPlatform
[2017.10.15-08.14.41:748][  0]LogTemp: Display: Loaded TP LinuxClientTargetPlatform
[2017.10.15-08.14.41:777][  0]LogTemp: Display: Loaded TP LinuxNoEditorTargetPlatform
[2017.10.15-08.14.41:807][  0]LogTemp: Display: Loaded TP LinuxServerTargetPlatform
[2017.10.15-08.14.41:838][  0]LogTemp: Display: Loaded TP LinuxTargetPlatform
[2017.10.15-08.14.41:838][  0]LogTargetPlatformManager: Display: Building Assets For Windows
[2017.10.15-08.14.42:101][  0]LogDerivedDataCache: Display: Max Cache Size: 512 MB
[2017.10.15-08.14.42:170][  0]LogDerivedDataCache: Loaded boot cache 0.07s 93MB C:/Users/Shane/AppData/Local/UnrealEngine/4.17/DerivedDataCache/Boot.ddc.
[2017.10.15-08.14.42:170][  0]LogDerivedDataCache: Display: Loaded Boot cache: C:/Users/Shane/AppData/Local/UnrealEngine/4.17/DerivedDataCache/Boot.ddc
[2017.10.15-08.14.42:170][  0]LogDerivedDataCache: FDerivedDataBackendGraph:  Pak pak cache file C:/Users/Shane/Documents/GitHub/PewPewGames/Game/DerivedDataCache/DDC.ddp not found, will not use a pak cache.
[2017.10.15-08.14.42:170][  0]LogDerivedDataCache: Unable to find inner node Pak for hierarchical cache Hierarchy.
[2017.10.15-08.14.42:170][  0]LogDerivedDataCache: FDerivedDataBackendGraph:  CompressedPak pak cache file C:/Users/Shane/Documents/GitHub/PewPewGames/Game/DerivedDataCache/Compressed.ddp not found, will not use a pak cache.
[2017.10.15-08.14.42:170][  0]LogDerivedDataCache: Unable to find inner node CompressedPak for hierarchical cache Hierarchy.
[2017.10.15-08.14.42:184][  0]LogDerivedDataCache: Display: Pak cache opened for reading ../../../Engine/DerivedDataCache/Compressed.ddp.
[2017.10.15-08.14.42:196][  0]LogDerivedDataCache: Using Local data cache path C:/Users/Shane/AppData/Local/UnrealEngine/Common/DerivedDataCache: Writable
[2017.10.15-08.14.42:203][  0]LogMaterial: Verifying Global Shaders for PCD3D_SM5
[2017.10.15-08.14.42:203][  0]LogSlate: Using Freetype 2.6.0
[2017.10.15-08.14.42:204][  0]LogSlate: SlateFontCache - WITH_FREETYPE: 1, WITH_HARFBUZZ: 1
[2017.10.15-08.14.42:204][  0]LogSlate: SlateFontCache - WITH_FREETYPE: 1, WITH_HARFBUZZ: 1
[2017.10.15-08.14.42:409][  0]LogAssetRegistry: FAssetRegistry took 0.0247 seconds to start up
[2017.10.15-08.14.42:487][  0]LogInit: Selected Device Profile: [Windows]
[2017.10.15-08.14.42:709][  0]LogSimplygon: Simplygon DLL not present - disabling.
[2017.10.15-08.14.42:732][  0]LogMeshReduction: Using SimplygonSwarm for distributed automatic mesh merging
[2017.10.15-08.14.42:733][  0]LogMeshReduction: Using QuadricMeshReduction for automatic static mesh reduction
[2017.10.15-08.14.42:733][  0]LogMeshReduction: No automatic skeletal mesh reduction module available
[2017.10.15-08.14.42:733][  0]LogMeshReduction: No automatic mesh merging module available
[2017.10.15-08.14.42:733][  0]LogMeshMerging: No automatic mesh merging module available
[2017.10.15-08.14.42:734][  0]LogContentStreaming: Texture pool size is 0.00 MB
[2017.10.15-08.14.43:028][  0]LogNetVersion: Game , NetCL: 3573198, EngineNetVer: 2, GameNetVer: 0 (Checksum: 2957514414)
[2017.10.15-08.14.43:171][  0]LogPackageLocalizationCache: Processed 5 localized package path(s) for 2 prioritized culture(s) in 0.039305 seconds
[2017.10.15-08.14.43:175][  0]LogUObjectArray: 35825 objects as part of root set at end of initial load.
[2017.10.15-08.14.43:175][  0]LogUObjectAllocator: 7529112 out of 0 bytes used by permanent object pool.
[2017.10.15-08.14.43:175][  0]LogUObjectArray: CloseDisregardForGC: 0/0 objects in disregard for GC pool
[2017.10.15-08.14.43:206][  0]LogInit: WinSock: version 1.1 (2.2), MaxSocks=32767, MaxUdp=65467
[2017.10.15-08.14.44:999][  0]LogTcpMessaging: Initializing TcpMessaging bridge
[2017.10.15-08.14.45:028][  0]LogUdpMessaging: Initializing bridge on interface 0.0.0.0:0 to multicast group 230.0.0.1:6666.
[2017.10.15-08.14.45:454][  0]LogMaterial: Uniform references updated for custom material expression Custom.
[2017.10.15-08.14.45:723][  0]SourceControl: Source control is disabled
[2017.10.15-08.14.45:724][  0]SourceControl: Source control is disabled
[2017.10.15-08.14.45:757][  0]SourceControl: Source control is disabled
[2017.10.15-08.14.45:787][  0]SourceControl: Source control is disabled
[2017.10.15-08.14.46:151][  0]LogAndroidPermission: UAndroidPermissionCallbackProxy::GetInstance
[2017.10.15-08.14.46:306][  0]LogOcInput: OculusInput pre-init called
[2017.10.15-08.14.46:470][  0]LogEngine: Initializing Engine...
[2017.10.15-08.14.46:471][  0]LogHMD: Failed to initialize OpenVR with code 100
[2017.10.15-08.14.46:627][  0]LogStats: UGameplayTagsManager::ConstructGameplayTagTree: Construct from data asset -  0.000 s
[2017.10.15-08.14.46:627][  0]LogStats: UGameplayTagsManager::ConstructGameplayTagTree: GameplayTagTreeChangedEvent.Broadcast -  0.000 s
[2017.10.15-08.14.46:706][  0]LogAIModule: Creating AISystem for world Untitled
[2017.10.15-08.14.46:712][  0]LogInit: XAudio2 using 'Speakers (3- Sennheiser 3D G4ME1)' : 2 channels at 44.1 kHz using 16 bits per sample (channel mask 0x3)
[2017.10.15-08.14.46:718][  0]LogInit: FAudioDevice initialized.
[2017.10.15-08.14.46:784][  0]LogDerivedDataCache: Saved boot cache 0.07s 93MB C:/Users/Shane/AppData/Local/UnrealEngine/4.17/DerivedDataCache/Boot.ddc.
[2017.10.15-08.14.46:793][  0]LogInit: Texture streaming: Enabled
[2017.10.15-08.14.46:853][  0]LogEngineSessionManager: EngineSessionManager initialized
[2017.10.15-08.14.46:984][  0]LogInit: Transaction tracking system initialized
[2017.10.15-08.14.47:173][  0]BlueprintLog: New page: Editor Load
[2017.10.15-08.14.47:698][  0]LocalizationService: Localization service is disabled
[2017.10.15-08.14.48:123][  0]LogConsoleResponse: Display: 
[2017.10.15-08.14.48:243][  0]LogCook: Display: Max memory allowance for cook 16384mb min free memory 0mb
[2017.10.15-08.14.48:243][  0]LogCook: Display: Mobile HDR setting 1
[2017.10.15-08.14.48:243][  0]LogGameplayTags: Display: UGameplayTagsManager::DoneAddingNativeTags. DelegateIsBound: 0
[2017.10.15-08.14.48:440][  0]LogFileCache: Scanning file cache for directory 'C:/Users/Shane/Documents/GitHub/PewPewGames/Game/Content/' took 0.02s
[2017.10.15-08.14.48:880][  0]SourceControl: Source control is disabled
[2017.10.15-08.14.48:880][  0]Cmd: MAP LOAD FILE="C:/Users/Shane/Documents/GitHub/PewPewGames/Game/Content/FirstPersonBP/Maps/FirstPersonExampleMap.umap" TEMPLATE=0 SHOWPROGRESS=1 FEATURELEVEL=3
[2017.10.15-08.14.48:881][  0]LightingResults: New page: Lighting Build
[2017.10.15-08.14.48:905][  0]MapCheck: New page: Map Check
[2017.10.15-08.14.48:905][  0]LightingResults: New page: Lighting Build
[2017.10.15-08.14.49:307][  0]LogBlueprint: Warning: [Compiler Ue4ASP_Character] InputAction Event references unknown Action 'Crouch' for  InputAction Crouch
[2017.10.15-08.14.49:315][  0]LogBlueprint: Warning: [Compiler Ue4ASP_Character] [0010.85] Compile of Ue4ASP_Character successful, but with 1 Warning(s) [in 26 ms] (/Game/AnimStarterPack/Ue4ASP_Character.Ue4ASP_Character)
[2017.10.15-08.14.49:933][  0]LogAIModule: Creating AISystem for world FirstPersonExampleMap
[2017.10.15-08.14.49:948][  0]LogEditorServer: Finished looking for orphan Actors (0.000 secs)
[2017.10.15-08.14.49:969][  0]Cmd: MAP CHECKDEP NOCLEARLOG
[2017.10.15-08.14.50:057][  0]MapCheck: Map check complete: 0 Error(s), 0 Warning(s), took 87.507ms to complete.
[2017.10.15-08.14.50:057][  0]LogFileHelpers: Loading map 'FirstPersonExampleMap' took 1.177
[2017.10.15-08.14.50:103][  0]LogWindowsTextInputMethodSystem: Display: IME system now deactivated.
[2017.10.15-08.14.50:158][  0]LogCollectionManager: Loaded 0 collections in 0.000971 seconds
[2017.10.15-08.14.50:220][  0]LogFileCache: Scanning file cache for directory 'C:/Users/Shane/Documents/GitHub/PewPewGames/Game/Saved/Collections/' took 0.01s
[2017.10.15-08.14.50:220][  0]LogFileCache: Scanning file cache for directory 'C:/Users/Shane/Documents/GitHub/PewPewGames/Game/Content/Developers/Shane/Collections/' took 0.01s
[2017.10.15-08.14.50:220][  0]LogFileCache: Scanning file cache for directory 'C:/Users/Shane/Documents/GitHub/PewPewGames/Game/Content/Collections/' took 0.01s
[2017.10.15-08.14.50:220][  0]LogCollectionManager: Rebuilt the GUID cache for 0 collections in 0.000000 seconds
[2017.10.15-08.14.50:226][  0]LogContentBrowser: Native class hierarchy populated in 0.0064 seconds. Added 2386 classes and 500 folders.
[2017.10.15-08.14.50:264][  0]LogContentBrowser: Native class hierarchy updated for 'WidgetCarousel' in 0.0005 seconds. Added 0 classes and 0 folders.
[2017.10.15-08.14.50:304][  0]LogContentBrowser: Native class hierarchy updated for 'AddContentDialog' in 0.0005 seconds. Added 0 classes and 0 folders.
[2017.10.15-08.14.50:330][  0]LogContentBrowser: Native class hierarchy updated for 'SceneOutliner' in 0.0005 seconds. Added 1 classes and 2 folders.
[2017.10.15-08.14.50:345][  0]LogSlate: Took 0.000240 seconds to synchronously load lazily loaded font '../../../Engine/Content/Slate/Fonts/Roboto-Regular.ttf' (155K)
[2017.10.15-08.14.50:346][  0]LogSlate: Took 0.000197 seconds to synchronously load lazily loaded font '../../../Engine/Content/Slate/Fonts/Roboto-Bold.ttf' (160K)
[2017.10.15-08.14.50:349][  0]LogSlate: Took 0.000196 seconds to synchronously load lazily loaded font '../../../Engine/Content/Editor/Slate/Fonts/FontAwesome.ttf' (139K)
[2017.10.15-08.14.50:420][  0]LogRenderer: Reallocating scene render targets to support 2172x836 Format 10 NumSamples 1 (Frame:1).
[2017.10.15-08.14.50:551][  0]LogContentBrowser: Native class hierarchy updated for 'HierarchicalLODOutliner' in 0.0005 seconds. Added 1 classes and 2 folders.
[2017.10.15-08.14.50:552][  0]LogLoad: (Engine Initialization) Total time: 12.08 seconds
[2017.10.15-08.14.50:552][  0]LogLoad: (Engine Initialization) Total Blueprint compile time: 0.00 seconds
[2017.10.15-08.14.50:552][  0]LogExternalProfiler: No external profilers were discovered.  External profiling features will not be available.
[2017.10.15-08.14.50:578][  0]LogAssetRegistry: Asset discovery search completed in 8.1909 seconds
[2017.10.15-08.14.50:580][  0]LogCollectionManager: Rebuilt the object cache for 0 collections in 0.000001 seconds (found 0 objects)
[2017.10.15-08.14.50:580][  0]LogCollectionManager: Fixed up redirectors for 0 collections in 0.000033 seconds (updated 0 objects)
[2017.10.15-08.14.50:582][  0]LogContentStreaming: Texture pool size now 1000 MB
[2017.10.15-08.16.03:832][166]LogTemp: Repeating last play command: Selected Viewport
[2017.10.15-08.16.03:984][166]LogBlueprintUserMessages: Early PlayInEditor Detection: Level '/Game/FirstPersonBP/Maps/FirstPersonExampleMap.FirstPersonExampleMap:PersistentLevel' has LevelScriptBlueprint '/Game/FirstPersonBP/Maps/FirstPersonExampleMap.FirstPersonExampleMap:PersistentLevel.FirstPersonExampleMap' with GeneratedClass '/Game/FirstPersonBP/Maps/FirstPersonExampleMap.FirstPersonExampleMap_C' with ClassGeneratedBy '/Game/FirstPersonBP/Maps/FirstPersonExampleMap.FirstPersonExampleMap:PersistentLevel.FirstPersonExampleMap'
[2017.10.15-08.16.03:984][166]LogPlayLevel: PlayLevel: No blueprints needed recompiling
[2017.10.15-08.16.03:984][166]PIE: New page: PIE session: FirstPersonExampleMap (16 Oct 2017 5:16:03 am)
[2017.10.15-08.16.03:984][166]LogPlayLevel: Creating play world package: /Game/FirstPersonBP/Maps/UEDPIE_0_FirstPersonExampleMap
[2017.10.15-08.16.04:000][166]LogPlayLevel: PIE: StaticDuplicateObject took: (0.015903s)
[2017.10.15-08.16.04:001][166]LogAIModule: Creating AISystem for world FirstPersonExampleMap
[2017.10.15-08.16.04:001][166]LogPlayLevel: PIE: World Init took: (0.000613s)
[2017.10.15-08.16.04:001][166]LogPlayLevel: PIE: Created PIE world by copying editor world from /Game/FirstPersonBP/Maps/FirstPersonExampleMap.FirstPersonExampleMap to /Game/FirstPersonBP/Maps/UEDPIE_0_FirstPersonExampleMap.FirstPersonExampleMap (0.016770s)
[2017.10.15-08.16.04:015][166]LogInit: XAudio2 using 'Speakers (3- Sennheiser 3D G4ME1)' : 2 channels at 44.1 kHz using 16 bits per sample (channel mask 0x3)
[2017.10.15-08.16.04:019][166]LogInit: FAudioDevice initialized.
[2017.10.15-08.16.04:056][166]LogLoad: Game class is 'FirstPersonGameMode_C'
[2017.10.15-08.16.04:060][166]LogWorld: Bringing World /Game/FirstPersonBP/Maps/UEDPIE_0_FirstPersonExampleMap.FirstPersonExampleMap up for play (max tick rate 0) at 2017.10.15-18.46.04
[2017.10.15-08.16.04:061][166]LogWorld: Bringing up level for play took: 0.004153
[2017.10.15-08.16.04:086][166]LogContentBrowser: Native class hierarchy updated for 'MovieSceneCapture' in 0.0005 seconds. Added 11 classes and 0 folders.
[2017.10.15-08.16.04:088][166]PIE: Play in editor start time for /Game/FirstPersonBP/Maps/UEDPIE_0_FirstPersonExampleMap 0.922
[2017.10.15-08.16.04:088][166]LogBlueprintUserMessages: Late PlayInEditor Detection: Level '/Game/FirstPersonBP/Maps/FirstPersonExampleMap.FirstPersonExampleMap:PersistentLevel' has LevelScriptBlueprint '/Game/FirstPersonBP/Maps/FirstPersonExampleMap.FirstPersonExampleMap:PersistentLevel.FirstPersonExampleMap' with GeneratedClass '/Game/FirstPersonBP/Maps/FirstPersonExampleMap.FirstPersonExampleMap_C' with ClassGeneratedBy '/Game/FirstPersonBP/Maps/FirstPersonExampleMap.FirstPersonExampleMap:PersistentLevel.FirstPersonExampleMap'
[2017.10.15-08.16.12:334][985]LogSpawn: Warning: SpawnActor failed because of collision at the spawn location [X=-5040.703 Y=-2679.200 Z=302.863] for [FirstPersonProjectile_C]
[2017.10.15-08.16.12:494][  1]LogSpawn: Warning: SpawnActor failed because of collision at the spawn location [X=-4958.864 Y=-2712.094 Z=304.503] for [FirstPersonProjectile_C]
[2017.10.15-08.16.12:705][ 22]LogSpawn: Warning: SpawnActor failed because of collision at the spawn location [X=-4989.802 Y=-2724.205 Z=303.021] for [FirstPersonProjectile_C]
[2017.10.15-08.16.12:925][ 44]LogCharacterMovement: AI_Character_86 is stuck and failed to move! Velocity: X=126.90 Y=-121.70 Z=0.00 Location: X=-5010.50 Y=-2590.74 Z=269.23 Normal: X=0.45 Y=0.76 Z=0.47 PenetrationDepth:4.791 Actor:AI_Character2_181 Component:CharacterMesh0 BoneName:foot_r (0 other events since notify)
[2017.10.15-08.16.13:468][ 98]LogSpawn: Warning: SpawnActor failed because of collision at the spawn location [X=-4902.931 Y=-2722.567 Z=301.007] for [FirstPersonProjectile_C]
[2017.10.15-08.16.13:497][101]LogCharacterMovement: FirstPersonCharacter_C_1 is stuck and failed to move! Velocity: X=321.57 Y=0.00 Z=0.00 Location: X=-4840.64 Y=-2784.99 Z=268.15 Normal: X=0.13 Y=-0.99 Z=-0.00 PenetrationDepth:1.889 Actor:AI_Character_86 Component:CharacterMesh0 BoneName:hand_r (0 other events since notify)
[2017.10.15-08.17.02:790][ 13]LogBlueprintUserMessages: Early EndPlayMap Detection: Level '/Game/FirstPersonBP/Maps/FirstPersonExampleMap.FirstPersonExampleMap:PersistentLevel' has LevelScriptBlueprint '/Game/FirstPersonBP/Maps/FirstPersonExampleMap.FirstPersonExampleMap:PersistentLevel.FirstPersonExampleMap' with GeneratedClass '/Game/FirstPersonBP/Maps/FirstPersonExampleMap.FirstPersonExampleMap_C' with ClassGeneratedBy '/Game/FirstPersonBP/Maps/FirstPersonExampleMap.FirstPersonExampleMap:PersistentLevel.FirstPersonExampleMap'
[2017.10.15-08.17.02:827][ 13]LogBlueprintUserMessages: Late EndPlayMap Detection: Level '/Game/FirstPersonBP/Maps/FirstPersonExampleMap.FirstPersonExampleMap:PersistentLevel' has LevelScriptBlueprint '/Game/FirstPersonBP/Maps/FirstPersonExampleMap.FirstPersonExampleMap:PersistentLevel.FirstPersonExampleMap' with GeneratedClass '/Game/FirstPersonBP/Maps/FirstPersonExampleMap.FirstPersonExampleMap_C' with ClassGeneratedBy '/Game/FirstPersonBP/Maps/FirstPersonExampleMap.FirstPersonExampleMap:PersistentLevel.FirstPersonExampleMap'
[2017.10.15-08.17.13:873][688]LogSlate: Took 0.000247 seconds to synchronously load lazily loaded font '../../../Engine/Content/Slate/Fonts/Roboto-Light.ttf' (159K)
[2017.10.15-08.17.13:881][688]LogFactory: FactoryCreateFile: StaticMesh with FbxFactory (0 0 C:/Users/Shane/Documents/GitHub/PewPewGames/pistol(withflash).fbx)
[2017.10.15-08.17.13:907][688]LogFbx: ItemName: GlobalSettings, ItemCount : 1
[2017.10.15-08.17.13:907][688]LogFbx: ItemName: AnimationStack, ItemCount : 1
[2017.10.15-08.17.13:907][688]LogFbx: ItemName: AnimationLayer, ItemCount : 1
[2017.10.15-08.17.13:907][688]LogFbx: ItemName: NodeAttribute, ItemCount : 19
[2017.10.15-08.17.13:907][688]LogFbx: ItemName: Model, ItemCount : 20
[2017.10.15-08.17.13:907][688]LogFbx: ItemName: Geometry, ItemCount : 1
[2017.10.15-08.17.13:907][688]LogFbx: ItemName: Material, ItemCount : 6
[2017.10.15-08.17.13:907][688]LogFbx: ItemName: AnimationCurveNode, ItemCount : 36
[2017.10.15-08.17.13:907][688]LogFbx: ItemName: AnimationCurve, ItemCount : 90
[2017.10.15-08.17.13:911][688]LogFbx: Loading FBX Scene from C:/Users/Shane/Documents/GitHub/PewPewGames/pistol(withflash).fbx
[2017.10.15-08.17.13:920][688]LogFbx: FBX Scene Loaded Succesfully
[2017.10.15-08.17.23:241][688]LogFbx: Loading FBX Scene from C:/Users/Shane/Documents/GitHub/PewPewGames/pistol(withflash).fbx
[2017.10.15-08.17.23:250][688]LogFbx: FBX Scene Loaded Succesfully
[2017.10.15-08.17.23:250][688]LogFbx: =================================================
[2017.10.15-08.17.23:250][688]LogFbx: Dumping Node START [pSphere2] 
[2017.10.15-08.17.23:250][688]LogFbx: 	Total Deformer Count -274498936.
[2017.10.15-08.17.23:250][688]LogFbx: 	Attribute () Type (4).
[2017.10.15-08.17.23:250][688]LogFbx: 		[Node Attribute Child 1] pSphere2 (Type Mesh).
[2017.10.15-08.17.23:250][688]LogFbx: Dumping Node END [pSphere2]
[2017.10.15-08.17.23:250][688]LogFbx: =================================================
[2017.10.15-08.17.23:250][688]LogFbx: Dumping Node START [pSphere2] 
[2017.10.15-08.17.23:250][688]LogFbx: 	Total Deformer Count -274499496.
[2017.10.15-08.17.23:250][688]LogFbx: 	Attribute () Type (4).
[2017.10.15-08.17.23:250][688]LogFbx: 		[Node Attribute Child 1] pSphere2 (Type Mesh).
[2017.10.15-08.17.23:250][688]LogFbx: Dumping Node END [pSphere2]
[2017.10.15-08.17.23:251][688]LogFbx: Triangulating skeletal mesh pSphere2
[2017.10.15-08.17.23:370][688]LogFbx: Warning: Bones digested - 1  Depth of hierarchy - 1
[2017.10.15-08.17.23:396][688]LogSkeletalMesh: Section 0: 53 vertices, 1 active bones
[2017.10.15-08.17.23:396][688]LogSkeletalMesh: Section 1: 906 vertices, 1 active bones
[2017.10.15-08.17.23:396][688]LogSkeletalMesh: Section 2: 292 vertices, 1 active bones
[2017.10.15-08.17.23:396][688]LogSkeletalMesh: Section 3: 6 vertices, 1 active bones
[2017.10.15-08.17.23:396][688]LogSkeletalMesh: Section 4: 40 vertices, 1 active bones
[2017.10.15-08.17.23:396][688]LogSkeletalMesh: Section 5: 32 vertices, 1 active bones
[2017.10.15-08.17.23:397][688]LogSkeletalMesh: Section 0: Material=0, 63 triangles
[2017.10.15-08.17.23:397][688]LogSkeletalMesh: Section 1: Material=1, 1236 triangles
[2017.10.15-08.17.23:397][688]LogSkeletalMesh: Section 2: Material=2, 320 triangles
[2017.10.15-08.17.23:397][688]LogSkeletalMesh: Section 3: Material=3, 4 triangles
[2017.10.15-08.17.23:397][688]LogSkeletalMesh: Section 4: Material=4, 34 triangles
[2017.10.15-08.17.23:397][688]LogSkeletalMesh: Section 5: Material=5, 36 triangles
[2017.10.15-08.17.23:398][688]LogLinker: Can't find file '/Game/PPGContent/Doors/Automatic_slidedoor/pistol_withflash__Skeleton'
[2017.10.15-08.17.23:398][688]LogLinker: Can't find file '/Game/PPGContent/Doors/Automatic_slidedoor/pistol_withflash__Skeleton'
[2017.10.15-08.17.23:400][688]LogLinker: Can't find file '/Game/PPGContent/Doors/Automatic_slidedoor/pistol_withflash__PhysicsAsset'
[2017.10.15-08.17.23:400][688]LogLinker: Can't find file '/Game/PPGContent/Doors/Automatic_slidedoor/pistol_withflash__PhysicsAsset'
[2017.10.15-08.17.23:402][688]LogSkeletalMesh: USkeletalMeshComponent::InitArticulated : Could not find root physics body: '/Engine/Transient.World_2:PersistentLevel.SkeletalMeshActor_0.SkeletalMeshComponent0'
[2017.10.15-08.17.23:406][688]FBXImport: Warning: No smoothing group information was found in this FBX scene.  Please make sure to enable the 'Export Smoothing Groups' option in the FBX Exporter plug-in before exporting the file.  Even for tools that don't support smoothing groups, the FBX Exporter will generate appropriate smoothing data at export-time so that correct vertex normals can be inferred while importing. 
[2017.10.15-08.17.23:406][688]FBXImport: Warning: Could not find the bind pose.  It will use time 0 as bind pose. 
[2017.10.15-08.18.17:349][818]LogSlate: Took 0.000227 seconds to synchronously load lazily loaded font '../../../Engine/Content/Slate/Fonts/Roboto-Light.ttf' (159K)
[2017.10.15-08.18.33:463][247]LogSlate: Took 0.000196 seconds to synchronously load lazily loaded font '../../../Engine/Content/Slate/Fonts/Roboto-Light.ttf' (159K)
[2017.10.15-08.20.14:341][955]LogSavePackage: Save=1.48ms
[2017.10.15-08.20.14:341][955]LogSavePackage: Moving 'C:/Users/Shane/Documents/GitHub/PewPewGames/Game/Saved/pistol_withflash__PhysicsAssetE796BC2342F3F79841EE77AEC2B35CAB.tmp' to 'C:/Users/Shane/Documents/GitHub/PewPewGames/Game/Content/PPGContent/Doors/Automatic_slidedoor/pistol_withflash__PhysicsAsset.uasset'
[2017.10.15-08.20.14:344][955]LogSavePackage: Display: Finished SavePackage C:/Users/Shane/Documents/GitHub/PewPewGames/Game/Content/PPGContent/Doors/Automatic_slidedoor/pistol_withflash__PhysicsAsset.uasset
[2017.10.15-08.20.16:339][ 22]LogSavePackage: Save=1.26ms
[2017.10.15-08.20.16:339][ 22]LogSavePackage: Moving 'C:/Users/Shane/Documents/GitHub/PewPewGames/Game/Saved/pistol_withflash__SkeletonCF6092D5418B657B6CCDD5B7C227734D.tmp' to 'C:/Users/Shane/Documents/GitHub/PewPewGames/Game/Content/PPGContent/Doors/Automatic_slidedoor/pistol_withflash__Skeleton.uasset'
[2017.10.15-08.20.16:343][ 22]LogSavePackage: Display: Finished SavePackage C:/Users/Shane/Documents/GitHub/PewPewGames/Game/Content/PPGContent/Doors/Automatic_slidedoor/pistol_withflash__Skeleton.uasset
[2017.10.15-08.25.49:852][442]LogSavePackage: Save=108.59ms
[2017.10.15-08.25.49:852][442]LogSavePackage: Moving 'C:/Users/Shane/Documents/GitHub/PewPewGames/Game/Saved/FirstPersonExampleMap_Auto1845564B946869C162DFDC1AB47495641.tmp' to 'C:/Users/Shane/Documents/GitHub/PewPewGames/Game/Saved/Autosaves/Game/FirstPersonBP/Maps/FirstPersonExampleMap_Auto1.umap'
[2017.10.15-08.25.49:854][442]LogSavePackage: Display: Finished SavePackage C:/Users/Shane/Documents/GitHub/PewPewGames/Game/Saved/Autosaves/Game/FirstPersonBP/Maps/FirstPersonExampleMap_Auto1.umap
[2017.10.15-08.25.49:856][442]LogFileHelpers: Editor autosave (incl. sublevels) for '/Game/FirstPersonBP/Maps/FirstPersonExampleMap' took 0.167
[2017.10.15-08.25.49:856][442]LogFileHelpers: Editor autosave (incl. sublevels) for all levels took 0.167
[2017.10.15-08.25.49:904][442]OBJ SavePackage: Generating thumbnails for [1] asset(s) in package [/Game/PPGContent/Doors/Automatic_slidedoor/pistol_withflash_] ([1] browsable assets)...
[2017.10.15-08.25.49:932][442]OBJ SavePackage:     Rendered thumbnail for [SkeletalMesh /Game/PPGContent/Doors/Automatic_slidedoor/pistol_withflash_.pistol_withflash_]
[2017.10.15-08.25.49:932][442]OBJ SavePackage: Finished generating thumbnails for package [/Game/PPGContent/Doors/Automatic_slidedoor/pistol_withflash_]
[2017.10.15-08.25.49:943][442]LogSavePackage: Save=9.54ms
[2017.10.15-08.25.49:943][442]LogSavePackage: Moving 'C:/Users/Shane/Documents/GitHub/PewPewGames/Game/Saved/pistol_withflash__Auto1D1747B4748C215F76F3420A9AF747759.tmp' to 'C:/Users/Shane/Documents/GitHub/PewPewGames/Game/Saved/Autosaves/Game/PPGContent/Doors/Automatic_slidedoor/pistol_withflash__Auto1.uasset'
[2017.10.15-08.25.49:945][442]LogSavePackage: Display: Finished SavePackage C:/Users/Shane/Documents/GitHub/PewPewGames/Game/Saved/Autosaves/Game/PPGContent/Doors/Automatic_slidedoor/pistol_withflash__Auto1.uasset
[2017.10.15-08.25.49:945][442]LogFileHelpers: Auto-saving content packages took 0.042
[2017.10.15-08.44.47:351][417]LogSlate: Warning: Prevented a slow task dialog from being summoned while a context menu was open
[2017.10.15-08.45.27:021][ 27]LogEditorViewport: Clicking on Actor (LMB): StaticMeshActor (Map)
[2017.10.15-08.45.28:110][121]LogEditorViewport: Clicking on Actor (LMB): SkeletalMeshActor (pistol_withflash_)
[2017.10.15-08.45.31:031][390]LogEditorViewport: Clicking on Actor (context menu): SkeletalMeshActor (pistol_withflash_)
[2017.10.15-08.45.33:636][522]LogEditorViewport: Clicking on Actor (LMB): SkeletalMeshActor (pistol_withflash_)
[2017.10.15-08.46.00:228][371]LogTemp: Repeating last play command: Selected Viewport
[2017.10.15-08.46.00:251][371]LogBlueprintUserMessages: Early PlayInEditor Detection: Level '/Game/FirstPersonBP/Maps/FirstPersonExampleMap.FirstPersonExampleMap:PersistentLevel' has LevelScriptBlueprint '/Game/FirstPersonBP/Maps/FirstPersonExampleMap.FirstPersonExampleMap:PersistentLevel.FirstPersonExampleMap' with GeneratedClass '/Game/FirstPersonBP/Maps/FirstPersonExampleMap.FirstPersonExampleMap_C' with ClassGeneratedBy '/Game/FirstPersonBP/Maps/FirstPersonExampleMap.FirstPersonExampleMap:PersistentLevel.FirstPersonExampleMap'
[2017.10.15-08.46.00:251][371]LogPlayLevel: PlayLevel: No blueprints needed recompiling
[2017.10.15-08.46.00:251][371]PIE: New page: PIE session: FirstPersonExampleMap (16 Oct 2017 5:46:00 am)
[2017.10.15-08.46.00:251][371]LogPlayLevel: Creating play world package: /Game/FirstPersonBP/Maps/UEDPIE_0_FirstPersonExampleMap
[2017.10.15-08.46.00:267][371]LogPlayLevel: PIE: StaticDuplicateObject took: (0.015821s)
[2017.10.15-08.46.00:267][371]LogAIModule: Creating AISystem for world FirstPersonExampleMap
[2017.10.15-08.46.00:268][371]LogPlayLevel: PIE: World Init took: (0.000717s)
[2017.10.15-08.46.00:268][371]LogPlayLevel: PIE: Created PIE world by copying editor world from /Game/FirstPersonBP/Maps/FirstPersonExampleMap.FirstPersonExampleMap to /Game/FirstPersonBP/Maps/UEDPIE_0_FirstPersonExampleMap.FirstPersonExampleMap (0.016776s)
[2017.10.15-08.46.00:281][371]LogInit: XAudio2 using 'Speakers (3- Sennheiser 3D G4ME1)' : 2 channels at 44.1 kHz using 16 bits per sample (channel mask 0x3)
[2017.10.15-08.46.00:285][371]LogInit: FAudioDevice initialized.
[2017.10.15-08.46.00:314][371]LogLoad: Game class is 'FirstPersonGameMode_C'
[2017.10.15-08.46.00:318][371]LogWorld: Bringing World /Game/FirstPersonBP/Maps/UEDPIE_0_FirstPersonExampleMap.FirstPersonExampleMap up for play (max tick rate 0) at 2017.10.15-19.16.00
[2017.10.15-08.46.00:319][371]LogWorld: Bringing up level for play took: 0.003872
[2017.10.15-08.46.00:320][371]PIE: Play in editor start time for /Game/FirstPersonBP/Maps/UEDPIE_0_FirstPersonExampleMap -0.847
[2017.10.15-08.46.00:320][371]LogBlueprintUserMessages: Late PlayInEditor Detection: Level '/Game/FirstPersonBP/Maps/FirstPersonExampleMap.FirstPersonExampleMap:PersistentLevel' has LevelScriptBlueprint '/Game/FirstPersonBP/Maps/FirstPersonExampleMap.FirstPersonExampleMap:PersistentLevel.FirstPersonExampleMap' with GeneratedClass '/Game/FirstPersonBP/Maps/FirstPersonExampleMap.FirstPersonExampleMap_C' with ClassGeneratedBy '/Game/FirstPersonBP/Maps/FirstPersonExampleMap.FirstPersonExampleMap:PersistentLevel.FirstPersonExampleMap'
[2017.10.15-08.46.02:035][541]LogSpawn: Warning: SpawnActor failed because of collision at the spawn location [X=-5253.544 Y=-1801.094 Z=305.728] for [FirstPersonProjectile_C]
[2017.10.15-08.46.03:891][726]LogCharacterMovement: AI_Character_86 is stuck and failed to move! Velocity: X=3.47 Y=-20.44 Z=0.00 Location: X=-5210.55 Y=-2099.75 Z=268.15 Normal: X=0.85 Y=0.53 Z=0.00 PenetrationDepth:10.641 Actor:AI_Character2_181 Component:CharacterMesh0 BoneName:foot_r (0 other events since notify)
[2017.10.15-08.48.12:672][559]LogBlueprintUserMessages: Early EndPlayMap Detection: Level '/Game/FirstPersonBP/Maps/FirstPersonExampleMap.FirstPersonExampleMap:PersistentLevel' has LevelScriptBlueprint '/Game/FirstPersonBP/Maps/FirstPersonExampleMap.FirstPersonExampleMap:PersistentLevel.FirstPersonExampleMap' with GeneratedClass '/Game/FirstPersonBP/Maps/FirstPersonExampleMap.FirstPersonExampleMap_C' with ClassGeneratedBy '/Game/FirstPersonBP/Maps/FirstPersonExampleMap.FirstPersonExampleMap:PersistentLevel.FirstPersonExampleMap'
[2017.10.15-08.48.12:723][559]LogBlueprintUserMessages: Late EndPlayMap Detection: Level '/Game/FirstPersonBP/Maps/FirstPersonExampleMap.FirstPersonExampleMap:PersistentLevel' has LevelScriptBlueprint '/Game/FirstPersonBP/Maps/FirstPersonExampleMap.FirstPersonExampleMap:PersistentLevel.FirstPersonExampleMap' with GeneratedClass '/Game/FirstPersonBP/Maps/FirstPersonExampleMap.FirstPersonExampleMap_C' with ClassGeneratedBy '/Game/FirstPersonBP/Maps/FirstPersonExampleMap.FirstPersonExampleMap:PersistentLevel.FirstPersonExampleMap'
[2017.10.15-08.48.59:125][124]LogEditorViewport: Clicking on Actor (LMB): FirstPersonCharacter_C (FirstPersonCharacter)
[2017.10.15-08.49.04:210][367]LogContentBrowser: Native class hierarchy updated for 'BlueprintGraph' in 0.0008 seconds. Added 113 classes and 0 folders.
[2017.10.15-08.49.04:980][367]LogSlate: Took 0.008892 seconds to synchronously load lazily loaded font '../../../Engine/Content/Editor/Slate/Fonts/Roboto-BoldCondensed.ttf' (158K)
[2017.10.15-08.49.18:262][440]LogSlate: Took 0.000330 seconds to synchronously load lazily loaded font '../../../Engine/Content/Editor/Slate/Fonts/Roboto-Italic.ttf' (157K)
[2017.10.15-08.49.18:732][461]LogRenderer: Reallocating scene render targets to support 2744x1300 Format 10 NumSamples 1 (Frame:1).
[2017.10.15-08.49.32:019][424]LogEditorViewport: Clicking on Actor (LMB): FirstPersonCharacter_C (FirstPersonCharacter)
[2017.10.15-08.51.38:870][674]Cmd: QUIT_EDITOR
[2017.10.15-08.51.39:869][674]LogWindowsTextInputMethodSystem: Display: IME system now deactivated.
[2017.10.15-08.51.39:875][674]LogExit: Preparing to exit.
[2017.10.15-08.51.40:231][674]LogExit: Editor shut down
[2017.10.15-08.51.40:232][674]LogExit: Transaction tracking system shut down
[2017.10.15-08.51.40:375][674]LogDirectoryWatcher: A directory notification for '../../../Engine/Content/' was aborted.
[2017.10.15-08.51.40:375][674]LogDirectoryWatcher: A directory notification for 'C:/Users/Shane/Documents/GitHub/PewPewGames/Game/Content/' was aborted.
[2017.10.15-08.51.40:375][674]LogDirectoryWatcher: A directory notification for '../../../Engine/Plugins/2D/Paper2D/Content/' was aborted.
[2017.10.15-08.51.40:375][674]LogDirectoryWatcher: A directory notification for '../../../Engine/Plugins/Runtime/Oculus/OculusVR/Content/' was aborted.
[2017.10.15-08.51.40:375][674]LogDirectoryWatcher: A directory notification for '../../../Engine/Plugins/Runtime/Steam/SteamVR/Content/' was aborted.
[2017.10.15-08.51.40:433][674]LogExit: Object subsystem successfully closed.
[2017.10.15-08.51.40:452][674]LogD3D11RHI: Shutdown
[2017.10.15-08.51.40:452][674]LogD3D11RHI: CleanupD3DDevice
[2017.10.15-08.51.40:521][674]LogD3D11RHI: ~FD3D11DynamicRHI
[2017.10.15-08.51.40:526][674]LogModuleManager: Shutting down and abandoning module BlueprintGraph (536)
[2017.10.15-08.51.40:526][674]LogModuleManager: Shutting down and abandoning module BlueprintProfiler (534)
[2017.10.15-08.51.40:526][674]LogModuleManager: Shutting down and abandoning module MovieSceneCapture (532)
[2017.10.15-08.51.40:526][674]LogModuleManager: Shutting down and abandoning module HierarchicalLODOutliner (530)
[2017.10.15-08.51.40:526][674]LogModuleManager: Shutting down and abandoning module SceneOutliner (528)
[2017.10.15-08.51.40:527][674]LogModuleManager: Shutting down and abandoning module AddContentDialog (526)
[2017.10.15-08.51.40:527][674]LogDirectoryWatcher: A directory notification for 'E:/Program Files/Epic Games/UE_4.17/FeaturePacks/' was aborted.
[2017.10.15-08.51.40:527][674]LogModuleManager: Shutting down and abandoning module WidgetCarousel (525)
[2017.10.15-08.51.40:528][674]LogModuleManager: Shutting down and abandoning module EditorWidgets (522)
[2017.10.15-08.51.40:528][674]LogModuleManager: Shutting down and abandoning module CollectionManager (520)
[2017.10.15-08.51.40:528][674]LogDirectoryWatcher: A directory notification for 'C:/Users/Shane/Documents/GitHub/PewPewGames/Game/Content/Collections/' was aborted.
[2017.10.15-08.51.40:528][674]LogDirectoryWatcher: A directory notification for 'C:/Users/Shane/Documents/GitHub/PewPewGames/Game/Content/Developers/Shane/Collections/' was aborted.
[2017.10.15-08.51.40:528][674]LogDirectoryWatcher: A directory notification for 'C:/Users/Shane/Documents/GitHub/PewPewGames/Game/Saved/Collections/' was aborted.
[2017.10.15-08.51.40:528][674]LogModuleManager: Shutting down and abandoning module StatsViewer (518)
[2017.10.15-08.51.40:528][674]LogModuleManager: Shutting down and abandoning module FoliageEdit (516)
[2017.10.15-08.51.40:528][674]LogModuleManager: Shutting down and abandoning module LandscapeEditor (514)
[2017.10.15-08.51.40:528][674]LogModuleManager: Shutting down and abandoning module MeshPaintMode (512)
[2017.10.15-08.51.40:528][674]LogModuleManager: Shutting down and abandoning module SceneDepthPickerMode (510)
[2017.10.15-08.51.40:528][674]LogModuleManager: Shutting down and abandoning module ActorPickerMode (508)
[2017.10.15-08.51.40:528][674]LogModuleManager: Shutting down and abandoning module GeometryMode (506)
[2017.10.15-08.51.40:528][674]LogModuleManager: Shutting down and abandoning module TextureAlignMode (504)
[2017.10.15-08.51.40:528][674]LogModuleManager: Shutting down and abandoning module BspMode (502)
[2017.10.15-08.51.40:528][674]LogModuleManager: Shutting down and abandoning module PIEPreviewDeviceProfileSelector (500)
[2017.10.15-08.51.40:528][674]LogModuleManager: Shutting down and abandoning module HardwareSurvey (498)
[2017.10.15-08.51.40:528][674]LogModuleManager: Shutting down and abandoning module SequenceRecorderSections (496)
[2017.10.15-08.51.40:528][674]LogModuleManager: Shutting down and abandoning module AutomationWorker (494)
[2017.10.15-08.51.40:528][674]LogModuleManager: Shutting down and abandoning module MatineeToLevelSequence (492)
[2017.10.15-08.51.40:528][674]LogModuleManager: Shutting down and abandoning module LevelSequenceEditor (490)
[2017.10.15-08.51.40:528][674]LogModuleManager: Shutting down and abandoning module PlacementMode (489)
[2017.10.15-08.51.40:528][674]LogModuleManager: Shutting down and abandoning module WmfMediaFactory (486)
[2017.10.15-08.51.40:528][674]LogModuleManager: Shutting down and abandoning module WmfMediaEditor (484)
[2017.10.15-08.51.40:528][674]LogModuleManager: Shutting down and abandoning module AvfMediaFactory (482)
[2017.10.15-08.51.40:528][674]LogModuleManager: Shutting down and abandoning module AvfMediaEditor (480)
[2017.10.15-08.51.40:528][674]LogModuleManager: Shutting down and abandoning module AndroidMediaFactory (478)
[2017.10.15-08.51.40:528][674]LogModuleManager: Shutting down and abandoning module Media (477)
[2017.10.15-08.51.40:528][674]LogModuleManager: Shutting down and abandoning module AndroidMediaEditor (474)
[2017.10.15-08.51.40:528][674]LogModuleManager: Shutting down and abandoning module CharacterAI (472)
[2017.10.15-08.51.40:528][674]LogModuleManager: Shutting down and abandoning module AudioCapture (470)
[2017.10.15-08.51.40:528][674]LogModuleManager: Shutting down and abandoning module SequenceRecorder (469)
[2017.10.15-08.51.40:528][674]LogModuleManager: Shutting down and abandoning module SmartSnapping (466)
[2017.10.15-08.51.40:528][674]LogModuleManager: Shutting down and abandoning module SessionServices (464)
[2017.10.15-08.51.40:528][674]LogModuleManager: Shutting down and abandoning module ViewportSnapping (462)
[2017.10.15-08.51.40:528][674]LogModuleManager: Shutting down and abandoning module ViewportInteraction (460)
[2017.10.15-08.51.40:528][674]LogModuleManager: Shutting down and abandoning module ClothPainter (458)
[2017.10.15-08.51.40:528][674]LogModuleManager: Shutting down and abandoning module LogVisualizer (456)
[2017.10.15-08.51.40:528][674]LogModuleManager: Shutting down and abandoning module IntroTutorials (454)
[2017.10.15-08.51.40:528][674]LogModuleManager: Shutting down and abandoning module GameProjectGeneration (453)
[2017.10.15-08.51.40:528][674]LogModuleManager: Shutting down and abandoning module IOSPlatformEditor (450)
[2017.10.15-08.51.40:528][674]LogModuleManager: Shutting down and abandoning module HTML5PlatformEditor (448)
[2017.10.15-08.51.40:528][674]LogModuleManager: Shutting down and abandoning module AndroidPlatformEditor (446)
[2017.10.15-08.51.40:528][674]LogModuleManager: Shutting down and abandoning module AndroidDeviceDetection (445)
[2017.10.15-08.51.40:990][674]LogModuleManager: Shutting down and abandoning module WindowsPlatformEditor (442)
[2017.10.15-08.51.40:990][674]LogModuleManager: Shutting down and abandoning module IOSRuntimeSettings (440)
[2017.10.15-08.51.40:990][674]LogModuleManager: Shutting down and abandoning module AndroidRuntimeSettings (438)
[2017.10.15-08.51.40:990][674]LogModuleManager: Shutting down and abandoning module InputBindingEditor (436)
[2017.10.15-08.51.40:990][674]LogModuleManager: Shutting down and abandoning module MergeActors (434)
[2017.10.15-08.51.40:990][674]LogModuleManager: Shutting down and abandoning module SizeMap (432)
[2017.10.15-08.51.40:990][674]LogModuleManager: Shutting down and abandoning module TreeMap (430)
[2017.10.15-08.51.40:990][674]LogModuleManager: Shutting down and abandoning module ReferenceViewer (428)
[2017.10.15-08.51.40:990][674]LogModuleManager: Shutting down and abandoning module LocalizationDashboard (426)
[2017.10.15-08.51.40:990][674]LogModuleManager: Shutting down and abandoning module LocalizationService (425)
[2017.10.15-08.51.40:990][674]LogModuleManager: Shutting down and abandoning module HardwareTargeting (422)
[2017.10.15-08.51.40:990][674]LogModuleManager: Shutting down and abandoning module DeviceProfileEditor (420)
[2017.10.15-08.51.40:990][674]LogModuleManager: Shutting down and abandoning module UndoHistory (418)
[2017.10.15-08.51.40:990][674]LogModuleManager: Shutting down and abandoning module XmlParser (416)
[2017.10.15-08.51.40:990][674]LogModuleManager: Shutting down and abandoning module Blutility (414)
[2017.10.15-08.51.40:990][674]LogModuleManager: Shutting down and abandoning module ProjectSettingsViewer (412)
[2017.10.15-08.51.40:990][674]LogModuleManager: Shutting down and abandoning module ProjectTargetPlatformEditor (411)
[2017.10.15-08.51.40:990][674]LogModuleManager: Shutting down and abandoning module EditorSettingsViewer (408)
[2017.10.15-08.51.40:991][674]LogModuleManager: Shutting down and abandoning module SettingsEditor (406)
[2017.10.15-08.51.40:991][674]LogModuleManager: Shutting down and abandoning module ProjectLauncher (404)
[2017.10.15-08.51.40:991][674]LogModuleManager: Shutting down and abandoning module SessionFrontend (402)
[2017.10.15-08.51.40:991][674]LogModuleManager: Shutting down and abandoning module ProfilerClient (400)
[2017.10.15-08.51.40:991][674]LogModuleManager: Shutting down and abandoning module DeviceManager (398)
[2017.10.15-08.51.40:991][674]LogModuleManager: Shutting down and abandoning module TargetDeviceServices (397)
[2017.10.15-08.51.41:045][674]LogModuleManager: Shutting down and abandoning module AutomationController (394)
[2017.10.15-08.51.41:045][674]LogModuleManager: Shutting down and abandoning module AutomationWindow (392)
[2017.10.15-08.51.41:045][674]LogModuleManager: Shutting down and abandoning module Layers (390)
[2017.10.15-08.51.41:045][674]LogModuleManager: Shutting down and abandoning module ComponentVisualizers (388)
[2017.10.15-08.51.41:045][674]LogModuleManager: Shutting down and abandoning module DetailCustomizations (386)
[2017.10.15-08.51.41:045][674]LogModuleManager: Shutting down and abandoning module PackagesDialog (384)
[2017.10.15-08.51.41:045][674]LogModuleManager: Shutting down and abandoning module Persona (382)
[2017.10.15-08.51.41:045][674]LogModuleManager: Shutting down and abandoning module AdvancedPreviewScene (381)
[2017.10.15-08.51.41:045][674]LogModuleManager: Shutting down and abandoning module AnimGraph (379)
[2017.10.15-08.51.41:045][674]LogModuleManager: Shutting down and abandoning module Kismet (376)
[2017.10.15-08.51.41:050][674]LogModuleManager: Shutting down and abandoning module ClassViewer (374)
[2017.10.15-08.51.41:051][674]LogModuleManager: Shutting down and abandoning module Toolbox (372)
[2017.10.15-08.51.41:051][674]LogModuleManager: Shutting down and abandoning module ModuleUI (370)
[2017.10.15-08.51.41:051][674]LogModuleManager: Shutting down and abandoning module MovieSceneTools (368)
[2017.10.15-08.51.41:051][674]LogModuleManager: Shutting down and abandoning module OutputLog (366)
[2017.10.15-08.51.41:051][674]LogModuleManager: Shutting down and abandoning module GammaUI (364)
[2017.10.15-08.51.41:051][674]LogModuleManager: Shutting down and abandoning module Documentation (362)
[2017.10.15-08.51.41:051][674]LogModuleManager: Shutting down and abandoning module MovieSceneTracks (360)
[2017.10.15-08.51.41:051][674]LogModuleManager: Shutting down and abandoning module MovieScene (358)
[2017.10.15-08.51.41:051][674]LogModuleManager: Shutting down and abandoning module Niagara (356)
[2017.10.15-08.51.41:051][674]LogModuleManager: Shutting down and abandoning module NiagaraEditor (355)
[2017.10.15-08.51.41:051][674]LogModuleManager: Shutting down and abandoning module StreamingPauseRendering (352)
[2017.10.15-08.51.41:051][674]LogModuleManager: Shutting down and abandoning module LauncherPlatform (350)
[2017.10.15-08.51.41:051][674]LogModuleManager: Shutting down and abandoning module AnalyticsET (348)
[2017.10.15-08.51.41:051][674]LogModuleManager: Shutting down and abandoning module PortalServices (346)
[2017.10.15-08.51.41:051][674]LogModuleManager: Shutting down and abandoning module PortalRpc (344)
[2017.10.15-08.51.41:051][674]LogModuleManager: Shutting down and abandoning module MessagingRpc (342)
[2017.10.15-08.51.41:051][674]LogModuleManager: Shutting down and abandoning module AIModule (340)
[2017.10.15-08.51.41:051][674]LogModuleManager: Shutting down and abandoning module GameplayDebugger (339)
[2017.10.15-08.51.41:051][674]LogModuleManager: Shutting down and abandoning module AITestSuite (337)
[2017.10.15-08.51.41:051][674]LogModuleManager: Shutting down and abandoning module ProfilerService (334)
[2017.10.15-08.51.41:197][674]LogModuleManager: Shutting down and abandoning module TaskGraph (332)
[2017.10.15-08.51.41:197][674]LogModuleManager: Shutting down and abandoning module SteamVRController (330)
[2017.10.15-08.51.41:197][674]LogModuleManager: Shutting down and abandoning module ProceduralMeshComponentEditor (328)
[2017.10.15-08.51.41:197][674]LogModuleManager: Shutting down and abandoning module ProceduralMeshComponent (326)
[2017.10.15-08.51.41:197][674]LogModuleManager: Shutting down and abandoning module OculusInput (324)
[2017.10.15-08.51.41:197][674]LogModuleManager: Shutting down and abandoning module MobilePatchingUtils (322)
[2017.10.15-08.51.41:197][674]LogModuleManager: Shutting down and abandoning module CustomMeshComponent (320)
[2017.10.15-08.51.41:197][674]LogModuleManager: Shutting down and abandoning module CableComponent (318)
[2017.10.15-08.51.41:197][674]LogModuleManager: Shutting down and abandoning module ArchVisCharacter (316)
[2017.10.15-08.51.41:197][674]LogModuleManager: Shutting down and abandoning module AndroidPermission (314)
[2017.10.15-08.51.41:197][674]LogModuleManager: Shutting down and abandoning module MediaPlayerEditor (310)
[2017.10.15-08.51.41:197][674]LogModuleManager: Shutting down and abandoning module HTML5Networking (308)
[2017.10.15-08.51.41:197][674]LogModuleManager: Shutting down and abandoning module AlembicImporter (306)
[2017.10.15-08.51.41:197][674]LogModuleManager: Shutting down and abandoning module AlembicLibrary (305)
[2017.10.15-08.51.41:197][674]LogModuleManager: Shutting down and abandoning module GeometryCache (304)
[2017.10.15-08.51.41:197][674]LogModuleManager: Shutting down and abandoning module GeometryCacheEd (303)
[2017.10.15-08.51.41:197][674]LogModuleManager: Shutting down and abandoning module SpeedTreeImporter (298)
[2017.10.15-08.51.41:197][674]LogModuleManager: Shutting down and abandoning module PluginBrowser (296)
[2017.10.15-08.51.41:197][674]LogModuleManager: Shutting down and abandoning module MobileLauncherProfileWizard (294)
[2017.10.15-08.51.41:197][674]LogModuleManager: Shutting down and abandoning module VisualStudioSourceCodeAccess (292)
[2017.10.15-08.51.41:197][674]LogModuleManager: Shutting down and abandoning module DesktopPlatform (291)
[2017.10.15-08.51.41:197][674]LogModuleManager: Shutting down and abandoning module UObjectPlugin (288)
[2017.10.15-08.51.41:197][674]LogModuleManager: Shutting down and abandoning module SubversionSourceControl (286)
[2017.10.15-08.51.41:197][674]LogModuleManager: Shutting down and abandoning module PerforceSourceControl (284)
[2017.10.15-08.51.41:197][674]LogModuleManager: Shutting down and abandoning module GitSourceControl (282)
[2017.10.15-08.51.41:197][674]LogModuleManager: Shutting down and abandoning module SourceControl (281)
[2017.10.15-08.51.41:197][674]LogModuleManager: Shutting down and abandoning module LightPropagationVolumeEditor (278)
[2017.10.15-08.51.41:197][674]LogModuleManager: Shutting down and abandoning module PaperTiledImporter (276)
[2017.10.15-08.51.41:197][674]LogModuleManager: Shutting down and abandoning module PaperSpriteSheetImporter (274)
[2017.10.15-08.51.41:197][674]LogModuleManager: Shutting down and abandoning module Paper2DEditor (272)
[2017.10.15-08.51.41:197][674]LogModuleManager: Shutting down and abandoning module MeshPaint (271)
[2017.10.15-08.51.41:198][674]LogModuleManager: Shutting down and abandoning module LevelEditor (269)
[2017.10.15-08.51.41:198][674]LogModuleManager: Shutting down and abandoning module PixelInspectorModule (268)
[2017.10.15-08.51.41:198][674]LogModuleManager: Shutting down and abandoning module MainFrame (266)
[2017.10.15-08.51.41:198][674]LogModuleManager: Shutting down and abandoning module HotReload (265)
[2017.10.15-08.51.41:198][674]LogModuleManager: Shutting down and abandoning module RuntimePhysXCooking (260)
[2017.10.15-08.51.41:198][674]LogModuleManager: Shutting down and abandoning module PhysXVehiclesEditor (258)
[2017.10.15-08.51.41:198][674]LogModuleManager: Shutting down and abandoning module PhysXVehicles (256)
[2017.10.15-08.51.41:198][674]LogModuleManager: Shutting down and abandoning module OculusEditor (254)
[2017.10.15-08.51.41:198][674]LogModuleManager: Shutting down and abandoning module LocationServicesBPLibrary (252)
[2017.10.15-08.51.41:198][674]LogModuleManager: Shutting down and abandoning module ImmediatePhysicsEditor (250)
[2017.10.15-08.51.41:198][674]LogModuleManager: Shutting down and abandoning module ImmediatePhysics (248)
[2017.10.15-08.51.41:198][674]LogModuleManager: Shutting down and abandoning module UdpMessaging (246)
[2017.10.15-08.51.41:299][674]LogModuleManager: Shutting down and abandoning module TcpMessaging (244)
[2017.10.15-08.51.41:399][674]LogModuleManager: Shutting down and abandoning module GameplayTagsEditor (242)
[2017.10.15-08.51.41:399][674]LogModuleManager: Shutting down and abandoning module FacialAnimationEditor (240)
[2017.10.15-08.51.41:399][674]LogModuleManager: Shutting down and abandoning module FacialAnimation (238)
[2017.10.15-08.51.41:399][674]LogModuleManager: Shutting down and abandoning module AssetManagerEditor (236)
[2017.10.15-08.51.41:399][674]LogModuleManager: Shutting down and abandoning module GraphEditor (235)
[2017.10.15-08.51.41:399][674]LogModuleManager: Shutting down and abandoning module ContentBrowser (233)
[2017.10.15-08.51.41:399][674]LogModuleManager: Shutting down and abandoning module LightPropagationVolumeRuntime (230)
[2017.10.15-08.51.41:399][674]LogModuleManager: Shutting down and abandoning module Paper2D (228)
[2017.10.15-08.51.41:399][674]LogModuleManager: Shutting down and abandoning module WindowsMoviePlayer (226)
[2017.10.15-08.51.41:399][674]LogModuleManager: Shutting down and abandoning module WmfMedia (224)
[2017.10.15-08.51.41:400][674]LogModuleManager: Shutting down and abandoning module PacketHandler (222)
[2017.10.15-08.51.41:400][674]LogModuleManager: Shutting down and abandoning module ClothingSystemEditor (220)
[2017.10.15-08.51.41:400][674]LogModuleManager: Shutting down and abandoning module ClothingSystemRuntime (218)
[2017.10.15-08.51.41:400][674]LogModuleManager: Shutting down and abandoning module Overlay (216)
[2017.10.15-08.51.41:400][674]LogModuleManager: Shutting down and abandoning module OverlayEditor (215)
[2017.10.15-08.51.41:400][674]LogModuleManager: Shutting down and abandoning module MediaAssets (212)
[2017.10.15-08.51.41:400][674]LogModuleManager: Shutting down and abandoning module VREditor (210)
[2017.10.15-08.51.41:400][674]LogModuleManager: Shutting down and abandoning module StringTableEditor (208)
[2017.10.15-08.51.41:400][674]LogModuleManager: Shutting down and abandoning module GameplayTasksEditor (206)
[2017.10.15-08.51.41:400][674]LogModuleManager: Shutting down and abandoning module BehaviorTreeEditor (204)
[2017.10.15-08.51.41:400][674]LogModuleManager: Shutting down and abandoning module FunctionalTesting (202)
[2017.10.15-08.51.41:400][674]LogModuleManager: Shutting down and abandoning module CollisionAnalyzer (200)
[2017.10.15-08.51.41:400][674]LogModuleManager: Shutting down and abandoning module WorkspaceMenuStructure (199)
[2017.10.15-08.51.41:400][674]LogModuleManager: Shutting down and abandoning module UMG (196)
[2017.10.15-08.51.41:400][674]LogModuleManager: Shutting down and abandoning module UMGEditor (195)
[2017.10.15-08.51.41:400][674]LogModuleManager: Shutting down and abandoning module Sequencer (194)
[2017.10.15-08.51.41:400][674]LogModuleManager: Shutting down and abandoning module MessageLog (191)
[2017.10.15-08.51.41:400][674]LogModuleManager: Shutting down and abandoning module SlateReflector (186)
[2017.10.15-08.51.41:400][674]LogModuleManager: Shutting down and abandoning module Slate (184)
[2017.10.15-08.51.41:400][674]LogModuleManager: Shutting down and abandoning module EditorStyle (182)
[2017.10.15-08.51.41:401][674]LogModuleManager: Shutting down and abandoning module MRMesh (180)
[2017.10.15-08.51.41:401][674]LogModuleManager: Shutting down and abandoning module SourceCodeAccess (178)
[2017.10.15-08.51.41:401][674]LogModuleManager: Shutting down and abandoning module HeadMountedDisplay (176)
[2017.10.15-08.51.41:401][674]LogModuleManager: Shutting down and abandoning module XAudio2 (174)
[2017.10.15-08.51.41:401][674]LogModuleManager: Shutting down and abandoning module Networking (172)
[2017.10.15-08.51.41:401][674]LogModuleManager: Shutting down and abandoning module Core (168)
[2017.10.15-08.51.41:401][674]LogModuleManager: Shutting down and abandoning module KismetCompiler (164)
[2017.10.15-08.51.41:401][674]LogModuleManager: Shutting down and abandoning module LevelSequence (162)
[2017.10.15-08.51.41:401][674]LogModuleManager: Shutting down and abandoning module MeshUtilities (160)
[2017.10.15-08.51.41:401][674]LogModuleManager: Shutting down and abandoning module MeshMergeUtilities (159)
[2017.10.15-08.51.41:401][674]LogModuleManager: Shutting down and abandoning module MeshReductionInterface (158)
[2017.10.15-08.51.41:401][674]LogModuleManager: Shutting down and abandoning module SimplygonSwarm (157)
[2017.10.15-08.51.41:401][674]LogModuleManager: Shutting down and abandoning module SimplygonMeshReduction (155)
[2017.10.15-08.51.41:401][674]LogModuleManager: Shutting down and abandoning module QuadricMeshReduction (153)
[2017.10.15-08.51.41:401][674]LogModuleManager: Shutting down and abandoning module MaterialBaking (149)
[2017.10.15-08.51.41:401][674]LogModuleManager: Shutting down and abandoning module DirectoryWatcher (146)
[2017.10.15-08.51.41:402][674]LogModuleManager: Shutting down and abandoning module DerivedDataCache (144)
[2017.10.15-08.51.41:434][674]LogDerivedDataCache: Shutdown
[2017.10.15-08.51.41:434][674]LogModuleManager: Shutting down and abandoning module TargetPlatform (142)
[2017.10.15-08.51.41:434][674]LogModuleManager: Shutting down and abandoning module VulkanShaderFormat (141)
[2017.10.15-08.51.41:434][674]LogModuleManager: Shutting down and abandoning module ShaderFormatVectorVM (139)
[2017.10.15-08.51.41:434][674]LogModuleManager: Shutting down and abandoning module ShaderFormatOpenGL (137)
[2017.10.15-08.51.41:434][674]LogModuleManager: Shutting down and abandoning module ShaderFormatD3D (135)
[2017.10.15-08.51.41:434][674]LogModuleManager: Shutting down and abandoning module MetalShaderFormat (133)
[2017.10.15-08.51.41:434][674]LogModuleManager: Shutting down and abandoning module TextureFormatUncompressed (131)
[2017.10.15-08.51.41:434][674]LogModuleManager: Shutting down and abandoning module TextureFormatPVR (129)
[2017.10.15-08.51.41:434][674]LogModuleManager: Shutting down and abandoning module TextureFormatDXT (127)
[2017.10.15-08.51.41:434][674]LogModuleManager: Shutting down and abandoning module TextureFormatIntelISPCTexComp (125)
[2017.10.15-08.51.41:434][674]LogModuleManager: Shutting down and abandoning module TextureFormatASTC (123)
[2017.10.15-08.51.41:434][674]LogModuleManager: Shutting down and abandoning module ImageWrapper (122)
[2017.10.15-08.51.41:434][674]LogModuleManager: Shutting down and abandoning module TextureFormatAndroid (119)
[2017.10.15-08.51.41:434][674]LogModuleManager: Shutting down and abandoning module AudioFormatOpus (117)
[2017.10.15-08.51.41:434][674]LogModuleManager: Shutting down and abandoning module AudioFormatOgg (115)
[2017.10.15-08.51.41:434][674]LogModuleManager: Shutting down and abandoning module AudioFormatADPCM (113)
[2017.10.15-08.51.41:434][674]LogModuleManager: Shutting down and abandoning module LinuxTargetPlatform (111)
[2017.10.15-08.51.41:434][674]LogModuleManager: Shutting down and abandoning module LinuxServerTargetPlatform (109)
[2017.10.15-08.51.41:434][674]LogModuleManager: Shutting down and abandoning module LinuxNoEditorTargetPlatform (107)
[2017.10.15-08.51.41:434][674]LogModuleManager: Shutting down and abandoning module LinuxClientTargetPlatform (105)
[2017.10.15-08.51.41:434][674]LogModuleManager: Shutting down and abandoning module TVOSTargetPlatform (103)
[2017.10.15-08.51.41:434][674]LogModuleManager: Shutting down and abandoning module Messaging (101)
[2017.10.15-08.51.41:434][674]LogModuleManager: Shutting down and abandoning module IOSTargetPlatform (99)
[2017.10.15-08.51.41:434][674]LogModuleManager: Shutting down and abandoning module HTML5TargetPlatform (97)
[2017.10.15-08.51.41:434][674]LogModuleManager: Shutting down and abandoning module Android_PVRTCTargetPlatform (95)
[2017.10.15-08.51.41:434][674]LogModuleManager: Shutting down and abandoning module Android_MultiTargetPlatform (93)
[2017.10.15-08.51.41:434][674]LogModuleManager: Shutting down and abandoning module Android_ETC2TargetPlatform (91)
[2017.10.15-08.51.41:434][674]LogModuleManager: Shutting down and abandoning module Android_ETC1TargetPlatform (89)
[2017.10.15-08.51.41:434][674]LogModuleManager: Shutting down and abandoning module Android_DXTTargetPlatform (87)
[2017.10.15-08.51.41:434][674]LogModuleManager: Shutting down and abandoning module Android_ATCTargetPlatform (85)
[2017.10.15-08.51.41:434][674]LogModuleManager: Shutting down and abandoning module Android_ASTCTargetPlatform (83)
[2017.10.15-08.51.41:434][674]LogModuleManager: Shutting down and abandoning module AndroidTargetPlatform (81)
[2017.10.15-08.51.41:434][674]LogModuleManager: Shutting down and abandoning module WindowsTargetPlatform (79)
[2017.10.15-08.51.41:434][674]LogModuleManager: Shutting down and abandoning module WindowsServerTargetPlatform (77)
[2017.10.15-08.51.41:434][674]LogModuleManager: Shutting down and abandoning module WindowsNoEditorTargetPlatform (75)
[2017.10.15-08.51.41:434][674]LogModuleManager: Shutting down and abandoning module WindowsClientTargetPlatform (73)
[2017.10.15-08.51.41:434][674]LogModuleManager: Shutting down and abandoning module MacTargetPlatform (71)
[2017.10.15-08.51.41:434][674]LogModuleManager: Shutting down and abandoning module MacServerTargetPlatform (69)
[2017.10.15-08.51.41:435][674]LogModuleManager: Shutting down and abandoning module MacNoEditorTargetPlatform (67)
[2017.10.15-08.51.41:435][674]LogModuleManager: Shutting down and abandoning module MacClientTargetPlatform (65)
[2017.10.15-08.51.41:435][674]LogModuleManager: Shutting down and abandoning module AllDesktopTargetPlatform (63)
[2017.10.15-08.51.41:435][674]LogModuleManager: Shutting down and abandoning module InputCore (60)
[2017.10.15-08.51.41:435][674]LogModuleManager: Shutting down and abandoning module Settings (58)
[2017.10.15-08.51.41:435][674]LogModuleManager: Shutting down and abandoning module PhysXCooking (56)
[2017.10.15-08.51.41:435][674]LogModuleManager: Shutting down and abandoning module SteamVR (54)
[2017.10.15-08.51.41:435][674]LogModuleManager: Shutting down and abandoning module OculusHMD (52)
[2017.10.15-08.51.41:435][674]LogModuleManager: Shutting down and abandoning module ExampleDeviceProfileSelector (50)
[2017.10.15-08.51.41:435][674]LogModuleManager: Shutting down and abandoning module OnlineBlueprintSupport (48)
[2017.10.15-08.51.41:435][674]LogModuleManager: Shutting down and abandoning module OnlineSubsystem (44)
[2017.10.15-08.51.41:435][674]LogOnline: Display: Unloading online subsystem: NULL
[2017.10.15-08.51.41:435][674]LogModuleManager: Shutting down and abandoning module XMPP (43)
[2017.10.15-08.51.41:435][674]LogModuleManager: Shutting down and abandoning module HTTP (41)
[2017.10.15-08.51.41:435][674]LogHttp: Display: Http module shutting down, but needs to wait on 1 outstanding Http requests:
[2017.10.15-08.51.41:435][674]LogHttp: Display: 	verb=[POST] url=[https://datarouter.ol.epicgames.com/datarouter/api/v1/public/data?SessionID=%7B770EB65F-4777-9A48-E205-719D3C1FE94B%7D&AppID=UEEditor.Rocket.Release&AppVersion=4.17.1-3586342%2B%2B%2BUE4%2BRelease-4.17&UserID=1ee654794bb1dbb4fdcecb895d61a17b%7C74f7cd5b508640abb98b1acc49be9e0d%7C6dd7baf2-3dc7-4d67-a885-ed52f33a8397&AppEnvironment=datacollector-binary&UploadType=eteventstream] status=Processing
[2017.10.15-08.51.41:452][674]LogModuleManager: Shutting down and abandoning module SSL (40)
[2017.10.15-08.51.41:454][674]LogModuleManager: Shutting down and abandoning module AnimationModifiers (36)
[2017.10.15-08.51.41:454][674]LogModuleManager: Shutting down and abandoning module PropertyEditor (35)
[2017.10.15-08.51.41:454][674]LogModuleManager: Shutting down and abandoning module AudioEditor (32)
[2017.10.15-08.51.41:454][674]LogModuleManager: Shutting down and abandoning module TextureCompressor (30)
[2017.10.15-08.51.41:454][674]LogModuleManager: Shutting down and abandoning module ShaderCore (28)
[2017.10.15-08.51.41:454][674]LogModuleManager: Shutting down and abandoning module Landscape (26)
[2017.10.15-08.51.41:454][674]LogModuleManager: Shutting down and abandoning module SlateRHIRenderer (24)
[2017.10.15-08.51.41:455][674]LogModuleManager: Shutting down and abandoning module OpenGLDrv (22)
[2017.10.15-08.51.41:455][674]LogModuleManager: Shutting down and abandoning module D3D11RHI (20)
[2017.10.15-08.51.41:455][674]LogModuleManager: Shutting down and abandoning module AnimGraphRuntime (18)
[2017.10.15-08.51.41:455][674]LogModuleManager: Shutting down and abandoning module Renderer (16)
[2017.10.15-08.51.41:455][674]LogModuleManager: Shutting down and abandoning module Engine (14)
[2017.10.15-08.51.41:455][674]LogModuleManager: Shutting down and abandoning module CoreUObject (12)
[2017.10.15-08.51.41:455][674]LogModuleManager: Shutting down and abandoning module NetworkFile (10)
[2017.10.15-08.51.41:455][674]LogModuleManager: Shutting down and abandoning module CookedIterativeFile (8)
[2017.10.15-08.51.41:455][674]LogModuleManager: Shutting down and abandoning module StreamingFile (6)
[2017.10.15-08.51.41:455][674]LogModuleManager: Shutting down and abandoning module SandboxFile (4)
[2017.10.15-08.51.41:455][674]LogModuleManager: Shutting down and abandoning module PakFile (2)
[2017.10.15-08.51.41:456][674]LogExit: Exiting.
[2017.10.15-08.51.41:478][674]Log file closed, 10/15/17 19:21:41
