Log file open, 09/26/17 13:13:14
LogWindows: LoadLibraryWithSearchPaths failed for file aqProf.dll. GetLastError=0
LogWindows: LoadLibraryWithSearchPaths failed for file VtuneApi.dll. GetLastError=0
LogWindows: LoadLibraryWithSearchPaths failed for file VtuneApi32e.dll. GetLastError=0
LogInit: Display: Running engine for game: Game
LogPlatformFile: Not using cached read wrapper
LogInit: Display: RandInit(966168570) SRandInit(966168570).
LogTaskGraph: Started task graph with 5 named threads and 8 total threads with 3 sets of task threads.
LogStats: Stats thread started at 0.124031
LogD3D11RHI: Aftermath initialized
LogPluginManager: Mounting plugin Paper2D
LogPluginManager: Mounting plugin LightPropagationVolume
LogPluginManager: Mounting plugin CodeLiteSourceCodeAccess
LogPluginManager: Mounting plugin GitSourceControl
LogPluginManager: Mounting plugin KDevelopSourceCodeAccess
LogPluginManager: Mounting plugin NullSourceCodeAccess
LogPluginManager: Mounting plugin PerforceSourceControl
LogPluginManager: Mounting plugin SubversionSourceControl
LogPluginManager: Mounting plugin UObjectPlugin
LogPluginManager: Mounting plugin VisualStudioSourceCodeAccess
LogPluginManager: Mounting plugin XCodeSourceCodeAccess
LogPluginManager: Mounting plugin AssetManagerEditor
LogPluginManager: Mounting plugin AudioCapture
LogPluginManager: Mounting plugin FacialAnimation
LogPluginManager: Mounting plugin GameplayTagsEditor
LogPluginManager: Mounting plugin MobileLauncherProfileWizard
LogPluginManager: Mounting plugin PluginBrowser
LogPluginManager: Mounting plugin SpeedTreeImporter
LogPluginManager: Mounting plugin AlembicImporter
LogPluginManager: Mounting plugin CharacterAI
LogPluginManager: Mounting plugin HTML5Networking
LogPluginManager: Mounting plugin AndroidMedia
LogPluginManager: Mounting plugin AvfMedia
LogPluginManager: Mounting plugin MediaPlayerEditor
LogPluginManager: Mounting plugin WmfMedia
LogPluginManager: Mounting plugin TcpMessaging
LogPluginManager: Mounting plugin UdpMessaging
LogPluginManager: Mounting plugin LevelSequenceEditor
LogPluginManager: Mounting plugin MatineeToLevelSequence
LogPluginManager: Mounting plugin OnlineSubsystemGooglePlay
LogPluginManager: Mounting plugin OnlineSubsystemIOS
LogPluginManager: Mounting plugin OnlineSubsystem
LogPluginManager: Mounting plugin OnlineSubsystemNull
LogPluginManager: Mounting plugin OnlineSubsystemUtils
LogPluginManager: Mounting plugin AndroidDeviceProfileSelector
LogPluginManager: Mounting plugin AndroidMoviePlayer
LogPluginManager: Mounting plugin AndroidPermission
LogPluginManager: Mounting plugin AppleMoviePlayer
LogPluginManager: Mounting plugin ArchVisCharacter
LogPluginManager: Mounting plugin CableComponent
LogPluginManager: Mounting plugin CustomMeshComponent
LogPluginManager: Mounting plugin ExampleDeviceProfileSelector
LogPluginManager: Mounting plugin GoogleCloudMessaging
LogPluginManager: Mounting plugin ImmediatePhysics
LogPluginManager: Mounting plugin IOSDeviceProfileSelector
LogPluginManager: Mounting plugin LinuxDeviceProfileSelector
LogPluginManager: Mounting plugin LocationServicesBPLibrary
LogPluginManager: Mounting plugin MobilePatchingUtils
LogPluginManager: Mounting plugin OculusVR
LogPluginManager: Mounting plugin PhysXVehicles
LogPluginManager: Mounting plugin ProceduralMeshComponent
LogPluginManager: Mounting plugin RuntimePhysXCooking
LogPluginManager: Mounting plugin SteamVR
LogPluginManager: Mounting plugin WindowsMoviePlayer
LogInit: Using libcurl 7.47.1
LogInit:  - built for x86_64-pc-win32
LogInit:  - supports SSL with OpenSSL/1.0.2g
LogInit:  - supports HTTP deflate (compression) using libz 1.2.8
LogInit:  - other features:
LogInit:      CURL_VERSION_SSL
LogInit:      CURL_VERSION_LIBZ
LogInit:      CURL_VERSION_IPV6
LogInit:      CURL_VERSION_ASYNCHDNS
LogInit:      CURL_VERSION_LARGEFILE
LogInit:      CURL_VERSION_IDN
LogInit:  CurlRequestOptions (configurable via config and command line):
LogInit:  - bVerifyPeer = false  - Libcurl will NOT verify peer certificate
LogInit:  - bUseHttpProxy = false  - Libcurl will NOT use HTTP proxy
LogInit:  - bDontReuseConnections = false  - Libcurl will reuse connections
LogInit:  - CertBundlePath = nullptr  - Libcurl will use whatever was configured at build time.
LogInit: Build: ++UE4+Release-4.17-CL-3586342
LogInit: Engine Version: 4.17.1-3586342+++UE4+Release-4.17
LogInit: Compatible Engine Version: 4.17.0-3573198+++UE4+Release-4.17
LogInit: Net CL: 3573198
LogDevObjectVersion: Number of dev versions registered: 16
LogDevObjectVersion:   Dev-Blueprints (B0D832E4-1F89-4F0D-ACCF-7EB736FD4AA2): 10
LogDevObjectVersion:   Dev-Build (E1C64328-A22C-4D53-A36C-8E866417BD8C): 0
LogDevObjectVersion:   Dev-Core (375EC13C-06E4-48FB-B500-84F0262A717E): 2
LogDevObjectVersion:   Dev-Editor (E4B068ED-F494-42E9-A231-DA0B2E46BB41): 20
LogDevObjectVersion:   Dev-Framework (CFFC743F-43B0-4480-9391-14DF171D2073): 28
LogDevObjectVersion:   Dev-Mobile (B02B49B5-BB20-44E9-A304-32B752E40360): 0
LogDevObjectVersion:   Dev-Networking (A4E4105C-59A1-49B5-A7C5-40C4547EDFEE): 0
LogDevObjectVersion:   Dev-Online (39C831C9-5AE6-47DC-9A44-9C173E1C8E7C): 0
LogDevObjectVersion:   Dev-Physics (78F01B33-EBEA-4F98-B9B4-84EACCB95AA2): 0
LogDevObjectVersion:   Dev-Platform (6631380F-2D4D-43E0-8009-CF276956A95A): 0
LogDevObjectVersion:   Dev-Rendering (12F88B9F-8875-4AFC-A67C-D90C383ABD29): 19
LogDevObjectVersion:   Dev-Sequencer (7B5AE74C-D270-4C10-A958-57980B212A5A): 4
LogDevObjectVersion:   Dev-VR (D7296918-1DD6-4BDD-9DE2-64A83CC13884): 0
LogDevObjectVersion:   Dev-LoadTimes (C2A15278-BFE7-4AFE-6C17-90FF531DF755): 1
LogDevObjectVersion:   Private-Geometry (6EACA3D4-40EC-4CC1-B786-8BED09428FC5): 1
LogDevObjectVersion:   Dev-AnimPhys (29E575DD-E0A3-4627-9D10-D276232CDCEA): 7
LogInit: Compiled (64-bit): Aug 15 2017 02:05:26
LogInit: Compiled with Visual C++: 19.00.24215.01
LogInit: Build Configuration: Development
LogInit: Branch Name: ++UE4+Release-4.17
LogInit: Command line:  
LogInit: Base directory: C:/Program Files/Epic Games/UE_4.17/Engine/Binaries/Win64/
LogInit: Installed Engine Build: 1
LogInit: Presizing for max 8388607 objects, including 0 objects not considered by GC, pre-allocating 0 bytes for permanent pool.
LogInit: Object subsystem initialized
[2017.09.26-03.43.15:670][  0]LogInit: Selected Device Profile: [Windows]
[2017.09.26-03.43.15:671][  0]LogInit: Applying CVar settings loaded from the selected device profile: [Windows]
[2017.09.26-03.43.15:710][  0]LogInit: Computer: LAPTOP-AF13HJPO
[2017.09.26-03.43.15:710][  0]LogInit: User: RaymondAoukar
[2017.09.26-03.43.15:710][  0]LogInit: CPU Page size=4096, Cores=2
[2017.09.26-03.43.15:710][  0]LogInit: High frequency timer resolution =2.835937 MHz
[2017.09.26-03.43.15:711][  0]LogMemory: Memory total: Physical=15.9GB (16GB approx)
[2017.09.26-03.43.15:711][  0]LogMemory: Platform Memory Stats for Windows
[2017.09.26-03.43.15:711][  0]LogMemory: Process Physical Memory: 280.41 MB used, 280.41 MB peak
[2017.09.26-03.43.15:711][  0]LogMemory: Process Virtual Memory: 275.81 MB used, 275.81 MB peak
[2017.09.26-03.43.15:711][  0]LogMemory: Physical Memory: 7007.86 MB used,  9244.27 MB free, 16252.13 MB total
[2017.09.26-03.43.15:711][  0]LogMemory: Virtual Memory: 666.99 MB used,  9244.27 MB free, 134217728.00 MB total
[2017.09.26-03.43.16:125][  0]LogInit: Using OS detected language (en-US).
[2017.09.26-03.43.16:125][  0]LogInit: Using OS detected locale (en-AU).
[2017.09.26-03.43.16:130][  0]LogTextLocalizationManager: No specific localization for 'en-US' exists, so the 'en' localization will be used.
[2017.09.26-03.43.17:234][  0]LogD3D11RHI: D3D11 adapters:
[2017.09.26-03.43.17:285][  0]LogD3D11RHI:    0. 'NVIDIA GeForce 940MX' (Feature Level 11_0)
[2017.09.26-03.43.17:285][  0]LogD3D11RHI:       4065/0/8126 MB DedicatedVideo/DedicatedSystem/SharedSystem, Outputs:1, VendorId:0x10de
[2017.09.26-03.43.17:290][  0]LogD3D11RHI:    1. 'Intel(R) HD Graphics 620' (Feature Level 11_0)
[2017.09.26-03.43.17:290][  0]LogD3D11RHI:       128/0/8126 MB DedicatedVideo/DedicatedSystem/SharedSystem, Outputs:0, VendorId:0x8086
[2017.09.26-03.43.17:292][  0]LogD3D11RHI:    2. 'Microsoft Basic Render Driver' (Feature Level 11_0)
[2017.09.26-03.43.17:292][  0]LogD3D11RHI:       0/0/8126 MB DedicatedVideo/DedicatedSystem/SharedSystem, Outputs:0, VendorId:0x1414
[2017.09.26-03.43.17:292][  0]LogD3D11RHI: Chosen D3D11 Adapter: 0
[2017.09.26-03.43.17:298][  0]LogD3D11RHI: Creating new Direct3DDevice
[2017.09.26-03.43.17:298][  0]LogD3D11RHI:     GPU DeviceId: 0x179c (for the marketing name, search the web for "GPU Device Id")
[2017.09.26-03.43.17:298][  0]LogWindows: EnumDisplayDevices:
[2017.09.26-03.43.17:298][  0]LogWindows:    0. 'Intel(R) HD Graphics 620' (P:1 D:1)
[2017.09.26-03.43.17:298][  0]LogWindows:    1. 'Intel(R) HD Graphics 620' (P:0 D:0)
[2017.09.26-03.43.17:298][  0]LogWindows:    2. 'Intel(R) HD Graphics 620' (P:0 D:0)
[2017.09.26-03.43.17:299][  0]LogWindows: DebugString: PrimaryIsNotTheChoosenAdapter PrimaryIsNotTheChoosenAdapter PrimaryIsNotTheChoosenAdapter FoundDriverCount:0 
[2017.09.26-03.43.17:299][  0]LogD3D11RHI:     Adapter Name: NVIDIA GeForce 940MX
[2017.09.26-03.43.17:299][  0]LogD3D11RHI:   Driver Version: Unknown (internal:Unknown, unified:Unknown)
[2017.09.26-03.43.17:299][  0]LogD3D11RHI:      Driver Date: Unknown
[2017.09.26-03.43.17:299][  0]LogRHI: Texture pool is 1361 MB (70% of 1945 MB)
[2017.09.26-03.43.17:333][  0]LogD3D11RHI: Async texture creation enabled
[2017.09.26-03.43.17:351][  0]LogD3D11RHI: GPU Timing Frequency: 1000.000000 (Debug: 2 2)
[2017.09.26-03.43.17:351][  0]LogShaderCompilers: Guid format shader working directory is -41 characters bigger than the processId version (../../../../../../Users/Raymond Aoukar/Desktop/Computer Game Design/repository/PewPewGames/Game/Intermediate/Shaders/WorkingDirectory/14184/).
[2017.09.26-03.43.17:352][  0]LogShaderCompilers: Cleaned the shader compiler working directory 'C:/Users/Raymond Aoukar/AppData/Local/Temp/UnrealShaderWorkingDir/F4467D7E4EF7DFEA84F1C1AB3191A5F4/'.
[2017.09.26-03.43.17:352][  0]LogShaderCompilers: Display: Using Local Shader Compiler.
[2017.09.26-03.43.18:675][  0]LogTemp: Display: Loaded TP AllDesktopTargetPlatform
[2017.09.26-03.43.18:762][  0]LogTemp: Display: Loaded TP MacClientTargetPlatform
[2017.09.26-03.43.18:856][  0]LogTemp: Display: Loaded TP MacNoEditorTargetPlatform
[2017.09.26-03.43.18:969][  0]LogTemp: Display: Loaded TP MacServerTargetPlatform
[2017.09.26-03.43.19:070][  0]LogTemp: Display: Loaded TP MacTargetPlatform
[2017.09.26-03.43.19:130][  0]LogTemp: Display: Loaded TP WindowsClientTargetPlatform
[2017.09.26-03.43.19:213][  0]LogTemp: Display: Loaded TP WindowsNoEditorTargetPlatform
[2017.09.26-03.43.19:299][  0]LogTemp: Display: Loaded TP WindowsServerTargetPlatform
[2017.09.26-03.43.19:384][  0]LogTemp: Display: Loaded TP WindowsTargetPlatform
[2017.09.26-03.43.19:484][  0]LogTemp: Display: Loaded TP AndroidTargetPlatform
[2017.09.26-03.43.19:584][  0]LogTemp: Display: Loaded TP Android_ASTCTargetPlatform
[2017.09.26-03.43.19:682][  0]LogTemp: Display: Loaded TP Android_ATCTargetPlatform
[2017.09.26-03.43.19:786][  0]LogTemp: Display: Loaded TP Android_DXTTargetPlatform
[2017.09.26-03.43.19:896][  0]LogTemp: Display: Loaded TP Android_ETC1TargetPlatform
[2017.09.26-03.43.19:999][  0]LogTemp: Display: Loaded TP Android_ETC2TargetPlatform
[2017.09.26-03.43.20:201][  0]LogTemp: Display: Loaded TP Android_MultiTargetPlatform
[2017.09.26-03.43.20:201][  0]LogTemp: Display: Loaded TP Android_PVRTCTargetPlatform
[2017.09.26-03.43.20:279][  0]LogTemp: Display: Loaded TP HTML5TargetPlatform
[2017.09.26-03.43.20:447][  0]LogTemp: Display: Loaded TP IOSTargetPlatform
[2017.09.26-03.43.20:526][  0]LogTemp: Display: Loaded TP TVOSTargetPlatform
[2017.09.26-03.43.20:621][  0]LogTemp: Display: Loaded TP LinuxClientTargetPlatform
[2017.09.26-03.43.20:684][  0]LogTemp: Display: Loaded TP LinuxNoEditorTargetPlatform
[2017.09.26-03.43.20:767][  0]LogTemp: Display: Loaded TP LinuxServerTargetPlatform
[2017.09.26-03.43.20:861][  0]LogTemp: Display: Loaded TP LinuxTargetPlatform
[2017.09.26-03.43.20:861][  0]LogTargetPlatformManager: Display: Building Assets For Windows
[2017.09.26-03.43.21:772][  0]LogDerivedDataCache: Display: Max Cache Size: 512 MB
[2017.09.26-03.43.21:889][  0]LogDerivedDataCache: Loaded boot cache 0.12s 93MB C:/Users/Raymond Aoukar/AppData/Local/UnrealEngine/4.17/DerivedDataCache/Boot.ddc.
[2017.09.26-03.43.21:889][  0]LogDerivedDataCache: Display: Loaded Boot cache: C:/Users/Raymond Aoukar/AppData/Local/UnrealEngine/4.17/DerivedDataCache/Boot.ddc
[2017.09.26-03.43.21:889][  0]LogDerivedDataCache: FDerivedDataBackendGraph:  Pak pak cache file ../../../../../../Users/Raymond Aoukar/Desktop/Computer Game Design/repository/PewPewGames/Game/DerivedDataCache/DDC.ddp not found, will not use a pak cache.
[2017.09.26-03.43.21:889][  0]LogDerivedDataCache: Unable to find inner node Pak for hierarchical cache Hierarchy.
[2017.09.26-03.43.21:889][  0]LogDerivedDataCache: FDerivedDataBackendGraph:  CompressedPak pak cache file ../../../../../../Users/Raymond Aoukar/Desktop/Computer Game Design/repository/PewPewGames/Game/DerivedDataCache/Compressed.ddp not found, will not use a pak cache.
[2017.09.26-03.43.21:890][  0]LogDerivedDataCache: Unable to find inner node CompressedPak for hierarchical cache Hierarchy.
[2017.09.26-03.43.21:909][  0]LogDerivedDataCache: Display: Pak cache opened for reading ../../../Engine/DerivedDataCache/Compressed.ddp.
[2017.09.26-03.43.21:922][  0]LogDerivedDataCache: Using Local data cache path C:/Users/Raymond Aoukar/AppData/Local/UnrealEngine/Common/DerivedDataCache: Writable
[2017.09.26-03.43.21:939][  0]LogMaterial: Verifying Global Shaders for PCD3D_SM5
[2017.09.26-03.43.21:939][  0]LogSlate: Using Freetype 2.6.0
[2017.09.26-03.43.21:940][  0]LogSlate: SlateFontCache - WITH_FREETYPE: 1, WITH_HARFBUZZ: 1
[2017.09.26-03.43.21:940][  0]LogSlate: SlateFontCache - WITH_FREETYPE: 1, WITH_HARFBUZZ: 1
[2017.09.26-03.43.22:288][  0]LogAssetRegistry: FAssetRegistry took 0.0281 seconds to start up
[2017.09.26-03.43.22:465][  0]LogInit: Selected Device Profile: [Windows]
[2017.09.26-03.43.22:674][  0]LogContentStreaming: Texture pool size is 0.00 MB
[2017.09.26-03.43.23:078][  0]LogSimplygon: Simplygon DLL not present - disabling.
[2017.09.26-03.43.23:120][  0]LogMeshReduction: Using SimplygonSwarm for distributed automatic mesh merging
[2017.09.26-03.43.23:120][  0]LogMeshReduction: Using QuadricMeshReduction for automatic static mesh reduction
[2017.09.26-03.43.23:120][  0]LogMeshReduction: No automatic skeletal mesh reduction module available
[2017.09.26-03.43.23:120][  0]LogMeshReduction: No automatic mesh merging module available
[2017.09.26-03.43.23:120][  0]LogMeshMerging: No automatic mesh merging module available
[2017.09.26-03.43.23:529][  0]LogNetVersion: Game , NetCL: 3573198, EngineNetVer: 2, GameNetVer: 0 (Checksum: 2957514414)
[2017.09.26-03.43.23:786][  0]LogPackageLocalizationCache: Processed 5 localized package path(s) for 2 prioritized culture(s) in 0.052505 seconds
[2017.09.26-03.43.23:792][  0]LogUObjectArray: 35825 objects as part of root set at end of initial load.
[2017.09.26-03.43.23:792][  0]LogUObjectAllocator: 7529112 out of 0 bytes used by permanent object pool.
[2017.09.26-03.43.23:792][  0]LogUObjectArray: CloseDisregardForGC: 0/0 objects in disregard for GC pool
[2017.09.26-03.43.23:865][  0]LogInit: WinSock: version 1.1 (2.2), MaxSocks=32767, MaxUdp=65467
[2017.09.26-03.43.26:841][  0]LogTcpMessaging: Initializing TcpMessaging bridge
[2017.09.26-03.43.26:886][  0]LogUdpMessaging: Initializing bridge on interface 0.0.0.0:0 to multicast group 230.0.0.1:6666.
[2017.09.26-03.43.27:900][  0]LogMaterial: Uniform references updated for custom material expression Custom.
[2017.09.26-03.43.28:473][  0]SourceControl: Source control is disabled
[2017.09.26-03.43.28:473][  0]SourceControl: Source control is disabled
[2017.09.26-03.43.28:544][  0]SourceControl: Source control is disabled
[2017.09.26-03.43.28:606][  0]SourceControl: Source control is disabled
[2017.09.26-03.43.29:385][  0]LogAndroidPermission: UAndroidPermissionCallbackProxy::GetInstance
[2017.09.26-03.43.29:655][  0]LogOcInput: OculusInput pre-init called
[2017.09.26-03.43.29:946][  0]LogEngine: Initializing Engine...
[2017.09.26-03.43.29:948][  0]LogHMD: Failed to initialize OpenVR with code 110
[2017.09.26-03.43.30:210][  0]LogStats: UGameplayTagsManager::ConstructGameplayTagTree: Construct from data asset -  0.000 s
[2017.09.26-03.43.30:210][  0]LogStats: UGameplayTagsManager::ConstructGameplayTagTree: GameplayTagTreeChangedEvent.Broadcast -  0.000 s
[2017.09.26-03.43.30:354][  0]LogAIModule: Creating AISystem for world Untitled
[2017.09.26-03.43.30:363][  0]LogInit: XAudio2 using 'Speakers (Realtek High Definition Audio)' : 2 channels at 48 kHz using 32 bits per sample (channel mask 0x3)
[2017.09.26-03.43.30:379][  0]LogInit: FAudioDevice initialized.
[2017.09.26-03.43.30:696][  0]LogDerivedDataCache: Saved boot cache 0.32s 93MB C:/Users/Raymond Aoukar/AppData/Local/UnrealEngine/4.17/DerivedDataCache/Boot.ddc.
[2017.09.26-03.43.30:748][  0]LogInit: Texture streaming: Enabled
[2017.09.26-03.43.31:033][  0]LogEngineSessionManager: EngineSessionManager initialized
[2017.09.26-03.43.31:406][  0]LogInit: Transaction tracking system initialized
[2017.09.26-03.43.31:927][  0]BlueprintLog: New page: Editor Load
[2017.09.26-03.43.32:954][  0]LocalizationService: Localization service is disabled
[2017.09.26-03.43.33:746][  0]LogConsoleResponse: Display: 
[2017.09.26-03.43.34:010][  0]LogCook: Display: Max memory allowance for cook 16384mb min free memory 0mb
[2017.09.26-03.43.34:010][  0]LogCook: Display: Mobile HDR setting 1
[2017.09.26-03.43.34:010][  0]LogGameplayTags: Display: UGameplayTagsManager::DoneAddingNativeTags. DelegateIsBound: 0
[2017.09.26-03.43.34:865][  0]LogFileCache: Scanning file cache for directory 'C:/Users/Raymond Aoukar/Desktop/Computer Game Design/repository/PewPewGames/Game/Content/' took 0.02s
[2017.09.26-03.43.35:315][  0]SourceControl: Source control is disabled
[2017.09.26-03.43.35:317][  0]LightingResults: New page: Lighting Build
[2017.09.26-03.43.35:366][  0]MapCheck: New page: Map Check
[2017.09.26-03.43.35:366][  0]LightingResults: New page: Lighting Build
[2017.09.26-03.43.36:038][  0]LogBlueprint: Warning: [Compiler Ue4ASP_Character] InputAction Event references unknown Action 'Crouch' for  InputAction Crouch
[2017.09.26-03.43.36:052][  0]LogBlueprint: Warning: [Compiler Ue4ASP_Character] [0022.91] Compile of Ue4ASP_Character successful, but with 1 Warning(s) [in 55 ms] (/Game/AnimStarterPack/Ue4ASP_Character.Ue4ASP_Character)
[2017.09.26-03.43.37:018][  0]LogAIModule: Creating AISystem for world FirstPersonExampleMap
[2017.09.26-03.43.37:043][  0]LogEditorServer: Finished looking for orphan Actors (0.000 secs)
[2017.09.26-03.43.37:083][  0]Cmd: MAP CHECKDEP NOCLEARLOG
[2017.09.26-03.43.37:160][  0]MapCheck: Map check complete: 0 Error(s), 0 Warning(s), took 78.008ms to complete.
[2017.09.26-03.43.37:161][  0]LogFileHelpers: Loading map 'FirstPersonExampleMap' took 1.846
[2017.09.26-03.43.37:235][  0]LogWindowsTextInputMethodSystem: Display: IME system now deactivated.
[2017.09.26-03.43.37:349][  0]LogCollectionManager: Loaded 0 collections in 0.001830 seconds
[2017.09.26-03.43.37:522][  0]LogFileCache: Scanning file cache for directory 'C:/Users/Raymond Aoukar/Desktop/Computer Game Design/repository/PewPewGames/Game/Saved/Collections/' took 0.01s
[2017.09.26-03.43.37:522][  0]LogFileCache: Scanning file cache for directory 'C:/Users/Raymond Aoukar/Desktop/Computer Game Design/repository/PewPewGames/Game/Content/Developers/RaymondAoukar/Collections/' took 0.01s
[2017.09.26-03.43.37:522][  0]LogFileCache: Scanning file cache for directory 'C:/Users/Raymond Aoukar/Desktop/Computer Game Design/repository/PewPewGames/Game/Content/Collections/' took 0.01s
[2017.09.26-03.43.37:523][  0]LogCollectionManager: Rebuilt the GUID cache for 0 collections in 0.000001 seconds
[2017.09.26-03.43.37:549][  0]LogContentBrowser: Native class hierarchy populated in 0.0254 seconds. Added 2386 classes and 500 folders.
[2017.09.26-03.43.37:736][  0]LogContentBrowser: Native class hierarchy updated for 'WidgetCarousel' in 0.0022 seconds. Added 0 classes and 0 folders.
[2017.09.26-03.43.37:853][  0]LogContentBrowser: Native class hierarchy updated for 'AddContentDialog' in 0.0015 seconds. Added 0 classes and 0 folders.
[2017.09.26-03.43.37:956][  0]LogContentBrowser: Native class hierarchy updated for 'SceneOutliner' in 0.0021 seconds. Added 1 classes and 2 folders.
[2017.09.26-03.43.38:020][  0]LogSlate: Took 0.000426 seconds to synchronously load lazily loaded font '../../../Engine/Content/Slate/Fonts/Roboto-Regular.ttf' (155K)
[2017.09.26-03.43.38:026][  0]LogSlate: Took 0.000801 seconds to synchronously load lazily loaded font '../../../Engine/Content/Slate/Fonts/Roboto-Bold.ttf' (160K)
[2017.09.26-03.43.38:045][  0]LogSlate: Took 0.000370 seconds to synchronously load lazily loaded font '../../../Engine/Content/Editor/Slate/Fonts/FontAwesome.ttf' (139K)
[2017.09.26-03.43.38:313][  0]LogRenderer: Reallocating scene render targets to support 1208x576 Format 10 NumSamples 1 (Frame:1).
[2017.09.26-03.43.38:661][  0]LogContentBrowser: Native class hierarchy updated for 'HierarchicalLODOutliner' in 0.0010 seconds. Added 1 classes and 2 folders.
[2017.09.26-03.43.38:661][  0]LogLoad: (Engine Initialization) Total time: 25.52 seconds
[2017.09.26-03.43.38:661][  0]LogLoad: (Engine Initialization) Total Blueprint compile time: 0.00 seconds
[2017.09.26-03.43.38:662][  0]LogExternalProfiler: Found external profiler: VSPerf
[2017.09.26-03.43.38:662][  0]LogExternalProfiler: Using external profiler: VSPerf
[2017.09.26-03.43.38:695][  0]LogContentStreaming: Texture pool size now 1000 MB
[2017.09.26-03.43.39:818][ 33]LogSlate: Took 0.000404 seconds to synchronously load lazily loaded font '../../../Engine/Content/Slate/Fonts/Roboto-Light.ttf' (159K)
[2017.09.26-03.43.53:295][599]LogCollectionManager: Rebuilt the object cache for 0 collections in 0.000001 seconds (found 0 objects)
[2017.09.26-03.44.02:225][724]LogSlate: Took 0.000682 seconds to synchronously load lazily loaded font '../../../Engine/Content/Slate/Fonts/Roboto-Light.ttf' (159K)
[2017.09.26-03.44.02:258][724]LogFactory: FactoryCreateFile: SoundWave with ReimportSoundFactory (0 0 ../../../../../../Users/Raymond Aoukar/Desktop/Audacity Files/Death_Sound_placeholder1.wav)
[2017.09.26-03.44.02:283][724]LogAudioDerivedData: Display: Building compressed audio format OGG wave Death_Sound_placeholder1...
[2017.09.26-03.44.02:386][724]LogAudioDerivedData: Updated SoundWave->RawPCMDataSize during cooking SoundWave /Game/PPGContent/Audio/Game_Sounds/Death_Sound_placeholder1.Death_Sound_placeholder1.
[2017.09.26-03.44.02:409][724]LogAssetRegistry: Asset discovery search completed in 40.1431 seconds
[2017.09.26-03.44.02:415][724]LogCollectionManager: Fixed up redirectors for 0 collections in 0.000011 seconds (updated 0 objects)
[2017.09.26-03.44.08:265][791]LogFactory: FactoryCreateFile: SoundWave with ReimportSoundFactory (0 0 ../../../../../../Users/Raymond Aoukar/Desktop/Audacity Files/Death_Sound_placeholder2.wav)
[2017.09.26-03.44.08:278][791]LogAudioDerivedData: Display: Building compressed audio format OGG wave Death_Sound_placeholder2...
[2017.09.26-03.44.08:382][791]LogAudioDerivedData: Updated SoundWave->RawPCMDataSize during cooking SoundWave /Game/PPGContent/Audio/Game_Sounds/Death_Sound_placeholder2.Death_Sound_placeholder2.
[2017.09.26-03.44.14:917][888]LogFactory: FactoryCreateFile: SoundWave with ReimportSoundFactory (0 0 ../../../../../../Users/Raymond Aoukar/Desktop/Audacity Files/Death_Sound_placeholder3.wav)
[2017.09.26-03.44.14:923][888]LogAudioDerivedData: Display: Building compressed audio format OGG wave Death_Sound_placeholder3...
[2017.09.26-03.44.14:975][888]LogAudioDerivedData: Updated SoundWave->RawPCMDataSize during cooking SoundWave /Game/PPGContent/Audio/Game_Sounds/Death_Sound_placeholder3.Death_Sound_placeholder3.
[2017.09.26-03.44.30:367][527]LogSavePackage: Save=16.35ms
[2017.09.26-03.44.30:367][527]LogSavePackage: Moving '../../../../../../Users/Raymond Aoukar/Desktop/Computer Game Design/repository/PewPewGames/Game/Saved/Death_Sound_placeholder18EFDC28447BD4A00AE60569DDF8D16BB.tmp' to '../../../../../../Users/Raymond Aoukar/Desktop/Computer Game Design/repository/PewPewGames/Game/Content/PPGContent/Audio/Game_Sounds/Death_Sound_placeholder1.uasset'
[2017.09.26-03.44.30:373][527]LogSavePackage: Display: Finished SavePackage ../../../../../../Users/Raymond Aoukar/Desktop/Computer Game Design/repository/PewPewGames/Game/Content/PPGContent/Audio/Game_Sounds/Death_Sound_placeholder1.uasset
[2017.09.26-03.44.30:417][527]LogSavePackage: Save=16.78ms
[2017.09.26-03.44.30:417][527]LogSavePackage: Moving '../../../../../../Users/Raymond Aoukar/Desktop/Computer Game Design/repository/PewPewGames/Game/Saved/Death_Sound_placeholder25FC5396A48D052D50EE5EB85C4242951.tmp' to '../../../../../../Users/Raymond Aoukar/Desktop/Computer Game Design/repository/PewPewGames/Game/Content/PPGContent/Audio/Game_Sounds/Death_Sound_placeholder2.uasset'
[2017.09.26-03.44.30:423][527]LogSavePackage: Display: Finished SavePackage ../../../../../../Users/Raymond Aoukar/Desktop/Computer Game Design/repository/PewPewGames/Game/Content/PPGContent/Audio/Game_Sounds/Death_Sound_placeholder2.uasset
[2017.09.26-03.44.30:469][527]LogSavePackage: Save=15.28ms
[2017.09.26-03.44.30:469][527]LogSavePackage: Moving '../../../../../../Users/Raymond Aoukar/Desktop/Computer Game Design/repository/PewPewGames/Game/Saved/Death_Sound_placeholder39C5AC4D645EF5407885BA89011FB7E0B.tmp' to '../../../../../../Users/Raymond Aoukar/Desktop/Computer Game Design/repository/PewPewGames/Game/Content/PPGContent/Audio/Game_Sounds/Death_Sound_placeholder3.uasset'
[2017.09.26-03.44.30:475][527]LogSavePackage: Display: Finished SavePackage ../../../../../../Users/Raymond Aoukar/Desktop/Computer Game Design/repository/PewPewGames/Game/Content/PPGContent/Audio/Game_Sounds/Death_Sound_placeholder3.uasset
