Log file open, 10/28/17 17:59:31
LogWindows: LoadLibraryWithSearchPaths failed for file aqProf.dll. GetLastError=0
LogWindows: LoadLibraryWithSearchPaths failed for file VtuneApi.dll. GetLastError=0
LogWindows: LoadLibraryWithSearchPaths failed for file VtuneApi32e.dll. GetLastError=0
LogInit: Display: Running engine for game: Game
LogPlatformFile: Not using cached read wrapper
LogInit: Display: RandInit(-241837970) SRandInit(-241837969).
LogTaskGraph: Started task graph with 5 named threads and 8 total threads with 3 sets of task threads.
LogStats: Stats thread started at 0.174982
LogD3D11RHI: Aftermath initialized
LogPluginManager: Mounting plugin Paper2D
LogPluginManager: Mounting plugin LightPropagationVolume
LogPluginManager: Mounting plugin CodeLiteSourceCodeAccess
LogPluginManager: Mounting plugin GitSourceControl
LogPluginManager: Mounting plugin KDevelopSourceCodeAccess
LogPluginManager: Mounting plugin NullSourceCodeAccess
LogPluginManager: Mounting plugin PerforceSourceControl
LogPluginManager: Mounting plugin SubversionSourceControl
LogPluginManager: Mounting plugin UObjectPlugin
LogPluginManager: Mounting plugin VisualStudioSourceCodeAccess
LogPluginManager: Mounting plugin XCodeSourceCodeAccess
LogPluginManager: Mounting plugin AssetManagerEditor
LogPluginManager: Mounting plugin AudioCapture
LogPluginManager: Mounting plugin FacialAnimation
LogPluginManager: Mounting plugin GameplayTagsEditor
LogPluginManager: Mounting plugin MobileLauncherProfileWizard
LogPluginManager: Mounting plugin PluginBrowser
LogPluginManager: Mounting plugin SpeedTreeImporter
LogPluginManager: Mounting plugin AlembicImporter
LogPluginManager: Mounting plugin CharacterAI
LogPluginManager: Mounting plugin HTML5Networking
LogPluginManager: Mounting plugin AndroidMedia
LogPluginManager: Mounting plugin AvfMedia
LogPluginManager: Mounting plugin MediaPlayerEditor
LogPluginManager: Mounting plugin WmfMedia
LogPluginManager: Mounting plugin TcpMessaging
LogPluginManager: Mounting plugin UdpMessaging
LogPluginManager: Mounting plugin LevelSequenceEditor
LogPluginManager: Mounting plugin MatineeToLevelSequence
LogPluginManager: Mounting plugin OnlineSubsystemGooglePlay
LogPluginManager: Mounting plugin OnlineSubsystemIOS
LogPluginManager: Mounting plugin OnlineSubsystem
LogPluginManager: Mounting plugin OnlineSubsystemNull
LogPluginManager: Mounting plugin OnlineSubsystemUtils
LogPluginManager: Mounting plugin AndroidDeviceProfileSelector
LogPluginManager: Mounting plugin AndroidMoviePlayer
LogPluginManager: Mounting plugin AndroidPermission
LogPluginManager: Mounting plugin AppleMoviePlayer
LogPluginManager: Mounting plugin ArchVisCharacter
LogPluginManager: Mounting plugin CableComponent
LogPluginManager: Mounting plugin CustomMeshComponent
LogPluginManager: Mounting plugin ExampleDeviceProfileSelector
LogPluginManager: Mounting plugin GoogleCloudMessaging
LogPluginManager: Mounting plugin ImmediatePhysics
LogPluginManager: Mounting plugin IOSDeviceProfileSelector
LogPluginManager: Mounting plugin LinuxDeviceProfileSelector
LogPluginManager: Mounting plugin LocationServicesBPLibrary
LogPluginManager: Mounting plugin MobilePatchingUtils
LogPluginManager: Mounting plugin OculusVR
LogPluginManager: Mounting plugin PhysXVehicles
LogPluginManager: Mounting plugin ProceduralMeshComponent
LogPluginManager: Mounting plugin RuntimePhysXCooking
LogPluginManager: Mounting plugin SteamVR
LogPluginManager: Mounting plugin WindowsMoviePlayer
LogInit: Using libcurl 7.47.1
LogInit:  - built for x86_64-pc-win32
LogInit:  - supports SSL with OpenSSL/1.0.2g
LogInit:  - supports HTTP deflate (compression) using libz 1.2.8
LogInit:  - other features:
LogInit:      CURL_VERSION_SSL
LogInit:      CURL_VERSION_LIBZ
LogInit:      CURL_VERSION_IPV6
LogInit:      CURL_VERSION_ASYNCHDNS
LogInit:      CURL_VERSION_LARGEFILE
LogInit:      CURL_VERSION_IDN
LogInit:  CurlRequestOptions (configurable via config and command line):
LogInit:  - bVerifyPeer = false  - Libcurl will NOT verify peer certificate
LogInit:  - bUseHttpProxy = false  - Libcurl will NOT use HTTP proxy
LogInit:  - bDontReuseConnections = false  - Libcurl will reuse connections
LogInit:  - CertBundlePath = nullptr  - Libcurl will use whatever was configured at build time.
LogInit: Build: ++UE4+Release-4.17-CL-3586342
LogInit: Engine Version: 4.17.1-3586342+++UE4+Release-4.17
LogInit: Compatible Engine Version: 4.17.0-3573198+++UE4+Release-4.17
LogInit: Net CL: 3573198
LogDevObjectVersion: Number of dev versions registered: 16
LogDevObjectVersion:   Dev-Blueprints (B0D832E4-1F89-4F0D-ACCF-7EB736FD4AA2): 10
LogDevObjectVersion:   Dev-Build (E1C64328-A22C-4D53-A36C-8E866417BD8C): 0
LogDevObjectVersion:   Dev-Core (375EC13C-06E4-48FB-B500-84F0262A717E): 2
LogDevObjectVersion:   Dev-Editor (E4B068ED-F494-42E9-A231-DA0B2E46BB41): 20
LogDevObjectVersion:   Dev-Framework (CFFC743F-43B0-4480-9391-14DF171D2073): 28
LogDevObjectVersion:   Dev-Mobile (B02B49B5-BB20-44E9-A304-32B752E40360): 0
LogDevObjectVersion:   Dev-Networking (A4E4105C-59A1-49B5-A7C5-40C4547EDFEE): 0
LogDevObjectVersion:   Dev-Online (39C831C9-5AE6-47DC-9A44-9C173E1C8E7C): 0
LogDevObjectVersion:   Dev-Physics (78F01B33-EBEA-4F98-B9B4-84EACCB95AA2): 0
LogDevObjectVersion:   Dev-Platform (6631380F-2D4D-43E0-8009-CF276956A95A): 0
LogDevObjectVersion:   Dev-Rendering (12F88B9F-8875-4AFC-A67C-D90C383ABD29): 19
LogDevObjectVersion:   Dev-Sequencer (7B5AE74C-D270-4C10-A958-57980B212A5A): 4
LogDevObjectVersion:   Dev-VR (D7296918-1DD6-4BDD-9DE2-64A83CC13884): 0
LogDevObjectVersion:   Dev-LoadTimes (C2A15278-BFE7-4AFE-6C17-90FF531DF755): 1
LogDevObjectVersion:   Private-Geometry (6EACA3D4-40EC-4CC1-B786-8BED09428FC5): 1
LogDevObjectVersion:   Dev-AnimPhys (29E575DD-E0A3-4627-9D10-D276232CDCEA): 7
LogInit: Compiled (64-bit): Aug 15 2017 02:05:26
LogInit: Compiled with Visual C++: 19.00.24215.01
LogInit: Build Configuration: Development
LogInit: Branch Name: ++UE4+Release-4.17
LogInit: Command line:  
LogInit: Base directory: C:/Program Files/Epic Games/UE_4.17/Engine/Binaries/Win64/
LogInit: Installed Engine Build: 1
LogInit: Presizing for max 8388607 objects, including 0 objects not considered by GC, pre-allocating 0 bytes for permanent pool.
LogInit: Object subsystem initialized
[2017.10.28-07.29.32:471][  0]LogInit: Selected Device Profile: [Windows]
[2017.10.28-07.29.32:471][  0]LogInit: Applying CVar settings loaded from the selected device profile: [Windows]
[2017.10.28-07.29.32:482][  0]LogInit: Computer: LAPTOP-AF13HJPO
[2017.10.28-07.29.32:482][  0]LogInit: User: RaymondAoukar
[2017.10.28-07.29.32:482][  0]LogInit: CPU Page size=4096, Cores=2
[2017.10.28-07.29.32:482][  0]LogInit: High frequency timer resolution =2.835937 MHz
[2017.10.28-07.29.32:482][  0]LogMemory: Memory total: Physical=15.9GB (16GB approx)
[2017.10.28-07.29.32:482][  0]LogMemory: Platform Memory Stats for Windows
[2017.10.28-07.29.32:482][  0]LogMemory: Process Physical Memory: 279.08 MB used, 279.08 MB peak
[2017.10.28-07.29.32:482][  0]LogMemory: Process Virtual Memory: 287.80 MB used, 287.80 MB peak
[2017.10.28-07.29.32:482][  0]LogMemory: Physical Memory: 4610.13 MB used,  11642.00 MB free, 16252.13 MB total
[2017.10.28-07.29.32:482][  0]LogMemory: Virtual Memory: 678.98 MB used,  11642.00 MB free, 134217728.00 MB total
[2017.10.28-07.29.32:618][  0]LogInit: Using OS detected language (en-US).
[2017.10.28-07.29.32:618][  0]LogInit: Using OS detected locale (en-AU).
[2017.10.28-07.29.32:621][  0]LogTextLocalizationManager: No specific localization for 'en-US' exists, so the 'en' localization will be used.
[2017.10.28-07.29.33:221][  0]LogD3D11RHI: D3D11 adapters:
[2017.10.28-07.29.33:521][  0]LogD3D11RHI:    0. 'NVIDIA GeForce 940MX' (Feature Level 11_0)
[2017.10.28-07.29.33:521][  0]LogD3D11RHI:       4065/0/8126 MB DedicatedVideo/DedicatedSystem/SharedSystem, Outputs:1, VendorId:0x10de
[2017.10.28-07.29.33:530][  0]LogD3D11RHI:    1. 'Intel(R) HD Graphics 620' (Feature Level 11_0)
[2017.10.28-07.29.33:530][  0]LogD3D11RHI:       128/0/8126 MB DedicatedVideo/DedicatedSystem/SharedSystem, Outputs:0, VendorId:0x8086
[2017.10.28-07.29.33:531][  0]LogD3D11RHI:    2. 'Microsoft Basic Render Driver' (Feature Level 11_0)
[2017.10.28-07.29.33:531][  0]LogD3D11RHI:       0/0/8126 MB DedicatedVideo/DedicatedSystem/SharedSystem, Outputs:0, VendorId:0x1414
[2017.10.28-07.29.33:532][  0]LogD3D11RHI: Chosen D3D11 Adapter: 0
[2017.10.28-07.29.33:537][  0]LogD3D11RHI: Creating new Direct3DDevice
[2017.10.28-07.29.33:537][  0]LogD3D11RHI:     GPU DeviceId: 0x179c (for the marketing name, search the web for "GPU Device Id")
[2017.10.28-07.29.33:537][  0]LogWindows: EnumDisplayDevices:
[2017.10.28-07.29.33:537][  0]LogWindows:    0. 'Intel(R) HD Graphics 620' (P:1 D:1)
[2017.10.28-07.29.33:538][  0]LogWindows:    1. 'Intel(R) HD Graphics 620' (P:0 D:0)
[2017.10.28-07.29.33:538][  0]LogWindows:    2. 'Intel(R) HD Graphics 620' (P:0 D:0)
[2017.10.28-07.29.33:538][  0]LogWindows: DebugString: PrimaryIsNotTheChoosenAdapter PrimaryIsNotTheChoosenAdapter PrimaryIsNotTheChoosenAdapter FoundDriverCount:0 
[2017.10.28-07.29.33:538][  0]LogD3D11RHI:     Adapter Name: NVIDIA GeForce 940MX
[2017.10.28-07.29.33:538][  0]LogD3D11RHI:   Driver Version: Unknown (internal:Unknown, unified:Unknown)
[2017.10.28-07.29.33:538][  0]LogD3D11RHI:      Driver Date: Unknown
[2017.10.28-07.29.33:538][  0]LogRHI: Texture pool is 1361 MB (70% of 1945 MB)
[2017.10.28-07.29.33:571][  0]LogD3D11RHI: Async texture creation enabled
[2017.10.28-07.29.33:588][  0]LogD3D11RHI: GPU Timing Frequency: 1000.000000 (Debug: 2 2)
[2017.10.28-07.29.33:588][  0]LogShaderCompilers: Guid format shader working directory is -40 characters bigger than the processId version (../../../../../../Users/Raymond Aoukar/Desktop/Computer Game Design/repository/PewPewGames/Game/Intermediate/Shaders/WorkingDirectory/4704/).
[2017.10.28-07.29.33:589][  0]LogShaderCompilers: Cleaned the shader compiler working directory 'C:/Users/Raymond Aoukar/AppData/Local/Temp/UnrealShaderWorkingDir/554161F848DF2A1278698AB9A2C83B93/'.
[2017.10.28-07.29.33:589][  0]LogShaderCompilers: Display: Using Local Shader Compiler.
[2017.10.28-07.29.34:362][  0]LogTemp: Display: Loaded TP AllDesktopTargetPlatform
[2017.10.28-07.29.34:404][  0]LogTemp: Display: Loaded TP MacClientTargetPlatform
[2017.10.28-07.29.34:450][  0]LogTemp: Display: Loaded TP MacNoEditorTargetPlatform
[2017.10.28-07.29.34:492][  0]LogTemp: Display: Loaded TP MacServerTargetPlatform
[2017.10.28-07.29.34:535][  0]LogTemp: Display: Loaded TP MacTargetPlatform
[2017.10.28-07.29.34:579][  0]LogTemp: Display: Loaded TP WindowsClientTargetPlatform
[2017.10.28-07.29.34:622][  0]LogTemp: Display: Loaded TP WindowsNoEditorTargetPlatform
[2017.10.28-07.29.34:664][  0]LogTemp: Display: Loaded TP WindowsServerTargetPlatform
[2017.10.28-07.29.34:700][  0]LogTemp: Display: Loaded TP WindowsTargetPlatform
[2017.10.28-07.29.34:744][  0]LogTemp: Display: Loaded TP AndroidTargetPlatform
[2017.10.28-07.29.34:785][  0]LogTemp: Display: Loaded TP Android_ASTCTargetPlatform
[2017.10.28-07.29.34:826][  0]LogTemp: Display: Loaded TP Android_ATCTargetPlatform
[2017.10.28-07.29.34:867][  0]LogTemp: Display: Loaded TP Android_DXTTargetPlatform
[2017.10.28-07.29.34:908][  0]LogTemp: Display: Loaded TP Android_ETC1TargetPlatform
[2017.10.28-07.29.34:948][  0]LogTemp: Display: Loaded TP Android_ETC2TargetPlatform
[2017.10.28-07.29.35:030][  0]LogTemp: Display: Loaded TP Android_MultiTargetPlatform
[2017.10.28-07.29.35:030][  0]LogTemp: Display: Loaded TP Android_PVRTCTargetPlatform
[2017.10.28-07.29.35:062][  0]LogTemp: Display: Loaded TP HTML5TargetPlatform
[2017.10.28-07.29.35:145][  0]LogTemp: Display: Loaded TP IOSTargetPlatform
[2017.10.28-07.29.35:172][  0]LogTemp: Display: Loaded TP TVOSTargetPlatform
[2017.10.28-07.29.35:214][  0]LogTemp: Display: Loaded TP LinuxClientTargetPlatform
[2017.10.28-07.29.35:257][  0]LogTemp: Display: Loaded TP LinuxNoEditorTargetPlatform
[2017.10.28-07.29.35:298][  0]LogTemp: Display: Loaded TP LinuxServerTargetPlatform
[2017.10.28-07.29.35:340][  0]LogTemp: Display: Loaded TP LinuxTargetPlatform
[2017.10.28-07.29.35:340][  0]LogTargetPlatformManager: Display: Building Assets For Windows
[2017.10.28-07.29.35:746][  0]LogDerivedDataCache: Display: Max Cache Size: 512 MB
[2017.10.28-07.29.35:832][  0]LogDerivedDataCache: Loaded boot cache 0.09s 93MB C:/Users/Raymond Aoukar/AppData/Local/UnrealEngine/4.17/DerivedDataCache/Boot.ddc.
[2017.10.28-07.29.35:833][  0]LogDerivedDataCache: Display: Loaded Boot cache: C:/Users/Raymond Aoukar/AppData/Local/UnrealEngine/4.17/DerivedDataCache/Boot.ddc
[2017.10.28-07.29.35:833][  0]LogDerivedDataCache: FDerivedDataBackendGraph:  Pak pak cache file ../../../../../../Users/Raymond Aoukar/Desktop/Computer Game Design/repository/PewPewGames/Game/DerivedDataCache/DDC.ddp not found, will not use a pak cache.
[2017.10.28-07.29.35:833][  0]LogDerivedDataCache: Unable to find inner node Pak for hierarchical cache Hierarchy.
[2017.10.28-07.29.35:833][  0]LogDerivedDataCache: FDerivedDataBackendGraph:  CompressedPak pak cache file ../../../../../../Users/Raymond Aoukar/Desktop/Computer Game Design/repository/PewPewGames/Game/DerivedDataCache/Compressed.ddp not found, will not use a pak cache.
[2017.10.28-07.29.35:833][  0]LogDerivedDataCache: Unable to find inner node CompressedPak for hierarchical cache Hierarchy.
[2017.10.28-07.29.35:847][  0]LogDerivedDataCache: Display: Pak cache opened for reading ../../../Engine/DerivedDataCache/Compressed.ddp.
[2017.10.28-07.29.35:859][  0]LogDerivedDataCache: Using Local data cache path C:/Users/Raymond Aoukar/AppData/Local/UnrealEngine/Common/DerivedDataCache: Writable
[2017.10.28-07.29.35:868][  0]LogMaterial: Verifying Global Shaders for PCD3D_SM5
[2017.10.28-07.29.35:868][  0]LogSlate: Using Freetype 2.6.0
[2017.10.28-07.29.35:868][  0]LogSlate: SlateFontCache - WITH_FREETYPE: 1, WITH_HARFBUZZ: 1
[2017.10.28-07.29.35:868][  0]LogSlate: SlateFontCache - WITH_FREETYPE: 1, WITH_HARFBUZZ: 1
[2017.10.28-07.29.36:098][  0]LogAssetRegistry: FAssetRegistry took 0.0260 seconds to start up
[2017.10.28-07.29.36:205][  0]LogInit: Selected Device Profile: [Windows]
[2017.10.28-07.29.36:345][  0]LogContentStreaming: Texture pool size is 0.00 MB
[2017.10.28-07.29.36:598][  0]LogSimplygon: Simplygon DLL not present - disabling.
[2017.10.28-07.29.36:631][  0]LogMeshReduction: Using SimplygonSwarm for distributed automatic mesh merging
[2017.10.28-07.29.36:631][  0]LogMeshReduction: Using QuadricMeshReduction for automatic static mesh reduction
[2017.10.28-07.29.36:631][  0]LogMeshReduction: No automatic skeletal mesh reduction module available
[2017.10.28-07.29.36:631][  0]LogMeshReduction: No automatic mesh merging module available
[2017.10.28-07.29.36:631][  0]LogMeshMerging: No automatic mesh merging module available
[2017.10.28-07.29.36:952][  0]LogNetVersion: Game , NetCL: 3573198, EngineNetVer: 2, GameNetVer: 0 (Checksum: 2957514414)
[2017.10.28-07.29.37:161][  0]LogPackageLocalizationCache: Processed 5 localized package path(s) for 2 prioritized culture(s) in 0.051583 seconds
[2017.10.28-07.29.37:166][  0]LogUObjectArray: 35825 objects as part of root set at end of initial load.
[2017.10.28-07.29.37:166][  0]LogUObjectAllocator: 7529112 out of 0 bytes used by permanent object pool.
[2017.10.28-07.29.37:166][  0]LogUObjectArray: CloseDisregardForGC: 0/0 objects in disregard for GC pool
[2017.10.28-07.29.37:217][  0]LogInit: WinSock: version 1.1 (2.2), MaxSocks=32767, MaxUdp=65467
[2017.10.28-07.29.39:435][  0]LogTcpMessaging: Initializing TcpMessaging bridge
[2017.10.28-07.29.39:471][  0]LogUdpMessaging: Initializing bridge on interface 0.0.0.0:0 to multicast group 230.0.0.1:6666.
[2017.10.28-07.29.40:034][  0]LogMaterial: Uniform references updated for custom material expression Custom.
[2017.10.28-07.29.40:382][  0]SourceControl: Source control is disabled
[2017.10.28-07.29.40:382][  0]SourceControl: Source control is disabled
[2017.10.28-07.29.40:422][  0]SourceControl: Source control is disabled
[2017.10.28-07.29.40:462][  0]SourceControl: Source control is disabled
[2017.10.28-07.29.40:948][  0]LogAndroidPermission: UAndroidPermissionCallbackProxy::GetInstance
[2017.10.28-07.29.41:148][  0]LogOcInput: OculusInput pre-init called
[2017.10.28-07.29.41:363][  0]LogEngine: Initializing Engine...
[2017.10.28-07.29.41:364][  0]LogHMD: Failed to initialize OpenVR with code 110
[2017.10.28-07.29.41:567][  0]LogStats: UGameplayTagsManager::ConstructGameplayTagTree: Construct from data asset -  0.000 s
[2017.10.28-07.29.41:567][  0]LogStats: UGameplayTagsManager::ConstructGameplayTagTree: GameplayTagTreeChangedEvent.Broadcast -  0.000 s
[2017.10.28-07.29.41:674][  0]LogAIModule: Creating AISystem for world Untitled
[2017.10.28-07.29.41:680][  0]LogInit: XAudio2 using 'Speakers (Realtek High Definition Audio)' : 2 channels at 48 kHz using 32 bits per sample (channel mask 0x3)
[2017.10.28-07.29.41:828][  0]LogInit: FAudioDevice initialized.
[2017.10.28-07.29.42:129][  0]LogDerivedDataCache: Saved boot cache 0.30s 93MB C:/Users/Raymond Aoukar/AppData/Local/UnrealEngine/4.17/DerivedDataCache/Boot.ddc.
[2017.10.28-07.29.42:176][  0]LogInit: Texture streaming: Enabled
[2017.10.28-07.29.42:290][  0]LogEngineSessionManager: EngineSessionManager initialized
[2017.10.28-07.29.42:481][  0]LogInit: Transaction tracking system initialized
[2017.10.28-07.29.42:750][  0]BlueprintLog: New page: Editor Load
[2017.10.28-07.29.43:518][  0]LocalizationService: Localization service is disabled
[2017.10.28-07.29.44:106][  0]LogConsoleResponse: Display: 
[2017.10.28-07.29.44:291][  0]LogCook: Display: Max memory allowance for cook 16384mb min free memory 0mb
[2017.10.28-07.29.44:291][  0]LogCook: Display: Mobile HDR setting 1
[2017.10.28-07.29.44:291][  0]LogGameplayTags: Display: UGameplayTagsManager::DoneAddingNativeTags. DelegateIsBound: 0
[2017.10.28-07.29.44:587][  0]LogFileCache: Scanning file cache for directory 'C:/Users/Raymond Aoukar/Desktop/Computer Game Design/repository/PewPewGames/Game/Content/' took 0.02s
[2017.10.28-07.29.45:213][  0]SourceControl: Source control is disabled
[2017.10.28-07.29.45:214][  0]LightingResults: New page: Lighting Build
[2017.10.28-07.29.45:248][  0]MapCheck: New page: Map Check
[2017.10.28-07.29.45:248][  0]LightingResults: New page: Lighting Build
[2017.10.28-07.29.46:500][  0]LogAIModule: Creating AISystem for world FirstPersonExampleMap
[2017.10.28-07.29.46:581][  0]LogEditorServer: Finished looking for orphan Actors (0.000 secs)
[2017.10.28-07.29.46:603][  0]Cmd: MAP CHECKDEP NOCLEARLOG
[2017.10.28-07.29.46:662][  0]MapCheck: Map check complete: 0 Error(s), 0 Warning(s), took 58.934ms to complete.
[2017.10.28-07.29.46:662][  0]LogFileHelpers: Loading map 'FirstPersonExampleMap' took 1.449
[2017.10.28-07.29.46:724][  0]LogWindowsTextInputMethodSystem: Display: IME system now deactivated.
[2017.10.28-07.29.46:813][  0]LogCollectionManager: Loaded 0 collections in 0.001505 seconds
[2017.10.28-07.29.46:908][  0]LogFileCache: Scanning file cache for directory 'C:/Users/Raymond Aoukar/Desktop/Computer Game Design/repository/PewPewGames/Game/Saved/Collections/' took 0.01s
[2017.10.28-07.29.46:908][  0]LogFileCache: Scanning file cache for directory 'C:/Users/Raymond Aoukar/Desktop/Computer Game Design/repository/PewPewGames/Game/Content/Developers/RaymondAoukar/Collections/' took 0.01s
[2017.10.28-07.29.46:908][  0]LogFileCache: Scanning file cache for directory 'C:/Users/Raymond Aoukar/Desktop/Computer Game Design/repository/PewPewGames/Game/Content/Collections/' took 0.01s
[2017.10.28-07.29.46:908][  0]LogCollectionManager: Rebuilt the GUID cache for 0 collections in 0.000000 seconds
[2017.10.28-07.29.46:915][  0]LogContentBrowser: Native class hierarchy populated in 0.0076 seconds. Added 2386 classes and 500 folders.
[2017.10.28-07.29.46:973][  0]LogContentBrowser: Native class hierarchy updated for 'WidgetCarousel' in 0.0007 seconds. Added 0 classes and 0 folders.
[2017.10.28-07.29.47:010][  0]LogContentBrowser: Native class hierarchy updated for 'AddContentDialog' in 0.0006 seconds. Added 0 classes and 0 folders.
[2017.10.28-07.29.47:047][  0]LogContentBrowser: Native class hierarchy updated for 'SceneOutliner' in 0.0006 seconds. Added 1 classes and 2 folders.
[2017.10.28-07.29.47:066][  0]LogSlate: Took 0.000179 seconds to synchronously load lazily loaded font '../../../Engine/Content/Slate/Fonts/Roboto-Regular.ttf' (155K)
[2017.10.28-07.29.47:067][  0]LogSlate: Took 0.000170 seconds to synchronously load lazily loaded font '../../../Engine/Content/Slate/Fonts/Roboto-Bold.ttf' (160K)
[2017.10.28-07.29.47:072][  0]LogSlate: Took 0.000211 seconds to synchronously load lazily loaded font '../../../Engine/Content/Editor/Slate/Fonts/FontAwesome.ttf' (139K)
[2017.10.28-07.29.47:168][  0]LogRenderer: Reallocating scene render targets to support 1208x576 Format 10 NumSamples 1 (Frame:1).
[2017.10.28-07.29.47:401][  0]LogContentBrowser: Native class hierarchy updated for 'HierarchicalLODOutliner' in 0.0006 seconds. Added 1 classes and 2 folders.
[2017.10.28-07.29.47:401][  0]LogLoad: (Engine Initialization) Total time: 17.81 seconds
[2017.10.28-07.29.47:401][  0]LogLoad: (Engine Initialization) Total Blueprint compile time: 0.00 seconds
[2017.10.28-07.29.47:402][  0]LogExternalProfiler: Found external profiler: VSPerf
[2017.10.28-07.29.47:402][  0]LogExternalProfiler: Using external profiler: VSPerf
[2017.10.28-07.29.47:446][  0]LogContentStreaming: Texture pool size now 1000 MB
[2017.10.28-07.29.47:491][  1]LogAssetRegistry: Asset discovery search completed in 11.4152 seconds
[2017.10.28-07.29.47:493][  1]LogCollectionManager: Rebuilt the object cache for 0 collections in 0.000000 seconds (found 0 objects)
[2017.10.28-07.29.47:493][  1]LogCollectionManager: Fixed up redirectors for 0 collections in 0.000045 seconds (updated 0 objects)
[2017.10.28-07.29.48:551][ 30]LogSlate: Took 0.000268 seconds to synchronously load lazily loaded font '../../../Engine/Content/Slate/Fonts/Roboto-Light.ttf' (159K)
[2017.10.28-07.29.54:323][269]LogTemp: Repeating last play command: New Editor Window (PIE)
[2017.10.28-07.29.54:481][269]LogBlueprintUserMessages: Early PlayInEditor Detection: Level '/Game/FirstPersonBP/Maps/FirstPersonExampleMap.FirstPersonExampleMap:PersistentLevel' has LevelScriptBlueprint '/Game/FirstPersonBP/Maps/FirstPersonExampleMap.FirstPersonExampleMap:PersistentLevel.FirstPersonExampleMap' with GeneratedClass '/Game/FirstPersonBP/Maps/FirstPersonExampleMap.FirstPersonExampleMap_C' with ClassGeneratedBy '/Game/FirstPersonBP/Maps/FirstPersonExampleMap.FirstPersonExampleMap:PersistentLevel.FirstPersonExampleMap'
[2017.10.28-07.29.54:481][269]LogPlayLevel: PlayLevel: No blueprints needed recompiling
[2017.10.28-07.29.54:481][269]PIE: New page: PIE session: FirstPersonExampleMap (29 Oct 2017 4:29:54 am)
[2017.10.28-07.29.54:481][269]LogPlayLevel: Creating play world package: /Game/FirstPersonBP/Maps/UEDPIE_0_FirstPersonExampleMap
[2017.10.28-07.29.54:536][269]LogPlayLevel: PIE: StaticDuplicateObject took: (0.054088s)
[2017.10.28-07.29.54:538][269]LogAIModule: Creating AISystem for world FirstPersonExampleMap
[2017.10.28-07.29.54:538][269]LogPlayLevel: PIE: World Init took: (0.002240s)
[2017.10.28-07.29.54:538][269]LogPlayLevel: PIE: Created PIE world by copying editor world from /Game/FirstPersonBP/Maps/FirstPersonExampleMap.FirstPersonExampleMap to /Game/FirstPersonBP/Maps/UEDPIE_0_FirstPersonExampleMap.FirstPersonExampleMap (0.056946s)
[2017.10.28-07.29.54:567][269]LogInit: XAudio2 using 'Speakers (Realtek High Definition Audio)' : 2 channels at 48 kHz using 32 bits per sample (channel mask 0x3)
[2017.10.28-07.29.54:584][269]LogInit: FAudioDevice initialized.
[2017.10.28-07.29.54:648][269]LogLoad: Game class is 'FirstPersonGameMode_C'
[2017.10.28-07.29.54:672][269]LogWorld: Bringing World /Game/FirstPersonBP/Maps/UEDPIE_0_FirstPersonExampleMap.FirstPersonExampleMap up for play (max tick rate 60) at 2017.10.28-17.59.54
[2017.10.28-07.29.54:676][269]LogWorld: Bringing up level for play took: 0.025698
[2017.10.28-07.29.54:753][269]LogContentBrowser: Native class hierarchy updated for 'MovieSceneCapture' in 0.0012 seconds. Added 11 classes and 0 folders.
[2017.10.28-07.29.54:756][269]LogScriptCore: Warning: Script Msg: Attempted to access index 0 from array 'patrol-points' of length 0 in '/Game/PPGContent/Characters/Enemy/Base_Enemy/First_enemy.First_enemy_C'!
[2017.10.28-07.29.54:762][269]PIE: Play in editor start time for /Game/FirstPersonBP/Maps/UEDPIE_0_FirstPersonExampleMap 0.534
[2017.10.28-07.29.54:763][269]LogBlueprintUserMessages: Late PlayInEditor Detection: Level '/Game/FirstPersonBP/Maps/FirstPersonExampleMap.FirstPersonExampleMap:PersistentLevel' has LevelScriptBlueprint '/Game/FirstPersonBP/Maps/FirstPersonExampleMap.FirstPersonExampleMap:PersistentLevel.FirstPersonExampleMap' with GeneratedClass '/Game/FirstPersonBP/Maps/FirstPersonExampleMap.FirstPersonExampleMap_C' with ClassGeneratedBy '/Game/FirstPersonBP/Maps/FirstPersonExampleMap.FirstPersonExampleMap:PersistentLevel.FirstPersonExampleMap'
[2017.10.28-07.29.54:774][269]LogAudio: Warning: Detected orphaned looping sound 'Steam01'.
[2017.10.28-07.29.54:774][269]LogAudio: Warning: Detected orphaned looping sound 'Steam01'.
[2017.10.28-07.29.54:836][269]LogRenderer: Reallocating scene render targets to support 1292x756 Format 10 NumSamples 1 (Frame:1).
[2017.10.28-07.30.02:591][467]LogBlueprintUserMessages: Early EndPlayMap Detection: Level '/Game/FirstPersonBP/Maps/FirstPersonExampleMap.FirstPersonExampleMap:PersistentLevel' has LevelScriptBlueprint '/Game/FirstPersonBP/Maps/FirstPersonExampleMap.FirstPersonExampleMap:PersistentLevel.FirstPersonExampleMap' with GeneratedClass '/Game/FirstPersonBP/Maps/FirstPersonExampleMap.FirstPersonExampleMap_C' with ClassGeneratedBy '/Game/FirstPersonBP/Maps/FirstPersonExampleMap.FirstPersonExampleMap:PersistentLevel.FirstPersonExampleMap'
[2017.10.28-07.30.02:751][467]LogBlueprintUserMessages: Late EndPlayMap Detection: Level '/Game/FirstPersonBP/Maps/FirstPersonExampleMap.FirstPersonExampleMap:PersistentLevel' has LevelScriptBlueprint '/Game/FirstPersonBP/Maps/FirstPersonExampleMap.FirstPersonExampleMap:PersistentLevel.FirstPersonExampleMap' with GeneratedClass '/Game/FirstPersonBP/Maps/FirstPersonExampleMap.FirstPersonExampleMap_C' with ClassGeneratedBy '/Game/FirstPersonBP/Maps/FirstPersonExampleMap.FirstPersonExampleMap:PersistentLevel.FirstPersonExampleMap'
[2017.10.28-07.30.04:021][512]LogTemp: Repeating last play command: New Editor Window (PIE)
[2017.10.28-07.30.04:127][512]LogBlueprintUserMessages: Early PlayInEditor Detection: Level '/Game/FirstPersonBP/Maps/FirstPersonExampleMap.FirstPersonExampleMap:PersistentLevel' has LevelScriptBlueprint '/Game/FirstPersonBP/Maps/FirstPersonExampleMap.FirstPersonExampleMap:PersistentLevel.FirstPersonExampleMap' with GeneratedClass '/Game/FirstPersonBP/Maps/FirstPersonExampleMap.FirstPersonExampleMap_C' with ClassGeneratedBy '/Game/FirstPersonBP/Maps/FirstPersonExampleMap.FirstPersonExampleMap:PersistentLevel.FirstPersonExampleMap'
[2017.10.28-07.30.04:128][512]LogPlayLevel: PlayLevel: No blueprints needed recompiling
[2017.10.28-07.30.04:128][512]PIE: New page: PIE session: FirstPersonExampleMap (29 Oct 2017 4:30:04 am)
[2017.10.28-07.30.04:128][512]LogPlayLevel: Creating play world package: /Game/FirstPersonBP/Maps/UEDPIE_0_FirstPersonExampleMap
[2017.10.28-07.30.04:185][512]LogPlayLevel: PIE: StaticDuplicateObject took: (0.056942s)
[2017.10.28-07.30.04:186][512]LogAIModule: Creating AISystem for world FirstPersonExampleMap
[2017.10.28-07.30.04:187][512]LogPlayLevel: PIE: World Init took: (0.001630s)
[2017.10.28-07.30.04:187][512]LogPlayLevel: PIE: Created PIE world by copying editor world from /Game/FirstPersonBP/Maps/FirstPersonExampleMap.FirstPersonExampleMap to /Game/FirstPersonBP/Maps/UEDPIE_0_FirstPersonExampleMap.FirstPersonExampleMap (0.059167s)
[2017.10.28-07.30.04:237][512]LogInit: XAudio2 using 'Speakers (Realtek High Definition Audio)' : 2 channels at 48 kHz using 32 bits per sample (channel mask 0x3)
[2017.10.28-07.30.04:258][512]LogInit: FAudioDevice initialized.
[2017.10.28-07.30.04:311][512]LogLoad: Game class is 'FirstPersonGameMode_C'
[2017.10.28-07.30.04:321][512]LogWorld: Bringing World /Game/FirstPersonBP/Maps/UEDPIE_0_FirstPersonExampleMap.FirstPersonExampleMap up for play (max tick rate 60) at 2017.10.28-18.00.04
[2017.10.28-07.30.04:323][512]LogWorld: Bringing up level for play took: 0.011481
[2017.10.28-07.30.04:324][512]LogScriptCore: Warning: Script Msg: Attempted to access index 0 from array 'patrol-points' of length 0 in '/Game/PPGContent/Characters/Enemy/Base_Enemy/First_enemy.First_enemy_C'!
[2017.10.28-07.30.04:328][512]PIE: Play in editor start time for /Game/FirstPersonBP/Maps/UEDPIE_0_FirstPersonExampleMap 0.099
[2017.10.28-07.30.04:328][512]LogBlueprintUserMessages: Late PlayInEditor Detection: Level '/Game/FirstPersonBP/Maps/FirstPersonExampleMap.FirstPersonExampleMap:PersistentLevel' has LevelScriptBlueprint '/Game/FirstPersonBP/Maps/FirstPersonExampleMap.FirstPersonExampleMap:PersistentLevel.FirstPersonExampleMap' with GeneratedClass '/Game/FirstPersonBP/Maps/FirstPersonExampleMap.FirstPersonExampleMap_C' with ClassGeneratedBy '/Game/FirstPersonBP/Maps/FirstPersonExampleMap.FirstPersonExampleMap:PersistentLevel.FirstPersonExampleMap'
[2017.10.28-07.30.04:334][512]LogAudio: Warning: Detected orphaned looping sound 'Steam01'.
[2017.10.28-07.30.04:334][512]LogAudio: Warning: Detected orphaned looping sound 'Steam01'.
[2017.10.28-07.30.24:910][ 16]LogBlueprintUserMessages: Early EndPlayMap Detection: Level '/Game/FirstPersonBP/Maps/FirstPersonExampleMap.FirstPersonExampleMap:PersistentLevel' has LevelScriptBlueprint '/Game/FirstPersonBP/Maps/FirstPersonExampleMap.FirstPersonExampleMap:PersistentLevel.FirstPersonExampleMap' with GeneratedClass '/Game/FirstPersonBP/Maps/FirstPersonExampleMap.FirstPersonExampleMap_C' with ClassGeneratedBy '/Game/FirstPersonBP/Maps/FirstPersonExampleMap.FirstPersonExampleMap:PersistentLevel.FirstPersonExampleMap'
[2017.10.28-07.30.25:082][ 16]LogBlueprintUserMessages: Late EndPlayMap Detection: Level '/Game/FirstPersonBP/Maps/FirstPersonExampleMap.FirstPersonExampleMap:PersistentLevel' has LevelScriptBlueprint '/Game/FirstPersonBP/Maps/FirstPersonExampleMap.FirstPersonExampleMap:PersistentLevel.FirstPersonExampleMap' with GeneratedClass '/Game/FirstPersonBP/Maps/FirstPersonExampleMap.FirstPersonExampleMap_C' with ClassGeneratedBy '/Game/FirstPersonBP/Maps/FirstPersonExampleMap.FirstPersonExampleMap:PersistentLevel.FirstPersonExampleMap'
[2017.10.28-07.30.45:385][632]LogSlate: Took 0.000358 seconds to synchronously load lazily loaded font '../../../Engine/Content/Slate/Fonts/Roboto-Light.ttf' (159K)
[2017.10.28-07.30.45:986][632]LogSlate: Took 0.000254 seconds to synchronously load lazily loaded font '../../../Engine/Content/Slate/Fonts/Roboto-Regular.ttf' (155K)
[2017.10.28-07.30.46:191][632]LogContentBrowser: Native class hierarchy updated for 'BlueprintGraph' in 0.0018 seconds. Added 113 classes and 0 folders.
[2017.10.28-07.30.46:906][632]LogSlate: Took 0.000206 seconds to synchronously load lazily loaded font '../../../Engine/Content/Editor/Slate/Fonts/Roboto-BoldCondensed.ttf' (158K)
[2017.10.28-07.31.00:482][442]BlueprintLog: New page: Compile Tutorial_starter
[2017.10.28-07.31.01:206][465]LogSavePackage: Save=33.41ms
[2017.10.28-07.31.01:206][465]LogSavePackage: Moving '../../../../../../Users/Raymond Aoukar/Desktop/Computer Game Design/repository/PewPewGames/Game/Saved/Tutorial_starter85CDE2654DAB9EBF97A09CA82B3D02F6.tmp' to '../../../../../../Users/Raymond Aoukar/Desktop/Computer Game Design/repository/PewPewGames/Game/Content/PPGContent/Items/Text-DialoguePrompts/Tutorial_starter.uasset'
[2017.10.28-07.31.01:209][465]LogSavePackage: Display: Finished SavePackage ../../../../../../Users/Raymond Aoukar/Desktop/Computer Game Design/repository/PewPewGames/Game/Content/PPGContent/Items/Text-DialoguePrompts/Tutorial_starter.uasset
[2017.10.28-07.31.10:489][948]LogSavePackage: Save=37.04ms
[2017.10.28-07.31.10:489][948]LogSavePackage: Moving '../../../../../../Users/Raymond Aoukar/Desktop/Computer Game Design/repository/PewPewGames/Game/Saved/Tutorial-health-regenB61059384996A21F7BCC759E93613DEE.tmp' to '../../../../../../Users/Raymond Aoukar/Desktop/Computer Game Design/repository/PewPewGames/Game/Content/PPGContent/Items/Text-DialoguePrompts/Tutorial-health-regen.uasset'
[2017.10.28-07.31.10:491][948]LogSavePackage: Display: Finished SavePackage ../../../../../../Users/Raymond Aoukar/Desktop/Computer Game Design/repository/PewPewGames/Game/Content/PPGContent/Items/Text-DialoguePrompts/Tutorial-health-regen.uasset
[2017.10.28-07.31.35:280][887]LogEditorViewport: Clicking on Actor (LMB): First_enemy_C (First_enemy)
[2017.10.28-07.31.37:842][970]LogEditorViewport: Clicking on Actor (LMB): StaticMeshActor (Map2)
[2017.10.28-07.32.21:845][509]LogSlate: Took 0.000245 seconds to synchronously load lazily loaded font '../../../Engine/Content/Editor/Slate/Fonts/Roboto-Italic.ttf' (157K)
[2017.10.28-07.32.36:162][344]BlueprintLog: New page: Compile FirstPersonCharacter
[2017.10.28-07.32.40:408][369]LogSavePackage: Save=322.98ms
[2017.10.28-07.32.40:408][369]LogSavePackage: Moving '../../../../../../Users/Raymond Aoukar/Desktop/Computer Game Design/repository/PewPewGames/Game/Saved/FirstPersonCharacter776B15A4499B16C1AB3B17BB1768889D.tmp' to '../../../../../../Users/Raymond Aoukar/Desktop/Computer Game Design/repository/PewPewGames/Game/Content/FirstPersonBP/Blueprints/FirstPersonCharacter.uasset'
[2017.10.28-07.32.40:411][369]LogSavePackage: Display: Finished SavePackage ../../../../../../Users/Raymond Aoukar/Desktop/Computer Game Design/repository/PewPewGames/Game/Content/FirstPersonBP/Blueprints/FirstPersonCharacter.uasset
[2017.10.28-07.32.56:389][174]LogSavePackage: Save=716.45ms
[2017.10.28-07.32.56:389][174]LogSavePackage: Moving '../../../../../../Users/Raymond Aoukar/Desktop/Computer Game Design/repository/PewPewGames/Game/Saved/FirstPersonExampleMap9DC5E64947E21DE3204CD3BF86E85939.tmp' to '../../../../../../Users/Raymond Aoukar/Desktop/Computer Game Design/repository/PewPewGames/Game/Content/FirstPersonBP/Maps/FirstPersonExampleMap.umap'
[2017.10.28-07.32.56:393][174]LogSavePackage: Display: Finished SavePackage ../../../../../../Users/Raymond Aoukar/Desktop/Computer Game Design/repository/PewPewGames/Game/Content/FirstPersonBP/Maps/FirstPersonExampleMap.umap
[2017.10.28-07.32.56:486][174]LogFileHelpers: Saving map 'FirstPersonExampleMap' took 1.033
[2017.10.28-07.34.06:216][662]LogTemp: Repeating last play command: New Editor Window (PIE)
[2017.10.28-07.34.06:366][662]LogBlueprintUserMessages: Early PlayInEditor Detection: Level '/Game/FirstPersonBP/Maps/FirstPersonExampleMap.FirstPersonExampleMap:PersistentLevel' has LevelScriptBlueprint '/Game/FirstPersonBP/Maps/FirstPersonExampleMap.FirstPersonExampleMap:PersistentLevel.FirstPersonExampleMap' with GeneratedClass '/Game/FirstPersonBP/Maps/FirstPersonExampleMap.FirstPersonExampleMap_C' with ClassGeneratedBy '/Game/FirstPersonBP/Maps/FirstPersonExampleMap.FirstPersonExampleMap:PersistentLevel.FirstPersonExampleMap'
[2017.10.28-07.34.06:366][662]LogPlayLevel: PlayLevel: No blueprints needed recompiling
[2017.10.28-07.34.06:366][662]PIE: New page: PIE session: FirstPersonExampleMap (29 Oct 2017 4:34:06 am)
[2017.10.28-07.34.06:366][662]LogPlayLevel: Creating play world package: /Game/FirstPersonBP/Maps/UEDPIE_0_FirstPersonExampleMap
[2017.10.28-07.34.06:433][662]LogPlayLevel: PIE: StaticDuplicateObject took: (0.066203s)
[2017.10.28-07.34.06:435][662]LogAIModule: Creating AISystem for world FirstPersonExampleMap
[2017.10.28-07.34.06:436][662]LogPlayLevel: PIE: World Init took: (0.003583s)
[2017.10.28-07.34.06:437][662]LogPlayLevel: PIE: Created PIE world by copying editor world from /Game/FirstPersonBP/Maps/FirstPersonExampleMap.FirstPersonExampleMap to /Game/FirstPersonBP/Maps/UEDPIE_0_FirstPersonExampleMap.FirstPersonExampleMap (0.071082s)
[2017.10.28-07.34.06:510][662]LogInit: XAudio2 using 'Speakers (Realtek High Definition Audio)' : 2 channels at 48 kHz using 32 bits per sample (channel mask 0x3)
[2017.10.28-07.34.06:537][662]LogInit: FAudioDevice initialized.
[2017.10.28-07.34.06:597][662]LogLoad: Game class is 'FirstPersonGameMode_C'
[2017.10.28-07.34.06:624][662]LogWorld: Bringing World /Game/FirstPersonBP/Maps/UEDPIE_0_FirstPersonExampleMap.FirstPersonExampleMap up for play (max tick rate 60) at 2017.10.28-18.04.06
[2017.10.28-07.34.06:629][662]LogWorld: Bringing up level for play took: 0.031282
[2017.10.28-07.34.06:633][662]LogScriptCore: Warning: Script Msg: Attempted to access index 0 from array 'patrol-points' of length 0 in '/Game/PPGContent/Characters/Enemy/Base_Enemy/First_enemy.First_enemy_C'!
[2017.10.28-07.34.06:642][662]PIE: Play in editor start time for /Game/FirstPersonBP/Maps/UEDPIE_0_FirstPersonExampleMap 0.413
[2017.10.28-07.34.06:643][662]LogBlueprintUserMessages: Late PlayInEditor Detection: Level '/Game/FirstPersonBP/Maps/FirstPersonExampleMap.FirstPersonExampleMap:PersistentLevel' has LevelScriptBlueprint '/Game/FirstPersonBP/Maps/FirstPersonExampleMap.FirstPersonExampleMap:PersistentLevel.FirstPersonExampleMap' with GeneratedClass '/Game/FirstPersonBP/Maps/FirstPersonExampleMap.FirstPersonExampleMap_C' with ClassGeneratedBy '/Game/FirstPersonBP/Maps/FirstPersonExampleMap.FirstPersonExampleMap:PersistentLevel.FirstPersonExampleMap'
[2017.10.28-07.34.06:659][662]LogAudio: Warning: Detected orphaned looping sound 'Steam01'.
[2017.10.28-07.34.06:659][662]LogAudio: Warning: Detected orphaned looping sound 'Steam01'.
[2017.10.28-07.34.23:881][ 86]LogBlueprintUserMessages: Early EndPlayMap Detection: Level '/Game/FirstPersonBP/Maps/FirstPersonExampleMap.FirstPersonExampleMap:PersistentLevel' has LevelScriptBlueprint '/Game/FirstPersonBP/Maps/FirstPersonExampleMap.FirstPersonExampleMap:PersistentLevel.FirstPersonExampleMap' with GeneratedClass '/Game/FirstPersonBP/Maps/FirstPersonExampleMap.FirstPersonExampleMap_C' with ClassGeneratedBy '/Game/FirstPersonBP/Maps/FirstPersonExampleMap.FirstPersonExampleMap:PersistentLevel.FirstPersonExampleMap'
[2017.10.28-07.34.24:111][ 86]LogBlueprintUserMessages: Late EndPlayMap Detection: Level '/Game/FirstPersonBP/Maps/FirstPersonExampleMap.FirstPersonExampleMap:PersistentLevel' has LevelScriptBlueprint '/Game/FirstPersonBP/Maps/FirstPersonExampleMap.FirstPersonExampleMap:PersistentLevel.FirstPersonExampleMap' with GeneratedClass '/Game/FirstPersonBP/Maps/FirstPersonExampleMap.FirstPersonExampleMap_C' with ClassGeneratedBy '/Game/FirstPersonBP/Maps/FirstPersonExampleMap.FirstPersonExampleMap:PersistentLevel.FirstPersonExampleMap'
[2017.10.28-07.35.58:628][624]BlueprintLog: New page: Compile Dialogue_starter
[2017.10.28-07.35.59:822][675]LogSavePackage: Save=31.45ms
[2017.10.28-07.35.59:822][675]LogSavePackage: Moving '../../../../../../Users/Raymond Aoukar/Desktop/Computer Game Design/repository/PewPewGames/Game/Saved/Dialogue_starterB4950EE3404C94AC6DEE0BA56F1110DA.tmp' to '../../../../../../Users/Raymond Aoukar/Desktop/Computer Game Design/repository/PewPewGames/Game/Content/PPGContent/Items/Text-DialoguePrompts/Dialogue_starter.uasset'
[2017.10.28-07.35.59:824][675]LogSavePackage: Display: Finished SavePackage ../../../../../../Users/Raymond Aoukar/Desktop/Computer Game Design/repository/PewPewGames/Game/Content/PPGContent/Items/Text-DialoguePrompts/Dialogue_starter.uasset
[2017.10.28-07.36.11:041][348]BlueprintLog: New page: Compile Dialogue_starter
[2017.10.28-07.36.12:026][388]LogSavePackage: Save=33.06ms
[2017.10.28-07.36.12:026][388]LogSavePackage: Moving '../../../../../../Users/Raymond Aoukar/Desktop/Computer Game Design/repository/PewPewGames/Game/Saved/Dialogue_starter71476AE649C901D68F2E06B143FE95BC.tmp' to '../../../../../../Users/Raymond Aoukar/Desktop/Computer Game Design/repository/PewPewGames/Game/Content/PPGContent/Items/Text-DialoguePrompts/Dialogue_starter.uasset'
[2017.10.28-07.36.12:030][388]LogSavePackage: Display: Finished SavePackage ../../../../../../Users/Raymond Aoukar/Desktop/Computer Game Design/repository/PewPewGames/Game/Content/PPGContent/Items/Text-DialoguePrompts/Dialogue_starter.uasset
[2017.10.28-07.37.09:254][797]BlueprintLog: New page: Compile Dialogue_starter
[2017.10.28-07.37.10:017][822]LogSavePackage: Save=30.46ms
[2017.10.28-07.37.10:017][822]LogSavePackage: Moving '../../../../../../Users/Raymond Aoukar/Desktop/Computer Game Design/repository/PewPewGames/Game/Saved/Dialogue_starter154901444D28DEA55B30BC9102C3FC63.tmp' to '../../../../../../Users/Raymond Aoukar/Desktop/Computer Game Design/repository/PewPewGames/Game/Content/PPGContent/Items/Text-DialoguePrompts/Dialogue_starter.uasset'
[2017.10.28-07.37.10:021][822]LogSavePackage: Display: Finished SavePackage ../../../../../../Users/Raymond Aoukar/Desktop/Computer Game Design/repository/PewPewGames/Game/Content/PPGContent/Items/Text-DialoguePrompts/Dialogue_starter.uasset
[2017.10.28-07.37.39:604][977]LogEditorViewport: Clicking on Actor (LMB): StaticMeshActor (Cobrolla)
[2017.10.28-07.37.45:316][180]LogEditorViewport: Clicking on Actor (LMB): StaticMeshActor (Map2)
[2017.10.28-07.38.20:962][560]LogMaterial: Missing cached shader map for material T_Spark_Core_Mat, compiling. 
[2017.10.28-07.38.27:722][787]Cmd: TRANSACTION UNDO
[2017.10.28-07.38.27:722][787]LogEditorTransaction: Undo Create Actors
[2017.10.28-07.38.53:744][697]LogTemp: Repeating last play command: New Editor Window (PIE)
[2017.10.28-07.38.53:850][697]LogBlueprintUserMessages: Early PlayInEditor Detection: Level '/Game/FirstPersonBP/Maps/FirstPersonExampleMap.FirstPersonExampleMap:PersistentLevel' has LevelScriptBlueprint '/Game/FirstPersonBP/Maps/FirstPersonExampleMap.FirstPersonExampleMap:PersistentLevel.FirstPersonExampleMap' with GeneratedClass '/Game/FirstPersonBP/Maps/FirstPersonExampleMap.FirstPersonExampleMap_C' with ClassGeneratedBy '/Game/FirstPersonBP/Maps/FirstPersonExampleMap.FirstPersonExampleMap:PersistentLevel.FirstPersonExampleMap'
[2017.10.28-07.38.53:850][697]LogPlayLevel: PlayLevel: No blueprints needed recompiling
[2017.10.28-07.38.53:850][697]PIE: New page: PIE session: FirstPersonExampleMap (29 Oct 2017 4:38:53 am)
[2017.10.28-07.38.53:850][697]LogPlayLevel: Creating play world package: /Game/FirstPersonBP/Maps/UEDPIE_0_FirstPersonExampleMap
[2017.10.28-07.38.53:914][697]LogPlayLevel: PIE: StaticDuplicateObject took: (0.062931s)
[2017.10.28-07.38.53:916][697]LogAIModule: Creating AISystem for world FirstPersonExampleMap
[2017.10.28-07.38.53:917][697]LogPlayLevel: PIE: World Init took: (0.003393s)
[2017.10.28-07.38.53:918][697]LogPlayLevel: PIE: Created PIE world by copying editor world from /Game/FirstPersonBP/Maps/FirstPersonExampleMap.FirstPersonExampleMap to /Game/FirstPersonBP/Maps/UEDPIE_0_FirstPersonExampleMap.FirstPersonExampleMap (0.067426s)
[2017.10.28-07.38.53:982][697]LogInit: XAudio2 using 'Speakers (Realtek High Definition Audio)' : 2 channels at 48 kHz using 32 bits per sample (channel mask 0x3)
[2017.10.28-07.38.54:001][697]LogInit: FAudioDevice initialized.
[2017.10.28-07.38.54:062][697]LogLoad: Game class is 'FirstPersonGameMode_C'
[2017.10.28-07.38.54:087][697]LogWorld: Bringing World /Game/FirstPersonBP/Maps/UEDPIE_0_FirstPersonExampleMap.FirstPersonExampleMap up for play (max tick rate 60) at 2017.10.28-18.08.54
[2017.10.28-07.38.54:091][697]LogWorld: Bringing up level for play took: 0.027963
[2017.10.28-07.38.54:096][697]LogScriptCore: Warning: Script Msg: Attempted to access index 0 from array 'patrol-points' of length 0 in '/Game/PPGContent/Characters/Enemy/Base_Enemy/First_enemy.First_enemy_C'!
[2017.10.28-07.38.54:105][697]PIE: Play in editor start time for /Game/FirstPersonBP/Maps/UEDPIE_0_FirstPersonExampleMap -0.124
[2017.10.28-07.38.54:106][697]LogBlueprintUserMessages: Late PlayInEditor Detection: Level '/Game/FirstPersonBP/Maps/FirstPersonExampleMap.FirstPersonExampleMap:PersistentLevel' has LevelScriptBlueprint '/Game/FirstPersonBP/Maps/FirstPersonExampleMap.FirstPersonExampleMap:PersistentLevel.FirstPersonExampleMap' with GeneratedClass '/Game/FirstPersonBP/Maps/FirstPersonExampleMap.FirstPersonExampleMap_C' with ClassGeneratedBy '/Game/FirstPersonBP/Maps/FirstPersonExampleMap.FirstPersonExampleMap:PersistentLevel.FirstPersonExampleMap'
[2017.10.28-07.38.54:124][697]LogAudio: Warning: Detected orphaned looping sound 'Steam01'.
[2017.10.28-07.38.54:124][697]LogAudio: Warning: Detected orphaned looping sound 'Steam01'.
[2017.10.28-07.39.05:415][ 27]LogBlueprintUserMessages: Early EndPlayMap Detection: Level '/Game/FirstPersonBP/Maps/FirstPersonExampleMap.FirstPersonExampleMap:PersistentLevel' has LevelScriptBlueprint '/Game/FirstPersonBP/Maps/FirstPersonExampleMap.FirstPersonExampleMap:PersistentLevel.FirstPersonExampleMap' with GeneratedClass '/Game/FirstPersonBP/Maps/FirstPersonExampleMap.FirstPersonExampleMap_C' with ClassGeneratedBy '/Game/FirstPersonBP/Maps/FirstPersonExampleMap.FirstPersonExampleMap:PersistentLevel.FirstPersonExampleMap'
[2017.10.28-07.39.05:580][ 27]LogBlueprintUserMessages: Late EndPlayMap Detection: Level '/Game/FirstPersonBP/Maps/FirstPersonExampleMap.FirstPersonExampleMap:PersistentLevel' has LevelScriptBlueprint '/Game/FirstPersonBP/Maps/FirstPersonExampleMap.FirstPersonExampleMap:PersistentLevel.FirstPersonExampleMap' with GeneratedClass '/Game/FirstPersonBP/Maps/FirstPersonExampleMap.FirstPersonExampleMap_C' with ClassGeneratedBy '/Game/FirstPersonBP/Maps/FirstPersonExampleMap.FirstPersonExampleMap:PersistentLevel.FirstPersonExampleMap'
[2017.10.28-07.39.30:003][869]LogEditorViewport: Clicking on Actor (LMB): StaticMeshActor (Cobrolla)
[2017.10.28-07.39.30:794][891]LogEditorViewport: Clicking on Actor (LMB): Blueprint_Effect_Sparks_C (Blueprint_Effect_Sparks)
[2017.10.28-07.39.37:789][160]LogTemp: Repeating last play command: New Editor Window (PIE)
[2017.10.28-07.39.37:909][160]LogBlueprintUserMessages: Early PlayInEditor Detection: Level '/Game/FirstPersonBP/Maps/FirstPersonExampleMap.FirstPersonExampleMap:PersistentLevel' has LevelScriptBlueprint '/Game/FirstPersonBP/Maps/FirstPersonExampleMap.FirstPersonExampleMap:PersistentLevel.FirstPersonExampleMap' with GeneratedClass '/Game/FirstPersonBP/Maps/FirstPersonExampleMap.FirstPersonExampleMap_C' with ClassGeneratedBy '/Game/FirstPersonBP/Maps/FirstPersonExampleMap.FirstPersonExampleMap:PersistentLevel.FirstPersonExampleMap'
[2017.10.28-07.39.37:909][160]LogPlayLevel: PlayLevel: No blueprints needed recompiling
[2017.10.28-07.39.37:909][160]PIE: New page: PIE session: FirstPersonExampleMap (29 Oct 2017 4:39:37 am)
[2017.10.28-07.39.37:910][160]LogPlayLevel: Creating play world package: /Game/FirstPersonBP/Maps/UEDPIE_0_FirstPersonExampleMap
[2017.10.28-07.39.37:970][160]LogPlayLevel: PIE: StaticDuplicateObject took: (0.060489s)
[2017.10.28-07.39.37:971][160]LogAIModule: Creating AISystem for world FirstPersonExampleMap
[2017.10.28-07.39.37:972][160]LogPlayLevel: PIE: World Init took: (0.001804s)
[2017.10.28-07.39.37:973][160]LogPlayLevel: PIE: Created PIE world by copying editor world from /Game/FirstPersonBP/Maps/FirstPersonExampleMap.FirstPersonExampleMap to /Game/FirstPersonBP/Maps/UEDPIE_0_FirstPersonExampleMap.FirstPersonExampleMap (0.063166s)
[2017.10.28-07.39.38:041][160]LogInit: XAudio2 using 'Speakers (Realtek High Definition Audio)' : 2 channels at 48 kHz using 32 bits per sample (channel mask 0x3)
[2017.10.28-07.39.38:061][160]LogInit: FAudioDevice initialized.
[2017.10.28-07.39.38:115][160]LogLoad: Game class is 'FirstPersonGameMode_C'
[2017.10.28-07.39.38:138][160]LogWorld: Bringing World /Game/FirstPersonBP/Maps/UEDPIE_0_FirstPersonExampleMap.FirstPersonExampleMap up for play (max tick rate 60) at 2017.10.28-18.09.38
[2017.10.28-07.39.38:142][160]LogWorld: Bringing up level for play took: 0.027144
[2017.10.28-07.39.38:145][160]LogScriptCore: Warning: Script Msg: Attempted to access index 0 from array 'patrol-points' of length 0 in '/Game/PPGContent/Characters/Enemy/Base_Enemy/First_enemy.First_enemy_C'!
[2017.10.28-07.39.38:153][160]PIE: Play in editor start time for /Game/FirstPersonBP/Maps/UEDPIE_0_FirstPersonExampleMap -0.075
[2017.10.28-07.39.38:154][160]LogBlueprintUserMessages: Late PlayInEditor Detection: Level '/Game/FirstPersonBP/Maps/FirstPersonExampleMap.FirstPersonExampleMap:PersistentLevel' has LevelScriptBlueprint '/Game/FirstPersonBP/Maps/FirstPersonExampleMap.FirstPersonExampleMap:PersistentLevel.FirstPersonExampleMap' with GeneratedClass '/Game/FirstPersonBP/Maps/FirstPersonExampleMap.FirstPersonExampleMap_C' with ClassGeneratedBy '/Game/FirstPersonBP/Maps/FirstPersonExampleMap.FirstPersonExampleMap:PersistentLevel.FirstPersonExampleMap'
[2017.10.28-07.39.38:170][160]LogAudio: Warning: Detected orphaned looping sound 'Steam01'.
[2017.10.28-07.39.38:170][160]LogAudio: Warning: Detected orphaned looping sound 'Steam01'.
[2017.10.28-07.39.48:990][513]LogBlueprintUserMessages: Early EndPlayMap Detection: Level '/Game/FirstPersonBP/Maps/FirstPersonExampleMap.FirstPersonExampleMap:PersistentLevel' has LevelScriptBlueprint '/Game/FirstPersonBP/Maps/FirstPersonExampleMap.FirstPersonExampleMap:PersistentLevel.FirstPersonExampleMap' with GeneratedClass '/Game/FirstPersonBP/Maps/FirstPersonExampleMap.FirstPersonExampleMap_C' with ClassGeneratedBy '/Game/FirstPersonBP/Maps/FirstPersonExampleMap.FirstPersonExampleMap:PersistentLevel.FirstPersonExampleMap'
[2017.10.28-07.39.49:160][513]LogBlueprintUserMessages: Late EndPlayMap Detection: Level '/Game/FirstPersonBP/Maps/FirstPersonExampleMap.FirstPersonExampleMap:PersistentLevel' has LevelScriptBlueprint '/Game/FirstPersonBP/Maps/FirstPersonExampleMap.FirstPersonExampleMap:PersistentLevel.FirstPersonExampleMap' with GeneratedClass '/Game/FirstPersonBP/Maps/FirstPersonExampleMap.FirstPersonExampleMap_C' with ClassGeneratedBy '/Game/FirstPersonBP/Maps/FirstPersonExampleMap.FirstPersonExampleMap:PersistentLevel.FirstPersonExampleMap'
[2017.10.28-07.39.51:038][569]LogEditorViewport: Clicking on Actor (LMB): Blueprint_Effect_Sparks_C (Blueprint_Effect_Sparks)
[2017.10.28-07.39.58:698][854]LogTemp: Repeating last play command: New Editor Window (PIE)
[2017.10.28-07.39.58:814][854]LogBlueprintUserMessages: Early PlayInEditor Detection: Level '/Game/FirstPersonBP/Maps/FirstPersonExampleMap.FirstPersonExampleMap:PersistentLevel' has LevelScriptBlueprint '/Game/FirstPersonBP/Maps/FirstPersonExampleMap.FirstPersonExampleMap:PersistentLevel.FirstPersonExampleMap' with GeneratedClass '/Game/FirstPersonBP/Maps/FirstPersonExampleMap.FirstPersonExampleMap_C' with ClassGeneratedBy '/Game/FirstPersonBP/Maps/FirstPersonExampleMap.FirstPersonExampleMap:PersistentLevel.FirstPersonExampleMap'
[2017.10.28-07.39.58:814][854]LogPlayLevel: PlayLevel: No blueprints needed recompiling
[2017.10.28-07.39.58:814][854]PIE: New page: PIE session: FirstPersonExampleMap (29 Oct 2017 4:39:58 am)
[2017.10.28-07.39.58:814][854]LogPlayLevel: Creating play world package: /Game/FirstPersonBP/Maps/UEDPIE_0_FirstPersonExampleMap
[2017.10.28-07.39.58:873][854]LogPlayLevel: PIE: StaticDuplicateObject took: (0.058598s)
[2017.10.28-07.39.58:875][854]LogAIModule: Creating AISystem for world FirstPersonExampleMap
[2017.10.28-07.39.58:875][854]LogPlayLevel: PIE: World Init took: (0.001739s)
[2017.10.28-07.39.58:875][854]LogPlayLevel: PIE: Created PIE world by copying editor world from /Game/FirstPersonBP/Maps/FirstPersonExampleMap.FirstPersonExampleMap to /Game/FirstPersonBP/Maps/UEDPIE_0_FirstPersonExampleMap.FirstPersonExampleMap (0.060988s)
[2017.10.28-07.39.58:938][854]LogInit: XAudio2 using 'Speakers (Realtek High Definition Audio)' : 2 channels at 48 kHz using 32 bits per sample (channel mask 0x3)
[2017.10.28-07.39.58:957][854]LogInit: FAudioDevice initialized.
[2017.10.28-07.39.59:011][854]LogLoad: Game class is 'FirstPersonGameMode_C'
[2017.10.28-07.39.59:036][854]LogWorld: Bringing World /Game/FirstPersonBP/Maps/UEDPIE_0_FirstPersonExampleMap.FirstPersonExampleMap up for play (max tick rate 60) at 2017.10.28-18.09.59
[2017.10.28-07.39.59:042][854]LogWorld: Bringing up level for play took: 0.030355
[2017.10.28-07.39.59:046][854]LogScriptCore: Warning: Script Msg: Attempted to access index 0 from array 'patrol-points' of length 0 in '/Game/PPGContent/Characters/Enemy/Base_Enemy/First_enemy.First_enemy_C'!
[2017.10.28-07.39.59:054][854]PIE: Play in editor start time for /Game/FirstPersonBP/Maps/UEDPIE_0_FirstPersonExampleMap 0.826
[2017.10.28-07.39.59:055][854]LogBlueprintUserMessages: Late PlayInEditor Detection: Level '/Game/FirstPersonBP/Maps/FirstPersonExampleMap.FirstPersonExampleMap:PersistentLevel' has LevelScriptBlueprint '/Game/FirstPersonBP/Maps/FirstPersonExampleMap.FirstPersonExampleMap:PersistentLevel.FirstPersonExampleMap' with GeneratedClass '/Game/FirstPersonBP/Maps/FirstPersonExampleMap.FirstPersonExampleMap_C' with ClassGeneratedBy '/Game/FirstPersonBP/Maps/FirstPersonExampleMap.FirstPersonExampleMap:PersistentLevel.FirstPersonExampleMap'
[2017.10.28-07.39.59:071][854]LogAudio: Warning: Detected orphaned looping sound 'Steam01'.
[2017.10.28-07.39.59:072][854]LogAudio: Warning: Detected orphaned looping sound 'Steam01'.
[2017.10.28-07.40.09:852][206]LogBlueprintUserMessages: Early EndPlayMap Detection: Level '/Game/FirstPersonBP/Maps/FirstPersonExampleMap.FirstPersonExampleMap:PersistentLevel' has LevelScriptBlueprint '/Game/FirstPersonBP/Maps/FirstPersonExampleMap.FirstPersonExampleMap:PersistentLevel.FirstPersonExampleMap' with GeneratedClass '/Game/FirstPersonBP/Maps/FirstPersonExampleMap.FirstPersonExampleMap_C' with ClassGeneratedBy '/Game/FirstPersonBP/Maps/FirstPersonExampleMap.FirstPersonExampleMap:PersistentLevel.FirstPersonExampleMap'
[2017.10.28-07.40.10:035][206]LogBlueprintUserMessages: Late EndPlayMap Detection: Level '/Game/FirstPersonBP/Maps/FirstPersonExampleMap.FirstPersonExampleMap:PersistentLevel' has LevelScriptBlueprint '/Game/FirstPersonBP/Maps/FirstPersonExampleMap.FirstPersonExampleMap:PersistentLevel.FirstPersonExampleMap' with GeneratedClass '/Game/FirstPersonBP/Maps/FirstPersonExampleMap.FirstPersonExampleMap_C' with ClassGeneratedBy '/Game/FirstPersonBP/Maps/FirstPersonExampleMap.FirstPersonExampleMap:PersistentLevel.FirstPersonExampleMap'
[2017.10.28-07.40.12:055][274]LogEditorViewport: Clicking on Actor (LMB): Blueprint_Effect_Sparks_C (Blueprint_Effect_Sparks)
[2017.10.28-07.40.17:013][466]LogTemp: Repeating last play command: New Editor Window (PIE)
[2017.10.28-07.40.17:129][466]LogBlueprintUserMessages: Early PlayInEditor Detection: Level '/Game/FirstPersonBP/Maps/FirstPersonExampleMap.FirstPersonExampleMap:PersistentLevel' has LevelScriptBlueprint '/Game/FirstPersonBP/Maps/FirstPersonExampleMap.FirstPersonExampleMap:PersistentLevel.FirstPersonExampleMap' with GeneratedClass '/Game/FirstPersonBP/Maps/FirstPersonExampleMap.FirstPersonExampleMap_C' with ClassGeneratedBy '/Game/FirstPersonBP/Maps/FirstPersonExampleMap.FirstPersonExampleMap:PersistentLevel.FirstPersonExampleMap'
[2017.10.28-07.40.17:129][466]LogPlayLevel: PlayLevel: No blueprints needed recompiling
[2017.10.28-07.40.17:129][466]PIE: New page: PIE session: FirstPersonExampleMap (29 Oct 2017 4:40:17 am)
[2017.10.28-07.40.17:129][466]LogPlayLevel: Creating play world package: /Game/FirstPersonBP/Maps/UEDPIE_0_FirstPersonExampleMap
[2017.10.28-07.40.17:188][466]LogPlayLevel: PIE: StaticDuplicateObject took: (0.058777s)
[2017.10.28-07.40.17:189][466]LogAIModule: Creating AISystem for world FirstPersonExampleMap
[2017.10.28-07.40.17:190][466]LogPlayLevel: PIE: World Init took: (0.001859s)
[2017.10.28-07.40.17:190][466]LogPlayLevel: PIE: Created PIE world by copying editor world from /Game/FirstPersonBP/Maps/FirstPersonExampleMap.FirstPersonExampleMap to /Game/FirstPersonBP/Maps/UEDPIE_0_FirstPersonExampleMap.FirstPersonExampleMap (0.061366s)
[2017.10.28-07.40.17:251][466]LogInit: XAudio2 using 'Speakers (Realtek High Definition Audio)' : 2 channels at 48 kHz using 32 bits per sample (channel mask 0x3)
[2017.10.28-07.40.17:271][466]LogInit: FAudioDevice initialized.
[2017.10.28-07.40.17:324][466]LogLoad: Game class is 'FirstPersonGameMode_C'
[2017.10.28-07.40.17:348][466]LogWorld: Bringing World /Game/FirstPersonBP/Maps/UEDPIE_0_FirstPersonExampleMap.FirstPersonExampleMap up for play (max tick rate 60) at 2017.10.28-18.10.17
[2017.10.28-07.40.17:352][466]LogWorld: Bringing up level for play took: 0.026842
[2017.10.28-07.40.17:354][466]LogScriptCore: Warning: Script Msg: Attempted to access index 0 from array 'patrol-points' of length 0 in '/Game/PPGContent/Characters/Enemy/Base_Enemy/First_enemy.First_enemy_C'!
[2017.10.28-07.40.17:359][466]PIE: Play in editor start time for /Game/FirstPersonBP/Maps/UEDPIE_0_FirstPersonExampleMap 1.131
[2017.10.28-07.40.17:360][466]LogBlueprintUserMessages: Late PlayInEditor Detection: Level '/Game/FirstPersonBP/Maps/FirstPersonExampleMap.FirstPersonExampleMap:PersistentLevel' has LevelScriptBlueprint '/Game/FirstPersonBP/Maps/FirstPersonExampleMap.FirstPersonExampleMap:PersistentLevel.FirstPersonExampleMap' with GeneratedClass '/Game/FirstPersonBP/Maps/FirstPersonExampleMap.FirstPersonExampleMap_C' with ClassGeneratedBy '/Game/FirstPersonBP/Maps/FirstPersonExampleMap.FirstPersonExampleMap:PersistentLevel.FirstPersonExampleMap'
[2017.10.28-07.40.17:367][466]LogAudio: Warning: Detected orphaned looping sound 'Steam01'.
[2017.10.28-07.40.17:367][466]LogAudio: Warning: Detected orphaned looping sound 'Steam01'.
[2017.10.28-07.40.31:570][934]LogBlueprintUserMessages: Early EndPlayMap Detection: Level '/Game/FirstPersonBP/Maps/FirstPersonExampleMap.FirstPersonExampleMap:PersistentLevel' has LevelScriptBlueprint '/Game/FirstPersonBP/Maps/FirstPersonExampleMap.FirstPersonExampleMap:PersistentLevel.FirstPersonExampleMap' with GeneratedClass '/Game/FirstPersonBP/Maps/FirstPersonExampleMap.FirstPersonExampleMap_C' with ClassGeneratedBy '/Game/FirstPersonBP/Maps/FirstPersonExampleMap.FirstPersonExampleMap:PersistentLevel.FirstPersonExampleMap'
[2017.10.28-07.40.31:751][934]LogBlueprintUserMessages: Late EndPlayMap Detection: Level '/Game/FirstPersonBP/Maps/FirstPersonExampleMap.FirstPersonExampleMap:PersistentLevel' has LevelScriptBlueprint '/Game/FirstPersonBP/Maps/FirstPersonExampleMap.FirstPersonExampleMap:PersistentLevel.FirstPersonExampleMap' with GeneratedClass '/Game/FirstPersonBP/Maps/FirstPersonExampleMap.FirstPersonExampleMap_C' with ClassGeneratedBy '/Game/FirstPersonBP/Maps/FirstPersonExampleMap.FirstPersonExampleMap:PersistentLevel.FirstPersonExampleMap'
[2017.10.28-07.40.33:977][  9]LogEditorViewport: Clicking on Actor (LMB): Blueprint_Effect_Sparks_C (Blueprint_Effect_Sparks)
[2017.10.28-07.40.39:226][212]Cmd: DELETE
[2017.10.28-07.40.39:227][212]Cmd: ACTOR DELETE
[2017.10.28-07.40.39:230][212]LogEditorActor: Deleted Actor: Blueprint_Effect_Sparks_C
[2017.10.28-07.40.39:294][212]LogEditorActor: Deleted 1 Actors (0.066 secs)
[2017.10.28-07.40.43:001][352]LogEditorViewport: Clicking on Actor (LMB): StaticMeshActor (Map2)
[2017.10.28-07.40.44:186][392]LogEditorViewport: Clicking on Actor (LMB): StaticMeshActor (Map2)
[2017.10.28-07.40.54:058][774]LogEditorViewport: Clicking on Actor (LMB): StaticMeshActor (Map2)
[2017.10.28-07.41.53:636][914]LogSavePackage: Save=436.41ms
[2017.10.28-07.41.53:636][914]LogSavePackage: Moving '../../../../../../Users/Raymond Aoukar/Desktop/Computer Game Design/repository/PewPewGames/Game/Saved/FirstPersonExampleMapDC30371B4F774D36491549A7F19E2B15.tmp' to '../../../../../../Users/Raymond Aoukar/Desktop/Computer Game Design/repository/PewPewGames/Game/Content/FirstPersonBP/Maps/FirstPersonExampleMap.umap'
[2017.10.28-07.41.53:640][914]LogSavePackage: Display: Finished SavePackage ../../../../../../Users/Raymond Aoukar/Desktop/Computer Game Design/repository/PewPewGames/Game/Content/FirstPersonBP/Maps/FirstPersonExampleMap.umap
[2017.10.28-07.41.53:722][914]LogFileHelpers: Saving map 'FirstPersonExampleMap' took 0.742
[2017.10.28-07.41.56:354][976]Cmd: QUIT_EDITOR
[2017.10.28-07.41.57:257][976]LogWindowsTextInputMethodSystem: Display: IME system now deactivated.
[2017.10.28-07.41.57:287][976]LogExit: Preparing to exit.
[2017.10.28-07.41.57:875][976]LogDirectoryWatcher: A directory notification for 'C:/Users/Raymond Aoukar/Desktop/Computer Game Design/repository/PewPewGames/Game/Content/' was aborted.
[2017.10.28-07.41.57:917][976]LogExit: Editor shut down
[2017.10.28-07.41.57:921][976]LogExit: Transaction tracking system shut down
[2017.10.28-07.41.58:137][976]LogDirectoryWatcher: A directory notification for '../../../Engine/Content/' was aborted.
[2017.10.28-07.41.58:137][976]LogDirectoryWatcher: A directory notification for '../../../../../../Users/Raymond Aoukar/Desktop/Computer Game Design/repository/PewPewGames/Game/Content/' was aborted.
[2017.10.28-07.41.58:137][976]LogDirectoryWatcher: A directory notification for '../../../Engine/Plugins/2D/Paper2D/Content/' was aborted.
[2017.10.28-07.41.58:137][976]LogDirectoryWatcher: A directory notification for '../../../Engine/Plugins/Runtime/Oculus/OculusVR/Content/' was aborted.
[2017.10.28-07.41.58:137][976]LogDirectoryWatcher: A directory notification for '../../../Engine/Plugins/Runtime/Steam/SteamVR/Content/' was aborted.
[2017.10.28-07.41.58:227][976]LogExit: Object subsystem successfully closed.
[2017.10.28-07.41.58:244][976]LogD3D11RHI: Shutdown
[2017.10.28-07.41.58:244][976]LogD3D11RHI: CleanupD3DDevice
[2017.10.28-07.41.58:395][976]LogD3D11RHI: ~FD3D11DynamicRHI
[2017.10.28-07.41.58:407][976]LogModuleManager: Shutting down and abandoning module BlueprintGraph (536)
[2017.10.28-07.41.58:407][976]LogModuleManager: Shutting down and abandoning module BlueprintProfiler (534)
[2017.10.28-07.41.58:407][976]LogModuleManager: Shutting down and abandoning module MovieSceneCapture (532)
[2017.10.28-07.41.58:407][976]LogModuleManager: Shutting down and abandoning module HierarchicalLODOutliner (530)
[2017.10.28-07.41.58:407][976]LogModuleManager: Shutting down and abandoning module SceneOutliner (528)
[2017.10.28-07.41.58:407][976]LogModuleManager: Shutting down and abandoning module AddContentDialog (526)
[2017.10.28-07.41.58:407][976]LogDirectoryWatcher: A directory notification for 'C:/Program Files/Epic Games/UE_4.17/FeaturePacks/' was aborted.
[2017.10.28-07.41.58:408][976]LogModuleManager: Shutting down and abandoning module WidgetCarousel (525)
[2017.10.28-07.41.58:408][976]LogModuleManager: Shutting down and abandoning module EditorWidgets (522)
[2017.10.28-07.41.58:408][976]LogModuleManager: Shutting down and abandoning module CollectionManager (520)
[2017.10.28-07.41.58:408][976]LogDirectoryWatcher: A directory notification for 'C:/Users/Raymond Aoukar/Desktop/Computer Game Design/repository/PewPewGames/Game/Content/Collections/' was aborted.
[2017.10.28-07.41.58:408][976]LogDirectoryWatcher: A directory notification for 'C:/Users/Raymond Aoukar/Desktop/Computer Game Design/repository/PewPewGames/Game/Content/Developers/RaymondAoukar/Collections/' was aborted.
[2017.10.28-07.41.58:408][976]LogDirectoryWatcher: A directory notification for 'C:/Users/Raymond Aoukar/Desktop/Computer Game Design/repository/PewPewGames/Game/Saved/Collections/' was aborted.
[2017.10.28-07.41.58:408][976]LogModuleManager: Shutting down and abandoning module StatsViewer (518)
[2017.10.28-07.41.58:408][976]LogModuleManager: Shutting down and abandoning module FoliageEdit (516)
[2017.10.28-07.41.58:408][976]LogModuleManager: Shutting down and abandoning module LandscapeEditor (514)
[2017.10.28-07.41.58:408][976]LogModuleManager: Shutting down and abandoning module MeshPaintMode (512)
[2017.10.28-07.41.58:408][976]LogModuleManager: Shutting down and abandoning module SceneDepthPickerMode (510)
[2017.10.28-07.41.58:408][976]LogModuleManager: Shutting down and abandoning module ActorPickerMode (508)
[2017.10.28-07.41.58:408][976]LogModuleManager: Shutting down and abandoning module GeometryMode (506)
[2017.10.28-07.41.58:408][976]LogModuleManager: Shutting down and abandoning module TextureAlignMode (504)
[2017.10.28-07.41.58:408][976]LogModuleManager: Shutting down and abandoning module BspMode (502)
[2017.10.28-07.41.58:408][976]LogModuleManager: Shutting down and abandoning module PIEPreviewDeviceProfileSelector (500)
[2017.10.28-07.41.58:408][976]LogModuleManager: Shutting down and abandoning module HardwareSurvey (498)
[2017.10.28-07.41.58:408][976]LogModuleManager: Shutting down and abandoning module SequenceRecorderSections (496)
[2017.10.28-07.41.58:408][976]LogModuleManager: Shutting down and abandoning module AutomationWorker (494)
[2017.10.28-07.41.58:408][976]LogModuleManager: Shutting down and abandoning module MatineeToLevelSequence (492)
[2017.10.28-07.41.58:408][976]LogModuleManager: Shutting down and abandoning module LevelSequenceEditor (490)
[2017.10.28-07.41.58:408][976]LogModuleManager: Shutting down and abandoning module PlacementMode (489)
[2017.10.28-07.41.58:409][976]LogModuleManager: Shutting down and abandoning module WmfMediaFactory (486)
[2017.10.28-07.41.58:409][976]LogModuleManager: Shutting down and abandoning module WmfMediaEditor (484)
[2017.10.28-07.41.58:409][976]LogModuleManager: Shutting down and abandoning module AvfMediaFactory (482)
[2017.10.28-07.41.58:409][976]LogModuleManager: Shutting down and abandoning module AvfMediaEditor (480)
[2017.10.28-07.41.58:409][976]LogModuleManager: Shutting down and abandoning module AndroidMediaFactory (478)
[2017.10.28-07.41.58:409][976]LogModuleManager: Shutting down and abandoning module Media (477)
[2017.10.28-07.41.58:409][976]LogModuleManager: Shutting down and abandoning module AndroidMediaEditor (474)
[2017.10.28-07.41.58:409][976]LogModuleManager: Shutting down and abandoning module CharacterAI (472)
[2017.10.28-07.41.58:409][976]LogModuleManager: Shutting down and abandoning module AudioCapture (470)
[2017.10.28-07.41.58:409][976]LogModuleManager: Shutting down and abandoning module SequenceRecorder (469)
[2017.10.28-07.41.58:409][976]LogModuleManager: Shutting down and abandoning module SmartSnapping (466)
[2017.10.28-07.41.58:409][976]LogModuleManager: Shutting down and abandoning module SessionServices (464)
[2017.10.28-07.41.58:409][976]LogModuleManager: Shutting down and abandoning module ViewportSnapping (462)
[2017.10.28-07.41.58:409][976]LogModuleManager: Shutting down and abandoning module ViewportInteraction (460)
[2017.10.28-07.41.58:409][976]LogModuleManager: Shutting down and abandoning module ClothPainter (458)
[2017.10.28-07.41.58:409][976]LogModuleManager: Shutting down and abandoning module LogVisualizer (456)
[2017.10.28-07.41.58:409][976]LogModuleManager: Shutting down and abandoning module IntroTutorials (454)
[2017.10.28-07.41.58:409][976]LogModuleManager: Shutting down and abandoning module GameProjectGeneration (453)
[2017.10.28-07.41.58:409][976]LogModuleManager: Shutting down and abandoning module IOSPlatformEditor (450)
[2017.10.28-07.41.58:409][976]LogModuleManager: Shutting down and abandoning module HTML5PlatformEditor (448)
[2017.10.28-07.41.58:409][976]LogModuleManager: Shutting down and abandoning module AndroidPlatformEditor (446)
[2017.10.28-07.41.58:409][976]LogModuleManager: Shutting down and abandoning module AndroidDeviceDetection (445)
[2017.10.28-07.41.59:115][976]LogModuleManager: Shutting down and abandoning module WindowsPlatformEditor (442)
[2017.10.28-07.41.59:115][976]LogModuleManager: Shutting down and abandoning module IOSRuntimeSettings (440)
[2017.10.28-07.41.59:115][976]LogModuleManager: Shutting down and abandoning module AndroidRuntimeSettings (438)
[2017.10.28-07.41.59:115][976]LogModuleManager: Shutting down and abandoning module InputBindingEditor (436)
[2017.10.28-07.41.59:115][976]LogModuleManager: Shutting down and abandoning module MergeActors (434)
[2017.10.28-07.41.59:115][976]LogModuleManager: Shutting down and abandoning module SizeMap (432)
[2017.10.28-07.41.59:115][976]LogModuleManager: Shutting down and abandoning module TreeMap (430)
[2017.10.28-07.41.59:116][976]LogModuleManager: Shutting down and abandoning module ReferenceViewer (428)
[2017.10.28-07.41.59:116][976]LogModuleManager: Shutting down and abandoning module LocalizationDashboard (426)
[2017.10.28-07.41.59:116][976]LogModuleManager: Shutting down and abandoning module LocalizationService (425)
[2017.10.28-07.41.59:116][976]LogModuleManager: Shutting down and abandoning module HardwareTargeting (422)
[2017.10.28-07.41.59:116][976]LogModuleManager: Shutting down and abandoning module DeviceProfileEditor (420)
[2017.10.28-07.41.59:116][976]LogModuleManager: Shutting down and abandoning module UndoHistory (418)
[2017.10.28-07.41.59:116][976]LogModuleManager: Shutting down and abandoning module XmlParser (416)
[2017.10.28-07.41.59:116][976]LogModuleManager: Shutting down and abandoning module Blutility (414)
[2017.10.28-07.41.59:116][976]LogModuleManager: Shutting down and abandoning module ProjectSettingsViewer (412)
[2017.10.28-07.41.59:116][976]LogModuleManager: Shutting down and abandoning module ProjectTargetPlatformEditor (411)
[2017.10.28-07.41.59:116][976]LogModuleManager: Shutting down and abandoning module EditorSettingsViewer (408)
[2017.10.28-07.41.59:116][976]LogModuleManager: Shutting down and abandoning module SettingsEditor (406)
[2017.10.28-07.41.59:116][976]LogModuleManager: Shutting down and abandoning module ProjectLauncher (404)
[2017.10.28-07.41.59:116][976]LogModuleManager: Shutting down and abandoning module SessionFrontend (402)
[2017.10.28-07.41.59:116][976]LogModuleManager: Shutting down and abandoning module ProfilerClient (400)
[2017.10.28-07.41.59:116][976]LogModuleManager: Shutting down and abandoning module DeviceManager (398)
[2017.10.28-07.41.59:116][976]LogModuleManager: Shutting down and abandoning module TargetDeviceServices (397)
[2017.10.28-07.41.59:180][976]LogModuleManager: Shutting down and abandoning module AutomationController (394)
[2017.10.28-07.41.59:180][976]LogModuleManager: Shutting down and abandoning module AutomationWindow (392)
[2017.10.28-07.41.59:180][976]LogModuleManager: Shutting down and abandoning module Layers (390)
[2017.10.28-07.41.59:180][976]LogModuleManager: Shutting down and abandoning module ComponentVisualizers (388)
[2017.10.28-07.41.59:180][976]LogModuleManager: Shutting down and abandoning module DetailCustomizations (386)
[2017.10.28-07.41.59:180][976]LogModuleManager: Shutting down and abandoning module PackagesDialog (384)
[2017.10.28-07.41.59:180][976]LogModuleManager: Shutting down and abandoning module Persona (382)
[2017.10.28-07.41.59:180][976]LogModuleManager: Shutting down and abandoning module AdvancedPreviewScene (381)
[2017.10.28-07.41.59:180][976]LogModuleManager: Shutting down and abandoning module AnimGraph (379)
[2017.10.28-07.41.59:180][976]LogModuleManager: Shutting down and abandoning module Kismet (376)
[2017.10.28-07.41.59:198][976]LogModuleManager: Shutting down and abandoning module ClassViewer (374)
[2017.10.28-07.41.59:198][976]LogModuleManager: Shutting down and abandoning module Toolbox (372)
[2017.10.28-07.41.59:198][976]LogModuleManager: Shutting down and abandoning module ModuleUI (370)
[2017.10.28-07.41.59:198][976]LogModuleManager: Shutting down and abandoning module MovieSceneTools (368)
[2017.10.28-07.41.59:199][976]LogModuleManager: Shutting down and abandoning module OutputLog (366)
[2017.10.28-07.41.59:199][976]LogModuleManager: Shutting down and abandoning module GammaUI (364)
[2017.10.28-07.41.59:199][976]LogModuleManager: Shutting down and abandoning module Documentation (362)
[2017.10.28-07.41.59:199][976]LogModuleManager: Shutting down and abandoning module MovieSceneTracks (360)
[2017.10.28-07.41.59:199][976]LogModuleManager: Shutting down and abandoning module MovieScene (358)
[2017.10.28-07.41.59:199][976]LogModuleManager: Shutting down and abandoning module Niagara (356)
[2017.10.28-07.41.59:199][976]LogModuleManager: Shutting down and abandoning module NiagaraEditor (355)
[2017.10.28-07.41.59:199][976]LogModuleManager: Shutting down and abandoning module StreamingPauseRendering (352)
[2017.10.28-07.41.59:199][976]LogModuleManager: Shutting down and abandoning module LauncherPlatform (350)
[2017.10.28-07.41.59:199][976]LogModuleManager: Shutting down and abandoning module AnalyticsET (348)
[2017.10.28-07.41.59:199][976]LogModuleManager: Shutting down and abandoning module PortalServices (346)
[2017.10.28-07.41.59:199][976]LogModuleManager: Shutting down and abandoning module PortalRpc (344)
[2017.10.28-07.41.59:199][976]LogModuleManager: Shutting down and abandoning module MessagingRpc (342)
[2017.10.28-07.41.59:199][976]LogModuleManager: Shutting down and abandoning module AIModule (340)
[2017.10.28-07.41.59:199][976]LogModuleManager: Shutting down and abandoning module GameplayDebugger (339)
[2017.10.28-07.41.59:199][976]LogModuleManager: Shutting down and abandoning module AITestSuite (337)
[2017.10.28-07.41.59:199][976]LogModuleManager: Shutting down and abandoning module ProfilerService (334)
[2017.10.28-07.41.59:317][976]LogModuleManager: Shutting down and abandoning module TaskGraph (332)
[2017.10.28-07.41.59:317][976]LogModuleManager: Shutting down and abandoning module SteamVRController (330)
[2017.10.28-07.41.59:317][976]LogModuleManager: Shutting down and abandoning module ProceduralMeshComponentEditor (328)
[2017.10.28-07.41.59:317][976]LogModuleManager: Shutting down and abandoning module ProceduralMeshComponent (326)
[2017.10.28-07.41.59:317][976]LogModuleManager: Shutting down and abandoning module OculusInput (324)
[2017.10.28-07.41.59:317][976]LogModuleManager: Shutting down and abandoning module MobilePatchingUtils (322)
[2017.10.28-07.41.59:317][976]LogModuleManager: Shutting down and abandoning module CustomMeshComponent (320)
[2017.10.28-07.41.59:317][976]LogModuleManager: Shutting down and abandoning module CableComponent (318)
[2017.10.28-07.41.59:317][976]LogModuleManager: Shutting down and abandoning module ArchVisCharacter (316)
[2017.10.28-07.41.59:317][976]LogModuleManager: Shutting down and abandoning module AndroidPermission (314)
[2017.10.28-07.41.59:317][976]LogModuleManager: Shutting down and abandoning module MediaPlayerEditor (310)
[2017.10.28-07.41.59:318][976]LogModuleManager: Shutting down and abandoning module HTML5Networking (308)
[2017.10.28-07.41.59:318][976]LogModuleManager: Shutting down and abandoning module AlembicImporter (306)
[2017.10.28-07.41.59:318][976]LogModuleManager: Shutting down and abandoning module AlembicLibrary (305)
[2017.10.28-07.41.59:318][976]LogModuleManager: Shutting down and abandoning module GeometryCache (304)
[2017.10.28-07.41.59:318][976]LogModuleManager: Shutting down and abandoning module GeometryCacheEd (303)
[2017.10.28-07.41.59:318][976]LogModuleManager: Shutting down and abandoning module SpeedTreeImporter (298)
[2017.10.28-07.41.59:318][976]LogModuleManager: Shutting down and abandoning module PluginBrowser (296)
[2017.10.28-07.41.59:318][976]LogModuleManager: Shutting down and abandoning module MobileLauncherProfileWizard (294)
[2017.10.28-07.41.59:318][976]LogModuleManager: Shutting down and abandoning module VisualStudioSourceCodeAccess (292)
[2017.10.28-07.41.59:318][976]LogModuleManager: Shutting down and abandoning module DesktopPlatform (291)
[2017.10.28-07.41.59:318][976]LogModuleManager: Shutting down and abandoning module UObjectPlugin (288)
[2017.10.28-07.41.59:318][976]LogModuleManager: Shutting down and abandoning module SubversionSourceControl (286)
[2017.10.28-07.41.59:318][976]LogModuleManager: Shutting down and abandoning module PerforceSourceControl (284)
[2017.10.28-07.41.59:318][976]LogModuleManager: Shutting down and abandoning module GitSourceControl (282)
[2017.10.28-07.41.59:319][976]LogModuleManager: Shutting down and abandoning module SourceControl (281)
[2017.10.28-07.41.59:319][976]LogModuleManager: Shutting down and abandoning module LightPropagationVolumeEditor (278)
[2017.10.28-07.41.59:319][976]LogModuleManager: Shutting down and abandoning module PaperTiledImporter (276)
[2017.10.28-07.41.59:319][976]LogModuleManager: Shutting down and abandoning module PaperSpriteSheetImporter (274)
[2017.10.28-07.41.59:319][976]LogModuleManager: Shutting down and abandoning module Paper2DEditor (272)
[2017.10.28-07.41.59:319][976]LogModuleManager: Shutting down and abandoning module MeshPaint (271)
[2017.10.28-07.41.59:319][976]LogModuleManager: Shutting down and abandoning module LevelEditor (269)
[2017.10.28-07.41.59:321][976]LogModuleManager: Shutting down and abandoning module PixelInspectorModule (268)
[2017.10.28-07.41.59:321][976]LogModuleManager: Shutting down and abandoning module MainFrame (266)
[2017.10.28-07.41.59:321][976]LogModuleManager: Shutting down and abandoning module HotReload (265)
[2017.10.28-07.41.59:322][976]LogModuleManager: Shutting down and abandoning module RuntimePhysXCooking (260)
[2017.10.28-07.41.59:322][976]LogModuleManager: Shutting down and abandoning module PhysXVehiclesEditor (258)
[2017.10.28-07.41.59:322][976]LogModuleManager: Shutting down and abandoning module PhysXVehicles (256)
[2017.10.28-07.41.59:322][976]LogModuleManager: Shutting down and abandoning module OculusEditor (254)
[2017.10.28-07.41.59:322][976]LogModuleManager: Shutting down and abandoning module LocationServicesBPLibrary (252)
[2017.10.28-07.41.59:322][976]LogModuleManager: Shutting down and abandoning module ImmediatePhysicsEditor (250)
[2017.10.28-07.41.59:322][976]LogModuleManager: Shutting down and abandoning module ImmediatePhysics (248)
[2017.10.28-07.41.59:323][976]LogModuleManager: Shutting down and abandoning module UdpMessaging (246)
[2017.10.28-07.41.59:424][976]LogModuleManager: Shutting down and abandoning module TcpMessaging (244)
[2017.10.28-07.41.59:525][976]LogModuleManager: Shutting down and abandoning module GameplayTagsEditor (242)
[2017.10.28-07.41.59:525][976]LogModuleManager: Shutting down and abandoning module FacialAnimationEditor (240)
[2017.10.28-07.41.59:525][976]LogModuleManager: Shutting down and abandoning module FacialAnimation (238)
[2017.10.28-07.41.59:525][976]LogModuleManager: Shutting down and abandoning module AssetManagerEditor (236)
[2017.10.28-07.41.59:525][976]LogModuleManager: Shutting down and abandoning module GraphEditor (235)
[2017.10.28-07.41.59:525][976]LogModuleManager: Shutting down and abandoning module ContentBrowser (233)
[2017.10.28-07.41.59:528][976]LogModuleManager: Shutting down and abandoning module LightPropagationVolumeRuntime (230)
[2017.10.28-07.41.59:528][976]LogModuleManager: Shutting down and abandoning module Paper2D (228)
[2017.10.28-07.41.59:528][976]LogModuleManager: Shutting down and abandoning module WindowsMoviePlayer (226)
[2017.10.28-07.41.59:528][976]LogModuleManager: Shutting down and abandoning module WmfMedia (224)
[2017.10.28-07.41.59:529][976]LogModuleManager: Shutting down and abandoning module PacketHandler (222)
[2017.10.28-07.41.59:529][976]LogModuleManager: Shutting down and abandoning module ClothingSystemEditor (220)
[2017.10.28-07.41.59:529][976]LogModuleManager: Shutting down and abandoning module ClothingSystemRuntime (218)
[2017.10.28-07.41.59:529][976]LogModuleManager: Shutting down and abandoning module Overlay (216)
[2017.10.28-07.41.59:529][976]LogModuleManager: Shutting down and abandoning module OverlayEditor (215)
[2017.10.28-07.41.59:529][976]LogModuleManager: Shutting down and abandoning module MediaAssets (212)
[2017.10.28-07.41.59:529][976]LogModuleManager: Shutting down and abandoning module VREditor (210)
[2017.10.28-07.41.59:529][976]LogModuleManager: Shutting down and abandoning module StringTableEditor (208)
[2017.10.28-07.41.59:529][976]LogModuleManager: Shutting down and abandoning module GameplayTasksEditor (206)
[2017.10.28-07.41.59:529][976]LogModuleManager: Shutting down and abandoning module BehaviorTreeEditor (204)
[2017.10.28-07.41.59:529][976]LogModuleManager: Shutting down and abandoning module FunctionalTesting (202)
[2017.10.28-07.41.59:529][976]LogModuleManager: Shutting down and abandoning module CollisionAnalyzer (200)
[2017.10.28-07.41.59:529][976]LogModuleManager: Shutting down and abandoning module WorkspaceMenuStructure (199)
[2017.10.28-07.41.59:529][976]LogModuleManager: Shutting down and abandoning module UMG (196)
[2017.10.28-07.41.59:530][976]LogModuleManager: Shutting down and abandoning module UMGEditor (195)
[2017.10.28-07.41.59:530][976]LogModuleManager: Shutting down and abandoning module Sequencer (194)
[2017.10.28-07.41.59:530][976]LogModuleManager: Shutting down and abandoning module MessageLog (191)
[2017.10.28-07.41.59:530][976]LogModuleManager: Shutting down and abandoning module SlateReflector (186)
[2017.10.28-07.41.59:530][976]LogModuleManager: Shutting down and abandoning module Slate (184)
[2017.10.28-07.41.59:530][976]LogModuleManager: Shutting down and abandoning module EditorStyle (182)
[2017.10.28-07.41.59:538][976]LogModuleManager: Shutting down and abandoning module MRMesh (180)
[2017.10.28-07.41.59:538][976]LogModuleManager: Shutting down and abandoning module SourceCodeAccess (178)
[2017.10.28-07.41.59:538][976]LogModuleManager: Shutting down and abandoning module HeadMountedDisplay (176)
[2017.10.28-07.41.59:538][976]LogModuleManager: Shutting down and abandoning module XAudio2 (174)
[2017.10.28-07.41.59:539][976]LogModuleManager: Shutting down and abandoning module Networking (172)
[2017.10.28-07.41.59:539][976]LogModuleManager: Shutting down and abandoning module Core (168)
[2017.10.28-07.41.59:539][976]LogModuleManager: Shutting down and abandoning module KismetCompiler (164)
[2017.10.28-07.41.59:539][976]LogModuleManager: Shutting down and abandoning module LevelSequence (162)
[2017.10.28-07.41.59:539][976]LogModuleManager: Shutting down and abandoning module MeshUtilities (160)
[2017.10.28-07.41.59:539][976]LogModuleManager: Shutting down and abandoning module MeshMergeUtilities (159)
[2017.10.28-07.41.59:540][976]LogModuleManager: Shutting down and abandoning module MeshReductionInterface (158)
[2017.10.28-07.41.59:540][976]LogModuleManager: Shutting down and abandoning module SimplygonSwarm (157)
[2017.10.28-07.41.59:540][976]LogModuleManager: Shutting down and abandoning module SimplygonMeshReduction (155)
[2017.10.28-07.41.59:540][976]LogModuleManager: Shutting down and abandoning module QuadricMeshReduction (153)
[2017.10.28-07.41.59:540][976]LogModuleManager: Shutting down and abandoning module MaterialBaking (149)
[2017.10.28-07.41.59:540][976]LogModuleManager: Shutting down and abandoning module DirectoryWatcher (146)
[2017.10.28-07.41.59:542][976]LogModuleManager: Shutting down and abandoning module DerivedDataCache (144)
[2017.10.28-07.41.59:594][976]LogDerivedDataCache: Shutdown
[2017.10.28-07.41.59:594][976]LogModuleManager: Shutting down and abandoning module TargetPlatform (142)
[2017.10.28-07.41.59:594][976]LogModuleManager: Shutting down and abandoning module VulkanShaderFormat (141)
[2017.10.28-07.41.59:594][976]LogModuleManager: Shutting down and abandoning module ShaderFormatVectorVM (139)
[2017.10.28-07.41.59:594][976]LogModuleManager: Shutting down and abandoning module ShaderFormatOpenGL (137)
[2017.10.28-07.41.59:595][976]LogModuleManager: Shutting down and abandoning module ShaderFormatD3D (135)
[2017.10.28-07.41.59:595][976]LogModuleManager: Shutting down and abandoning module MetalShaderFormat (133)
[2017.10.28-07.41.59:595][976]LogModuleManager: Shutting down and abandoning module TextureFormatUncompressed (131)
[2017.10.28-07.41.59:595][976]LogModuleManager: Shutting down and abandoning module TextureFormatPVR (129)
[2017.10.28-07.41.59:595][976]LogModuleManager: Shutting down and abandoning module TextureFormatDXT (127)
[2017.10.28-07.41.59:595][976]LogModuleManager: Shutting down and abandoning module TextureFormatIntelISPCTexComp (125)
[2017.10.28-07.41.59:595][976]LogModuleManager: Shutting down and abandoning module TextureFormatASTC (123)
[2017.10.28-07.41.59:595][976]LogModuleManager: Shutting down and abandoning module ImageWrapper (122)
[2017.10.28-07.41.59:595][976]LogModuleManager: Shutting down and abandoning module TextureFormatAndroid (119)
[2017.10.28-07.41.59:595][976]LogModuleManager: Shutting down and abandoning module AudioFormatOpus (117)
[2017.10.28-07.41.59:595][976]LogModuleManager: Shutting down and abandoning module AudioFormatOgg (115)
[2017.10.28-07.41.59:595][976]LogModuleManager: Shutting down and abandoning module AudioFormatADPCM (113)
[2017.10.28-07.41.59:596][976]LogModuleManager: Shutting down and abandoning module LinuxTargetPlatform (111)
[2017.10.28-07.41.59:596][976]LogModuleManager: Shutting down and abandoning module LinuxServerTargetPlatform (109)
[2017.10.28-07.41.59:596][976]LogModuleManager: Shutting down and abandoning module LinuxNoEditorTargetPlatform (107)
[2017.10.28-07.41.59:596][976]LogModuleManager: Shutting down and abandoning module LinuxClientTargetPlatform (105)
[2017.10.28-07.41.59:596][976]LogModuleManager: Shutting down and abandoning module TVOSTargetPlatform (103)
[2017.10.28-07.41.59:596][976]LogModuleManager: Shutting down and abandoning module Messaging (101)
[2017.10.28-07.41.59:596][976]LogModuleManager: Shutting down and abandoning module IOSTargetPlatform (99)
[2017.10.28-07.41.59:596][976]LogModuleManager: Shutting down and abandoning module HTML5TargetPlatform (97)
[2017.10.28-07.41.59:596][976]LogModuleManager: Shutting down and abandoning module Android_PVRTCTargetPlatform (95)
[2017.10.28-07.41.59:596][976]LogModuleManager: Shutting down and abandoning module Android_MultiTargetPlatform (93)
[2017.10.28-07.41.59:596][976]LogModuleManager: Shutting down and abandoning module Android_ETC2TargetPlatform (91)
[2017.10.28-07.41.59:596][976]LogModuleManager: Shutting down and abandoning module Android_ETC1TargetPlatform (89)
[2017.10.28-07.41.59:596][976]LogModuleManager: Shutting down and abandoning module Android_DXTTargetPlatform (87)
[2017.10.28-07.41.59:597][976]LogModuleManager: Shutting down and abandoning module Android_ATCTargetPlatform (85)
[2017.10.28-07.41.59:597][976]LogModuleManager: Shutting down and abandoning module Android_ASTCTargetPlatform (83)
[2017.10.28-07.41.59:597][976]LogModuleManager: Shutting down and abandoning module AndroidTargetPlatform (81)
[2017.10.28-07.41.59:597][976]LogModuleManager: Shutting down and abandoning module WindowsTargetPlatform (79)
[2017.10.28-07.41.59:597][976]LogModuleManager: Shutting down and abandoning module WindowsServerTargetPlatform (77)
[2017.10.28-07.41.59:597][976]LogModuleManager: Shutting down and abandoning module WindowsNoEditorTargetPlatform (75)
[2017.10.28-07.41.59:597][976]LogModuleManager: Shutting down and abandoning module WindowsClientTargetPlatform (73)
[2017.10.28-07.41.59:597][976]LogModuleManager: Shutting down and abandoning module MacTargetPlatform (71)
[2017.10.28-07.41.59:597][976]LogModuleManager: Shutting down and abandoning module MacServerTargetPlatform (69)
[2017.10.28-07.41.59:597][976]LogModuleManager: Shutting down and abandoning module MacNoEditorTargetPlatform (67)
[2017.10.28-07.41.59:597][976]LogModuleManager: Shutting down and abandoning module MacClientTargetPlatform (65)
[2017.10.28-07.41.59:598][976]LogModuleManager: Shutting down and abandoning module AllDesktopTargetPlatform (63)
[2017.10.28-07.41.59:598][976]LogModuleManager: Shutting down and abandoning module InputCore (60)
[2017.10.28-07.41.59:598][976]LogModuleManager: Shutting down and abandoning module Settings (58)
[2017.10.28-07.41.59:598][976]LogModuleManager: Shutting down and abandoning module PhysXCooking (56)
[2017.10.28-07.41.59:598][976]LogModuleManager: Shutting down and abandoning module SteamVR (54)
[2017.10.28-07.41.59:598][976]LogModuleManager: Shutting down and abandoning module OculusHMD (52)
[2017.10.28-07.41.59:598][976]LogModuleManager: Shutting down and abandoning module ExampleDeviceProfileSelector (50)
[2017.10.28-07.41.59:598][976]LogModuleManager: Shutting down and abandoning module OnlineBlueprintSupport (48)
[2017.10.28-07.41.59:598][976]LogModuleManager: Shutting down and abandoning module OnlineSubsystem (44)
[2017.10.28-07.41.59:598][976]LogOnline: Display: Unloading online subsystem: NULL
[2017.10.28-07.41.59:598][976]LogModuleManager: Shutting down and abandoning module XMPP (43)
[2017.10.28-07.41.59:599][976]LogModuleManager: Shutting down and abandoning module HTTP (41)
[2017.10.28-07.41.59:599][976]LogHttp: Display: Http module shutting down, but needs to wait on 1 outstanding Http requests:
[2017.10.28-07.41.59:599][976]LogHttp: Display: 	verb=[POST] url=[https://datarouter.ol.epicgames.com/datarouter/api/v1/public/data?SessionID=%7BEFE74E44-42EE-9DD6-9A89-83ADFEDAD421%7D&AppID=UEEditor.Rocket.Release&AppVersion=4.17.1-3586342%2B%2B%2BUE4%2BRelease-4.17&UserID=0efcc9714911522ee20bfea314a53ba2%7Cedac503300a34cfaa64394f1cb5130c7%7C44d9ab76-44fa-4e37-9604-830ef5004ef4&AppEnvironment=datacollector-binary&UploadType=eteventstream] status=Processing
[2017.10.28-07.41.59:612][976]LogModuleManager: Shutting down and abandoning module SSL (40)
[2017.10.28-07.41.59:617][976]LogModuleManager: Shutting down and abandoning module AnimationModifiers (36)
[2017.10.28-07.41.59:617][976]LogModuleManager: Shutting down and abandoning module PropertyEditor (35)
[2017.10.28-07.41.59:617][976]LogModuleManager: Shutting down and abandoning module AudioEditor (32)
[2017.10.28-07.41.59:617][976]LogModuleManager: Shutting down and abandoning module TextureCompressor (30)
[2017.10.28-07.41.59:618][976]LogModuleManager: Shutting down and abandoning module ShaderCore (28)
[2017.10.28-07.41.59:618][976]LogModuleManager: Shutting down and abandoning module Landscape (26)
[2017.10.28-07.41.59:618][976]LogModuleManager: Shutting down and abandoning module SlateRHIRenderer (24)
[2017.10.28-07.41.59:623][976]LogModuleManager: Shutting down and abandoning module OpenGLDrv (22)
[2017.10.28-07.41.59:623][976]LogModuleManager: Shutting down and abandoning module D3D11RHI (20)
[2017.10.28-07.41.59:623][976]LogModuleManager: Shutting down and abandoning module AnimGraphRuntime (18)
[2017.10.28-07.41.59:623][976]LogModuleManager: Shutting down and abandoning module Renderer (16)
[2017.10.28-07.41.59:623][976]LogModuleManager: Shutting down and abandoning module Engine (14)
[2017.10.28-07.41.59:623][976]LogModuleManager: Shutting down and abandoning module CoreUObject (12)
[2017.10.28-07.41.59:623][976]LogModuleManager: Shutting down and abandoning module NetworkFile (10)
[2017.10.28-07.41.59:623][976]LogModuleManager: Shutting down and abandoning module CookedIterativeFile (8)
[2017.10.28-07.41.59:624][976]LogModuleManager: Shutting down and abandoning module StreamingFile (6)
[2017.10.28-07.41.59:624][976]LogModuleManager: Shutting down and abandoning module SandboxFile (4)
[2017.10.28-07.41.59:624][976]LogModuleManager: Shutting down and abandoning module PakFile (2)
[2017.10.28-07.41.59:629][976]LogExit: Exiting.
[2017.10.28-07.41.59:709][976]Log file closed, 10/28/17 18:11:59
