Log file open, 09/19/17 10:04:57
LogWindows: LoadLibraryWithSearchPaths failed for file aqProf.dll. GetLastError=0
LogWindows: LoadLibraryWithSearchPaths failed for file VtuneApi.dll. GetLastError=0
LogWindows: LoadLibraryWithSearchPaths failed for file VtuneApi32e.dll. GetLastError=0
LogInit: Display: Running engine for game: Game
LogPlatformFile: Not using cached read wrapper
LogInit: Display: RandInit(298362625) SRandInit(298362625).
LogTaskGraph: Started task graph with 5 named threads and 8 total threads with 3 sets of task threads.
LogStats: Stats thread started at 0.313065
LogD3D11RHI: Aftermath initialized
LogConfig: Warning: Failed to saved backup for config[EditorPerProjectUserSettings]
LogConfig: Warning: Failed to saved backup for config[EditorSettings]
LogConfig: Warning: Failed to saved backup for config[EditorLayout]
LogConfig: Warning: Failed to saved backup for config[Scalability]
LogConfig: Warning: Failed to saved backup for config[Hardware]
LogConfig: Warning: Failed to saved backup for config[GameUserSettings]
LogPluginManager: Mounting plugin Paper2D
LogPluginManager: Mounting plugin LightPropagationVolume
LogPluginManager: Mounting plugin CodeLiteSourceCodeAccess
LogPluginManager: Mounting plugin GitSourceControl
LogConfig: Warning: Failed to saved backup for config[GitSourceControl]
LogPluginManager: Mounting plugin KDevelopSourceCodeAccess
LogConfig: Warning: Failed to saved backup for config[KDevelopSourceCodeAccess]
LogPluginManager: Mounting plugin NullSourceCodeAccess
LogConfig: Warning: Failed to saved backup for config[NullSourceCodeAccess]
LogPluginManager: Mounting plugin PerforceSourceControl
LogPluginManager: Mounting plugin SubversionSourceControl
LogPluginManager: Mounting plugin UObjectPlugin
LogPluginManager: Mounting plugin VisualStudioSourceCodeAccess
LogPluginManager: Mounting plugin XCodeSourceCodeAccess
LogPluginManager: Mounting plugin AssetManagerEditor
LogPluginManager: Mounting plugin AudioCapture
LogPluginManager: Mounting plugin FacialAnimation
LogPluginManager: Mounting plugin GameplayTagsEditor
LogPluginManager: Mounting plugin MobileLauncherProfileWizard
LogPluginManager: Mounting plugin PluginBrowser
LogPluginManager: Mounting plugin SpeedTreeImporter
LogPluginManager: Mounting plugin AlembicImporter
LogPluginManager: Mounting plugin CharacterAI
LogPluginManager: Mounting plugin HTML5Networking
LogPluginManager: Mounting plugin AndroidMedia
LogPluginManager: Mounting plugin AvfMedia
LogPluginManager: Mounting plugin MediaPlayerEditor
LogConfig: Warning: Failed to saved backup for config[MediaPlayerEditor]
LogPluginManager: Mounting plugin WmfMedia
LogPluginManager: Mounting plugin TcpMessaging
LogPluginManager: Mounting plugin UdpMessaging
LogPluginManager: Mounting plugin LevelSequenceEditor
LogPluginManager: Mounting plugin MatineeToLevelSequence
LogConfig: Warning: Failed to saved backup for config[MatineeToLevelSequence]
LogPluginManager: Mounting plugin OnlineSubsystemGooglePlay
LogPluginManager: Mounting plugin OnlineSubsystemIOS
LogPluginManager: Mounting plugin OnlineSubsystem
LogConfig: Warning: Failed to saved backup for config[OnlineSubsystem]
LogPluginManager: Mounting plugin OnlineSubsystemNull
LogPluginManager: Mounting plugin OnlineSubsystemUtils
LogPluginManager: Mounting plugin AndroidDeviceProfileSelector
LogPluginManager: Mounting plugin AndroidMoviePlayer
LogPluginManager: Mounting plugin AndroidPermission
LogPluginManager: Mounting plugin AppleMoviePlayer
LogPluginManager: Mounting plugin ArchVisCharacter
LogPluginManager: Mounting plugin CableComponent
LogPluginManager: Mounting plugin CustomMeshComponent
LogPluginManager: Mounting plugin ExampleDeviceProfileSelector
LogPluginManager: Mounting plugin GoogleCloudMessaging
LogPluginManager: Mounting plugin ImmediatePhysics
LogPluginManager: Mounting plugin IOSDeviceProfileSelector
LogPluginManager: Mounting plugin LinuxDeviceProfileSelector
LogConfig: Warning: Failed to saved backup for config[LinuxDeviceProfileSelector]
LogPluginManager: Mounting plugin LocationServicesBPLibrary
LogPluginManager: Mounting plugin MobilePatchingUtils
LogPluginManager: Mounting plugin OculusVR
LogPluginManager: Mounting plugin PhysXVehicles
LogPluginManager: Mounting plugin ProceduralMeshComponent
LogPluginManager: Mounting plugin RuntimePhysXCooking
LogPluginManager: Mounting plugin SteamVR
LogPluginManager: Mounting plugin WindowsMoviePlayer
LogInit: Using libcurl 7.47.1
LogInit:  - built for x86_64-pc-win32
LogInit:  - supports SSL with OpenSSL/1.0.2g
LogInit:  - supports HTTP deflate (compression) using libz 1.2.8
LogInit:  - other features:
LogInit:      CURL_VERSION_SSL
LogInit:      CURL_VERSION_LIBZ
LogInit:      CURL_VERSION_IPV6
LogInit:      CURL_VERSION_ASYNCHDNS
LogInit:      CURL_VERSION_LARGEFILE
LogInit:      CURL_VERSION_IDN
LogInit:  CurlRequestOptions (configurable via config and command line):
LogInit:  - bVerifyPeer = false  - Libcurl will NOT verify peer certificate
LogInit:  - bUseHttpProxy = false  - Libcurl will NOT use HTTP proxy
LogInit:  - bDontReuseConnections = false  - Libcurl will reuse connections
LogInit:  - CertBundlePath = nullptr  - Libcurl will use whatever was configured at build time.
LogInit: Build: ++UE4+Release-4.17-CL-3586342
LogInit: Engine Version: 4.17.1-3586342+++UE4+Release-4.17
LogInit: Compatible Engine Version: 4.17.0-3573198+++UE4+Release-4.17
LogInit: Net CL: 3573198
LogDevObjectVersion: Number of dev versions registered: 16
LogDevObjectVersion:   Dev-Blueprints (B0D832E4-1F89-4F0D-ACCF-7EB736FD4AA2): 10
LogDevObjectVersion:   Dev-Build (E1C64328-A22C-4D53-A36C-8E866417BD8C): 0
LogDevObjectVersion:   Dev-Core (375EC13C-06E4-48FB-B500-84F0262A717E): 2
LogDevObjectVersion:   Dev-Editor (E4B068ED-F494-42E9-A231-DA0B2E46BB41): 20
LogDevObjectVersion:   Dev-Framework (CFFC743F-43B0-4480-9391-14DF171D2073): 28
LogDevObjectVersion:   Dev-Mobile (B02B49B5-BB20-44E9-A304-32B752E40360): 0
LogDevObjectVersion:   Dev-Networking (A4E4105C-59A1-49B5-A7C5-40C4547EDFEE): 0
LogDevObjectVersion:   Dev-Online (39C831C9-5AE6-47DC-9A44-9C173E1C8E7C): 0
LogDevObjectVersion:   Dev-Physics (78F01B33-EBEA-4F98-B9B4-84EACCB95AA2): 0
LogDevObjectVersion:   Dev-Platform (6631380F-2D4D-43E0-8009-CF276956A95A): 0
LogDevObjectVersion:   Dev-Rendering (12F88B9F-8875-4AFC-A67C-D90C383ABD29): 19
LogDevObjectVersion:   Dev-Sequencer (7B5AE74C-D270-4C10-A958-57980B212A5A): 4
LogDevObjectVersion:   Dev-VR (D7296918-1DD6-4BDD-9DE2-64A83CC13884): 0
LogDevObjectVersion:   Dev-LoadTimes (C2A15278-BFE7-4AFE-6C17-90FF531DF755): 1
LogDevObjectVersion:   Private-Geometry (6EACA3D4-40EC-4CC1-B786-8BED09428FC5): 1
LogDevObjectVersion:   Dev-AnimPhys (29E575DD-E0A3-4627-9D10-D276232CDCEA): 7
LogInit: Compiled (64-bit): Aug 15 2017 02:05:26
LogInit: Compiled with Visual C++: 19.00.24215.01
LogInit: Build Configuration: Development
LogInit: Branch Name: ++UE4+Release-4.17
LogInit: Command line:  
LogInit: Base directory: C:/Program Files/Epic Games/UE_4.17/Engine/Binaries/Win64/
LogInit: Installed Engine Build: 1
LogInit: Presizing for max 8388607 objects, including 0 objects not considered by GC, pre-allocating 0 bytes for permanent pool.
LogInit: Object subsystem initialized
[2017.09.19-00.35.11:441][  0]LogInit: Selected Device Profile: [Windows]
[2017.09.19-00.35.11:441][  0]LogInit: Applying CVar settings loaded from the selected device profile: [Windows]
[2017.09.19-00.35.11:496][  0]LogConfig: Warning: Failed to saved backup for config[DeviceProfiles]
[2017.09.19-00.35.11:647][  0]LogInit: Computer: MILES_PROWER
[2017.09.19-00.35.11:647][  0]LogInit: User: mckay
[2017.09.19-00.35.11:647][  0]LogInit: CPU Page size=4096, Cores=2
[2017.09.19-00.35.11:647][  0]LogInit: High frequency timer resolution =2.343750 MHz
[2017.09.19-00.35.11:647][  0]LogMemory: Memory total: Physical=7.9GB (8GB approx)
[2017.09.19-00.35.11:647][  0]LogMemory: Platform Memory Stats for Windows
[2017.09.19-00.35.11:647][  0]LogMemory: Process Physical Memory: 278.10 MB used, 278.10 MB peak
[2017.09.19-00.35.11:647][  0]LogMemory: Process Virtual Memory: 275.84 MB used, 275.84 MB peak
[2017.09.19-00.35.11:647][  0]LogMemory: Physical Memory: 5595.48 MB used,  2461.13 MB free, 8056.61 MB total
[2017.09.19-00.35.11:647][  0]LogMemory: Virtual Memory: 666.98 MB used,  2461.13 MB free, 134217728.00 MB total
[2017.09.19-00.35.15:482][  0]LogInit: Using OS detected language (en-GB).
[2017.09.19-00.35.15:482][  0]LogInit: Using OS detected locale (en-AU).
[2017.09.19-00.35.16:142][  0]LogTextLocalizationManager: No specific localization for 'en-GB' exists, so the 'en' localization will be used.
[2017.09.19-00.36.24:226][  0]LogD3D11RHI: D3D11 adapters:
[2017.09.19-00.36.30:207][  0]LogD3D11RHI:    0. 'AMD Radeon R7 M370' (Feature Level 11_0)
[2017.09.19-00.36.30:207][  0]LogD3D11RHI:       2027/0/4028 MB DedicatedVideo/DedicatedSystem/SharedSystem, Outputs:1, VendorId:0x1002
[2017.09.19-00.36.30:219][  0]LogD3D11RHI:    1. 'Intel(R) HD Graphics 520' (Feature Level 11_0)
[2017.09.19-00.36.30:219][  0]LogD3D11RHI:       128/0/4028 MB DedicatedVideo/DedicatedSystem/SharedSystem, Outputs:0, VendorId:0x8086
[2017.09.19-00.36.30:221][  0]LogD3D11RHI:    2. 'Microsoft Basic Render Driver' (Feature Level 11_0)
[2017.09.19-00.36.30:221][  0]LogD3D11RHI:       0/0/4028 MB DedicatedVideo/DedicatedSystem/SharedSystem, Outputs:0, VendorId:0x1414
[2017.09.19-00.36.30:221][  0]LogD3D11RHI: Chosen D3D11 Adapter: 0
[2017.09.19-00.36.30:954][  0]LogD3D11RHI: Creating new Direct3DDevice
[2017.09.19-00.36.30:956][  0]LogD3D11RHI:     GPU DeviceId: 0x6600 (for the marketing name, search the web for "GPU Device Id")
[2017.09.19-00.36.30:956][  0]LogWindows: EnumDisplayDevices:
[2017.09.19-00.36.30:957][  0]LogWindows:    0. 'Intel(R) HD Graphics 520' (P:1 D:1)
[2017.09.19-00.36.30:957][  0]LogWindows:    1. 'Intel(R) HD Graphics 520' (P:0 D:0)
[2017.09.19-00.36.30:957][  0]LogWindows:    2. 'Intel(R) HD Graphics 520' (P:0 D:0)
[2017.09.19-00.36.30:957][  0]LogWindows: DebugString: PrimaryIsNotTheChoosenAdapter PrimaryIsNotTheChoosenAdapter PrimaryIsNotTheChoosenAdapter FoundDriverCount:0 
[2017.09.19-00.36.30:957][  0]LogD3D11RHI:     Adapter Name: AMD Radeon R7 M370
[2017.09.19-00.36.30:957][  0]LogD3D11RHI:   Driver Version: Unknown (internal:Unknown, unified:Unknown)
[2017.09.19-00.36.30:957][  0]LogD3D11RHI:      Driver Date: Unknown
[2017.09.19-00.36.30:958][  0]LogRHI: Texture pool is 1361 MB (70% of 1945 MB)
[2017.09.19-00.36.35:108][  0]LogD3D11RHI: Async texture creation enabled
[2017.09.19-00.36.39:453][  0]LogD3D11RHI: GPU Timing Frequency: 27.000000 (Debug: 2 1)
[2017.09.19-00.36.40:163][  0]LogShaderCompilers: Guid format shader working directory is -80 characters bigger than the processId version (../../../../../../Users/mckay/OneDrive/Uni_Files/Computer Game Development/PewPewGames_Repo/PewPewGames_Repo/PewPewGames/Game/Intermediate/Shaders/WorkingDirectory/17332/).
[2017.09.19-00.36.40:163][  0]LogShaderCompilers: Cleaned the shader compiler working directory 'C:/Users/mckay/AppData/Local/Temp/UnrealShaderWorkingDir/CD50B0C2419B13A17D6D3C8B2146ACBC/'.
[2017.09.19-00.36.40:218][  0]LogShaderCompilers: Display: Using Local Shader Compiler.
[2017.09.19-00.37.25:912][  0]LogTemp: Display: Loaded TP AllDesktopTargetPlatform
[2017.09.19-00.37.26:011][  0]LogTemp: Display: Loaded TP MacClientTargetPlatform
[2017.09.19-00.37.26:103][  0]LogTemp: Display: Loaded TP MacNoEditorTargetPlatform
[2017.09.19-00.37.26:190][  0]LogTemp: Display: Loaded TP MacServerTargetPlatform
[2017.09.19-00.37.26:890][  0]LogTemp: Display: Loaded TP MacTargetPlatform
[2017.09.19-00.37.27:037][  0]LogTemp: Display: Loaded TP WindowsClientTargetPlatform
[2017.09.19-00.37.27:185][  0]LogTemp: Display: Loaded TP WindowsNoEditorTargetPlatform
[2017.09.19-00.37.27:284][  0]LogTemp: Display: Loaded TP WindowsServerTargetPlatform
[2017.09.19-00.37.27:415][  0]LogTemp: Display: Loaded TP WindowsTargetPlatform
[2017.09.19-00.37.30:016][  0]LogTemp: Display: Loaded TP AndroidTargetPlatform
[2017.09.19-00.37.30:230][  0]LogTemp: Display: Loaded TP Android_ASTCTargetPlatform
[2017.09.19-00.37.30:508][  0]LogTemp: Display: Loaded TP Android_ATCTargetPlatform
[2017.09.19-00.37.30:658][  0]LogTemp: Display: Loaded TP Android_DXTTargetPlatform
[2017.09.19-00.37.30:790][  0]LogTemp: Display: Loaded TP Android_ETC1TargetPlatform
[2017.09.19-00.37.31:024][  0]LogTemp: Display: Loaded TP Android_ETC2TargetPlatform
[2017.09.19-00.37.31:515][  0]LogTemp: Display: Loaded TP Android_MultiTargetPlatform
[2017.09.19-00.37.31:515][  0]LogTemp: Display: Loaded TP Android_PVRTCTargetPlatform
[2017.09.19-00.37.31:866][  0]LogTemp: Display: Loaded TP HTML5TargetPlatform
[2017.09.19-00.37.32:646][  0]LogTemp: Display: Loaded TP IOSTargetPlatform
[2017.09.19-00.37.32:732][  0]LogTemp: Display: Loaded TP TVOSTargetPlatform
[2017.09.19-00.37.32:894][  0]LogTemp: Display: Loaded TP LinuxClientTargetPlatform
[2017.09.19-00.37.33:035][  0]LogTemp: Display: Loaded TP LinuxNoEditorTargetPlatform
[2017.09.19-00.37.33:192][  0]LogTemp: Display: Loaded TP LinuxServerTargetPlatform
[2017.09.19-00.37.33:466][  0]LogTemp: Display: Loaded TP LinuxTargetPlatform
[2017.09.19-00.37.33:466][  0]LogTargetPlatformManager: Display: Building Assets For Windows
[2017.09.19-00.37.40:922][  0]LogDerivedDataCache: Display: Max Cache Size: 512 MB
[2017.09.19-00.38.00:457][  0]LogDerivedDataCache: Loaded boot cache 19.34s 93MB C:/Users/mckay/AppData/Local/UnrealEngine/4.17/DerivedDataCache/Boot.ddc.
[2017.09.19-00.38.00:457][  0]LogDerivedDataCache: Display: Loaded Boot cache: C:/Users/mckay/AppData/Local/UnrealEngine/4.17/DerivedDataCache/Boot.ddc
[2017.09.19-00.38.00:457][  0]LogDerivedDataCache: FDerivedDataBackendGraph:  Pak pak cache file ../../../../../../Users/mckay/OneDrive/Uni_Files/Computer Game Development/PewPewGames_Repo/PewPewGames_Repo/PewPewGames/Game/DerivedDataCache/DDC.ddp not found, will not use a pak cache.
[2017.09.19-00.38.00:457][  0]LogDerivedDataCache: Unable to find inner node Pak for hierarchical cache Hierarchy.
[2017.09.19-00.38.00:457][  0]LogDerivedDataCache: FDerivedDataBackendGraph:  CompressedPak pak cache file ../../../../../../Users/mckay/OneDrive/Uni_Files/Computer Game Development/PewPewGames_Repo/PewPewGames_Repo/PewPewGames/Game/DerivedDataCache/Compressed.ddp not found, will not use a pak cache.
[2017.09.19-00.38.00:457][  0]LogDerivedDataCache: Unable to find inner node CompressedPak for hierarchical cache Hierarchy.
[2017.09.19-00.38.00:790][  0]LogDerivedDataCache: Display: Pak cache opened for reading ../../../Engine/DerivedDataCache/Compressed.ddp.
[2017.09.19-00.38.00:839][  0]LogDerivedDataCache: Using Local data cache path C:/Users/mckay/AppData/Local/UnrealEngine/Common/DerivedDataCache: Writable
[2017.09.19-00.38.01:137][  0]LogMaterial: Verifying Global Shaders for PCD3D_SM5
[2017.09.19-00.38.01:459][  0]LogSlate: Using Freetype 2.6.0
[2017.09.19-00.38.01:720][  0]LogSlate: SlateFontCache - WITH_FREETYPE: 1, WITH_HARFBUZZ: 1
[2017.09.19-00.38.01:728][  0]LogSlate: SlateFontCache - WITH_FREETYPE: 1, WITH_HARFBUZZ: 1
[2017.09.19-00.38.46:635][  0]LogAssetRegistry: FAssetRegistry took 0.1362 seconds to start up
[2017.09.19-00.38.55:297][  0]LogInit: Selected Device Profile: [Windows]
[2017.09.19-00.39.30:538][  0]LogSimplygon: Simplygon DLL not present - disabling.
[2017.09.19-00.39.30:967][  0]LogMeshReduction: Using SimplygonSwarm for distributed automatic mesh merging
[2017.09.19-00.39.31:032][  0]LogMeshReduction: Using QuadricMeshReduction for automatic static mesh reduction
[2017.09.19-00.39.31:032][  0]LogMeshReduction: No automatic skeletal mesh reduction module available
[2017.09.19-00.39.31:032][  0]LogMeshReduction: No automatic mesh merging module available
[2017.09.19-00.39.31:032][  0]LogMeshMerging: No automatic mesh merging module available
[2017.09.19-00.39.36:236][  0]LogContentStreaming: Texture pool size is 0.00 MB
[2017.09.19-00.39.57:770][  0]LogConfig: Warning: Failed to saved backup for config[TemplateDefs]
[2017.09.19-00.40.21:158][  0]LogNetVersion: Game , NetCL: 3573198, EngineNetVer: 2, GameNetVer: 0 (Checksum: 2957514414)
[2017.09.19-00.40.26:989][  0]LogAssetRegistry: Error: Failed to open file for write ../../../../../../Users/mckay/OneDrive/Uni_Files/Computer Game Development/PewPewGames_Repo/PewPewGames_Repo/PewPewGames/Game/Intermediate/AssetRegistryCache/e8c2d44a.bin
[2017.09.19-00.40.27:219][  0]LogPackageLocalizationCache: Processed 5 localized package path(s) for 2 prioritized culture(s) in 0.236337 seconds
[2017.09.19-00.40.27:354][  0]LogUObjectArray: 35825 objects as part of root set at end of initial load.
[2017.09.19-00.40.27:354][  0]LogUObjectAllocator: 7529104 out of 0 bytes used by permanent object pool.
[2017.09.19-00.40.27:354][  0]LogUObjectArray: CloseDisregardForGC: 0/0 objects in disregard for GC pool
[2017.09.19-00.40.27:504][  0]LogInit: WinSock: version 1.1 (2.2), MaxSocks=32767, MaxUdp=65467
[2017.09.19-00.42.43:610][  0]LogTcpMessaging: Initializing TcpMessaging bridge
[2017.09.19-00.42.43:950][  0]LogUdpMessaging: Initializing bridge on interface 0.0.0.0:0 to multicast group 230.0.0.1:6666.
[2017.09.19-00.42.51:701][  0]LogConfig: Warning: Failed to saved backup for config[TranslationPickerSettings]
[2017.09.19-00.42.54:725][  0]LogMaterial: Uniform references updated for custom material expression Custom.
[2017.09.19-00.42.59:215][  0]LogConfig: Warning: Failed to saved backup for config[SourceControlSettings]
[2017.09.19-00.42.59:346][  0]SourceControl: Source control is disabled
[2017.09.19-00.42.59:390][  0]SourceControl: Source control is disabled
[2017.09.19-00.42.59:964][  0]SourceControl: Source control is disabled
[2017.09.19-00.43.00:351][  0]SourceControl: Source control is disabled
[2017.09.19-00.43.12:999][  0]LogAndroidPermission: UAndroidPermissionCallbackProxy::GetInstance
[2017.09.19-00.43.14:490][  0]LogOcInput: OculusInput pre-init called
[2017.09.19-00.43.18:663][  0]LogEngine: Initializing Engine...
[2017.09.19-00.43.19:483][  0]LogHMD: Failed to initialize OpenVR with code 110
[2017.09.19-00.43.22:192][  0]LogStats: UGameplayTagsManager::ConstructGameplayTagTree: Construct from data asset -  0.000 s
[2017.09.19-00.43.22:347][  0]LogStats: UGameplayTagsManager::ConstructGameplayTagTree: GameplayTagTreeChangedEvent.Broadcast -  0.032 s
[2017.09.19-00.43.32:729][  0]LogAIModule: Creating AISystem for world Untitled
[2017.09.19-00.43.35:294][  0]LogInit: XAudio2 using 'Speakers (Conexant SmartAudio HD)' : 2 channels at 44.1 kHz using 32 bits per sample (channel mask 0x3)
[2017.09.19-00.43.37:541][  0]LogInit: FAudioDevice initialized.
[2017.09.19-00.43.37:636][  0]LogDerivedDataCache: Error: Could not save memory cache C:/Users/mckay/AppData/Local/UnrealEngine/4.17/DerivedDataCache/Boot.ddc.
[2017.09.19-00.43.37:667][  0]LogInit: Texture streaming: Enabled
[2017.09.19-00.43.40:977][  0]LogEngineSessionManager: EngineSessionManager initialized
[2017.09.19-00.43.45:190][  0]LogInit: Transaction tracking system initialized
[2017.09.19-00.43.50:693][  0]BlueprintLog: New page: Editor Load
[2017.09.19-00.44.05:133][  0]LogConfig: Warning: Failed to saved backup for config[LocalizationServiceSettings]
[2017.09.19-00.44.05:135][  0]LogConfig: Warning: Failed to saved backup for config[LocalizationServiceSettings]
[2017.09.19-00.44.05:147][  0]LocalizationService: Localization service is disabled
[2017.09.19-00.44.19:884][  0]LogConsoleResponse: Display: 
[2017.09.19-00.44.40:653][  0]LogFileCache: Scanning file cache for directory 'C:/Users/mckay/OneDrive/Uni_Files/Computer Game Development/PewPewGames_Repo/PewPewGames_Repo/PewPewGames/Game/Content/' took 0.09s
[2017.09.19-00.44.40:653][  0]LogCook: Display: Max memory allowance for cook 16384mb min free memory 0mb
[2017.09.19-00.44.40:712][  0]LogCook: Display: Mobile HDR setting 1
[2017.09.19-00.44.40:976][  0]LogGameplayTags: Display: UGameplayTagsManager::DoneAddingNativeTags. DelegateIsBound: 0
[2017.09.19-00.45.04:622][  0]SourceControl: Source control is disabled
[2017.09.19-00.45.05:164][  0]LightingResults: New page: Lighting Build
[2017.09.19-00.45.07:155][  0]MapCheck: New page: Map Check
[2017.09.19-00.45.07:155][  0]LightingResults: New page: Lighting Build
[2017.09.19-00.46.23:317][  0]LogBlueprint: Warning: [Compiler Ue4ASP_Character] InputAction Event references unknown Action 'Crouch' for  InputAction Crouch
[2017.09.19-00.46.23:327][  0]LogBlueprint: Warning: [Compiler Ue4ASP_Character] [0708.40] Compile of Ue4ASP_Character successful, but with 1 Warning(s) [in 45 ms] (/Game/AnimStarterPack/Ue4ASP_Character.Ue4ASP_Character)
[2017.09.19-00.46.47:865][  0]LogAudioDerivedData: Display: Building compressed audio format OGG wave Death_Sound_placeholder...
[2017.09.19-00.46.49:584][  0]LogAudioDerivedData: Display: Building compressed audio format OGG wave AI_Attack_Sound_Placeholder...
[2017.09.19-00.47.01:673][  0]LogAIModule: Creating AISystem for world FirstPersonExampleMap
[2017.09.19-00.47.24:949][  0]LogEditorServer: Finished looking for orphan Actors (0.000 secs)
[2017.09.19-00.47.28:577][  0]Cmd: MAP CHECKDEP NOCLEARLOG
[2017.09.19-00.47.28:839][  0]MapCheck: Map check complete: 0 Error(s), 0 Warning(s), took 262.148ms to complete.
[2017.09.19-00.47.28:839][  0]LogFileHelpers: Loading map 'FirstPersonExampleMap' took 143.974
[2017.09.19-00.47.48:468][  0]LogCollectionManager: Loaded 0 collections in 0.002749 seconds
[2017.09.19-00.47.50:144][  0]LogFileCache: Scanning file cache for directory 'C:/Users/mckay/OneDrive/Uni_Files/Computer Game Development/PewPewGames_Repo/PewPewGames_Repo/PewPewGames/Game/Saved/Collections/' took 0.01s
[2017.09.19-00.47.50:144][  0]LogFileCache: Scanning file cache for directory 'C:/Users/mckay/OneDrive/Uni_Files/Computer Game Development/PewPewGames_Repo/PewPewGames_Repo/PewPewGames/Game/Content/Developers/mckay/Collections/' took 0.01s
[2017.09.19-00.47.50:144][  0]LogFileCache: Scanning file cache for directory 'C:/Users/mckay/OneDrive/Uni_Files/Computer Game Development/PewPewGames_Repo/PewPewGames_Repo/PewPewGames/Game/Content/Collections/' took 0.01s
[2017.09.19-00.47.50:144][  0]LogCollectionManager: Rebuilt the GUID cache for 0 collections in 0.000000 seconds
[2017.09.19-00.47.50:469][  0]LogContentBrowser: Native class hierarchy populated in 0.1908 seconds. Added 2386 classes and 500 folders.
[2017.09.19-00.47.50:997][  0]LogContentBrowser: Native class hierarchy updated for 'WidgetCarousel' in 0.0008 seconds. Added 0 classes and 0 folders.
[2017.09.19-00.48.10:607][  0]LogContentBrowser: Native class hierarchy updated for 'AddContentDialog' in 0.0011 seconds. Added 0 classes and 0 folders.
[2017.09.19-00.48.11:802][  0]LogContentBrowser: Native class hierarchy updated for 'SceneOutliner' in 0.0010 seconds. Added 1 classes and 2 folders.
[2017.09.19-00.48.20:911][  0]LogSlate: Took 1.519722 seconds to synchronously load lazily loaded font '../../../Engine/Content/Slate/Fonts/Roboto-Regular.ttf' (155K)
[2017.09.19-00.48.21:117][  0]LogSlate: Took 0.099559 seconds to synchronously load lazily loaded font '../../../Engine/Content/Slate/Fonts/Roboto-Bold.ttf' (160K)
[2017.09.19-00.48.21:865][  0]LogSlate: Took 0.254308 seconds to synchronously load lazily loaded font '../../../Engine/Content/Editor/Slate/Fonts/FontAwesome.ttf' (139K)
[2017.09.19-00.48.37:379][  0]LogDerivedDataCache: FFileSystemDerivedDataBackend: Move collision, attempt at redundant update, OK C:/Users/mckay/AppData/Local/UnrealEngine/Common/DerivedDataCache/6/9/3/AUDIO_0005_0000_OGG_0001_E9E9C412474E32EC096A90B16F6332E1.udd.
[2017.09.19-00.48.37:379][  0]LogRenderer: Reallocating scene render targets to support 856x396 Format 10 NumSamples 1 (Frame:1).
[2017.09.19-00.48.51:606][  0]LogContentBrowser: Native class hierarchy updated for 'HierarchicalLODOutliner' in 0.0009 seconds. Added 1 classes and 2 folders.
[2017.09.19-00.48.51:606][  0]LogLoad: (Engine Initialization) Total time: 856.68 seconds
[2017.09.19-00.48.51:606][  0]LogLoad: (Engine Initialization) Total Blueprint compile time: 0.00 seconds
[2017.09.19-00.48.51:760][  0]LogExternalProfiler: Found external profiler: VSPerf
[2017.09.19-00.48.51:760][  0]LogExternalProfiler: Using external profiler: VSPerf
[2017.09.19-00.49.00:201][  0]LogContentStreaming: Texture pool size now 1000 MB
[2017.09.19-00.49.09:120][  1]LogSlate: Took 0.192352 seconds to synchronously load lazily loaded font '../../../Engine/Content/Slate/Fonts/Roboto-Light.ttf' (159K)
[2017.09.19-00.49.10:288][  2]LogSlate: Took 0.000351 seconds to synchronously load lazily loaded font '../../../Engine/Content/Slate/Fonts/Roboto-Light.ttf' (159K)
[2017.09.19-00.49.10:857][  4]LogAssetRegistry: Asset discovery search completed in 624.2453 seconds
[2017.09.19-00.49.10:934][  4]LogCollectionManager: Rebuilt the object cache for 0 collections in 0.000001 seconds (found 0 objects)
[2017.09.19-00.49.10:968][  4]LogCollectionManager: Fixed up redirectors for 0 collections in 0.021515 seconds (updated 0 objects)
[2017.09.19-01.06.41:513][147]LogEditorViewport: Clicking on Actor (context menu): StaticMeshActor (Map)
[2017.09.19-01.06.45:119][268]Cmd: QUIT_EDITOR
[2017.09.19-01.06.45:672][268]LogWindowsTextInputMethodSystem: Display: IME system now deactivated.
[2017.09.19-01.06.45:799][268]LogExit: Preparing to exit.
[2017.09.19-01.06.47:461][268]LogDirectoryWatcher: A directory notification for 'C:/Users/mckay/OneDrive/Uni_Files/Computer Game Development/PewPewGames_Repo/PewPewGames_Repo/PewPewGames/Game/Content/' was aborted.
[2017.09.19-01.06.47:953][268]LogExit: Editor shut down
[2017.09.19-01.06.47:966][268]LogExit: Transaction tracking system shut down
[2017.09.19-01.06.48:643][268]LogDirectoryWatcher: A directory notification for '../../../Engine/Content/' was aborted.
[2017.09.19-01.06.48:643][268]LogDirectoryWatcher: A directory notification for '../../../../../../Users/mckay/OneDrive/Uni_Files/Computer Game Development/PewPewGames_Repo/PewPewGames_Repo/PewPewGames/Game/Content/' was aborted.
[2017.09.19-01.06.48:643][268]LogDirectoryWatcher: A directory notification for '../../../Engine/Plugins/2D/Paper2D/Content/' was aborted.
[2017.09.19-01.06.48:643][268]LogDirectoryWatcher: A directory notification for '../../../Engine/Plugins/Runtime/Oculus/OculusVR/Content/' was aborted.
[2017.09.19-01.06.48:643][268]LogDirectoryWatcher: A directory notification for '../../../Engine/Plugins/Runtime/Steam/SteamVR/Content/' was aborted.
[2017.09.19-01.06.51:101][268]LogExit: Object subsystem successfully closed.
[2017.09.19-01.06.51:343][268]LogD3D11RHI: Shutdown
[2017.09.19-01.06.51:356][268]LogD3D11RHI: CleanupD3DDevice
[2017.09.19-01.06.51:857][268]LogD3D11RHI: ~FD3D11DynamicRHI
[2017.09.19-01.06.52:760][268]LogModuleManager: Shutting down and abandoning module HierarchicalLODOutliner (530)
[2017.09.19-01.06.52:760][268]LogModuleManager: Shutting down and abandoning module SceneOutliner (528)
[2017.09.19-01.06.52:766][268]LogModuleManager: Shutting down and abandoning module AddContentDialog (526)
[2017.09.19-01.06.52:777][268]LogDirectoryWatcher: A directory notification for 'C:/Program Files/Epic Games/UE_4.17/FeaturePacks/' was aborted.
[2017.09.19-01.06.52:814][268]LogModuleManager: Shutting down and abandoning module WidgetCarousel (525)
[2017.09.19-01.06.52:814][268]LogModuleManager: Shutting down and abandoning module EditorWidgets (522)
[2017.09.19-01.06.52:814][268]LogModuleManager: Shutting down and abandoning module CollectionManager (520)
[2017.09.19-01.06.52:842][268]LogDirectoryWatcher: A directory notification for 'C:/Users/mckay/OneDrive/Uni_Files/Computer Game Development/PewPewGames_Repo/PewPewGames_Repo/PewPewGames/Game/Content/Collections/' was aborted.
[2017.09.19-01.06.52:842][268]LogDirectoryWatcher: A directory notification for 'C:/Users/mckay/OneDrive/Uni_Files/Computer Game Development/PewPewGames_Repo/PewPewGames_Repo/PewPewGames/Game/Content/Developers/mckay/Collections/' was aborted.
[2017.09.19-01.06.52:842][268]LogDirectoryWatcher: A directory notification for 'C:/Users/mckay/OneDrive/Uni_Files/Computer Game Development/PewPewGames_Repo/PewPewGames_Repo/PewPewGames/Game/Saved/Collections/' was aborted.
[2017.09.19-01.06.52:842][268]LogModuleManager: Shutting down and abandoning module StatsViewer (518)
[2017.09.19-01.06.52:862][268]LogModuleManager: Shutting down and abandoning module FoliageEdit (516)
[2017.09.19-01.06.52:862][268]LogModuleManager: Shutting down and abandoning module LandscapeEditor (514)
[2017.09.19-01.06.52:887][268]LogModuleManager: Shutting down and abandoning module MeshPaintMode (512)
[2017.09.19-01.06.52:887][268]LogModuleManager: Shutting down and abandoning module SceneDepthPickerMode (510)
[2017.09.19-01.06.52:887][268]LogModuleManager: Shutting down and abandoning module ActorPickerMode (508)
[2017.09.19-01.06.52:887][268]LogModuleManager: Shutting down and abandoning module GeometryMode (506)
[2017.09.19-01.06.52:887][268]LogModuleManager: Shutting down and abandoning module TextureAlignMode (504)
[2017.09.19-01.06.52:887][268]LogModuleManager: Shutting down and abandoning module BspMode (502)
[2017.09.19-01.06.52:890][268]LogModuleManager: Shutting down and abandoning module PIEPreviewDeviceProfileSelector (500)
[2017.09.19-01.06.52:890][268]LogModuleManager: Shutting down and abandoning module HardwareSurvey (498)
[2017.09.19-01.06.52:890][268]LogModuleManager: Shutting down and abandoning module SequenceRecorderSections (496)
[2017.09.19-01.06.52:897][268]LogModuleManager: Shutting down and abandoning module AutomationWorker (494)
[2017.09.19-01.06.52:906][268]LogModuleManager: Shutting down and abandoning module MatineeToLevelSequence (492)
[2017.09.19-01.06.52:906][268]LogModuleManager: Shutting down and abandoning module LevelSequenceEditor (490)
[2017.09.19-01.06.53:009][268]LogModuleManager: Shutting down and abandoning module PlacementMode (489)
[2017.09.19-01.06.53:009][268]LogModuleManager: Shutting down and abandoning module WmfMediaFactory (486)
[2017.09.19-01.06.53:009][268]LogModuleManager: Shutting down and abandoning module WmfMediaEditor (484)
[2017.09.19-01.06.53:009][268]LogModuleManager: Shutting down and abandoning module AvfMediaFactory (482)
[2017.09.19-01.06.53:009][268]LogModuleManager: Shutting down and abandoning module AvfMediaEditor (480)
[2017.09.19-01.06.53:009][268]LogModuleManager: Shutting down and abandoning module AndroidMediaFactory (478)
[2017.09.19-01.06.53:009][268]LogModuleManager: Shutting down and abandoning module Media (477)
[2017.09.19-01.06.53:009][268]LogModuleManager: Shutting down and abandoning module AndroidMediaEditor (474)
[2017.09.19-01.06.53:009][268]LogModuleManager: Shutting down and abandoning module CharacterAI (472)
[2017.09.19-01.06.53:009][268]LogModuleManager: Shutting down and abandoning module AudioCapture (470)
[2017.09.19-01.06.53:009][268]LogModuleManager: Shutting down and abandoning module SequenceRecorder (469)
[2017.09.19-01.06.53:021][268]LogModuleManager: Shutting down and abandoning module SmartSnapping (466)
[2017.09.19-01.06.53:021][268]LogModuleManager: Shutting down and abandoning module SessionServices (464)
[2017.09.19-01.06.53:021][268]LogModuleManager: Shutting down and abandoning module ViewportSnapping (462)
[2017.09.19-01.06.53:021][268]LogModuleManager: Shutting down and abandoning module ViewportInteraction (460)
[2017.09.19-01.06.53:021][268]LogModuleManager: Shutting down and abandoning module ClothPainter (458)
[2017.09.19-01.06.53:066][268]LogModuleManager: Shutting down and abandoning module LogVisualizer (456)
[2017.09.19-01.06.53:113][268]LogModuleManager: Shutting down and abandoning module IntroTutorials (454)
[2017.09.19-01.06.53:141][268]LogModuleManager: Shutting down and abandoning module GameProjectGeneration (453)
[2017.09.19-01.06.53:183][268]LogModuleManager: Shutting down and abandoning module IOSPlatformEditor (450)
[2017.09.19-01.06.53:183][268]LogModuleManager: Shutting down and abandoning module HTML5PlatformEditor (448)
[2017.09.19-01.06.53:183][268]LogModuleManager: Shutting down and abandoning module AndroidPlatformEditor (446)
[2017.09.19-01.06.53:183][268]LogModuleManager: Shutting down and abandoning module AndroidDeviceDetection (445)
[2017.09.19-01.06.54:017][268]LogModuleManager: Shutting down and abandoning module WindowsPlatformEditor (442)
[2017.09.19-01.06.54:017][268]LogModuleManager: Shutting down and abandoning module IOSRuntimeSettings (440)
[2017.09.19-01.06.54:017][268]LogModuleManager: Shutting down and abandoning module AndroidRuntimeSettings (438)
[2017.09.19-01.06.54:017][268]LogModuleManager: Shutting down and abandoning module InputBindingEditor (436)
[2017.09.19-01.06.54:045][268]LogModuleManager: Shutting down and abandoning module MergeActors (434)
[2017.09.19-01.06.54:062][268]LogModuleManager: Shutting down and abandoning module SizeMap (432)
[2017.09.19-01.06.54:062][268]LogModuleManager: Shutting down and abandoning module TreeMap (430)
[2017.09.19-01.06.54:071][268]LogModuleManager: Shutting down and abandoning module ReferenceViewer (428)
[2017.09.19-01.06.54:071][268]LogModuleManager: Shutting down and abandoning module LocalizationDashboard (426)
[2017.09.19-01.06.54:083][268]LogModuleManager: Shutting down and abandoning module LocalizationService (425)
[2017.09.19-01.06.54:087][268]LogModuleManager: Shutting down and abandoning module HardwareTargeting (422)
[2017.09.19-01.06.54:087][268]LogModuleManager: Shutting down and abandoning module DeviceProfileEditor (420)
[2017.09.19-01.06.54:093][268]LogModuleManager: Shutting down and abandoning module UndoHistory (418)
[2017.09.19-01.06.54:093][268]LogModuleManager: Shutting down and abandoning module XmlParser (416)
[2017.09.19-01.06.54:103][268]LogModuleManager: Shutting down and abandoning module Blutility (414)
[2017.09.19-01.06.54:103][268]LogModuleManager: Shutting down and abandoning module ProjectSettingsViewer (412)
[2017.09.19-01.06.54:103][268]LogModuleManager: Shutting down and abandoning module ProjectTargetPlatformEditor (411)
[2017.09.19-01.06.54:103][268]LogModuleManager: Shutting down and abandoning module EditorSettingsViewer (408)
[2017.09.19-01.06.54:104][268]LogModuleManager: Shutting down and abandoning module SettingsEditor (406)
[2017.09.19-01.06.54:140][268]LogModuleManager: Shutting down and abandoning module ProjectLauncher (404)
[2017.09.19-01.06.54:149][268]LogModuleManager: Shutting down and abandoning module SessionFrontend (402)
[2017.09.19-01.06.54:151][268]LogModuleManager: Shutting down and abandoning module ProfilerClient (400)
[2017.09.19-01.06.54:157][268]LogModuleManager: Shutting down and abandoning module DeviceManager (398)
[2017.09.19-01.06.54:176][268]LogModuleManager: Shutting down and abandoning module TargetDeviceServices (397)
[2017.09.19-01.06.54:240][268]LogModuleManager: Shutting down and abandoning module AutomationController (394)
[2017.09.19-01.06.54:251][268]LogModuleManager: Shutting down and abandoning module AutomationWindow (392)
[2017.09.19-01.06.54:286][268]LogModuleManager: Shutting down and abandoning module Layers (390)
[2017.09.19-01.06.54:321][268]LogModuleManager: Shutting down and abandoning module ComponentVisualizers (388)
[2017.09.19-01.06.54:321][268]LogModuleManager: Shutting down and abandoning module DetailCustomizations (386)
[2017.09.19-01.06.54:328][268]LogModuleManager: Shutting down and abandoning module PackagesDialog (384)
[2017.09.19-01.06.54:333][268]LogModuleManager: Shutting down and abandoning module Persona (382)
[2017.09.19-01.06.54:366][268]LogModuleManager: Shutting down and abandoning module AdvancedPreviewScene (381)
[2017.09.19-01.06.54:367][268]LogModuleManager: Shutting down and abandoning module AnimGraph (379)
[2017.09.19-01.06.54:372][268]LogModuleManager: Shutting down and abandoning module Kismet (376)
[2017.09.19-01.06.54:387][268]LogModuleManager: Shutting down and abandoning module ClassViewer (374)
[2017.09.19-01.06.54:387][268]LogModuleManager: Shutting down and abandoning module Toolbox (372)
[2017.09.19-01.06.54:387][268]LogModuleManager: Shutting down and abandoning module ModuleUI (370)
[2017.09.19-01.06.54:396][268]LogModuleManager: Shutting down and abandoning module MovieSceneTools (368)
[2017.09.19-01.06.54:424][268]LogModuleManager: Shutting down and abandoning module OutputLog (366)
[2017.09.19-01.06.54:432][268]LogModuleManager: Shutting down and abandoning module GammaUI (364)
[2017.09.19-01.06.54:439][268]LogModuleManager: Shutting down and abandoning module Documentation (362)
[2017.09.19-01.06.54:439][268]LogModuleManager: Shutting down and abandoning module MovieSceneTracks (360)
[2017.09.19-01.06.54:439][268]LogModuleManager: Shutting down and abandoning module MovieScene (358)
[2017.09.19-01.06.54:439][268]LogModuleManager: Shutting down and abandoning module Niagara (356)
[2017.09.19-01.06.54:439][268]LogModuleManager: Shutting down and abandoning module NiagaraEditor (355)
[2017.09.19-01.06.54:476][268]LogModuleManager: Shutting down and abandoning module StreamingPauseRendering (352)
[2017.09.19-01.06.54:476][268]LogModuleManager: Shutting down and abandoning module LauncherPlatform (350)
[2017.09.19-01.06.54:476][268]LogModuleManager: Shutting down and abandoning module AnalyticsET (348)
[2017.09.19-01.06.54:476][268]LogModuleManager: Shutting down and abandoning module PortalServices (346)
[2017.09.19-01.06.54:476][268]LogModuleManager: Shutting down and abandoning module PortalRpc (344)
[2017.09.19-01.06.54:476][268]LogModuleManager: Shutting down and abandoning module MessagingRpc (342)
[2017.09.19-01.06.54:476][268]LogModuleManager: Shutting down and abandoning module AIModule (340)
[2017.09.19-01.06.54:476][268]LogModuleManager: Shutting down and abandoning module GameplayDebugger (339)
[2017.09.19-01.06.54:476][268]LogModuleManager: Shutting down and abandoning module AITestSuite (337)
[2017.09.19-01.06.54:482][268]LogModuleManager: Shutting down and abandoning module ProfilerService (334)
[2017.09.19-01.06.54:531][268]LogModuleManager: Shutting down and abandoning module TaskGraph (332)
[2017.09.19-01.06.54:561][268]LogModuleManager: Shutting down and abandoning module SteamVRController (330)
[2017.09.19-01.06.54:561][268]LogModuleManager: Shutting down and abandoning module ProceduralMeshComponentEditor (328)
[2017.09.19-01.06.54:561][268]LogModuleManager: Shutting down and abandoning module ProceduralMeshComponent (326)
[2017.09.19-01.06.54:561][268]LogModuleManager: Shutting down and abandoning module OculusInput (324)
[2017.09.19-01.06.54:566][268]LogModuleManager: Shutting down and abandoning module MobilePatchingUtils (322)
[2017.09.19-01.06.54:567][268]LogModuleManager: Shutting down and abandoning module CustomMeshComponent (320)
[2017.09.19-01.06.54:567][268]LogModuleManager: Shutting down and abandoning module CableComponent (318)
[2017.09.19-01.06.54:577][268]LogModuleManager: Shutting down and abandoning module ArchVisCharacter (316)
[2017.09.19-01.06.54:577][268]LogModuleManager: Shutting down and abandoning module AndroidPermission (314)
[2017.09.19-01.06.54:577][268]LogModuleManager: Shutting down and abandoning module MediaPlayerEditor (310)
[2017.09.19-01.06.54:595][268]LogModuleManager: Shutting down and abandoning module HTML5Networking (308)
[2017.09.19-01.06.54:595][268]LogModuleManager: Shutting down and abandoning module AlembicImporter (306)
[2017.09.19-01.06.54:604][268]LogModuleManager: Shutting down and abandoning module AlembicLibrary (305)
[2017.09.19-01.06.54:604][268]LogModuleManager: Shutting down and abandoning module GeometryCache (304)
[2017.09.19-01.06.54:604][268]LogModuleManager: Shutting down and abandoning module GeometryCacheEd (303)
[2017.09.19-01.06.54:604][268]LogModuleManager: Shutting down and abandoning module SpeedTreeImporter (298)
[2017.09.19-01.06.54:604][268]LogModuleManager: Shutting down and abandoning module PluginBrowser (296)
[2017.09.19-01.06.54:666][268]LogModuleManager: Shutting down and abandoning module MobileLauncherProfileWizard (294)
[2017.09.19-01.06.54:702][268]LogModuleManager: Shutting down and abandoning module VisualStudioSourceCodeAccess (292)
[2017.09.19-01.06.54:702][268]LogModuleManager: Shutting down and abandoning module DesktopPlatform (291)
[2017.09.19-01.06.54:705][268]LogModuleManager: Shutting down and abandoning module UObjectPlugin (288)
[2017.09.19-01.06.54:706][268]LogModuleManager: Shutting down and abandoning module SubversionSourceControl (286)
[2017.09.19-01.06.54:711][268]LogModuleManager: Shutting down and abandoning module PerforceSourceControl (284)
[2017.09.19-01.06.54:717][268]LogModuleManager: Shutting down and abandoning module GitSourceControl (282)
[2017.09.19-01.06.54:730][268]LogModuleManager: Shutting down and abandoning module SourceControl (281)
[2017.09.19-01.06.54:738][268]LogModuleManager: Shutting down and abandoning module LightPropagationVolumeEditor (278)
[2017.09.19-01.06.54:738][268]LogModuleManager: Shutting down and abandoning module PaperTiledImporter (276)
[2017.09.19-01.06.54:738][268]LogModuleManager: Shutting down and abandoning module PaperSpriteSheetImporter (274)
[2017.09.19-01.06.54:738][268]LogModuleManager: Shutting down and abandoning module Paper2DEditor (272)
[2017.09.19-01.06.54:748][268]LogModuleManager: Shutting down and abandoning module MeshPaint (271)
[2017.09.19-01.06.54:756][268]LogModuleManager: Shutting down and abandoning module LevelEditor (269)
[2017.09.19-01.06.54:767][268]LogModuleManager: Shutting down and abandoning module PixelInspectorModule (268)
[2017.09.19-01.06.54:788][268]LogModuleManager: Shutting down and abandoning module MainFrame (266)
[2017.09.19-01.06.54:788][268]LogModuleManager: Shutting down and abandoning module HotReload (265)
[2017.09.19-01.06.54:838][268]LogModuleManager: Shutting down and abandoning module RuntimePhysXCooking (260)
[2017.09.19-01.06.54:838][268]LogModuleManager: Shutting down and abandoning module PhysXVehiclesEditor (258)
[2017.09.19-01.06.54:838][268]LogModuleManager: Shutting down and abandoning module PhysXVehicles (256)
[2017.09.19-01.06.54:838][268]LogModuleManager: Shutting down and abandoning module OculusEditor (254)
[2017.09.19-01.06.54:838][268]LogModuleManager: Shutting down and abandoning module LocationServicesBPLibrary (252)
[2017.09.19-01.06.54:838][268]LogModuleManager: Shutting down and abandoning module ImmediatePhysicsEditor (250)
[2017.09.19-01.06.54:838][268]LogModuleManager: Shutting down and abandoning module ImmediatePhysics (248)
[2017.09.19-01.06.54:851][268]LogModuleManager: Shutting down and abandoning module UdpMessaging (246)
[2017.09.19-01.06.54:952][268]LogModuleManager: Shutting down and abandoning module TcpMessaging (244)
[2017.09.19-01.06.55:067][268]LogModuleManager: Shutting down and abandoning module GameplayTagsEditor (242)
[2017.09.19-01.06.55:090][268]LogModuleManager: Shutting down and abandoning module FacialAnimationEditor (240)
[2017.09.19-01.06.55:090][268]LogModuleManager: Shutting down and abandoning module FacialAnimation (238)
[2017.09.19-01.06.55:091][268]LogModuleManager: Shutting down and abandoning module AssetManagerEditor (236)
[2017.09.19-01.06.55:098][268]LogModuleManager: Shutting down and abandoning module GraphEditor (235)
[2017.09.19-01.06.55:098][268]LogModuleManager: Shutting down and abandoning module ContentBrowser (233)
[2017.09.19-01.06.55:100][268]LogModuleManager: Shutting down and abandoning module LightPropagationVolumeRuntime (230)
[2017.09.19-01.06.55:100][268]LogModuleManager: Shutting down and abandoning module Paper2D (228)
[2017.09.19-01.06.55:115][268]LogModuleManager: Shutting down and abandoning module WindowsMoviePlayer (226)
[2017.09.19-01.06.55:123][268]LogModuleManager: Shutting down and abandoning module WmfMedia (224)
[2017.09.19-01.06.55:130][268]LogModuleManager: Shutting down and abandoning module PacketHandler (222)
[2017.09.19-01.06.55:130][268]LogModuleManager: Shutting down and abandoning module ClothingSystemEditor (220)
[2017.09.19-01.06.55:130][268]LogModuleManager: Shutting down and abandoning module ClothingSystemRuntime (218)
[2017.09.19-01.06.55:135][268]LogModuleManager: Shutting down and abandoning module Overlay (216)
[2017.09.19-01.06.55:136][268]LogModuleManager: Shutting down and abandoning module OverlayEditor (215)
[2017.09.19-01.06.55:136][268]LogModuleManager: Shutting down and abandoning module MediaAssets (212)
[2017.09.19-01.06.55:136][268]LogModuleManager: Shutting down and abandoning module VREditor (210)
[2017.09.19-01.06.55:154][268]LogModuleManager: Shutting down and abandoning module StringTableEditor (208)
[2017.09.19-01.06.55:165][268]LogModuleManager: Shutting down and abandoning module GameplayTasksEditor (206)
[2017.09.19-01.06.55:165][268]LogModuleManager: Shutting down and abandoning module BehaviorTreeEditor (204)
[2017.09.19-01.06.55:215][268]LogModuleManager: Shutting down and abandoning module FunctionalTesting (202)
[2017.09.19-01.06.55:215][268]LogModuleManager: Shutting down and abandoning module CollisionAnalyzer (200)
[2017.09.19-01.06.55:231][268]LogModuleManager: Shutting down and abandoning module WorkspaceMenuStructure (199)
[2017.09.19-01.06.55:231][268]LogModuleManager: Shutting down and abandoning module UMG (196)
[2017.09.19-01.06.55:243][268]LogModuleManager: Shutting down and abandoning module UMGEditor (195)
[2017.09.19-01.06.55:273][268]LogModuleManager: Shutting down and abandoning module Sequencer (194)
[2017.09.19-01.06.55:281][268]LogModuleManager: Shutting down and abandoning module MessageLog (191)
[2017.09.19-01.06.55:281][268]LogModuleManager: Shutting down and abandoning module SlateReflector (186)
[2017.09.19-01.06.55:313][268]LogModuleManager: Shutting down and abandoning module Slate (184)
[2017.09.19-01.06.55:313][268]LogModuleManager: Shutting down and abandoning module EditorStyle (182)
[2017.09.19-01.06.55:319][268]LogModuleManager: Shutting down and abandoning module MRMesh (180)
[2017.09.19-01.06.55:319][268]LogModuleManager: Shutting down and abandoning module SourceCodeAccess (178)
[2017.09.19-01.06.55:319][268]LogModuleManager: Shutting down and abandoning module HeadMountedDisplay (176)
[2017.09.19-01.06.55:320][268]LogModuleManager: Shutting down and abandoning module XAudio2 (174)
[2017.09.19-01.06.55:320][268]LogModuleManager: Shutting down and abandoning module Networking (172)
[2017.09.19-01.06.55:320][268]LogModuleManager: Shutting down and abandoning module Core (168)
[2017.09.19-01.06.55:320][268]LogModuleManager: Shutting down and abandoning module KismetCompiler (164)
[2017.09.19-01.06.55:320][268]LogModuleManager: Shutting down and abandoning module LevelSequence (162)
[2017.09.19-01.06.55:320][268]LogModuleManager: Shutting down and abandoning module MeshUtilities (160)
[2017.09.19-01.06.55:353][268]LogModuleManager: Shutting down and abandoning module MeshMergeUtilities (159)
[2017.09.19-01.06.55:367][268]LogModuleManager: Shutting down and abandoning module MeshReductionInterface (158)
[2017.09.19-01.06.55:367][268]LogModuleManager: Shutting down and abandoning module SimplygonSwarm (157)
[2017.09.19-01.06.55:377][268]LogModuleManager: Shutting down and abandoning module SimplygonMeshReduction (155)
[2017.09.19-01.06.55:377][268]LogModuleManager: Shutting down and abandoning module QuadricMeshReduction (153)
[2017.09.19-01.06.55:381][268]LogModuleManager: Shutting down and abandoning module MaterialBaking (149)
[2017.09.19-01.06.55:392][268]LogModuleManager: Shutting down and abandoning module DirectoryWatcher (146)
[2017.09.19-01.06.55:400][268]LogModuleManager: Shutting down and abandoning module DerivedDataCache (144)
[2017.09.19-01.06.55:427][268]LogDerivedDataCache: Shutdown
[2017.09.19-01.06.55:463][268]LogModuleManager: Shutting down and abandoning module TargetPlatform (142)
[2017.09.19-01.06.55:463][268]LogModuleManager: Shutting down and abandoning module VulkanShaderFormat (141)
[2017.09.19-01.06.55:472][268]LogModuleManager: Shutting down and abandoning module ShaderFormatVectorVM (139)
[2017.09.19-01.06.55:479][268]LogModuleManager: Shutting down and abandoning module ShaderFormatOpenGL (137)
[2017.09.19-01.06.55:491][268]LogModuleManager: Shutting down and abandoning module ShaderFormatD3D (135)
[2017.09.19-01.06.55:500][268]LogModuleManager: Shutting down and abandoning module MetalShaderFormat (133)
[2017.09.19-01.06.55:518][268]LogModuleManager: Shutting down and abandoning module TextureFormatUncompressed (131)
[2017.09.19-01.06.55:519][268]LogModuleManager: Shutting down and abandoning module TextureFormatPVR (129)
[2017.09.19-01.06.55:519][268]LogModuleManager: Shutting down and abandoning module TextureFormatDXT (127)
[2017.09.19-01.06.55:522][268]LogModuleManager: Shutting down and abandoning module TextureFormatIntelISPCTexComp (125)
[2017.09.19-01.06.55:538][268]LogModuleManager: Shutting down and abandoning module TextureFormatASTC (123)
[2017.09.19-01.06.55:538][268]LogModuleManager: Shutting down and abandoning module ImageWrapper (122)
[2017.09.19-01.06.55:538][268]LogModuleManager: Shutting down and abandoning module TextureFormatAndroid (119)
[2017.09.19-01.06.55:538][268]LogModuleManager: Shutting down and abandoning module AudioFormatOpus (117)
[2017.09.19-01.06.55:539][268]LogModuleManager: Shutting down and abandoning module AudioFormatOgg (115)
[2017.09.19-01.06.55:539][268]LogModuleManager: Shutting down and abandoning module AudioFormatADPCM (113)
[2017.09.19-01.06.55:539][268]LogModuleManager: Shutting down and abandoning module LinuxTargetPlatform (111)
[2017.09.19-01.06.55:539][268]LogModuleManager: Shutting down and abandoning module LinuxServerTargetPlatform (109)
[2017.09.19-01.06.55:539][268]LogModuleManager: Shutting down and abandoning module LinuxNoEditorTargetPlatform (107)
[2017.09.19-01.06.55:539][268]LogModuleManager: Shutting down and abandoning module LinuxClientTargetPlatform (105)
[2017.09.19-01.06.55:539][268]LogModuleManager: Shutting down and abandoning module TVOSTargetPlatform (103)
[2017.09.19-01.06.55:539][268]LogModuleManager: Shutting down and abandoning module Messaging (101)
[2017.09.19-01.06.55:539][268]LogModuleManager: Shutting down and abandoning module IOSTargetPlatform (99)
[2017.09.19-01.06.55:539][268]LogModuleManager: Shutting down and abandoning module HTML5TargetPlatform (97)
[2017.09.19-01.06.55:539][268]LogModuleManager: Shutting down and abandoning module Android_PVRTCTargetPlatform (95)
[2017.09.19-01.06.55:539][268]LogModuleManager: Shutting down and abandoning module Android_MultiTargetPlatform (93)
[2017.09.19-01.06.55:539][268]LogModuleManager: Shutting down and abandoning module Android_ETC2TargetPlatform (91)
[2017.09.19-01.06.55:539][268]LogModuleManager: Shutting down and abandoning module Android_ETC1TargetPlatform (89)
[2017.09.19-01.06.55:539][268]LogModuleManager: Shutting down and abandoning module Android_DXTTargetPlatform (87)
[2017.09.19-01.06.55:539][268]LogModuleManager: Shutting down and abandoning module Android_ATCTargetPlatform (85)
[2017.09.19-01.06.55:539][268]LogModuleManager: Shutting down and abandoning module Android_ASTCTargetPlatform (83)
[2017.09.19-01.06.55:539][268]LogModuleManager: Shutting down and abandoning module AndroidTargetPlatform (81)
[2017.09.19-01.06.55:539][268]LogModuleManager: Shutting down and abandoning module WindowsTargetPlatform (79)
[2017.09.19-01.06.55:539][268]LogModuleManager: Shutting down and abandoning module WindowsServerTargetPlatform (77)
[2017.09.19-01.06.55:540][268]LogModuleManager: Shutting down and abandoning module WindowsNoEditorTargetPlatform (75)
[2017.09.19-01.06.55:540][268]LogModuleManager: Shutting down and abandoning module WindowsClientTargetPlatform (73)
[2017.09.19-01.06.55:540][268]LogModuleManager: Shutting down and abandoning module MacTargetPlatform (71)
[2017.09.19-01.06.55:540][268]LogModuleManager: Shutting down and abandoning module MacServerTargetPlatform (69)
[2017.09.19-01.06.55:540][268]LogModuleManager: Shutting down and abandoning module MacNoEditorTargetPlatform (67)
[2017.09.19-01.06.55:540][268]LogModuleManager: Shutting down and abandoning module MacClientTargetPlatform (65)
[2017.09.19-01.06.55:541][268]LogModuleManager: Shutting down and abandoning module AllDesktopTargetPlatform (63)
[2017.09.19-01.06.55:541][268]LogModuleManager: Shutting down and abandoning module InputCore (60)
[2017.09.19-01.06.55:541][268]LogModuleManager: Shutting down and abandoning module Settings (58)
[2017.09.19-01.06.55:541][268]LogModuleManager: Shutting down and abandoning module PhysXCooking (56)
[2017.09.19-01.06.55:541][268]LogModuleManager: Shutting down and abandoning module SteamVR (54)
[2017.09.19-01.06.55:541][268]LogModuleManager: Shutting down and abandoning module OculusHMD (52)
[2017.09.19-01.06.55:553][268]LogModuleManager: Shutting down and abandoning module ExampleDeviceProfileSelector (50)
[2017.09.19-01.06.55:553][268]LogModuleManager: Shutting down and abandoning module OnlineBlueprintSupport (48)
[2017.09.19-01.06.55:553][268]LogModuleManager: Shutting down and abandoning module OnlineSubsystem (44)
[2017.09.19-01.06.55:553][268]LogOnline: Display: Unloading online subsystem: NULL
[2017.09.19-01.06.55:577][268]LogModuleManager: Shutting down and abandoning module XMPP (43)
[2017.09.19-01.06.55:585][268]LogModuleManager: Shutting down and abandoning module HTTP (41)
[2017.09.19-01.06.55:585][268]LogHttp: Display: Http module shutting down, but needs to wait on 1 outstanding Http requests:
[2017.09.19-01.06.55:592][268]LogHttp: Display: 	verb=[POST] url=[https://datarouter.ol.epicgames.com/datarouter/api/v1/public/data?SessionID=%7BB4CDA1F8-4903-401C-C217-E6BAB89A043F%7D&AppID=UEEditor.Rocket.Release&AppVersion=4.17.1-3586342%2B%2B%2BUE4%2BRelease-4.17&UserID=c1342f5948c018738efe98abc345315f%7Cd543b7a949ed40aa96ec2c0f2310866f%7Cfcdc50ac-a501-4167-9e61-9f1c998818b7&AppEnvironment=datacollector-binary&UploadType=eteventstream] status=Processing
[2017.09.19-01.06.55:605][268]LogModuleManager: Shutting down and abandoning module SSL (40)
[2017.09.19-01.06.55:618][268]LogModuleManager: Shutting down and abandoning module AnimationModifiers (36)
[2017.09.19-01.06.55:623][268]LogModuleManager: Shutting down and abandoning module PropertyEditor (35)
[2017.09.19-01.06.55:624][268]LogModuleManager: Shutting down and abandoning module AudioEditor (32)
[2017.09.19-01.06.55:654][268]LogModuleManager: Shutting down and abandoning module TextureCompressor (30)
[2017.09.19-01.06.55:662][268]LogModuleManager: Shutting down and abandoning module ShaderCore (28)
[2017.09.19-01.06.55:662][268]LogModuleManager: Shutting down and abandoning module Landscape (26)
[2017.09.19-01.06.55:662][268]LogModuleManager: Shutting down and abandoning module SlateRHIRenderer (24)
[2017.09.19-01.06.55:683][268]LogModuleManager: Shutting down and abandoning module OpenGLDrv (22)
[2017.09.19-01.06.55:694][268]LogModuleManager: Shutting down and abandoning module D3D11RHI (20)
[2017.09.19-01.06.55:695][268]LogModuleManager: Shutting down and abandoning module AnimGraphRuntime (18)
[2017.09.19-01.06.55:700][268]LogModuleManager: Shutting down and abandoning module Renderer (16)
[2017.09.19-01.06.55:700][268]LogModuleManager: Shutting down and abandoning module Engine (14)
[2017.09.19-01.06.55:700][268]LogModuleManager: Shutting down and abandoning module CoreUObject (12)
[2017.09.19-01.06.55:700][268]LogModuleManager: Shutting down and abandoning module NetworkFile (10)
[2017.09.19-01.06.55:708][268]LogModuleManager: Shutting down and abandoning module CookedIterativeFile (8)
[2017.09.19-01.06.55:708][268]LogModuleManager: Shutting down and abandoning module StreamingFile (6)
[2017.09.19-01.06.55:715][268]LogModuleManager: Shutting down and abandoning module SandboxFile (4)
[2017.09.19-01.06.55:715][268]LogModuleManager: Shutting down and abandoning module PakFile (2)
[2017.09.19-01.06.55:741][268]LogExit: Exiting.
[2017.09.19-01.06.55:785][268]Log file closed, 09/19/17 10:36:55
