Log file open, 10/27/17 22:37:49
LogWindows: LoadLibraryWithSearchPaths failed for file aqProf.dll. GetLastError=0
LogWindows: LoadLibraryWithSearchPaths failed for file VtuneApi.dll. GetLastError=0
LogWindows: LoadLibraryWithSearchPaths failed for file VtuneApi32e.dll. GetLastError=0
LogInit: Display: Running engine for game: Game
LogPlatformFile: Not using cached read wrapper
LogInit: Display: RandInit(-392145642) SRandInit(-392145642).
LogTaskGraph: Started task graph with 5 named threads and 8 total threads with 3 sets of task threads.
LogStats: Stats thread started at 0.101771
LogD3D11RHI: Aftermath initialized
LogPluginManager: Mounting plugin Paper2D
LogPluginManager: Mounting plugin LightPropagationVolume
LogPluginManager: Mounting plugin CodeLiteSourceCodeAccess
LogPluginManager: Mounting plugin GitSourceControl
LogPluginManager: Mounting plugin KDevelopSourceCodeAccess
LogPluginManager: Mounting plugin NullSourceCodeAccess
LogPluginManager: Mounting plugin PerforceSourceControl
LogPluginManager: Mounting plugin SubversionSourceControl
LogPluginManager: Mounting plugin UObjectPlugin
LogPluginManager: Mounting plugin VisualStudioSourceCodeAccess
LogPluginManager: Mounting plugin XCodeSourceCodeAccess
LogPluginManager: Mounting plugin AssetManagerEditor
LogPluginManager: Mounting plugin AudioCapture
LogPluginManager: Mounting plugin FacialAnimation
LogPluginManager: Mounting plugin GameplayTagsEditor
LogPluginManager: Mounting plugin MobileLauncherProfileWizard
LogPluginManager: Mounting plugin PluginBrowser
LogPluginManager: Mounting plugin SpeedTreeImporter
LogPluginManager: Mounting plugin AlembicImporter
LogPluginManager: Mounting plugin CharacterAI
LogPluginManager: Mounting plugin HTML5Networking
LogPluginManager: Mounting plugin AndroidMedia
LogPluginManager: Mounting plugin AvfMedia
LogPluginManager: Mounting plugin MediaPlayerEditor
LogPluginManager: Mounting plugin WmfMedia
LogPluginManager: Mounting plugin TcpMessaging
LogPluginManager: Mounting plugin UdpMessaging
LogPluginManager: Mounting plugin LevelSequenceEditor
LogPluginManager: Mounting plugin MatineeToLevelSequence
LogPluginManager: Mounting plugin OnlineSubsystemGooglePlay
LogPluginManager: Mounting plugin OnlineSubsystemIOS
LogPluginManager: Mounting plugin OnlineSubsystem
LogPluginManager: Mounting plugin OnlineSubsystemNull
LogPluginManager: Mounting plugin OnlineSubsystemUtils
LogPluginManager: Mounting plugin AndroidDeviceProfileSelector
LogPluginManager: Mounting plugin AndroidMoviePlayer
LogPluginManager: Mounting plugin AndroidPermission
LogPluginManager: Mounting plugin AppleMoviePlayer
LogPluginManager: Mounting plugin ArchVisCharacter
LogPluginManager: Mounting plugin CableComponent
LogPluginManager: Mounting plugin CustomMeshComponent
LogPluginManager: Mounting plugin ExampleDeviceProfileSelector
LogPluginManager: Mounting plugin GoogleCloudMessaging
LogPluginManager: Mounting plugin ImmediatePhysics
LogPluginManager: Mounting plugin IOSDeviceProfileSelector
LogPluginManager: Mounting plugin LinuxDeviceProfileSelector
LogPluginManager: Mounting plugin LocationServicesBPLibrary
LogPluginManager: Mounting plugin MobilePatchingUtils
LogPluginManager: Mounting plugin OculusVR
LogPluginManager: Mounting plugin PhysXVehicles
LogPluginManager: Mounting plugin ProceduralMeshComponent
LogPluginManager: Mounting plugin RuntimePhysXCooking
LogPluginManager: Mounting plugin SteamVR
LogPluginManager: Mounting plugin WindowsMoviePlayer
LogInit: Using libcurl 7.47.1
LogInit:  - built for x86_64-pc-win32
LogInit:  - supports SSL with OpenSSL/1.0.2g
LogInit:  - supports HTTP deflate (compression) using libz 1.2.8
LogInit:  - other features:
LogInit:      CURL_VERSION_SSL
LogInit:      CURL_VERSION_LIBZ
LogInit:      CURL_VERSION_IPV6
LogInit:      CURL_VERSION_ASYNCHDNS
LogInit:      CURL_VERSION_LARGEFILE
LogInit:      CURL_VERSION_IDN
LogInit:  CurlRequestOptions (configurable via config and command line):
LogInit:  - bVerifyPeer = false  - Libcurl will NOT verify peer certificate
LogInit:  - bUseHttpProxy = false  - Libcurl will NOT use HTTP proxy
LogInit:  - bDontReuseConnections = false  - Libcurl will reuse connections
LogInit:  - CertBundlePath = nullptr  - Libcurl will use whatever was configured at build time.
LogInit: Build: ++UE4+Release-4.17-CL-3586342
LogInit: Engine Version: 4.17.1-3586342+++UE4+Release-4.17
LogInit: Compatible Engine Version: 4.17.0-3573198+++UE4+Release-4.17
LogInit: Net CL: 3573198
LogDevObjectVersion: Number of dev versions registered: 16
LogDevObjectVersion:   Dev-Blueprints (B0D832E4-1F89-4F0D-ACCF-7EB736FD4AA2): 10
LogDevObjectVersion:   Dev-Build (E1C64328-A22C-4D53-A36C-8E866417BD8C): 0
LogDevObjectVersion:   Dev-Core (375EC13C-06E4-48FB-B500-84F0262A717E): 2
LogDevObjectVersion:   Dev-Editor (E4B068ED-F494-42E9-A231-DA0B2E46BB41): 20
LogDevObjectVersion:   Dev-Framework (CFFC743F-43B0-4480-9391-14DF171D2073): 28
LogDevObjectVersion:   Dev-Mobile (B02B49B5-BB20-44E9-A304-32B752E40360): 0
LogDevObjectVersion:   Dev-Networking (A4E4105C-59A1-49B5-A7C5-40C4547EDFEE): 0
LogDevObjectVersion:   Dev-Online (39C831C9-5AE6-47DC-9A44-9C173E1C8E7C): 0
LogDevObjectVersion:   Dev-Physics (78F01B33-EBEA-4F98-B9B4-84EACCB95AA2): 0
LogDevObjectVersion:   Dev-Platform (6631380F-2D4D-43E0-8009-CF276956A95A): 0
LogDevObjectVersion:   Dev-Rendering (12F88B9F-8875-4AFC-A67C-D90C383ABD29): 19
LogDevObjectVersion:   Dev-Sequencer (7B5AE74C-D270-4C10-A958-57980B212A5A): 4
LogDevObjectVersion:   Dev-VR (D7296918-1DD6-4BDD-9DE2-64A83CC13884): 0
LogDevObjectVersion:   Dev-LoadTimes (C2A15278-BFE7-4AFE-6C17-90FF531DF755): 1
LogDevObjectVersion:   Private-Geometry (6EACA3D4-40EC-4CC1-B786-8BED09428FC5): 1
LogDevObjectVersion:   Dev-AnimPhys (29E575DD-E0A3-4627-9D10-D276232CDCEA): 7
LogInit: Compiled (64-bit): Aug 15 2017 02:05:26
LogInit: Compiled with Visual C++: 19.00.24215.01
LogInit: Build Configuration: Development
LogInit: Branch Name: ++UE4+Release-4.17
LogInit: Command line:  
LogInit: Base directory: C:/Program Files/Epic Games/UE_4.17/Engine/Binaries/Win64/
LogInit: Installed Engine Build: 1
LogInit: Presizing for max 8388607 objects, including 0 objects not considered by GC, pre-allocating 0 bytes for permanent pool.
LogInit: Object subsystem initialized
[2017.10.27-12.07.49:899][  0]LogInit: Selected Device Profile: [Windows]
[2017.10.27-12.07.49:899][  0]LogInit: Applying CVar settings loaded from the selected device profile: [Windows]
[2017.10.27-12.07.50:010][  0]LogInit: Computer: LAPTOP-AF13HJPO
[2017.10.27-12.07.50:010][  0]LogInit: User: RaymondAoukar
[2017.10.27-12.07.50:011][  0]LogInit: CPU Page size=4096, Cores=2
[2017.10.27-12.07.50:011][  0]LogInit: High frequency timer resolution =2.835937 MHz
[2017.10.27-12.07.50:011][  0]LogMemory: Memory total: Physical=15.9GB (16GB approx)
[2017.10.27-12.07.50:011][  0]LogMemory: Platform Memory Stats for Windows
[2017.10.27-12.07.50:011][  0]LogMemory: Process Physical Memory: 279.57 MB used, 279.57 MB peak
[2017.10.27-12.07.50:011][  0]LogMemory: Process Virtual Memory: 289.81 MB used, 289.81 MB peak
[2017.10.27-12.07.50:011][  0]LogMemory: Physical Memory: 4672.07 MB used,  11580.05 MB free, 16252.13 MB total
[2017.10.27-12.07.50:011][  0]LogMemory: Virtual Memory: 680.98 MB used,  11580.05 MB free, 134217728.00 MB total
[2017.10.27-12.07.50:782][  0]LogInit: Using OS detected language (en-US).
[2017.10.27-12.07.50:782][  0]LogInit: Using OS detected locale (en-AU).
[2017.10.27-12.07.50:921][  0]LogTextLocalizationManager: No specific localization for 'en-US' exists, so the 'en' localization will be used.
[2017.10.27-12.07.54:639][  0]LogD3D11RHI: D3D11 adapters:
[2017.10.27-12.07.54:956][  0]LogD3D11RHI:    0. 'NVIDIA GeForce 940MX' (Feature Level 11_0)
[2017.10.27-12.07.54:956][  0]LogD3D11RHI:       4065/0/8126 MB DedicatedVideo/DedicatedSystem/SharedSystem, Outputs:1, VendorId:0x10de
[2017.10.27-12.07.54:966][  0]LogD3D11RHI:    1. 'Intel(R) HD Graphics 620' (Feature Level 11_0)
[2017.10.27-12.07.54:966][  0]LogD3D11RHI:       128/0/8126 MB DedicatedVideo/DedicatedSystem/SharedSystem, Outputs:0, VendorId:0x8086
[2017.10.27-12.07.54:968][  0]LogD3D11RHI:    2. 'Microsoft Basic Render Driver' (Feature Level 11_0)
[2017.10.27-12.07.54:968][  0]LogD3D11RHI:       0/0/8126 MB DedicatedVideo/DedicatedSystem/SharedSystem, Outputs:0, VendorId:0x1414
[2017.10.27-12.07.54:968][  0]LogD3D11RHI: Chosen D3D11 Adapter: 0
[2017.10.27-12.07.54:976][  0]LogD3D11RHI: Creating new Direct3DDevice
[2017.10.27-12.07.54:976][  0]LogD3D11RHI:     GPU DeviceId: 0x179c (for the marketing name, search the web for "GPU Device Id")
[2017.10.27-12.07.54:976][  0]LogWindows: EnumDisplayDevices:
[2017.10.27-12.07.54:976][  0]LogWindows:    0. 'Intel(R) HD Graphics 620' (P:1 D:1)
[2017.10.27-12.07.54:976][  0]LogWindows:    1. 'Intel(R) HD Graphics 620' (P:0 D:0)
[2017.10.27-12.07.54:977][  0]LogWindows:    2. 'Intel(R) HD Graphics 620' (P:0 D:0)
[2017.10.27-12.07.54:977][  0]LogWindows: DebugString: PrimaryIsNotTheChoosenAdapter PrimaryIsNotTheChoosenAdapter PrimaryIsNotTheChoosenAdapter FoundDriverCount:0 
[2017.10.27-12.07.54:977][  0]LogD3D11RHI:     Adapter Name: NVIDIA GeForce 940MX
[2017.10.27-12.07.54:977][  0]LogD3D11RHI:   Driver Version: Unknown (internal:Unknown, unified:Unknown)
[2017.10.27-12.07.54:977][  0]LogD3D11RHI:      Driver Date: Unknown
[2017.10.27-12.07.54:977][  0]LogRHI: Texture pool is 1361 MB (70% of 1945 MB)
[2017.10.27-12.07.55:011][  0]LogD3D11RHI: Async texture creation enabled
[2017.10.27-12.07.55:027][  0]LogD3D11RHI: GPU Timing Frequency: 1000.000000 (Debug: 2 2)
[2017.10.27-12.07.55:027][  0]LogShaderCompilers: Guid format shader working directory is -41 characters bigger than the processId version (../../../../../../Users/Raymond Aoukar/Desktop/Computer Game Design/repository/PewPewGames/Game/Intermediate/Shaders/WorkingDirectory/10732/).
[2017.10.27-12.07.55:027][  0]LogShaderCompilers: Cleaned the shader compiler working directory 'C:/Users/Raymond Aoukar/AppData/Local/Temp/UnrealShaderWorkingDir/B2EE17674AA6749878D655AE4BE7EADA/'.
[2017.10.27-12.07.55:027][  0]LogShaderCompilers: Display: Using Local Shader Compiler.
[2017.10.27-12.07.59:942][  0]LogTemp: Display: Loaded TP AllDesktopTargetPlatform
[2017.10.27-12.07.59:984][  0]LogTemp: Display: Loaded TP MacClientTargetPlatform
[2017.10.27-12.08.00:029][  0]LogTemp: Display: Loaded TP MacNoEditorTargetPlatform
[2017.10.27-12.08.00:072][  0]LogTemp: Display: Loaded TP MacServerTargetPlatform
[2017.10.27-12.08.00:142][  0]LogTemp: Display: Loaded TP MacTargetPlatform
[2017.10.27-12.08.00:185][  0]LogTemp: Display: Loaded TP WindowsClientTargetPlatform
[2017.10.27-12.08.00:230][  0]LogTemp: Display: Loaded TP WindowsNoEditorTargetPlatform
[2017.10.27-12.08.00:273][  0]LogTemp: Display: Loaded TP WindowsServerTargetPlatform
[2017.10.27-12.08.00:309][  0]LogTemp: Display: Loaded TP WindowsTargetPlatform
[2017.10.27-12.08.00:365][  0]LogTemp: Display: Loaded TP AndroidTargetPlatform
[2017.10.27-12.08.00:407][  0]LogTemp: Display: Loaded TP Android_ASTCTargetPlatform
[2017.10.27-12.08.00:448][  0]LogTemp: Display: Loaded TP Android_ATCTargetPlatform
[2017.10.27-12.08.00:490][  0]LogTemp: Display: Loaded TP Android_DXTTargetPlatform
[2017.10.27-12.08.00:533][  0]LogTemp: Display: Loaded TP Android_ETC1TargetPlatform
[2017.10.27-12.08.00:575][  0]LogTemp: Display: Loaded TP Android_ETC2TargetPlatform
[2017.10.27-12.08.00:658][  0]LogTemp: Display: Loaded TP Android_MultiTargetPlatform
[2017.10.27-12.08.00:658][  0]LogTemp: Display: Loaded TP Android_PVRTCTargetPlatform
[2017.10.27-12.08.00:694][  0]LogTemp: Display: Loaded TP HTML5TargetPlatform
[2017.10.27-12.08.00:835][  0]LogTemp: Display: Loaded TP IOSTargetPlatform
[2017.10.27-12.08.00:860][  0]LogTemp: Display: Loaded TP TVOSTargetPlatform
[2017.10.27-12.08.00:903][  0]LogTemp: Display: Loaded TP LinuxClientTargetPlatform
[2017.10.27-12.08.00:944][  0]LogTemp: Display: Loaded TP LinuxNoEditorTargetPlatform
[2017.10.27-12.08.00:985][  0]LogTemp: Display: Loaded TP LinuxServerTargetPlatform
[2017.10.27-12.08.01:042][  0]LogTemp: Display: Loaded TP LinuxTargetPlatform
[2017.10.27-12.08.01:042][  0]LogTargetPlatformManager: Display: Building Assets For Windows
[2017.10.27-12.08.01:814][  0]LogDerivedDataCache: Display: Max Cache Size: 512 MB
[2017.10.27-12.08.02:503][  0]LogDerivedDataCache: Loaded boot cache 0.69s 93MB C:/Users/Raymond Aoukar/AppData/Local/UnrealEngine/4.17/DerivedDataCache/Boot.ddc.
[2017.10.27-12.08.02:503][  0]LogDerivedDataCache: Display: Loaded Boot cache: C:/Users/Raymond Aoukar/AppData/Local/UnrealEngine/4.17/DerivedDataCache/Boot.ddc
[2017.10.27-12.08.02:503][  0]LogDerivedDataCache: FDerivedDataBackendGraph:  Pak pak cache file ../../../../../../Users/Raymond Aoukar/Desktop/Computer Game Design/repository/PewPewGames/Game/DerivedDataCache/DDC.ddp not found, will not use a pak cache.
[2017.10.27-12.08.02:503][  0]LogDerivedDataCache: Unable to find inner node Pak for hierarchical cache Hierarchy.
[2017.10.27-12.08.02:503][  0]LogDerivedDataCache: FDerivedDataBackendGraph:  CompressedPak pak cache file ../../../../../../Users/Raymond Aoukar/Desktop/Computer Game Design/repository/PewPewGames/Game/DerivedDataCache/Compressed.ddp not found, will not use a pak cache.
[2017.10.27-12.08.02:503][  0]LogDerivedDataCache: Unable to find inner node CompressedPak for hierarchical cache Hierarchy.
[2017.10.27-12.08.02:551][  0]LogDerivedDataCache: Display: Pak cache opened for reading ../../../Engine/DerivedDataCache/Compressed.ddp.
[2017.10.27-12.08.02:563][  0]LogDerivedDataCache: Using Local data cache path C:/Users/Raymond Aoukar/AppData/Local/UnrealEngine/Common/DerivedDataCache: Writable
[2017.10.27-12.08.02:576][  0]LogMaterial: Verifying Global Shaders for PCD3D_SM5
[2017.10.27-12.08.02:577][  0]LogSlate: Using Freetype 2.6.0
[2017.10.27-12.08.02:607][  0]LogSlate: SlateFontCache - WITH_FREETYPE: 1, WITH_HARFBUZZ: 1
[2017.10.27-12.08.02:607][  0]LogSlate: SlateFontCache - WITH_FREETYPE: 1, WITH_HARFBUZZ: 1
[2017.10.27-12.08.04:955][  0]LogAssetRegistry: FAssetRegistry took 0.0263 seconds to start up
[2017.10.27-12.08.05:084][  0]LogInit: Selected Device Profile: [Windows]
[2017.10.27-12.08.05:813][  0]LogContentStreaming: Texture pool size is 0.00 MB
[2017.10.27-12.08.06:594][  0]LogSimplygon: Simplygon DLL not present - disabling.
[2017.10.27-12.08.06:631][  0]LogMeshReduction: Using SimplygonSwarm for distributed automatic mesh merging
[2017.10.27-12.08.06:631][  0]LogMeshReduction: Using QuadricMeshReduction for automatic static mesh reduction
[2017.10.27-12.08.06:631][  0]LogMeshReduction: No automatic skeletal mesh reduction module available
[2017.10.27-12.08.06:631][  0]LogMeshReduction: No automatic mesh merging module available
[2017.10.27-12.08.06:631][  0]LogMeshMerging: No automatic mesh merging module available
[2017.10.27-12.08.08:138][  0]LogNetVersion: Game , NetCL: 3573198, EngineNetVer: 2, GameNetVer: 0 (Checksum: 2957514414)
[2017.10.27-12.08.09:604][  0]LogPackageLocalizationCache: Processed 5 localized package path(s) for 2 prioritized culture(s) in 0.062703 seconds
[2017.10.27-12.08.09:611][  0]LogUObjectArray: 35825 objects as part of root set at end of initial load.
[2017.10.27-12.08.09:611][  0]LogUObjectAllocator: 7529104 out of 0 bytes used by permanent object pool.
[2017.10.27-12.08.09:611][  0]LogUObjectArray: CloseDisregardForGC: 0/0 objects in disregard for GC pool
[2017.10.27-12.08.09:671][  0]LogInit: WinSock: version 1.1 (2.2), MaxSocks=32767, MaxUdp=65467
[2017.10.27-12.08.47:075][  0]LogTcpMessaging: Initializing TcpMessaging bridge
[2017.10.27-12.08.47:114][  0]LogUdpMessaging: Initializing bridge on interface 0.0.0.0:0 to multicast group 230.0.0.1:6666.
[2017.10.27-12.08.48:431][  0]LogMaterial: Uniform references updated for custom material expression Custom.
[2017.10.27-12.08.49:064][  0]SourceControl: Source control is disabled
[2017.10.27-12.08.49:064][  0]SourceControl: Source control is disabled
[2017.10.27-12.08.49:109][  0]SourceControl: Source control is disabled
[2017.10.27-12.08.49:153][  0]SourceControl: Source control is disabled
[2017.10.27-12.08.49:982][  0]LogAndroidPermission: UAndroidPermissionCallbackProxy::GetInstance
[2017.10.27-12.08.50:199][  0]LogOcInput: OculusInput pre-init called
[2017.10.27-12.08.50:531][  0]LogEngine: Initializing Engine...
[2017.10.27-12.08.50:532][  0]LogHMD: Failed to initialize OpenVR with code 110
[2017.10.27-12.08.51:277][  0]LogStats: UGameplayTagsManager::ConstructGameplayTagTree: Construct from data asset -  0.000 s
[2017.10.27-12.08.51:277][  0]LogStats: UGameplayTagsManager::ConstructGameplayTagTree: GameplayTagTreeChangedEvent.Broadcast -  0.000 s
[2017.10.27-12.08.51:400][  0]LogAIModule: Creating AISystem for world Untitled
[2017.10.27-12.08.51:408][  0]LogInit: XAudio2 using 'Speakers (Realtek High Definition Audio)' : 2 channels at 48 kHz using 32 bits per sample (channel mask 0x3)
[2017.10.27-12.08.51:421][  0]LogInit: FAudioDevice initialized.
[2017.10.27-12.08.51:718][  0]LogDerivedDataCache: Saved boot cache 0.30s 93MB C:/Users/Raymond Aoukar/AppData/Local/UnrealEngine/4.17/DerivedDataCache/Boot.ddc.
[2017.10.27-12.08.51:837][  0]LogInit: Texture streaming: Enabled
[2017.10.27-12.08.51:983][  0]LogEngineSessionManager: EngineSessionManager initialized
[2017.10.27-12.08.52:365][  0]LogInit: Transaction tracking system initialized
[2017.10.27-12.08.52:654][  0]BlueprintLog: New page: Editor Load
[2017.10.27-12.08.53:538][  0]LocalizationService: Localization service is disabled
[2017.10.27-12.08.54:369][  0]LogConsoleResponse: Display: 
[2017.10.27-12.08.55:858][  0]LogCook: Display: Max memory allowance for cook 16384mb min free memory 0mb
[2017.10.27-12.08.55:858][  0]LogCook: Display: Mobile HDR setting 1
[2017.10.27-12.08.55:858][  0]LogGameplayTags: Display: UGameplayTagsManager::DoneAddingNativeTags. DelegateIsBound: 0
[2017.10.27-12.08.57:073][  0]LogFileCache: Scanning file cache for directory 'C:/Users/Raymond Aoukar/Desktop/Computer Game Design/repository/PewPewGames/Game/Content/' took 0.10s
[2017.10.27-12.08.57:135][  0]SourceControl: Source control is disabled
[2017.10.27-12.08.57:136][  0]LightingResults: New page: Lighting Build
[2017.10.27-12.08.57:172][  0]MapCheck: New page: Map Check
[2017.10.27-12.08.57:172][  0]LightingResults: New page: Lighting Build
[2017.10.27-12.09.03:132][  0]LogAIModule: Creating AISystem for world FirstPersonExampleMap
[2017.10.27-12.09.03:342][  0]LogEditorServer: Finished looking for orphan Actors (0.000 secs)
[2017.10.27-12.09.03:364][  0]Cmd: MAP CHECKDEP NOCLEARLOG
[2017.10.27-12.09.03:426][  0]MapCheck: Map check complete: 0 Error(s), 0 Warning(s), took 62.687ms to complete.
[2017.10.27-12.09.03:426][  0]LogFileHelpers: Loading map 'FirstPersonExampleMap' took 6.291
[2017.10.27-12.09.03:680][  0]LogCollectionManager: Loaded 0 collections in 0.001938 seconds
[2017.10.27-12.09.03:754][  0]LogFileCache: Scanning file cache for directory 'C:/Users/Raymond Aoukar/Desktop/Computer Game Design/repository/PewPewGames/Game/Saved/Collections/' took 0.01s
[2017.10.27-12.09.03:754][  0]LogFileCache: Scanning file cache for directory 'C:/Users/Raymond Aoukar/Desktop/Computer Game Design/repository/PewPewGames/Game/Content/Developers/RaymondAoukar/Collections/' took 0.01s
[2017.10.27-12.09.03:754][  0]LogFileCache: Scanning file cache for directory 'C:/Users/Raymond Aoukar/Desktop/Computer Game Design/repository/PewPewGames/Game/Content/Collections/' took 0.01s
[2017.10.27-12.09.03:754][  0]LogCollectionManager: Rebuilt the GUID cache for 0 collections in 0.000000 seconds
[2017.10.27-12.09.03:762][  0]LogContentBrowser: Native class hierarchy populated in 0.0077 seconds. Added 2386 classes and 500 folders.
[2017.10.27-12.09.03:820][  0]LogContentBrowser: Native class hierarchy updated for 'WidgetCarousel' in 0.0006 seconds. Added 0 classes and 0 folders.
[2017.10.27-12.09.05:824][  0]LogContentBrowser: Native class hierarchy updated for 'AddContentDialog' in 0.0014 seconds. Added 0 classes and 0 folders.
[2017.10.27-12.09.05:882][  0]LogContentBrowser: Native class hierarchy updated for 'SceneOutliner' in 0.0006 seconds. Added 1 classes and 2 folders.
[2017.10.27-12.09.06:005][  0]LogSlate: Took 0.097709 seconds to synchronously load lazily loaded font '../../../Engine/Content/Slate/Fonts/Roboto-Regular.ttf' (155K)
[2017.10.27-12.09.06:016][  0]LogSlate: Took 0.007509 seconds to synchronously load lazily loaded font '../../../Engine/Content/Slate/Fonts/Roboto-Bold.ttf' (160K)
[2017.10.27-12.09.06:055][  0]LogSlate: Took 0.026851 seconds to synchronously load lazily loaded font '../../../Engine/Content/Editor/Slate/Fonts/FontAwesome.ttf' (139K)
[2017.10.27-12.09.06:244][  0]LogRenderer: Reallocating scene render targets to support 1208x576 Format 10 NumSamples 1 (Frame:1).
[2017.10.27-12.09.06:472][  0]LogContentBrowser: Native class hierarchy updated for 'HierarchicalLODOutliner' in 0.0006 seconds. Added 1 classes and 2 folders.
[2017.10.27-12.09.06:472][  0]LogLoad: (Engine Initialization) Total time: 80.45 seconds
[2017.10.27-12.09.06:472][  0]LogLoad: (Engine Initialization) Total Blueprint compile time: 0.00 seconds
[2017.10.27-12.09.06:473][  0]LogExternalProfiler: Found external profiler: VSPerf
[2017.10.27-12.09.06:473][  0]LogExternalProfiler: Using external profiler: VSPerf
[2017.10.27-12.09.06:521][  0]LogContentStreaming: Texture pool size now 1000 MB
[2017.10.27-12.09.06:697][  1]LogAssetRegistry: Asset discovery search completed in 61.7641 seconds
[2017.10.27-12.09.06:699][  1]LogCollectionManager: Rebuilt the object cache for 0 collections in 0.000000 seconds (found 0 objects)
[2017.10.27-12.09.06:699][  1]LogCollectionManager: Fixed up redirectors for 0 collections in 0.000049 seconds (updated 0 objects)
[2017.10.27-12.09.41:804][843]LogSlate: Took 0.021090 seconds to synchronously load lazily loaded font '../../../Engine/Content/Slate/Fonts/Roboto-Light.ttf' (159K)
[2017.10.27-12.09.42:349][843]LogSlate: Took 0.000334 seconds to synchronously load lazily loaded font '../../../Engine/Content/Slate/Fonts/Roboto-Regular.ttf' (155K)
[2017.10.27-12.09.42:495][843]LogContentBrowser: Native class hierarchy updated for 'BlueprintGraph' in 0.0013 seconds. Added 113 classes and 0 folders.
[2017.10.27-12.09.43:152][843]LogSlate: Took 0.000099 seconds to synchronously load lazily loaded font '../../../Engine/Content/Slate/Fonts/Roboto-Light.ttf' (159K)
[2017.10.27-12.09.43:174][843]LogSlate: Took 0.021748 seconds to synchronously load lazily loaded font '../../../Engine/Content/Editor/Slate/Fonts/Roboto-BoldCondensed.ttf' (158K)
[2017.10.27-12.09.56:652][638]BlueprintLog: New page: Compile Options
[2017.10.27-12.09.58:019][707]LogSavePackage: Save=76.69ms
[2017.10.27-12.09.58:019][707]LogSavePackage: Moving '../../../../../../Users/Raymond Aoukar/Desktop/Computer Game Design/repository/PewPewGames/Game/Saved/Options1053B8364919E6B608656D85D423C24C.tmp' to '../../../../../../Users/Raymond Aoukar/Desktop/Computer Game Design/repository/PewPewGames/Game/Content/PPGContent/Menus/Options.uasset'
[2017.10.27-12.09.58:023][707]LogSavePackage: Display: Finished SavePackage ../../../../../../Users/Raymond Aoukar/Desktop/Computer Game Design/repository/PewPewGames/Game/Content/PPGContent/Menus/Options.uasset
[2017.10.27-12.11.27:369][619]LogEditorViewport: Clicking on Actor (LMB): StaticMeshActor (Map2)
[2017.10.27-12.11.28:414][659]LogEditorViewport: Clicking on Actor (LMB): AI_Character_C (AI_Character)
[2017.10.27-12.11.39:809][174]LogEditorViewport: Clicking on Actor (LMB): AI_Character_C (AI_Character)
[2017.10.27-12.12.11:283][491]Cmd: TRANSACTION UNDO
[2017.10.27-12.12.11:283][491]LogEditorTransaction: Undo Scale Actors
[2017.10.27-12.12.29:139][317]LogEditorViewport: Clicking on Actor (LMB): StaticMeshActor (Map2)
[2017.10.27-12.12.30:248][362]LogEditorViewport: Clicking on Actor (LMB): AI_Character_C (AI_Character)
[2017.10.27-12.12.42:320][943]LogEditorViewport: Clicking on Actor (LMB): AI_Character_C (AI_Character)
[2017.10.27-12.12.42:418][944]LogEditorViewport: Clicking on Component (LMB): SkeletalMeshComponent (CharacterMesh0)
[2017.10.27-12.12.43:848][  9]LogEditorViewport: Clicking on Component (LMB): SkeletalMeshComponent (CharacterMesh0)
[2017.10.27-12.13.10:897][987]LogEditorViewport: Clicking on Component (LMB): SkeletalMeshComponent (CharacterMesh0)
[2017.10.27-12.13.13:938][139]LogEditorViewport: Clicking on Actor (LMB): StaticMeshActor (Map2)
[2017.10.27-12.13.14:502][160]LogEditorViewport: Clicking on Actor (LMB): AI_Character_C (AI_Character)
[2017.10.27-12.13.15:696][213]Cmd: DELETE
[2017.10.27-12.13.15:696][213]Cmd: ACTOR DELETE
[2017.10.27-12.13.15:697][213]LogEditorActor: Deleted Actor: AI_Character_C
[2017.10.27-12.13.15:757][213]LogEditorActor: Deleted 1 Actors (0.061 secs)
[2017.10.27-12.13.31:965][826]LogSlate: Took 0.007988 seconds to synchronously load lazily loaded font '../../../Engine/Content/Editor/Slate/Fonts/Roboto-Italic.ttf' (157K)
[2017.10.27-12.13.54:681][800]LogEditorViewport: Clicking on Actor (LMB): AI_Boss_C (AI_Boss)
[2017.10.27-12.14.52:971][215]BlueprintLog: New page: Compile AI_Boss
[2017.10.27-12.15.19:674][388]LogSavePackage: Save=216.69ms
[2017.10.27-12.15.19:674][388]LogSavePackage: Moving '../../../../../../Users/Raymond Aoukar/Desktop/Computer Game Design/repository/PewPewGames/Game/Saved/AI_BossCEC12D3E48DC42EBB31A1C93B606A9C6.tmp' to '../../../../../../Users/Raymond Aoukar/Desktop/Computer Game Design/repository/PewPewGames/Game/Content/PPGContent/Characters/Enemy/Base_Enemy/AI_Boss.uasset'
[2017.10.27-12.15.19:679][388]LogSavePackage: Display: Finished SavePackage ../../../../../../Users/Raymond Aoukar/Desktop/Computer Game Design/repository/PewPewGames/Game/Content/PPGContent/Characters/Enemy/Base_Enemy/AI_Boss.uasset
[2017.10.27-12.15.25:620][648]LogEditorViewport: Clicking on Actor (LMB): StaticMeshActor (Map2)
[2017.10.27-12.15.26:777][697]LogEditorViewport: Clicking on Actor (LMB): StaticMeshActor (Map2)
[2017.10.27-12.15.27:401][724]LogEditorViewport: Clicking on Actor (LMB): StaticMeshActor (Map2)
[2017.10.27-12.15.28:211][760]LogEditorViewport: Clicking on Actor (LMB): StaticMeshActor (Map2)
[2017.10.27-12.15.28:647][778]LogEditorViewport: Clicking on Actor (LMB): StaticMeshActor (Map2)
[2017.10.27-12.15.29:226][803]LogEditorViewport: Clicking on Actor (LMB): GenericKeycard_C (GenericKeycard2)
[2017.10.27-12.15.29:698][821]LogEditorViewport: Clicking on Actor (context menu): StaticMeshActor (Map2)
[2017.10.27-12.15.31:242][904]LogEditorViewport: Clicking on Actor (LMB): StaticMeshActor (Map2)
[2017.10.27-12.15.31:771][926]LogEditorViewport: Clicking on Actor (LMB): StaticMeshActor (Map2)
[2017.10.27-12.15.32:260][947]LogEditorViewport: Clicking on Actor (LMB): GenericKeycard_C (GenericKeycard2)
[2017.10.27-12.16.10:908][824]LogEditorViewport: Clicking on Actor (LMB): StaticMeshActor (RoundTable)
[2017.10.27-12.16.12:720][906]Cmd: DUPLICATE
[2017.10.27-12.16.12:720][906]Cmd: ACTOR DUPLICATE
[2017.10.27-12.16.26:472][498]Cmd: DELETE
[2017.10.27-12.16.26:472][498]Cmd: ACTOR DELETE
[2017.10.27-12.16.26:474][498]LogEditorActor: Deleted Actor: StaticMeshActor
[2017.10.27-12.16.26:537][498]LogEditorActor: Deleted 1 Actors (0.064 secs)
[2017.10.27-12.16.31:045][701]LogEditorViewport: Clicking on Actor (LMB): StaticMeshActor (RoundTable)
[2017.10.27-12.16.34:373][836]LogEditorViewport: Clicking on Actor (CTRL LMB): StaticMeshActor (OfficeChair2)
[2017.10.27-12.16.34:862][847]LogEditorViewport: Clicking on Actor (CTRL LMB): StaticMeshActor (Map2)
[2017.10.27-12.16.36:145][894]LogEditorViewport: Clicking on Actor (LMB): StaticMeshActor (OfficeChair1)
[2017.10.27-12.16.36:793][916]LogEditorViewport: Clicking on Actor (CTRL LMB): StaticMeshActor (RoundTable)
[2017.10.27-12.16.37:474][939]LogEditorViewport: Clicking on Actor (CTRL LMB): StaticMeshActor (OfficeChair5)
[2017.10.27-12.16.38:538][981]LogEditorViewport: Clicking on Actor (CTRL LMB): StaticMeshActor (OfficeChair4)
[2017.10.27-12.16.39:411][ 12]LogEditorViewport: Clicking on Actor (CTRL LMB): StaticMeshActor (OfficeChair3)
[2017.10.27-12.16.40:563][ 58]LogEditorViewport: Clicking on Actor (CTRL LMB): StaticMeshActor (OfficeChair2)
[2017.10.27-12.16.44:978][240]Cmd: DUPLICATE
[2017.10.27-12.16.44:978][240]Cmd: ACTOR DUPLICATE
[2017.10.27-12.16.55:125][692]LogEditorViewport: Clicking on Actor (LMB): BP_Sky_Sphere_C (SkySphereBlueprint)
[2017.10.27-12.16.56:921][769]LogEditorViewport: Clicking on Actor (LMB): StaticMeshActor (RoundTable2)
[2017.10.27-12.17.01:898][992]LogEditorViewport: Clicking on Actor (LMB): GenericKeycard_C (GenericKeycard2)
[2017.10.27-12.17.07:254][230]LogEditorViewport: Clicking on Actor (LMB): StaticMeshActor (OfficeChair6)
[2017.10.27-12.17.08:201][269]LogEditorViewport: Clicking on Actor (LMB): StaticMeshActor (OfficeChair10)
[2017.10.27-12.17.09:009][302]LogEditorViewport: Clicking on Actor (LMB): StaticMeshActor (RoundTable2)
[2017.10.27-12.17.11:115][397]LogEditorViewport: Clicking on Actor (LMB): GenericKeycard_C (GenericKeycard2)
[2017.10.27-12.17.18:712][745]LogEditorViewport: Clicking on Actor (LMB): StaticMeshActor (Map2)
[2017.10.27-12.17.19:435][771]LogEditorViewport: Clicking on Actor (LMB): StaticMeshActor (Map2)
[2017.10.27-12.17.20:065][796]LogEditorViewport: Clicking on Actor (LMB): StaticMeshActor (Map2)
[2017.10.27-12.17.20:739][823]LogEditorViewport: Clicking on Actor (LMB): StaticMeshActor (RoundTable2)
[2017.10.27-12.17.23:079][927]LogEditorViewport: Clicking on Actor (LMB): StaticMeshActor (RoundTable2)
[2017.10.27-12.17.23:755][956]LogEditorViewport: Clicking on Actor (LMB): StaticMeshActor (Map2)
[2017.10.27-12.17.24:391][979]LogEditorViewport: Clicking on Actor (LMB): StaticMeshActor (OfficeChair7)
[2017.10.27-12.17.25:159][  9]LogEditorViewport: Clicking on Actor (LMB): StaticMeshActor (RoundTable2)
[2017.10.27-12.17.26:110][ 49]LogEditorViewport: Clicking on Actor (LMB): StaticMeshActor (RoundTable2)
[2017.10.27-12.17.26:735][ 76]LogEditorViewport: Clicking on Actor (LMB): StaticMeshActor (RoundTable2)
[2017.10.27-12.17.27:253][ 98]LogEditorViewport: Clicking on Actor (LMB): GenericKeycard_C (GenericKeycard2)
[2017.10.27-12.17.27:750][115]LogEditorViewport: Clicking on Actor (LMB): StaticMeshActor (Map2)
[2017.10.27-12.17.28:557][146]LogEditorViewport: Clicking on Actor (LMB): GenericKeycard_C (GenericKeycard2)
[2017.10.27-12.17.35:987][487]LogEditorViewport: Clicking on Actor (LMB): StaticMeshActor (RoundTable2)
[2017.10.27-12.17.41:620][748]LogEditorViewport: Clicking on Actor (LMB): GenericKeycard_C (GenericKeycard2)
[2017.10.27-12.17.52:774][270]LogEditorViewport: Clicking on Actor (LMB): StaticMeshActor (RoundTable2)
[2017.10.27-12.17.54:383][341]LogEditorViewport: Clicking on Actor (LMB): StaticMeshActor (RoundTable2)
[2017.10.27-12.17.55:064][371]LogEditorViewport: Clicking on Actor (LMB): StaticMeshActor (RoundTable2)
[2017.10.27-12.17.55:678][396]LogEditorViewport: Clicking on Actor (LMB): GenericKeycard_C (GenericKeycard2)
[2017.10.27-12.18.04:558][804]LogEditorViewport: Clicking on Actor (LMB): StaticMeshActor (Map2)
[2017.10.27-12.18.05:194][830]LogEditorViewport: Clicking on Actor (LMB): StaticMeshActor (Map2)
[2017.10.27-12.18.05:830][858]LogEditorViewport: Clicking on Actor (LMB): StaticMeshActor (Map2)
[2017.10.27-12.18.08:391][964]LogEditorViewport: Clicking on Actor (LMB): My_wife_C (My_wife)
[2017.10.27-12.18.13:249][156]LogEditorViewport: Clicking on Actor (LMB): PointLight (PointLight8)
[2017.10.27-12.18.14:800][220]Cmd: DUPLICATE
[2017.10.27-12.18.14:800][220]Cmd: ACTOR DUPLICATE
[2017.10.27-12.18.33:018][992]LogEditorViewport: Clicking on Actor (LMB): GenericKeycard_C (GenericKeycard2)
[2017.10.27-12.18.45:457][462]LogEditorViewport: Clicking on Actor (LMB): PointLight (PointLight10)
[2017.10.27-12.18.50:923][718]LogEditorViewport: Clicking on Actor (LMB): BP_Sky_Sphere_C (SkySphereBlueprint)
[2017.10.27-12.19.27:654][165]LogSavePackage: Save=534.78ms
[2017.10.27-12.19.27:655][165]LogSavePackage: Moving '../../../../../../Users/Raymond Aoukar/Desktop/Computer Game Design/repository/PewPewGames/Game/Saved/FirstPersonExampleMap_Auto10E4E91D54E367FBF71CABD8605F432A4.tmp' to '../../../../../../Users/Raymond Aoukar/Desktop/Computer Game Design/repository/PewPewGames/Game/Saved/Autosaves/Game/FirstPersonBP/Maps/FirstPersonExampleMap_Auto1.umap'
[2017.10.27-12.19.27:659][165]LogSavePackage: Display: Finished SavePackage ../../../../../../Users/Raymond Aoukar/Desktop/Computer Game Design/repository/PewPewGames/Game/Saved/Autosaves/Game/FirstPersonBP/Maps/FirstPersonExampleMap_Auto1.umap
[2017.10.27-12.19.27:662][165]LogFileHelpers: Editor autosave (incl. sublevels) for '/Game/FirstPersonBP/Maps/FirstPersonExampleMap' took 0.641
[2017.10.27-12.19.27:662][165]LogFileHelpers: Editor autosave (incl. sublevels) for all levels took 0.641
[2017.10.27-12.23.10:356][242]LogEditorViewport: Clicking on Actor (LMB): P_Gun_Magnum_C (P_Gun_Magnum)
[2017.10.27-12.23.17:436][543]LogEditorViewport: Clicking on Actor (LMB): StaticMeshActor (Map2)
[2017.10.27-12.24.27:437][335]LogEditorViewport: Clicking on Actor (LMB): PointLight (PointLight8)
[2017.10.27-12.24.30:243][464]Cmd: DUPLICATE
[2017.10.27-12.24.30:243][464]Cmd: ACTOR DUPLICATE
[2017.10.27-12.26.49:955][589]LogEditorViewport: Clicking on Actor (LMB): StaticMeshActor (Map2)
[2017.10.27-12.26.50:904][616]LogEditorViewport: Clicking on Actor (LMB): GenericKeycard_C (Blue_keycard)
[2017.10.27-12.27.13:468][348]Cmd: DELETE
[2017.10.27-12.27.13:468][348]Cmd: ACTOR DELETE
[2017.10.27-12.27.13:471][348]LogEditorActor: Deleted Actor: GenericKeycard_C
[2017.10.27-12.27.13:541][348]LogEditorActor: Deleted 1 Actors (0.072 secs)
[2017.10.27-12.27.35:748][ 26]LogEditorViewport: Clicking on Actor (LMB): StaticMeshActor (Map2)
[2017.10.27-12.27.37:033][ 71]LogEditorViewport: Clicking on Actor (LMB): StaticMeshActor (Map2)
[2017.10.27-12.27.37:953][105]LogEditorViewport: Clicking on Actor (LMB): PointLight (PointLight8)
[2017.10.27-12.28.07:750][129]Cmd: TRANSACTION UNDO
[2017.10.27-12.28.07:750][129]LogEditorTransaction: Undo Move Actors
[2017.10.27-12.28.08:009][136]Cmd: TRANSACTION UNDO
[2017.10.27-12.28.08:009][136]LogEditorTransaction: Undo Move Actors
[2017.10.27-12.28.08:225][142]Cmd: TRANSACTION UNDO
[2017.10.27-12.28.08:225][142]LogEditorTransaction: Undo Move Actors
[2017.10.27-12.28.08:638][154]Cmd: TRANSACTION UNDO
[2017.10.27-12.28.08:639][154]LogEditorTransaction: Undo Move Actors
[2017.10.27-12.28.09:083][167]Cmd: TRANSACTION UNDO
[2017.10.27-12.28.09:083][167]LogEditorTransaction: Undo Move Actors
[2017.10.27-12.28.10:285][200]LogEditorViewport: Clicking on Actor (LMB): SlidingDoorWay_C (SlidingDoorWay5)
[2017.10.27-12.28.22:908][653]LogEditorViewport: Clicking on Actor (LMB): StaticMeshActor (Map2)
[2017.10.27-12.28.23:722][678]LogEditorViewport: Clicking on Actor (LMB): GenericKeycard_C (GenericKeycard)
[2017.10.27-12.28.39:639][298]LogEditorViewport: Clicking on Actor (LMB): GenericKeycard_Audio_C (GenericKeycard_Audio)
[2017.10.27-12.28.42:317][403]LogEditorViewport: Clicking on Actor (LMB): SlidingDoorWay_C (SlidingDoorWay2)
[2017.10.27-12.28.47:873][600]LogEditorViewport: Clicking on Actor (LMB): SlidingDoorWay_C (SlidingDoorWay3)
[2017.10.27-12.28.57:553][941]LogEditorViewport: Clicking on Actor (LMB): SlidingDoorWay_C (SlidingDoorWay5)
[2017.10.27-12.29.05:638][203]LogEditorViewport: Clicking on Actor (LMB): SlidingDoorWay_C (SlidingDoorWay3)
[2017.10.27-12.29.08:741][302]LogEditorViewport: Clicking on Actor (context menu): StaticMeshActor (Map2)
[2017.10.27-12.29.10:135][340]LogEditorViewport: Clicking on Actor (LMB): StaticMeshActor (Map2)
[2017.10.27-12.29.20:403][714]LogEditorViewport: Clicking on Actor (LMB): SlidingDoorWay_C (SlidingDoorWay6)
[2017.10.27-12.29.30:722][156]LogEditorViewport: Clicking on Actor (LMB): SlidingDoorWay_C (SlidingDoorWay7)
[2017.10.27-12.29.41:077][612]LogEditorViewport: Clicking on Actor (LMB): SlidingDoorWay_C (SlidingDoorWay12)
[2017.10.27-12.29.48:674][968]LogEditorViewport: Clicking on Actor (LMB): StaticMeshActor (Map2)
[2017.10.27-12.29.49:533][  2]LogEditorViewport: Clicking on Actor (LMB): StaticMeshActor (Map2)
[2017.10.27-12.29.50:172][ 29]LogEditorViewport: Clicking on Actor (LMB): StaticMeshActor (Map2)
[2017.10.27-12.29.50:715][ 52]LogEditorViewport: Clicking on Actor (LMB): StaticMeshActor (Map2)
[2017.10.27-12.29.51:197][ 72]LogEditorViewport: Clicking on Actor (LMB): StaticMeshActor (Map2)
[2017.10.27-12.29.51:782][ 97]LogEditorViewport: Clicking on Actor (LMB): StaticMeshActor (Map2)
[2017.10.27-12.29.54:473][209]LogEditorViewport: Clicking on Actor (LMB): StaticMeshActor (Map2)
[2017.10.27-12.29.55:208][241]LogEditorViewport: Clicking on Actor (LMB): SlidingDoorWay_C (SlidingDoorWay8)
[2017.10.27-12.29.59:149][425]LogEditorViewport: Clicking on Actor (LMB): GenericKeycard_C (GenericKeycard4)
[2017.10.27-12.30.01:194][528]LogEditorViewport: Clicking on Actor (LMB): SlidingDoorWay_C (SlidingDoorWay9)
[2017.10.27-12.30.04:806][689]LogEditorViewport: Clicking on Actor (LMB): SlidingDoorWay_C (SlidingDoorWay10)
[2017.10.27-12.30.06:328][760]LogEditorViewport: Clicking on Actor (LMB): SlidingDoorWay_C (SlidingDoorWay11)
[2017.10.27-12.30.08:641][845]LogEditorViewport: Clicking on Actor (LMB): StaticMeshActor (RoundTable2)
[2017.10.27-12.30.09:763][882]LogEditorViewport: Clicking on Actor (LMB): GenericKeycard_C (GenericKeycard2)
[2017.10.27-12.30.27:033][610]LogEditorViewport: Clicking on Actor (LMB): StaticMeshActor (Map2)
[2017.10.27-12.30.29:689][705]LogEditorViewport: Clicking on Actor (LMB): PointLight (PointLight11)
[2017.10.27-12.30.31:247][776]Cmd: POLY SELECT ADJACENT WALLS
[2017.10.27-12.30.42:172][286]Cmd: POLY SELECT ADJACENT WALLS
[2017.10.27-12.30.45:073][419]LogEditorViewport: Clicking on Actor (LMB): StaticMeshActor (Map2)
[2017.10.27-12.30.45:892][450]LogEditorViewport: Clicking on Actor (LMB): PointLight (PointLight11)
[2017.10.27-12.30.47:006][499]Cmd: DUPLICATE
[2017.10.27-12.30.47:006][499]Cmd: ACTOR DUPLICATE
[2017.10.27-12.30.55:777][880]LogTemp: Repeating last play command: New Editor Window (PIE)
[2017.10.27-12.30.55:985][880]LogBlueprintUserMessages: Early PlayInEditor Detection: Level '/Game/FirstPersonBP/Maps/FirstPersonExampleMap.FirstPersonExampleMap:PersistentLevel' has LevelScriptBlueprint '/Game/FirstPersonBP/Maps/FirstPersonExampleMap.FirstPersonExampleMap:PersistentLevel.FirstPersonExampleMap' with GeneratedClass '/Game/FirstPersonBP/Maps/FirstPersonExampleMap.FirstPersonExampleMap_C' with ClassGeneratedBy '/Game/FirstPersonBP/Maps/FirstPersonExampleMap.FirstPersonExampleMap:PersistentLevel.FirstPersonExampleMap'
[2017.10.27-12.30.55:985][880]LogPlayLevel: PlayLevel: No blueprints needed recompiling
[2017.10.27-12.30.55:986][880]PIE: New page: PIE session: FirstPersonExampleMap (28 Oct 2017 9:30:55 am)
[2017.10.27-12.30.55:986][880]LogPlayLevel: Creating play world package: /Game/FirstPersonBP/Maps/UEDPIE_0_FirstPersonExampleMap
[2017.10.27-12.30.56:047][880]LogPlayLevel: PIE: StaticDuplicateObject took: (0.059775s)
[2017.10.27-12.30.56:049][880]LogAIModule: Creating AISystem for world FirstPersonExampleMap
[2017.10.27-12.30.56:049][880]LogPlayLevel: PIE: World Init took: (0.002763s)
[2017.10.27-12.30.56:050][880]LogPlayLevel: PIE: Created PIE world by copying editor world from /Game/FirstPersonBP/Maps/FirstPersonExampleMap.FirstPersonExampleMap to /Game/FirstPersonBP/Maps/UEDPIE_0_FirstPersonExampleMap.FirstPersonExampleMap (0.063488s)
[2017.10.27-12.30.56:117][880]LogInit: XAudio2 using 'Speakers (Realtek High Definition Audio)' : 2 channels at 48 kHz using 32 bits per sample (channel mask 0x3)
[2017.10.27-12.30.56:139][880]LogInit: FAudioDevice initialized.
[2017.10.27-12.30.56:199][880]LogLoad: Game class is 'FirstPersonGameMode_C'
[2017.10.27-12.30.56:208][880]LogWorld: Bringing World /Game/FirstPersonBP/Maps/UEDPIE_0_FirstPersonExampleMap.FirstPersonExampleMap up for play (max tick rate 60) at 2017.10.27-23.00.56
[2017.10.27-12.30.56:210][880]LogWorld: Bringing up level for play took: 0.011198
[2017.10.27-12.30.56:247][880]LogContentBrowser: Native class hierarchy updated for 'MovieSceneCapture' in 0.0007 seconds. Added 11 classes and 0 folders.
[2017.10.27-12.30.56:249][880]LogScriptCore: Warning: Script Msg: Attempted to access index 0 from array 'patrol-points' of length 0 in '/Game/PPGContent/Characters/Enemy/Base_Enemy/First_enemy.First_enemy_C'!
[2017.10.27-12.30.56:254][880]PIE: Play in editor start time for /Game/FirstPersonBP/Maps/UEDPIE_0_FirstPersonExampleMap 0.633
[2017.10.27-12.30.56:254][880]LogBlueprintUserMessages: Late PlayInEditor Detection: Level '/Game/FirstPersonBP/Maps/FirstPersonExampleMap.FirstPersonExampleMap:PersistentLevel' has LevelScriptBlueprint '/Game/FirstPersonBP/Maps/FirstPersonExampleMap.FirstPersonExampleMap:PersistentLevel.FirstPersonExampleMap' with GeneratedClass '/Game/FirstPersonBP/Maps/FirstPersonExampleMap.FirstPersonExampleMap_C' with ClassGeneratedBy '/Game/FirstPersonBP/Maps/FirstPersonExampleMap.FirstPersonExampleMap:PersistentLevel.FirstPersonExampleMap'
[2017.10.27-12.30.56:260][880]LogAudio: Warning: Detected orphaned looping sound 'Steam01'.
[2017.10.27-12.30.56:260][880]LogAudio: Warning: Detected orphaned looping sound 'Steam01'.
[2017.10.27-12.30.56:300][880]LogRenderer: Reallocating scene render targets to support 1292x756 Format 10 NumSamples 1 (Frame:1).
[2017.10.27-12.31.05:339][123]LogScript: Warning: Attempted to access P_Gun_Magnum_205 via property K2Node_DynamicCast_AsP_Gun_Magnum, but P_Gun_Magnum_205 is pending kill
	FirstPersonCharacter_C /Game/FirstPersonBP/Maps/UEDPIE_0_FirstPersonExampleMap.FirstPersonExampleMap:PersistentLevel.FirstPersonCharacter_C_1
	Function /Game/FirstPersonBP/Blueprints/FirstPersonCharacter.FirstPersonCharacter_C:ExecuteUbergraph_FirstPersonCharacter:155C
[2017.10.27-12.31.05:339][123]PIE: Error: Blueprint Runtime Error: Attempted to access P_Gun_Magnum_205 via property K2Node_DynamicCast_AsP_Gun_Magnum, but P_Gun_Magnum_205 is pending kill from function: 'ExecuteUbergraph_FirstPersonCharacter' from node: DestroyActor in graph: EventGraph in object: FirstPersonCharacter with description: Attempted to access P_Gun_Magnum_205 via property K2Node_DynamicCast_AsP_Gun_Magnum, but P_Gun_Magnum_205 is pending kill
[2017.10.27-12.31.33:939][867]LogScript: Warning: Attempted to access P_Gun_Magnum_C_0 via property K2Node_DynamicCast_AsP_Gun_Magnum, but P_Gun_Magnum_C_0 is pending kill
	FirstPersonCharacter_C /Game/FirstPersonBP/Maps/UEDPIE_0_FirstPersonExampleMap.FirstPersonExampleMap:PersistentLevel.FirstPersonCharacter_C_1
	Function /Game/FirstPersonBP/Blueprints/FirstPersonCharacter.FirstPersonCharacter_C:ExecuteUbergraph_FirstPersonCharacter:155C
[2017.10.27-12.31.33:940][867]PIE: Error: Blueprint Runtime Error: Attempted to access P_Gun_Magnum_C_0 via property K2Node_DynamicCast_AsP_Gun_Magnum, but P_Gun_Magnum_C_0 is pending kill from function: 'ExecuteUbergraph_FirstPersonCharacter' from node: DestroyActor in graph: EventGraph in object: FirstPersonCharacter with description: Attempted to access P_Gun_Magnum_C_0 via property K2Node_DynamicCast_AsP_Gun_Magnum, but P_Gun_Magnum_C_0 is pending kill
[2017.10.27-12.34.01:867][ 60]LogBlueprintUserMessages: Early EndPlayMap Detection: Level '/Game/FirstPersonBP/Maps/FirstPersonExampleMap.FirstPersonExampleMap:PersistentLevel' has LevelScriptBlueprint '/Game/FirstPersonBP/Maps/FirstPersonExampleMap.FirstPersonExampleMap:PersistentLevel.FirstPersonExampleMap' with GeneratedClass '/Game/FirstPersonBP/Maps/FirstPersonExampleMap.FirstPersonExampleMap_C' with ClassGeneratedBy '/Game/FirstPersonBP/Maps/FirstPersonExampleMap.FirstPersonExampleMap:PersistentLevel.FirstPersonExampleMap'
[2017.10.27-12.34.02:089][ 60]LogBlueprintUserMessages: Late EndPlayMap Detection: Level '/Game/FirstPersonBP/Maps/FirstPersonExampleMap.FirstPersonExampleMap:PersistentLevel' has LevelScriptBlueprint '/Game/FirstPersonBP/Maps/FirstPersonExampleMap.FirstPersonExampleMap:PersistentLevel.FirstPersonExampleMap' with GeneratedClass '/Game/FirstPersonBP/Maps/FirstPersonExampleMap.FirstPersonExampleMap_C' with ClassGeneratedBy '/Game/FirstPersonBP/Maps/FirstPersonExampleMap.FirstPersonExampleMap:PersistentLevel.FirstPersonExampleMap'
[2017.10.27-12.34.07:180][255]LogEditorViewport: Clicking on Actor (LMB): StaticMeshActor (Map2)
[2017.10.27-12.34.07:611][267]LogEditorViewport: Clicking on Actor (LMB): AI_Boss_C (AI_Boss)
[2017.10.27-12.34.16:460][563]LogEditorViewport: Clicking on Actor (LMB): TargetPoint (TargetPoint2)
[2017.10.27-12.34.23:055][810]LogEditorViewport: Clicking on Actor (LMB): StaticMeshActor (Map2)
[2017.10.27-12.34.24:716][862]LogEditorViewport: Clicking on Actor (LMB): TargetPoint (TargetPoint)
[2017.10.27-12.34.29:915][ 45]LogTemp: Repeating last play command: New Editor Window (PIE)
[2017.10.27-12.34.30:026][ 45]LogBlueprintUserMessages: Early PlayInEditor Detection: Level '/Game/FirstPersonBP/Maps/FirstPersonExampleMap.FirstPersonExampleMap:PersistentLevel' has LevelScriptBlueprint '/Game/FirstPersonBP/Maps/FirstPersonExampleMap.FirstPersonExampleMap:PersistentLevel.FirstPersonExampleMap' with GeneratedClass '/Game/FirstPersonBP/Maps/FirstPersonExampleMap.FirstPersonExampleMap_C' with ClassGeneratedBy '/Game/FirstPersonBP/Maps/FirstPersonExampleMap.FirstPersonExampleMap:PersistentLevel.FirstPersonExampleMap'
[2017.10.27-12.34.30:026][ 45]LogPlayLevel: PlayLevel: No blueprints needed recompiling
[2017.10.27-12.34.30:027][ 45]PIE: New page: PIE session: FirstPersonExampleMap (28 Oct 2017 9:34:30 am)
[2017.10.27-12.34.30:027][ 45]LogPlayLevel: Creating play world package: /Game/FirstPersonBP/Maps/UEDPIE_0_FirstPersonExampleMap
[2017.10.27-12.34.30:097][ 45]LogPlayLevel: PIE: StaticDuplicateObject took: (0.069432s)
[2017.10.27-12.34.30:099][ 45]LogAIModule: Creating AISystem for world FirstPersonExampleMap
[2017.10.27-12.34.30:099][ 45]LogPlayLevel: PIE: World Init took: (0.002449s)
[2017.10.27-12.34.30:100][ 45]LogPlayLevel: PIE: Created PIE world by copying editor world from /Game/FirstPersonBP/Maps/FirstPersonExampleMap.FirstPersonExampleMap to /Game/FirstPersonBP/Maps/UEDPIE_0_FirstPersonExampleMap.FirstPersonExampleMap (0.072729s)
[2017.10.27-12.34.30:160][ 45]LogInit: XAudio2 using 'Speakers (Realtek High Definition Audio)' : 2 channels at 48 kHz using 32 bits per sample (channel mask 0x3)
[2017.10.27-12.34.30:176][ 45]LogInit: FAudioDevice initialized.
[2017.10.27-12.34.30:217][ 45]LogLoad: Game class is 'FirstPersonGameMode_C'
[2017.10.27-12.34.30:228][ 45]LogWorld: Bringing World /Game/FirstPersonBP/Maps/UEDPIE_0_FirstPersonExampleMap.FirstPersonExampleMap up for play (max tick rate 60) at 2017.10.27-23.04.30
[2017.10.27-12.34.30:231][ 45]LogWorld: Bringing up level for play took: 0.013154
[2017.10.27-12.34.30:233][ 45]LogScriptCore: Warning: Script Msg: Attempted to access index 0 from array 'patrol-points' of length 0 in '/Game/PPGContent/Characters/Enemy/Base_Enemy/First_enemy.First_enemy_C'!
[2017.10.27-12.34.30:237][ 45]PIE: Play in editor start time for /Game/FirstPersonBP/Maps/UEDPIE_0_FirstPersonExampleMap 0.616
[2017.10.27-12.34.30:237][ 45]LogBlueprintUserMessages: Late PlayInEditor Detection: Level '/Game/FirstPersonBP/Maps/FirstPersonExampleMap.FirstPersonExampleMap:PersistentLevel' has LevelScriptBlueprint '/Game/FirstPersonBP/Maps/FirstPersonExampleMap.FirstPersonExampleMap:PersistentLevel.FirstPersonExampleMap' with GeneratedClass '/Game/FirstPersonBP/Maps/FirstPersonExampleMap.FirstPersonExampleMap_C' with ClassGeneratedBy '/Game/FirstPersonBP/Maps/FirstPersonExampleMap.FirstPersonExampleMap:PersistentLevel.FirstPersonExampleMap'
[2017.10.27-12.34.30:244][ 45]LogAudio: Warning: Detected orphaned looping sound 'Steam01'.
[2017.10.27-12.34.30:244][ 45]LogAudio: Warning: Detected orphaned looping sound 'Steam01'.
[2017.10.27-12.34.39:267][284]LogScript: Warning: Attempted to access P_Gun_Magnum_205 via property K2Node_DynamicCast_AsP_Gun_Magnum, but P_Gun_Magnum_205 is pending kill
	FirstPersonCharacter_C /Game/FirstPersonBP/Maps/UEDPIE_0_FirstPersonExampleMap.FirstPersonExampleMap:PersistentLevel.FirstPersonCharacter_C_1
	Function /Game/FirstPersonBP/Blueprints/FirstPersonCharacter.FirstPersonCharacter_C:ExecuteUbergraph_FirstPersonCharacter:155C
[2017.10.27-12.34.39:268][284]PIE: Error: Blueprint Runtime Error: Attempted to access P_Gun_Magnum_205 via property K2Node_DynamicCast_AsP_Gun_Magnum, but P_Gun_Magnum_205 is pending kill from function: 'ExecuteUbergraph_FirstPersonCharacter' from node: DestroyActor in graph: EventGraph in object: FirstPersonCharacter with description: Attempted to access P_Gun_Magnum_205 via property K2Node_DynamicCast_AsP_Gun_Magnum, but P_Gun_Magnum_205 is pending kill
[2017.10.27-12.35.03:156][903]LogScript: Warning: Attempted to access P_Gun_Magnum_C_0 via property K2Node_DynamicCast_AsP_Gun_Magnum, but P_Gun_Magnum_C_0 is pending kill
	FirstPersonCharacter_C /Game/FirstPersonBP/Maps/UEDPIE_0_FirstPersonExampleMap.FirstPersonExampleMap:PersistentLevel.FirstPersonCharacter_C_1
	Function /Game/FirstPersonBP/Blueprints/FirstPersonCharacter.FirstPersonCharacter_C:ExecuteUbergraph_FirstPersonCharacter:155C
[2017.10.27-12.35.03:156][903]PIE: Error: Blueprint Runtime Error: Attempted to access P_Gun_Magnum_C_0 via property K2Node_DynamicCast_AsP_Gun_Magnum, but P_Gun_Magnum_C_0 is pending kill from function: 'ExecuteUbergraph_FirstPersonCharacter' from node: DestroyActor in graph: EventGraph in object: FirstPersonCharacter with description: Attempted to access P_Gun_Magnum_C_0 via property K2Node_DynamicCast_AsP_Gun_Magnum, but P_Gun_Magnum_C_0 is pending kill
[2017.10.27-12.36.49:061][985]LogBlueprintUserMessages: Early EndPlayMap Detection: Level '/Game/FirstPersonBP/Maps/FirstPersonExampleMap.FirstPersonExampleMap:PersistentLevel' has LevelScriptBlueprint '/Game/FirstPersonBP/Maps/FirstPersonExampleMap.FirstPersonExampleMap:PersistentLevel.FirstPersonExampleMap' with GeneratedClass '/Game/FirstPersonBP/Maps/FirstPersonExampleMap.FirstPersonExampleMap_C' with ClassGeneratedBy '/Game/FirstPersonBP/Maps/FirstPersonExampleMap.FirstPersonExampleMap:PersistentLevel.FirstPersonExampleMap'
[2017.10.27-12.36.49:295][985]LogBlueprintUserMessages: Late EndPlayMap Detection: Level '/Game/FirstPersonBP/Maps/FirstPersonExampleMap.FirstPersonExampleMap:PersistentLevel' has LevelScriptBlueprint '/Game/FirstPersonBP/Maps/FirstPersonExampleMap.FirstPersonExampleMap:PersistentLevel.FirstPersonExampleMap' with GeneratedClass '/Game/FirstPersonBP/Maps/FirstPersonExampleMap.FirstPersonExampleMap_C' with ClassGeneratedBy '/Game/FirstPersonBP/Maps/FirstPersonExampleMap.FirstPersonExampleMap:PersistentLevel.FirstPersonExampleMap'
[2017.10.27-12.37.16:100][927]LogSavePackage: Save=725.27ms
[2017.10.27-12.37.16:100][927]LogSavePackage: Moving '../../../../../../Users/Raymond Aoukar/Desktop/Computer Game Design/repository/PewPewGames/Game/Saved/FirstPersonExampleMap_Auto2BD5B5AA84CFA6B402BF758A58D83569F.tmp' to '../../../../../../Users/Raymond Aoukar/Desktop/Computer Game Design/repository/PewPewGames/Game/Saved/Autosaves/Game/FirstPersonBP/Maps/FirstPersonExampleMap_Auto2.umap'
[2017.10.27-12.37.16:103][927]LogSavePackage: Display: Finished SavePackage ../../../../../../Users/Raymond Aoukar/Desktop/Computer Game Design/repository/PewPewGames/Game/Saved/Autosaves/Game/FirstPersonBP/Maps/FirstPersonExampleMap_Auto2.umap
[2017.10.27-12.37.16:107][927]LogFileHelpers: Editor autosave (incl. sublevels) for '/Game/FirstPersonBP/Maps/FirstPersonExampleMap' took 0.831
[2017.10.27-12.37.16:107][927]LogFileHelpers: Editor autosave (incl. sublevels) for all levels took 0.831
[2017.10.27-12.37.27:147][336]LogEditorViewport: Clicking on Actor (LMB): GenericKeycard_C (GenericKeycard2)
[2017.10.27-12.37.38:822][747]Cmd: DELETE
[2017.10.27-12.37.38:822][747]Cmd: ACTOR DELETE
[2017.10.27-12.37.38:825][747]LogEditorActor: Deleted Actor: GenericKeycard_C
[2017.10.27-12.37.38:884][747]LogEditorActor: Deleted 1 Actors (0.062 secs)
[2017.10.27-12.38.08:869][520]LogEditorViewport: Clicking on Actor (LMB): StaticMeshActor (Map2)
[2017.10.27-12.38.10:713][577]LogEditorViewport: Clicking on Actor (LMB): GenericKeycard_Audio2_C (GenericKeycard_Audio2)
[2017.10.27-12.38.10:807][577]LogEditorViewport: Clicking on Component (LMB): StaticMeshComponent (keycard-base)
[2017.10.27-12.38.38:050][367]LogEditorViewport: Clicking on Component (LMB): StaticMeshComponent (keycard-base)
[2017.10.27-12.38.38:144][368]LogEditorViewport: Clicking on Actor (double click): GenericKeycard_Audio2_C (GenericKeycard_Audio2)
[2017.10.27-12.38.39:221][406]LogEditorViewport: Clicking on Actor (LMB): GenericKeycard_Audio2_C (GenericKeycard_Audio2)
[2017.10.27-12.38.39:317][407]LogEditorViewport: Clicking on Component (LMB): StaticMeshComponent (keycard-base)
[2017.10.27-12.39.17:611][584]BlueprintLog: New page: Compile GenericKeycard_Audio2
[2017.10.27-12.39.32:758][397]BlueprintLog: New page: Compile GenericKeycard_Audio2
[2017.10.27-12.39.37:000][622]LogSavePackage: Save=62.08ms
[2017.10.27-12.39.37:000][622]LogSavePackage: Moving '../../../../../../Users/Raymond Aoukar/Desktop/Computer Game Design/repository/PewPewGames/Game/Saved/GenericKeycard_Audio23D8454FE448B8EF127ABE783505B3F7E.tmp' to '../../../../../../Users/Raymond Aoukar/Desktop/Computer Game Design/repository/PewPewGames/Game/Content/PPGContent/Items/GenericKeycard_Audio2.uasset'
[2017.10.27-12.39.37:003][622]LogSavePackage: Display: Finished SavePackage ../../../../../../Users/Raymond Aoukar/Desktop/Computer Game Design/repository/PewPewGames/Game/Content/PPGContent/Items/GenericKeycard_Audio2.uasset
[2017.10.27-12.39.40:914][857]LogActorComponent: UnregisterComponent: (/Engine/Transient.EditorFloorComp) Not registered. Aborting.
[2017.10.27-12.39.42:660][919]LogEditorViewport: Clicking on Actor (LMB): StaticMeshActor (Map2)
[2017.10.27-12.39.45:478][ 17]LogEditorViewport: Clicking on Actor (LMB): GenericKeycard_Audio2_C (GenericKeycard_Audio2)
[2017.10.27-12.39.50:583][206]LogEditorViewport: Clicking on Actor (LMB): StaticMeshActor (Map2)
[2017.10.27-12.44.10:580][126]LogFactory: FactoryCreateFile: SoundWave with ReimportSoundFactory (0 0 ../../../../../../Users/Raymond Aoukar/Desktop/Audacity Files/M_line21B.wav)
[2017.10.27-12.44.10:591][126]LogAudioDerivedData: Display: Building compressed audio format OGG wave M_line21B...
[2017.10.27-12.44.10:855][126]LogAudioDerivedData: Updated SoundWave->RawPCMDataSize during cooking SoundWave /Game/PPGContent/Audio/Dialogue/M_line21B.M_line21B.
[2017.10.27-12.44.34:068][985]LogSavePackage: Save=653.97ms
[2017.10.27-12.44.34:068][985]LogSavePackage: Moving '../../../../../../Users/Raymond Aoukar/Desktop/Computer Game Design/repository/PewPewGames/Game/Saved/FirstPersonExampleMap3CF4627448CBB771F496E886BF20C07D.tmp' to '../../../../../../Users/Raymond Aoukar/Desktop/Computer Game Design/repository/PewPewGames/Game/Content/FirstPersonBP/Maps/FirstPersonExampleMap.umap'
[2017.10.27-12.44.34:073][985]LogSavePackage: Display: Finished SavePackage ../../../../../../Users/Raymond Aoukar/Desktop/Computer Game Design/repository/PewPewGames/Game/Content/FirstPersonBP/Maps/FirstPersonExampleMap.umap
[2017.10.27-12.44.34:166][985]LogFileHelpers: Saving map 'FirstPersonExampleMap' took 0.979
[2017.10.27-12.44.34:192][985]LogSavePackage: Save=8.36ms
[2017.10.27-12.44.34:192][985]LogSavePackage: Moving '../../../../../../Users/Raymond Aoukar/Desktop/Computer Game Design/repository/PewPewGames/Game/Saved/M_line21BFDAC66604DE02A19E38E1A82919E359F.tmp' to '../../../../../../Users/Raymond Aoukar/Desktop/Computer Game Design/repository/PewPewGames/Game/Content/PPGContent/Audio/Dialogue/M_line21B.uasset'
[2017.10.27-12.44.34:196][985]LogSavePackage: Display: Finished SavePackage ../../../../../../Users/Raymond Aoukar/Desktop/Computer Game Design/repository/PewPewGames/Game/Content/PPGContent/Audio/Dialogue/M_line21B.uasset
[2017.10.27-12.46.02:454][461]BlueprintLog: New page: Compile Enter_Bossroom
[2017.10.27-12.46.12:539][831]LogSavePackage: Save=36.86ms
[2017.10.27-12.46.12:539][831]LogSavePackage: Moving '../../../../../../Users/Raymond Aoukar/Desktop/Computer Game Design/repository/PewPewGames/Game/Saved/Enter_Bossroom4662DE024CA3B1D2349420B008F0F533.tmp' to '../../../../../../Users/Raymond Aoukar/Desktop/Computer Game Design/repository/PewPewGames/Game/Content/PPGContent/Items/Text-DialoguePrompts/Enter_Bossroom.uasset'
[2017.10.27-12.46.12:542][831]LogSavePackage: Display: Finished SavePackage ../../../../../../Users/Raymond Aoukar/Desktop/Computer Game Design/repository/PewPewGames/Game/Content/PPGContent/Items/Text-DialoguePrompts/Enter_Bossroom.uasset
[2017.10.27-12.47.40:315][575]LogEditorViewport: Clicking on Actor (LMB): PointLight (PointLight10)
[2017.10.27-12.47.41:716][635]Cmd: DUPLICATE
[2017.10.27-12.47.41:716][635]Cmd: ACTOR DUPLICATE
[2017.10.27-12.47.57:550][318]LogEditorViewport: Clicking on Actor (LMB): BP_Sky_Sphere_C (SkySphereBlueprint)
[2017.10.27-12.49.53:200][211]LogSavePackage: Save=564.68ms
[2017.10.27-12.49.53:200][211]LogSavePackage: Moving '../../../../../../Users/Raymond Aoukar/Desktop/Computer Game Design/repository/PewPewGames/Game/Saved/FirstPersonExampleMap5B856B114C4311A21BBADC8D530FCC35.tmp' to '../../../../../../Users/Raymond Aoukar/Desktop/Computer Game Design/repository/PewPewGames/Game/Content/FirstPersonBP/Maps/FirstPersonExampleMap.umap'
[2017.10.27-12.49.53:204][211]LogSavePackage: Display: Finished SavePackage ../../../../../../Users/Raymond Aoukar/Desktop/Computer Game Design/repository/PewPewGames/Game/Content/FirstPersonBP/Maps/FirstPersonExampleMap.umap
[2017.10.27-12.49.53:295][211]LogFileHelpers: Saving map 'FirstPersonExampleMap' took 0.857
[2017.10.27-12.50.03:248][609]LogEditorViewport: Clicking on Actor (LMB): GenericKeycard_Audio2_C (GenericKeycard_Audio2)
[2017.10.27-12.51.11:389][277]Cmd: QUIT_EDITOR
[2017.10.27-12.51.12:029][277]LogWindowsTextInputMethodSystem: Display: IME system now deactivated.
[2017.10.27-12.51.12:073][277]LogExit: Preparing to exit.
[2017.10.27-12.51.13:156][277]LogDirectoryWatcher: A directory notification for 'C:/Users/Raymond Aoukar/Desktop/Computer Game Design/repository/PewPewGames/Game/Content/' was aborted.
[2017.10.27-12.51.13:198][277]LogExit: Editor shut down
[2017.10.27-12.51.13:201][277]LogExit: Transaction tracking system shut down
[2017.10.27-12.51.13:386][277]LogDirectoryWatcher: A directory notification for '../../../Engine/Content/' was aborted.
[2017.10.27-12.51.13:387][277]LogDirectoryWatcher: A directory notification for '../../../../../../Users/Raymond Aoukar/Desktop/Computer Game Design/repository/PewPewGames/Game/Content/' was aborted.
[2017.10.27-12.51.13:387][277]LogDirectoryWatcher: A directory notification for '../../../Engine/Plugins/2D/Paper2D/Content/' was aborted.
[2017.10.27-12.51.13:387][277]LogDirectoryWatcher: A directory notification for '../../../Engine/Plugins/Runtime/Oculus/OculusVR/Content/' was aborted.
[2017.10.27-12.51.13:387][277]LogDirectoryWatcher: A directory notification for '../../../Engine/Plugins/Runtime/Steam/SteamVR/Content/' was aborted.
[2017.10.27-12.51.13:461][277]LogExit: Object subsystem successfully closed.
[2017.10.27-12.51.13:477][277]LogD3D11RHI: Shutdown
[2017.10.27-12.51.13:477][277]LogD3D11RHI: CleanupD3DDevice
[2017.10.27-12.51.13:598][277]LogD3D11RHI: ~FD3D11DynamicRHI
[2017.10.27-12.51.13:610][277]LogModuleManager: Shutting down and abandoning module MovieSceneCapture (538)
[2017.10.27-12.51.13:610][277]LogModuleManager: Shutting down and abandoning module SequencerWidgets (536)
[2017.10.27-12.51.13:610][277]LogModuleManager: Shutting down and abandoning module BlueprintGraph (534)
[2017.10.27-12.51.13:610][277]LogModuleManager: Shutting down and abandoning module BlueprintProfiler (532)
[2017.10.27-12.51.13:610][277]LogModuleManager: Shutting down and abandoning module HierarchicalLODOutliner (530)
[2017.10.27-12.51.13:610][277]LogModuleManager: Shutting down and abandoning module SceneOutliner (528)
[2017.10.27-12.51.13:610][277]LogModuleManager: Shutting down and abandoning module AddContentDialog (526)
[2017.10.27-12.51.13:610][277]LogDirectoryWatcher: A directory notification for 'C:/Program Files/Epic Games/UE_4.17/FeaturePacks/' was aborted.
[2017.10.27-12.51.13:611][277]LogModuleManager: Shutting down and abandoning module WidgetCarousel (525)
[2017.10.27-12.51.13:611][277]LogModuleManager: Shutting down and abandoning module EditorWidgets (522)
[2017.10.27-12.51.13:611][277]LogModuleManager: Shutting down and abandoning module CollectionManager (520)
[2017.10.27-12.51.13:611][277]LogDirectoryWatcher: A directory notification for 'C:/Users/Raymond Aoukar/Desktop/Computer Game Design/repository/PewPewGames/Game/Content/Collections/' was aborted.
[2017.10.27-12.51.13:611][277]LogDirectoryWatcher: A directory notification for 'C:/Users/Raymond Aoukar/Desktop/Computer Game Design/repository/PewPewGames/Game/Content/Developers/RaymondAoukar/Collections/' was aborted.
[2017.10.27-12.51.13:611][277]LogDirectoryWatcher: A directory notification for 'C:/Users/Raymond Aoukar/Desktop/Computer Game Design/repository/PewPewGames/Game/Saved/Collections/' was aborted.
[2017.10.27-12.51.13:611][277]LogModuleManager: Shutting down and abandoning module StatsViewer (518)
[2017.10.27-12.51.13:611][277]LogModuleManager: Shutting down and abandoning module FoliageEdit (516)
[2017.10.27-12.51.13:611][277]LogModuleManager: Shutting down and abandoning module LandscapeEditor (514)
[2017.10.27-12.51.13:611][277]LogModuleManager: Shutting down and abandoning module MeshPaintMode (512)
[2017.10.27-12.51.13:611][277]LogModuleManager: Shutting down and abandoning module SceneDepthPickerMode (510)
[2017.10.27-12.51.13:612][277]LogModuleManager: Shutting down and abandoning module ActorPickerMode (508)
[2017.10.27-12.51.13:612][277]LogModuleManager: Shutting down and abandoning module GeometryMode (506)
[2017.10.27-12.51.13:612][277]LogModuleManager: Shutting down and abandoning module TextureAlignMode (504)
[2017.10.27-12.51.13:612][277]LogModuleManager: Shutting down and abandoning module BspMode (502)
[2017.10.27-12.51.13:612][277]LogModuleManager: Shutting down and abandoning module PIEPreviewDeviceProfileSelector (500)
[2017.10.27-12.51.13:612][277]LogModuleManager: Shutting down and abandoning module HardwareSurvey (498)
[2017.10.27-12.51.13:612][277]LogModuleManager: Shutting down and abandoning module SequenceRecorderSections (496)
[2017.10.27-12.51.13:612][277]LogModuleManager: Shutting down and abandoning module AutomationWorker (494)
[2017.10.27-12.51.13:612][277]LogModuleManager: Shutting down and abandoning module MatineeToLevelSequence (492)
[2017.10.27-12.51.13:612][277]LogModuleManager: Shutting down and abandoning module LevelSequenceEditor (490)
[2017.10.27-12.51.13:612][277]LogModuleManager: Shutting down and abandoning module PlacementMode (489)
[2017.10.27-12.51.13:612][277]LogModuleManager: Shutting down and abandoning module WmfMediaFactory (486)
[2017.10.27-12.51.13:612][277]LogModuleManager: Shutting down and abandoning module WmfMediaEditor (484)
[2017.10.27-12.51.13:612][277]LogModuleManager: Shutting down and abandoning module AvfMediaFactory (482)
[2017.10.27-12.51.13:612][277]LogModuleManager: Shutting down and abandoning module AvfMediaEditor (480)
[2017.10.27-12.51.13:612][277]LogModuleManager: Shutting down and abandoning module AndroidMediaFactory (478)
[2017.10.27-12.51.13:612][277]LogModuleManager: Shutting down and abandoning module Media (477)
[2017.10.27-12.51.13:612][277]LogModuleManager: Shutting down and abandoning module AndroidMediaEditor (474)
[2017.10.27-12.51.13:612][277]LogModuleManager: Shutting down and abandoning module CharacterAI (472)
[2017.10.27-12.51.13:612][277]LogModuleManager: Shutting down and abandoning module AudioCapture (470)
[2017.10.27-12.51.13:612][277]LogModuleManager: Shutting down and abandoning module SequenceRecorder (469)
[2017.10.27-12.51.13:612][277]LogModuleManager: Shutting down and abandoning module SmartSnapping (466)
[2017.10.27-12.51.13:612][277]LogModuleManager: Shutting down and abandoning module SessionServices (464)
[2017.10.27-12.51.13:612][277]LogModuleManager: Shutting down and abandoning module ViewportSnapping (462)
[2017.10.27-12.51.13:612][277]LogModuleManager: Shutting down and abandoning module ViewportInteraction (460)
[2017.10.27-12.51.13:612][277]LogModuleManager: Shutting down and abandoning module ClothPainter (458)
[2017.10.27-12.51.13:612][277]LogModuleManager: Shutting down and abandoning module LogVisualizer (456)
[2017.10.27-12.51.13:612][277]LogModuleManager: Shutting down and abandoning module IntroTutorials (454)
[2017.10.27-12.51.13:612][277]LogModuleManager: Shutting down and abandoning module GameProjectGeneration (453)
[2017.10.27-12.51.13:612][277]LogModuleManager: Shutting down and abandoning module IOSPlatformEditor (450)
[2017.10.27-12.51.13:612][277]LogModuleManager: Shutting down and abandoning module HTML5PlatformEditor (448)
[2017.10.27-12.51.13:612][277]LogModuleManager: Shutting down and abandoning module AndroidPlatformEditor (446)
[2017.10.27-12.51.13:612][277]LogModuleManager: Shutting down and abandoning module AndroidDeviceDetection (445)
[2017.10.27-12.51.13:874][277]LogModuleManager: Shutting down and abandoning module WindowsPlatformEditor (442)
[2017.10.27-12.51.13:874][277]LogModuleManager: Shutting down and abandoning module IOSRuntimeSettings (440)
[2017.10.27-12.51.13:874][277]LogModuleManager: Shutting down and abandoning module AndroidRuntimeSettings (438)
[2017.10.27-12.51.13:874][277]LogModuleManager: Shutting down and abandoning module InputBindingEditor (436)
[2017.10.27-12.51.13:874][277]LogModuleManager: Shutting down and abandoning module MergeActors (434)
[2017.10.27-12.51.13:874][277]LogModuleManager: Shutting down and abandoning module SizeMap (432)
[2017.10.27-12.51.13:874][277]LogModuleManager: Shutting down and abandoning module TreeMap (430)
[2017.10.27-12.51.13:874][277]LogModuleManager: Shutting down and abandoning module ReferenceViewer (428)
[2017.10.27-12.51.13:874][277]LogModuleManager: Shutting down and abandoning module LocalizationDashboard (426)
[2017.10.27-12.51.13:875][277]LogModuleManager: Shutting down and abandoning module LocalizationService (425)
[2017.10.27-12.51.13:875][277]LogModuleManager: Shutting down and abandoning module HardwareTargeting (422)
[2017.10.27-12.51.13:875][277]LogModuleManager: Shutting down and abandoning module DeviceProfileEditor (420)
[2017.10.27-12.51.13:875][277]LogModuleManager: Shutting down and abandoning module UndoHistory (418)
[2017.10.27-12.51.13:875][277]LogModuleManager: Shutting down and abandoning module XmlParser (416)
[2017.10.27-12.51.13:875][277]LogModuleManager: Shutting down and abandoning module Blutility (414)
[2017.10.27-12.51.13:875][277]LogModuleManager: Shutting down and abandoning module ProjectSettingsViewer (412)
[2017.10.27-12.51.13:875][277]LogModuleManager: Shutting down and abandoning module ProjectTargetPlatformEditor (411)
[2017.10.27-12.51.13:876][277]LogModuleManager: Shutting down and abandoning module EditorSettingsViewer (408)
[2017.10.27-12.51.13:876][277]LogModuleManager: Shutting down and abandoning module SettingsEditor (406)
[2017.10.27-12.51.13:876][277]LogModuleManager: Shutting down and abandoning module ProjectLauncher (404)
[2017.10.27-12.51.13:876][277]LogModuleManager: Shutting down and abandoning module SessionFrontend (402)
[2017.10.27-12.51.13:876][277]LogModuleManager: Shutting down and abandoning module ProfilerClient (400)
[2017.10.27-12.51.13:876][277]LogModuleManager: Shutting down and abandoning module DeviceManager (398)
[2017.10.27-12.51.13:876][277]LogModuleManager: Shutting down and abandoning module TargetDeviceServices (397)
[2017.10.27-12.51.13:942][277]LogModuleManager: Shutting down and abandoning module AutomationController (394)
[2017.10.27-12.51.13:942][277]LogModuleManager: Shutting down and abandoning module AutomationWindow (392)
[2017.10.27-12.51.13:942][277]LogModuleManager: Shutting down and abandoning module Layers (390)
[2017.10.27-12.51.13:942][277]LogModuleManager: Shutting down and abandoning module ComponentVisualizers (388)
[2017.10.27-12.51.13:942][277]LogModuleManager: Shutting down and abandoning module DetailCustomizations (386)
[2017.10.27-12.51.13:942][277]LogModuleManager: Shutting down and abandoning module PackagesDialog (384)
[2017.10.27-12.51.13:943][277]LogModuleManager: Shutting down and abandoning module Persona (382)
[2017.10.27-12.51.13:943][277]LogModuleManager: Shutting down and abandoning module AdvancedPreviewScene (381)
[2017.10.27-12.51.13:943][277]LogModuleManager: Shutting down and abandoning module AnimGraph (379)
[2017.10.27-12.51.13:943][277]LogModuleManager: Shutting down and abandoning module Kismet (376)
[2017.10.27-12.51.13:964][277]LogModuleManager: Shutting down and abandoning module ClassViewer (374)
[2017.10.27-12.51.13:964][277]LogModuleManager: Shutting down and abandoning module Toolbox (372)
[2017.10.27-12.51.13:964][277]LogModuleManager: Shutting down and abandoning module ModuleUI (370)
[2017.10.27-12.51.13:965][277]LogModuleManager: Shutting down and abandoning module MovieSceneTools (368)
[2017.10.27-12.51.13:965][277]LogModuleManager: Shutting down and abandoning module OutputLog (366)
[2017.10.27-12.51.13:965][277]LogModuleManager: Shutting down and abandoning module GammaUI (364)
[2017.10.27-12.51.13:965][277]LogModuleManager: Shutting down and abandoning module Documentation (362)
[2017.10.27-12.51.13:965][277]LogModuleManager: Shutting down and abandoning module MovieSceneTracks (360)
[2017.10.27-12.51.13:965][277]LogModuleManager: Shutting down and abandoning module MovieScene (358)
[2017.10.27-12.51.13:965][277]LogModuleManager: Shutting down and abandoning module Niagara (356)
[2017.10.27-12.51.13:965][277]LogModuleManager: Shutting down and abandoning module NiagaraEditor (355)
[2017.10.27-12.51.13:965][277]LogModuleManager: Shutting down and abandoning module StreamingPauseRendering (352)
[2017.10.27-12.51.13:965][277]LogModuleManager: Shutting down and abandoning module LauncherPlatform (350)
[2017.10.27-12.51.13:965][277]LogModuleManager: Shutting down and abandoning module AnalyticsET (348)
[2017.10.27-12.51.13:965][277]LogModuleManager: Shutting down and abandoning module PortalServices (346)
[2017.10.27-12.51.13:965][277]LogModuleManager: Shutting down and abandoning module PortalRpc (344)
[2017.10.27-12.51.13:965][277]LogModuleManager: Shutting down and abandoning module MessagingRpc (342)
[2017.10.27-12.51.13:965][277]LogModuleManager: Shutting down and abandoning module AIModule (340)
[2017.10.27-12.51.13:966][277]LogModuleManager: Shutting down and abandoning module GameplayDebugger (339)
[2017.10.27-12.51.13:966][277]LogModuleManager: Shutting down and abandoning module AITestSuite (337)
[2017.10.27-12.51.13:966][277]LogModuleManager: Shutting down and abandoning module ProfilerService (334)
[2017.10.27-12.51.14:080][277]LogModuleManager: Shutting down and abandoning module TaskGraph (332)
[2017.10.27-12.51.14:080][277]LogModuleManager: Shutting down and abandoning module SteamVRController (330)
[2017.10.27-12.51.14:080][277]LogModuleManager: Shutting down and abandoning module ProceduralMeshComponentEditor (328)
[2017.10.27-12.51.14:080][277]LogModuleManager: Shutting down and abandoning module ProceduralMeshComponent (326)
[2017.10.27-12.51.14:080][277]LogModuleManager: Shutting down and abandoning module OculusInput (324)
[2017.10.27-12.51.14:080][277]LogModuleManager: Shutting down and abandoning module MobilePatchingUtils (322)
[2017.10.27-12.51.14:080][277]LogModuleManager: Shutting down and abandoning module CustomMeshComponent (320)
[2017.10.27-12.51.14:080][277]LogModuleManager: Shutting down and abandoning module CableComponent (318)
[2017.10.27-12.51.14:080][277]LogModuleManager: Shutting down and abandoning module ArchVisCharacter (316)
[2017.10.27-12.51.14:080][277]LogModuleManager: Shutting down and abandoning module AndroidPermission (314)
[2017.10.27-12.51.14:080][277]LogModuleManager: Shutting down and abandoning module MediaPlayerEditor (310)
[2017.10.27-12.51.14:080][277]LogModuleManager: Shutting down and abandoning module HTML5Networking (308)
[2017.10.27-12.51.14:080][277]LogModuleManager: Shutting down and abandoning module AlembicImporter (306)
[2017.10.27-12.51.14:080][277]LogModuleManager: Shutting down and abandoning module AlembicLibrary (305)
[2017.10.27-12.51.14:080][277]LogModuleManager: Shutting down and abandoning module GeometryCache (304)
[2017.10.27-12.51.14:080][277]LogModuleManager: Shutting down and abandoning module GeometryCacheEd (303)
[2017.10.27-12.51.14:080][277]LogModuleManager: Shutting down and abandoning module SpeedTreeImporter (298)
[2017.10.27-12.51.14:080][277]LogModuleManager: Shutting down and abandoning module PluginBrowser (296)
[2017.10.27-12.51.14:080][277]LogModuleManager: Shutting down and abandoning module MobileLauncherProfileWizard (294)
[2017.10.27-12.51.14:081][277]LogModuleManager: Shutting down and abandoning module VisualStudioSourceCodeAccess (292)
[2017.10.27-12.51.14:081][277]LogModuleManager: Shutting down and abandoning module DesktopPlatform (291)
[2017.10.27-12.51.14:081][277]LogModuleManager: Shutting down and abandoning module UObjectPlugin (288)
[2017.10.27-12.51.14:081][277]LogModuleManager: Shutting down and abandoning module SubversionSourceControl (286)
[2017.10.27-12.51.14:081][277]LogModuleManager: Shutting down and abandoning module PerforceSourceControl (284)
[2017.10.27-12.51.14:081][277]LogModuleManager: Shutting down and abandoning module GitSourceControl (282)
[2017.10.27-12.51.14:081][277]LogModuleManager: Shutting down and abandoning module SourceControl (281)
[2017.10.27-12.51.14:081][277]LogModuleManager: Shutting down and abandoning module LightPropagationVolumeEditor (278)
[2017.10.27-12.51.14:081][277]LogModuleManager: Shutting down and abandoning module PaperTiledImporter (276)
[2017.10.27-12.51.14:081][277]LogModuleManager: Shutting down and abandoning module PaperSpriteSheetImporter (274)
[2017.10.27-12.51.14:081][277]LogModuleManager: Shutting down and abandoning module Paper2DEditor (272)
[2017.10.27-12.51.14:081][277]LogModuleManager: Shutting down and abandoning module MeshPaint (271)
[2017.10.27-12.51.14:081][277]LogModuleManager: Shutting down and abandoning module LevelEditor (269)
[2017.10.27-12.51.14:082][277]LogModuleManager: Shutting down and abandoning module PixelInspectorModule (268)
[2017.10.27-12.51.14:082][277]LogModuleManager: Shutting down and abandoning module MainFrame (266)
[2017.10.27-12.51.14:082][277]LogModuleManager: Shutting down and abandoning module HotReload (265)
[2017.10.27-12.51.14:083][277]LogModuleManager: Shutting down and abandoning module RuntimePhysXCooking (260)
[2017.10.27-12.51.14:083][277]LogModuleManager: Shutting down and abandoning module PhysXVehiclesEditor (258)
[2017.10.27-12.51.14:083][277]LogModuleManager: Shutting down and abandoning module PhysXVehicles (256)
[2017.10.27-12.51.14:084][277]LogModuleManager: Shutting down and abandoning module OculusEditor (254)
[2017.10.27-12.51.14:084][277]LogModuleManager: Shutting down and abandoning module LocationServicesBPLibrary (252)
[2017.10.27-12.51.14:084][277]LogModuleManager: Shutting down and abandoning module ImmediatePhysicsEditor (250)
[2017.10.27-12.51.14:084][277]LogModuleManager: Shutting down and abandoning module ImmediatePhysics (248)
[2017.10.27-12.51.14:084][277]LogModuleManager: Shutting down and abandoning module UdpMessaging (246)
[2017.10.27-12.51.14:185][277]LogModuleManager: Shutting down and abandoning module TcpMessaging (244)
[2017.10.27-12.51.14:286][277]LogModuleManager: Shutting down and abandoning module GameplayTagsEditor (242)
[2017.10.27-12.51.14:286][277]LogModuleManager: Shutting down and abandoning module FacialAnimationEditor (240)
[2017.10.27-12.51.14:286][277]LogModuleManager: Shutting down and abandoning module FacialAnimation (238)
[2017.10.27-12.51.14:286][277]LogModuleManager: Shutting down and abandoning module AssetManagerEditor (236)
[2017.10.27-12.51.14:286][277]LogModuleManager: Shutting down and abandoning module GraphEditor (235)
[2017.10.27-12.51.14:286][277]LogModuleManager: Shutting down and abandoning module ContentBrowser (233)
[2017.10.27-12.51.14:288][277]LogModuleManager: Shutting down and abandoning module LightPropagationVolumeRuntime (230)
[2017.10.27-12.51.14:288][277]LogModuleManager: Shutting down and abandoning module Paper2D (228)
[2017.10.27-12.51.14:288][277]LogModuleManager: Shutting down and abandoning module WindowsMoviePlayer (226)
[2017.10.27-12.51.14:288][277]LogModuleManager: Shutting down and abandoning module WmfMedia (224)
[2017.10.27-12.51.14:289][277]LogModuleManager: Shutting down and abandoning module PacketHandler (222)
[2017.10.27-12.51.14:289][277]LogModuleManager: Shutting down and abandoning module ClothingSystemEditor (220)
[2017.10.27-12.51.14:289][277]LogModuleManager: Shutting down and abandoning module ClothingSystemRuntime (218)
[2017.10.27-12.51.14:289][277]LogModuleManager: Shutting down and abandoning module Overlay (216)
[2017.10.27-12.51.14:289][277]LogModuleManager: Shutting down and abandoning module OverlayEditor (215)
[2017.10.27-12.51.14:289][277]LogModuleManager: Shutting down and abandoning module MediaAssets (212)
[2017.10.27-12.51.14:289][277]LogModuleManager: Shutting down and abandoning module VREditor (210)
[2017.10.27-12.51.14:289][277]LogModuleManager: Shutting down and abandoning module StringTableEditor (208)
[2017.10.27-12.51.14:289][277]LogModuleManager: Shutting down and abandoning module GameplayTasksEditor (206)
[2017.10.27-12.51.14:289][277]LogModuleManager: Shutting down and abandoning module BehaviorTreeEditor (204)
[2017.10.27-12.51.14:289][277]LogModuleManager: Shutting down and abandoning module FunctionalTesting (202)
[2017.10.27-12.51.14:289][277]LogModuleManager: Shutting down and abandoning module CollisionAnalyzer (200)
[2017.10.27-12.51.14:289][277]LogModuleManager: Shutting down and abandoning module WorkspaceMenuStructure (199)
[2017.10.27-12.51.14:289][277]LogModuleManager: Shutting down and abandoning module UMG (196)
[2017.10.27-12.51.14:289][277]LogModuleManager: Shutting down and abandoning module UMGEditor (195)
[2017.10.27-12.51.14:289][277]LogModuleManager: Shutting down and abandoning module Sequencer (194)
[2017.10.27-12.51.14:290][277]LogModuleManager: Shutting down and abandoning module MessageLog (191)
[2017.10.27-12.51.14:290][277]LogModuleManager: Shutting down and abandoning module SlateReflector (186)
[2017.10.27-12.51.14:290][277]LogModuleManager: Shutting down and abandoning module Slate (184)
[2017.10.27-12.51.14:290][277]LogModuleManager: Shutting down and abandoning module EditorStyle (182)
[2017.10.27-12.51.14:295][277]LogModuleManager: Shutting down and abandoning module MRMesh (180)
[2017.10.27-12.51.14:295][277]LogModuleManager: Shutting down and abandoning module SourceCodeAccess (178)
[2017.10.27-12.51.14:295][277]LogModuleManager: Shutting down and abandoning module HeadMountedDisplay (176)
[2017.10.27-12.51.14:295][277]LogModuleManager: Shutting down and abandoning module XAudio2 (174)
[2017.10.27-12.51.14:295][277]LogModuleManager: Shutting down and abandoning module Networking (172)
[2017.10.27-12.51.14:295][277]LogModuleManager: Shutting down and abandoning module Core (168)
[2017.10.27-12.51.14:295][277]LogModuleManager: Shutting down and abandoning module KismetCompiler (164)
[2017.10.27-12.51.14:295][277]LogModuleManager: Shutting down and abandoning module LevelSequence (162)
[2017.10.27-12.51.14:295][277]LogModuleManager: Shutting down and abandoning module MeshUtilities (160)
[2017.10.27-12.51.14:295][277]LogModuleManager: Shutting down and abandoning module MeshMergeUtilities (159)
[2017.10.27-12.51.14:296][277]LogModuleManager: Shutting down and abandoning module MeshReductionInterface (158)
[2017.10.27-12.51.14:296][277]LogModuleManager: Shutting down and abandoning module SimplygonSwarm (157)
[2017.10.27-12.51.14:296][277]LogModuleManager: Shutting down and abandoning module SimplygonMeshReduction (155)
[2017.10.27-12.51.14:296][277]LogModuleManager: Shutting down and abandoning module QuadricMeshReduction (153)
[2017.10.27-12.51.14:296][277]LogModuleManager: Shutting down and abandoning module MaterialBaking (149)
[2017.10.27-12.51.14:296][277]LogModuleManager: Shutting down and abandoning module DirectoryWatcher (146)
[2017.10.27-12.51.14:297][277]LogModuleManager: Shutting down and abandoning module DerivedDataCache (144)
[2017.10.27-12.51.14:309][277]LogDerivedDataCache: Shutdown
[2017.10.27-12.51.14:309][277]LogModuleManager: Shutting down and abandoning module TargetPlatform (142)
[2017.10.27-12.51.14:309][277]LogModuleManager: Shutting down and abandoning module VulkanShaderFormat (141)
[2017.10.27-12.51.14:309][277]LogModuleManager: Shutting down and abandoning module ShaderFormatVectorVM (139)
[2017.10.27-12.51.14:309][277]LogModuleManager: Shutting down and abandoning module ShaderFormatOpenGL (137)
[2017.10.27-12.51.14:309][277]LogModuleManager: Shutting down and abandoning module ShaderFormatD3D (135)
[2017.10.27-12.51.14:309][277]LogModuleManager: Shutting down and abandoning module MetalShaderFormat (133)
[2017.10.27-12.51.14:309][277]LogModuleManager: Shutting down and abandoning module TextureFormatUncompressed (131)
[2017.10.27-12.51.14:309][277]LogModuleManager: Shutting down and abandoning module TextureFormatPVR (129)
[2017.10.27-12.51.14:309][277]LogModuleManager: Shutting down and abandoning module TextureFormatDXT (127)
[2017.10.27-12.51.14:309][277]LogModuleManager: Shutting down and abandoning module TextureFormatIntelISPCTexComp (125)
[2017.10.27-12.51.14:310][277]LogModuleManager: Shutting down and abandoning module TextureFormatASTC (123)
[2017.10.27-12.51.14:310][277]LogModuleManager: Shutting down and abandoning module ImageWrapper (122)
[2017.10.27-12.51.14:310][277]LogModuleManager: Shutting down and abandoning module TextureFormatAndroid (119)
[2017.10.27-12.51.14:310][277]LogModuleManager: Shutting down and abandoning module AudioFormatOpus (117)
[2017.10.27-12.51.14:310][277]LogModuleManager: Shutting down and abandoning module AudioFormatOgg (115)
[2017.10.27-12.51.14:310][277]LogModuleManager: Shutting down and abandoning module AudioFormatADPCM (113)
[2017.10.27-12.51.14:310][277]LogModuleManager: Shutting down and abandoning module LinuxTargetPlatform (111)
[2017.10.27-12.51.14:310][277]LogModuleManager: Shutting down and abandoning module LinuxServerTargetPlatform (109)
[2017.10.27-12.51.14:310][277]LogModuleManager: Shutting down and abandoning module LinuxNoEditorTargetPlatform (107)
[2017.10.27-12.51.14:310][277]LogModuleManager: Shutting down and abandoning module LinuxClientTargetPlatform (105)
[2017.10.27-12.51.14:310][277]LogModuleManager: Shutting down and abandoning module TVOSTargetPlatform (103)
[2017.10.27-12.51.14:310][277]LogModuleManager: Shutting down and abandoning module Messaging (101)
[2017.10.27-12.51.14:310][277]LogModuleManager: Shutting down and abandoning module IOSTargetPlatform (99)
[2017.10.27-12.51.14:310][277]LogModuleManager: Shutting down and abandoning module HTML5TargetPlatform (97)
[2017.10.27-12.51.14:310][277]LogModuleManager: Shutting down and abandoning module Android_PVRTCTargetPlatform (95)
[2017.10.27-12.51.14:310][277]LogModuleManager: Shutting down and abandoning module Android_MultiTargetPlatform (93)
[2017.10.27-12.51.14:310][277]LogModuleManager: Shutting down and abandoning module Android_ETC2TargetPlatform (91)
[2017.10.27-12.51.14:311][277]LogModuleManager: Shutting down and abandoning module Android_ETC1TargetPlatform (89)
[2017.10.27-12.51.14:311][277]LogModuleManager: Shutting down and abandoning module Android_DXTTargetPlatform (87)
[2017.10.27-12.51.14:311][277]LogModuleManager: Shutting down and abandoning module Android_ATCTargetPlatform (85)
[2017.10.27-12.51.14:311][277]LogModuleManager: Shutting down and abandoning module Android_ASTCTargetPlatform (83)
[2017.10.27-12.51.14:311][277]LogModuleManager: Shutting down and abandoning module AndroidTargetPlatform (81)
[2017.10.27-12.51.14:311][277]LogModuleManager: Shutting down and abandoning module WindowsTargetPlatform (79)
[2017.10.27-12.51.14:311][277]LogModuleManager: Shutting down and abandoning module WindowsServerTargetPlatform (77)
[2017.10.27-12.51.14:311][277]LogModuleManager: Shutting down and abandoning module WindowsNoEditorTargetPlatform (75)
[2017.10.27-12.51.14:311][277]LogModuleManager: Shutting down and abandoning module WindowsClientTargetPlatform (73)
[2017.10.27-12.51.14:311][277]LogModuleManager: Shutting down and abandoning module MacTargetPlatform (71)
[2017.10.27-12.51.14:311][277]LogModuleManager: Shutting down and abandoning module MacServerTargetPlatform (69)
[2017.10.27-12.51.14:311][277]LogModuleManager: Shutting down and abandoning module MacNoEditorTargetPlatform (67)
[2017.10.27-12.51.14:311][277]LogModuleManager: Shutting down and abandoning module MacClientTargetPlatform (65)
[2017.10.27-12.51.14:311][277]LogModuleManager: Shutting down and abandoning module AllDesktopTargetPlatform (63)
[2017.10.27-12.51.14:311][277]LogModuleManager: Shutting down and abandoning module InputCore (60)
[2017.10.27-12.51.14:312][277]LogModuleManager: Shutting down and abandoning module Settings (58)
[2017.10.27-12.51.14:312][277]LogModuleManager: Shutting down and abandoning module PhysXCooking (56)
[2017.10.27-12.51.14:312][277]LogModuleManager: Shutting down and abandoning module SteamVR (54)
[2017.10.27-12.51.14:312][277]LogModuleManager: Shutting down and abandoning module OculusHMD (52)
[2017.10.27-12.51.14:312][277]LogModuleManager: Shutting down and abandoning module ExampleDeviceProfileSelector (50)
[2017.10.27-12.51.14:312][277]LogModuleManager: Shutting down and abandoning module OnlineBlueprintSupport (48)
[2017.10.27-12.51.14:312][277]LogModuleManager: Shutting down and abandoning module OnlineSubsystem (44)
[2017.10.27-12.51.14:312][277]LogOnline: Display: Unloading online subsystem: NULL
[2017.10.27-12.51.14:312][277]LogModuleManager: Shutting down and abandoning module XMPP (43)
[2017.10.27-12.51.14:312][277]LogModuleManager: Shutting down and abandoning module HTTP (41)
[2017.10.27-12.51.14:312][277]LogHttp: Display: Http module shutting down, but needs to wait on 1 outstanding Http requests:
[2017.10.27-12.51.14:312][277]LogHttp: Display: 	verb=[POST] url=[https://datarouter.ol.epicgames.com/datarouter/api/v1/public/data?SessionID=%7B8A3CED8E-463C-B5DE-0FEC-508E617B7EE2%7D&AppID=UEEditor.Rocket.Release&AppVersion=4.17.1-3586342%2B%2B%2BUE4%2BRelease-4.17&UserID=0efcc9714911522ee20bfea314a53ba2%7Cedac503300a34cfaa64394f1cb5130c7%7C44d9ab76-44fa-4e37-9604-830ef5004ef4&AppEnvironment=datacollector-binary&UploadType=eteventstream] status=Processing
[2017.10.27-12.51.14:325][277]LogModuleManager: Shutting down and abandoning module SSL (40)
[2017.10.27-12.51.14:326][277]LogModuleManager: Shutting down and abandoning module AnimationModifiers (36)
[2017.10.27-12.51.14:326][277]LogModuleManager: Shutting down and abandoning module PropertyEditor (35)
[2017.10.27-12.51.14:326][277]LogModuleManager: Shutting down and abandoning module AudioEditor (32)
[2017.10.27-12.51.14:326][277]LogModuleManager: Shutting down and abandoning module TextureCompressor (30)
[2017.10.27-12.51.14:326][277]LogModuleManager: Shutting down and abandoning module ShaderCore (28)
[2017.10.27-12.51.14:326][277]LogModuleManager: Shutting down and abandoning module Landscape (26)
[2017.10.27-12.51.14:326][277]LogModuleManager: Shutting down and abandoning module SlateRHIRenderer (24)
[2017.10.27-12.51.14:328][277]LogModuleManager: Shutting down and abandoning module OpenGLDrv (22)
[2017.10.27-12.51.14:328][277]LogModuleManager: Shutting down and abandoning module D3D11RHI (20)
[2017.10.27-12.51.14:328][277]LogModuleManager: Shutting down and abandoning module AnimGraphRuntime (18)
[2017.10.27-12.51.14:328][277]LogModuleManager: Shutting down and abandoning module Renderer (16)
[2017.10.27-12.51.14:328][277]LogModuleManager: Shutting down and abandoning module Engine (14)
[2017.10.27-12.51.14:328][277]LogModuleManager: Shutting down and abandoning module CoreUObject (12)
[2017.10.27-12.51.14:328][277]LogModuleManager: Shutting down and abandoning module NetworkFile (10)
[2017.10.27-12.51.14:328][277]LogModuleManager: Shutting down and abandoning module CookedIterativeFile (8)
[2017.10.27-12.51.14:328][277]LogModuleManager: Shutting down and abandoning module StreamingFile (6)
[2017.10.27-12.51.14:328][277]LogModuleManager: Shutting down and abandoning module SandboxFile (4)
[2017.10.27-12.51.14:328][277]LogModuleManager: Shutting down and abandoning module PakFile (2)
[2017.10.27-12.51.14:330][277]LogExit: Exiting.
[2017.10.27-12.51.14:379][277]Log file closed, 10/27/17 23:21:14
