Log file open, 10/12/17 17:48:18
LogWindows: LoadLibraryWithSearchPaths failed for file aqProf.dll. GetLastError=0
LogWindows: LoadLibraryWithSearchPaths failed for file VtuneApi.dll. GetLastError=0
LogWindows: LoadLibraryWithSearchPaths failed for file VtuneApi32e.dll. GetLastError=0
LogInit: Display: Running engine for game: Game
LogPlatformFile: Not using cached read wrapper
LogInit: Display: RandInit(-477409381) SRandInit(-477409381).
LogTaskGraph: Started task graph with 5 named threads and 8 total threads with 3 sets of task threads.
LogStats: Stats thread started at 0.105528
LogD3D11RHI: Aftermath initialized
LogPluginManager: Mounting plugin Paper2D
LogPluginManager: Mounting plugin LightPropagationVolume
LogPluginManager: Mounting plugin CodeLiteSourceCodeAccess
LogPluginManager: Mounting plugin GitSourceControl
LogPluginManager: Mounting plugin KDevelopSourceCodeAccess
LogPluginManager: Mounting plugin NullSourceCodeAccess
LogPluginManager: Mounting plugin PerforceSourceControl
LogPluginManager: Mounting plugin SubversionSourceControl
LogPluginManager: Mounting plugin UObjectPlugin
LogPluginManager: Mounting plugin VisualStudioSourceCodeAccess
LogPluginManager: Mounting plugin XCodeSourceCodeAccess
LogPluginManager: Mounting plugin AssetManagerEditor
LogPluginManager: Mounting plugin AudioCapture
LogPluginManager: Mounting plugin FacialAnimation
LogPluginManager: Mounting plugin GameplayTagsEditor
LogPluginManager: Mounting plugin MobileLauncherProfileWizard
LogPluginManager: Mounting plugin PluginBrowser
LogPluginManager: Mounting plugin SpeedTreeImporter
LogPluginManager: Mounting plugin AlembicImporter
LogPluginManager: Mounting plugin CharacterAI
LogPluginManager: Mounting plugin HTML5Networking
LogPluginManager: Mounting plugin AndroidMedia
LogPluginManager: Mounting plugin AvfMedia
LogPluginManager: Mounting plugin MediaPlayerEditor
LogPluginManager: Mounting plugin WmfMedia
LogPluginManager: Mounting plugin TcpMessaging
LogPluginManager: Mounting plugin UdpMessaging
LogPluginManager: Mounting plugin LevelSequenceEditor
LogPluginManager: Mounting plugin MatineeToLevelSequence
LogPluginManager: Mounting plugin OnlineSubsystemGooglePlay
LogPluginManager: Mounting plugin OnlineSubsystemIOS
LogPluginManager: Mounting plugin OnlineSubsystem
LogPluginManager: Mounting plugin OnlineSubsystemNull
LogPluginManager: Mounting plugin OnlineSubsystemUtils
LogPluginManager: Mounting plugin AndroidDeviceProfileSelector
LogPluginManager: Mounting plugin AndroidMoviePlayer
LogPluginManager: Mounting plugin AndroidPermission
LogPluginManager: Mounting plugin AppleMoviePlayer
LogPluginManager: Mounting plugin ArchVisCharacter
LogPluginManager: Mounting plugin CableComponent
LogPluginManager: Mounting plugin CustomMeshComponent
LogPluginManager: Mounting plugin ExampleDeviceProfileSelector
LogPluginManager: Mounting plugin GoogleCloudMessaging
LogPluginManager: Mounting plugin ImmediatePhysics
LogPluginManager: Mounting plugin IOSDeviceProfileSelector
LogPluginManager: Mounting plugin LinuxDeviceProfileSelector
LogPluginManager: Mounting plugin LocationServicesBPLibrary
LogPluginManager: Mounting plugin MobilePatchingUtils
LogPluginManager: Mounting plugin OculusVR
LogPluginManager: Mounting plugin PhysXVehicles
LogPluginManager: Mounting plugin ProceduralMeshComponent
LogPluginManager: Mounting plugin RuntimePhysXCooking
LogPluginManager: Mounting plugin SteamVR
LogPluginManager: Mounting plugin WindowsMoviePlayer
LogInit: Using libcurl 7.47.1
LogInit:  - built for x86_64-pc-win32
LogInit:  - supports SSL with OpenSSL/1.0.2g
LogInit:  - supports HTTP deflate (compression) using libz 1.2.8
LogInit:  - other features:
LogInit:      CURL_VERSION_SSL
LogInit:      CURL_VERSION_LIBZ
LogInit:      CURL_VERSION_IPV6
LogInit:      CURL_VERSION_ASYNCHDNS
LogInit:      CURL_VERSION_LARGEFILE
LogInit:      CURL_VERSION_IDN
LogInit:  CurlRequestOptions (configurable via config and command line):
LogInit:  - bVerifyPeer = false  - Libcurl will NOT verify peer certificate
LogInit:  - bUseHttpProxy = false  - Libcurl will NOT use HTTP proxy
LogInit:  - bDontReuseConnections = false  - Libcurl will reuse connections
LogInit:  - CertBundlePath = nullptr  - Libcurl will use whatever was configured at build time.
LogInit: Build: ++UE4+Release-4.17-CL-3586342
LogInit: Engine Version: 4.17.1-3586342+++UE4+Release-4.17
LogInit: Compatible Engine Version: 4.17.0-3573198+++UE4+Release-4.17
LogInit: Net CL: 3573198
LogDevObjectVersion: Number of dev versions registered: 16
LogDevObjectVersion:   Dev-Blueprints (B0D832E4-1F89-4F0D-ACCF-7EB736FD4AA2): 10
LogDevObjectVersion:   Dev-Build (E1C64328-A22C-4D53-A36C-8E866417BD8C): 0
LogDevObjectVersion:   Dev-Core (375EC13C-06E4-48FB-B500-84F0262A717E): 2
LogDevObjectVersion:   Dev-Editor (E4B068ED-F494-42E9-A231-DA0B2E46BB41): 20
LogDevObjectVersion:   Dev-Framework (CFFC743F-43B0-4480-9391-14DF171D2073): 28
LogDevObjectVersion:   Dev-Mobile (B02B49B5-BB20-44E9-A304-32B752E40360): 0
LogDevObjectVersion:   Dev-Networking (A4E4105C-59A1-49B5-A7C5-40C4547EDFEE): 0
LogDevObjectVersion:   Dev-Online (39C831C9-5AE6-47DC-9A44-9C173E1C8E7C): 0
LogDevObjectVersion:   Dev-Physics (78F01B33-EBEA-4F98-B9B4-84EACCB95AA2): 0
LogDevObjectVersion:   Dev-Platform (6631380F-2D4D-43E0-8009-CF276956A95A): 0
LogDevObjectVersion:   Dev-Rendering (12F88B9F-8875-4AFC-A67C-D90C383ABD29): 19
LogDevObjectVersion:   Dev-Sequencer (7B5AE74C-D270-4C10-A958-57980B212A5A): 4
LogDevObjectVersion:   Dev-VR (D7296918-1DD6-4BDD-9DE2-64A83CC13884): 0
LogDevObjectVersion:   Dev-LoadTimes (C2A15278-BFE7-4AFE-6C17-90FF531DF755): 1
LogDevObjectVersion:   Private-Geometry (6EACA3D4-40EC-4CC1-B786-8BED09428FC5): 1
LogDevObjectVersion:   Dev-AnimPhys (29E575DD-E0A3-4627-9D10-D276232CDCEA): 7
LogInit: Compiled (64-bit): Aug 15 2017 02:05:26
LogInit: Compiled with Visual C++: 19.00.24215.01
LogInit: Build Configuration: Development
LogInit: Branch Name: ++UE4+Release-4.17
LogInit: Command line:  
LogInit: Base directory: C:/Program Files/Epic Games/UE_4.17/Engine/Binaries/Win64/
LogInit: Installed Engine Build: 1
LogInit: Presizing for max 8388607 objects, including 0 objects not considered by GC, pre-allocating 0 bytes for permanent pool.
LogInit: Object subsystem initialized
[2017.10.12-07.18.19:064][  0]LogInit: Selected Device Profile: [Windows]
[2017.10.12-07.18.19:064][  0]LogInit: Applying CVar settings loaded from the selected device profile: [Windows]
[2017.10.12-07.18.19:077][  0]LogInit: Computer: LAPTOP-AF13HJPO
[2017.10.12-07.18.19:077][  0]LogInit: User: RaymondAoukar
[2017.10.12-07.18.19:077][  0]LogInit: CPU Page size=4096, Cores=2
[2017.10.12-07.18.19:077][  0]LogInit: High frequency timer resolution =2.835937 MHz
[2017.10.12-07.18.19:077][  0]LogMemory: Memory total: Physical=15.9GB (16GB approx)
[2017.10.12-07.18.19:077][  0]LogMemory: Platform Memory Stats for Windows
[2017.10.12-07.18.19:077][  0]LogMemory: Process Physical Memory: 279.07 MB used, 279.07 MB peak
[2017.10.12-07.18.19:077][  0]LogMemory: Process Virtual Memory: 276.04 MB used, 276.04 MB peak
[2017.10.12-07.18.19:077][  0]LogMemory: Physical Memory: 8163.78 MB used,  8088.35 MB free, 16252.13 MB total
[2017.10.12-07.18.19:077][  0]LogMemory: Virtual Memory: 667.05 MB used,  8088.35 MB free, 134217728.00 MB total
[2017.10.12-07.18.19:285][  0]LogInit: Using OS detected language (en-US).
[2017.10.12-07.18.19:285][  0]LogInit: Using OS detected locale (en-AU).
[2017.10.12-07.18.19:287][  0]LogTextLocalizationManager: No specific localization for 'en-US' exists, so the 'en' localization will be used.
[2017.10.12-07.18.20:002][  0]LogD3D11RHI: D3D11 adapters:
[2017.10.12-07.18.20:046][  0]LogD3D11RHI:    0. 'NVIDIA GeForce 940MX' (Feature Level 11_0)
[2017.10.12-07.18.20:046][  0]LogD3D11RHI:       4065/0/8126 MB DedicatedVideo/DedicatedSystem/SharedSystem, Outputs:1, VendorId:0x10de
[2017.10.12-07.18.20:051][  0]LogD3D11RHI:    1. 'Intel(R) HD Graphics 620' (Feature Level 11_0)
[2017.10.12-07.18.20:051][  0]LogD3D11RHI:       128/0/8126 MB DedicatedVideo/DedicatedSystem/SharedSystem, Outputs:0, VendorId:0x8086
[2017.10.12-07.18.20:052][  0]LogD3D11RHI:    2. 'Microsoft Basic Render Driver' (Feature Level 11_0)
[2017.10.12-07.18.20:052][  0]LogD3D11RHI:       0/0/8126 MB DedicatedVideo/DedicatedSystem/SharedSystem, Outputs:0, VendorId:0x1414
[2017.10.12-07.18.20:052][  0]LogD3D11RHI: Chosen D3D11 Adapter: 0
[2017.10.12-07.18.20:057][  0]LogD3D11RHI: Creating new Direct3DDevice
[2017.10.12-07.18.20:057][  0]LogD3D11RHI:     GPU DeviceId: 0x179c (for the marketing name, search the web for "GPU Device Id")
[2017.10.12-07.18.20:057][  0]LogWindows: EnumDisplayDevices:
[2017.10.12-07.18.20:057][  0]LogWindows:    0. 'Intel(R) HD Graphics 620' (P:1 D:1)
[2017.10.12-07.18.20:057][  0]LogWindows:    1. 'Intel(R) HD Graphics 620' (P:0 D:0)
[2017.10.12-07.18.20:058][  0]LogWindows:    2. 'Intel(R) HD Graphics 620' (P:0 D:0)
[2017.10.12-07.18.20:058][  0]LogWindows: DebugString: PrimaryIsNotTheChoosenAdapter PrimaryIsNotTheChoosenAdapter PrimaryIsNotTheChoosenAdapter FoundDriverCount:0 
[2017.10.12-07.18.20:058][  0]LogD3D11RHI:     Adapter Name: NVIDIA GeForce 940MX
[2017.10.12-07.18.20:058][  0]LogD3D11RHI:   Driver Version: Unknown (internal:Unknown, unified:Unknown)
[2017.10.12-07.18.20:058][  0]LogD3D11RHI:      Driver Date: Unknown
[2017.10.12-07.18.20:058][  0]LogRHI: Texture pool is 1361 MB (70% of 1945 MB)
[2017.10.12-07.18.20:087][  0]LogD3D11RHI: Async texture creation enabled
[2017.10.12-07.18.20:102][  0]LogD3D11RHI: GPU Timing Frequency: 1000.000000 (Debug: 2 2)
[2017.10.12-07.18.20:102][  0]LogShaderCompilers: Guid format shader working directory is -41 characters bigger than the processId version (../../../../../../Users/Raymond Aoukar/Desktop/Computer Game Design/repository/PewPewGames/Game/Intermediate/Shaders/WorkingDirectory/15904/).
[2017.10.12-07.18.20:102][  0]LogShaderCompilers: Cleaned the shader compiler working directory 'C:/Users/Raymond Aoukar/AppData/Local/Temp/UnrealShaderWorkingDir/45F0710F4544E015F1CB4792851936B5/'.
[2017.10.12-07.18.20:102][  0]LogShaderCompilers: Display: Using Local Shader Compiler.
[2017.10.12-07.18.20:955][  0]LogTemp: Display: Loaded TP AllDesktopTargetPlatform
[2017.10.12-07.18.20:999][  0]LogTemp: Display: Loaded TP MacClientTargetPlatform
[2017.10.12-07.18.21:045][  0]LogTemp: Display: Loaded TP MacNoEditorTargetPlatform
[2017.10.12-07.18.21:088][  0]LogTemp: Display: Loaded TP MacServerTargetPlatform
[2017.10.12-07.18.21:131][  0]LogTemp: Display: Loaded TP MacTargetPlatform
[2017.10.12-07.18.21:175][  0]LogTemp: Display: Loaded TP WindowsClientTargetPlatform
[2017.10.12-07.18.21:219][  0]LogTemp: Display: Loaded TP WindowsNoEditorTargetPlatform
[2017.10.12-07.18.21:263][  0]LogTemp: Display: Loaded TP WindowsServerTargetPlatform
[2017.10.12-07.18.21:302][  0]LogTemp: Display: Loaded TP WindowsTargetPlatform
[2017.10.12-07.18.21:350][  0]LogTemp: Display: Loaded TP AndroidTargetPlatform
[2017.10.12-07.18.21:401][  0]LogTemp: Display: Loaded TP Android_ASTCTargetPlatform
[2017.10.12-07.18.21:451][  0]LogTemp: Display: Loaded TP Android_ATCTargetPlatform
[2017.10.12-07.18.21:500][  0]LogTemp: Display: Loaded TP Android_DXTTargetPlatform
[2017.10.12-07.18.21:544][  0]LogTemp: Display: Loaded TP Android_ETC1TargetPlatform
[2017.10.12-07.18.21:587][  0]LogTemp: Display: Loaded TP Android_ETC2TargetPlatform
[2017.10.12-07.18.21:674][  0]LogTemp: Display: Loaded TP Android_MultiTargetPlatform
[2017.10.12-07.18.21:674][  0]LogTemp: Display: Loaded TP Android_PVRTCTargetPlatform
[2017.10.12-07.18.21:707][  0]LogTemp: Display: Loaded TP HTML5TargetPlatform
[2017.10.12-07.18.21:791][  0]LogTemp: Display: Loaded TP IOSTargetPlatform
[2017.10.12-07.18.21:818][  0]LogTemp: Display: Loaded TP TVOSTargetPlatform
[2017.10.12-07.18.21:860][  0]LogTemp: Display: Loaded TP LinuxClientTargetPlatform
[2017.10.12-07.18.21:905][  0]LogTemp: Display: Loaded TP LinuxNoEditorTargetPlatform
[2017.10.12-07.18.21:947][  0]LogTemp: Display: Loaded TP LinuxServerTargetPlatform
[2017.10.12-07.18.21:989][  0]LogTemp: Display: Loaded TP LinuxTargetPlatform
[2017.10.12-07.18.21:989][  0]LogTargetPlatformManager: Display: Building Assets For Windows
[2017.10.12-07.18.22:412][  0]LogDerivedDataCache: Display: Max Cache Size: 512 MB
[2017.10.12-07.18.22:508][  0]LogDerivedDataCache: Loaded boot cache 0.10s 93MB C:/Users/Raymond Aoukar/AppData/Local/UnrealEngine/4.17/DerivedDataCache/Boot.ddc.
[2017.10.12-07.18.22:508][  0]LogDerivedDataCache: Display: Loaded Boot cache: C:/Users/Raymond Aoukar/AppData/Local/UnrealEngine/4.17/DerivedDataCache/Boot.ddc
[2017.10.12-07.18.22:508][  0]LogDerivedDataCache: FDerivedDataBackendGraph:  Pak pak cache file ../../../../../../Users/Raymond Aoukar/Desktop/Computer Game Design/repository/PewPewGames/Game/DerivedDataCache/DDC.ddp not found, will not use a pak cache.
[2017.10.12-07.18.22:508][  0]LogDerivedDataCache: Unable to find inner node Pak for hierarchical cache Hierarchy.
[2017.10.12-07.18.22:508][  0]LogDerivedDataCache: FDerivedDataBackendGraph:  CompressedPak pak cache file ../../../../../../Users/Raymond Aoukar/Desktop/Computer Game Design/repository/PewPewGames/Game/DerivedDataCache/Compressed.ddp not found, will not use a pak cache.
[2017.10.12-07.18.22:508][  0]LogDerivedDataCache: Unable to find inner node CompressedPak for hierarchical cache Hierarchy.
[2017.10.12-07.18.22:524][  0]LogDerivedDataCache: Display: Pak cache opened for reading ../../../Engine/DerivedDataCache/Compressed.ddp.
[2017.10.12-07.18.22:537][  0]LogDerivedDataCache: Using Local data cache path C:/Users/Raymond Aoukar/AppData/Local/UnrealEngine/Common/DerivedDataCache: Writable
[2017.10.12-07.18.22:547][  0]LogMaterial: Verifying Global Shaders for PCD3D_SM5
[2017.10.12-07.18.22:547][  0]LogSlate: Using Freetype 2.6.0
[2017.10.12-07.18.22:548][  0]LogSlate: SlateFontCache - WITH_FREETYPE: 1, WITH_HARFBUZZ: 1
[2017.10.12-07.18.22:548][  0]LogSlate: SlateFontCache - WITH_FREETYPE: 1, WITH_HARFBUZZ: 1
[2017.10.12-07.18.22:794][  0]LogAssetRegistry: FAssetRegistry took 0.0258 seconds to start up
[2017.10.12-07.18.22:899][  0]LogInit: Selected Device Profile: [Windows]
[2017.10.12-07.18.23:226][  0]LogSimplygon: Simplygon DLL not present - disabling.
[2017.10.12-07.18.23:259][  0]LogMeshReduction: Using SimplygonSwarm for distributed automatic mesh merging
[2017.10.12-07.18.23:259][  0]LogMeshReduction: Using QuadricMeshReduction for automatic static mesh reduction
[2017.10.12-07.18.23:259][  0]LogMeshReduction: No automatic skeletal mesh reduction module available
[2017.10.12-07.18.23:259][  0]LogMeshReduction: No automatic mesh merging module available
[2017.10.12-07.18.23:259][  0]LogMeshMerging: No automatic mesh merging module available
[2017.10.12-07.18.23:272][  0]LogContentStreaming: Texture pool size is 0.00 MB
[2017.10.12-07.18.23:662][  0]LogNetVersion: Game , NetCL: 3573198, EngineNetVer: 2, GameNetVer: 0 (Checksum: 2957514414)
[2017.10.12-07.18.23:874][  0]LogPackageLocalizationCache: Processed 5 localized package path(s) for 2 prioritized culture(s) in 0.042705 seconds
[2017.10.12-07.18.23:879][  0]LogUObjectArray: 35825 objects as part of root set at end of initial load.
[2017.10.12-07.18.23:879][  0]LogUObjectAllocator: 7529104 out of 0 bytes used by permanent object pool.
[2017.10.12-07.18.23:879][  0]LogUObjectArray: CloseDisregardForGC: 0/0 objects in disregard for GC pool
[2017.10.12-07.18.23:934][  0]LogInit: WinSock: version 1.1 (2.2), MaxSocks=32767, MaxUdp=65467
[2017.10.12-07.18.26:458][  0]LogTcpMessaging: Initializing TcpMessaging bridge
[2017.10.12-07.18.26:498][  0]LogUdpMessaging: Initializing bridge on interface 0.0.0.0:0 to multicast group 230.0.0.1:6666.
[2017.10.12-07.18.27:110][  0]LogMaterial: Uniform references updated for custom material expression Custom.
[2017.10.12-07.18.27:462][  0]SourceControl: Source control is disabled
[2017.10.12-07.18.27:462][  0]SourceControl: Source control is disabled
[2017.10.12-07.18.27:504][  0]SourceControl: Source control is disabled
[2017.10.12-07.18.27:549][  0]SourceControl: Source control is disabled
[2017.10.12-07.18.28:073][  0]LogAndroidPermission: UAndroidPermissionCallbackProxy::GetInstance
[2017.10.12-07.18.28:278][  0]LogOcInput: OculusInput pre-init called
[2017.10.12-07.18.28:499][  0]LogEngine: Initializing Engine...
[2017.10.12-07.18.28:500][  0]LogHMD: Failed to initialize OpenVR with code 110
[2017.10.12-07.18.28:708][  0]LogStats: UGameplayTagsManager::ConstructGameplayTagTree: Construct from data asset -  0.000 s
[2017.10.12-07.18.28:708][  0]LogStats: UGameplayTagsManager::ConstructGameplayTagTree: GameplayTagTreeChangedEvent.Broadcast -  0.000 s
[2017.10.12-07.18.28:820][  0]LogAIModule: Creating AISystem for world Untitled
[2017.10.12-07.18.28:826][  0]LogInit: XAudio2 using 'Speakers (Realtek High Definition Audio)' : 2 channels at 48 kHz using 32 bits per sample (channel mask 0x3)
[2017.10.12-07.18.28:838][  0]LogInit: FAudioDevice initialized.
[2017.10.12-07.18.29:039][  0]LogDerivedDataCache: Saved boot cache 0.20s 93MB C:/Users/Raymond Aoukar/AppData/Local/UnrealEngine/4.17/DerivedDataCache/Boot.ddc.
[2017.10.12-07.18.29:055][  0]LogInit: Texture streaming: Enabled
[2017.10.12-07.18.29:166][  0]LogEngineSessionManager: EngineSessionManager initialized
[2017.10.12-07.18.29:364][  0]LogInit: Transaction tracking system initialized
[2017.10.12-07.18.29:651][  0]BlueprintLog: New page: Editor Load
[2017.10.12-07.18.30:476][  0]LocalizationService: Localization service is disabled
[2017.10.12-07.18.31:090][  0]LogConsoleResponse: Display: 
[2017.10.12-07.18.31:336][  0]LogCook: Display: Max memory allowance for cook 16384mb min free memory 0mb
[2017.10.12-07.18.31:336][  0]LogCook: Display: Mobile HDR setting 1
[2017.10.12-07.18.31:336][  0]LogGameplayTags: Display: UGameplayTagsManager::DoneAddingNativeTags. DelegateIsBound: 0
[2017.10.12-07.18.31:579][  0]LogFileCache: Scanning file cache for directory 'C:/Users/Raymond Aoukar/Desktop/Computer Game Design/repository/PewPewGames/Game/Content/' took 0.02s
[2017.10.12-07.18.32:427][  0]SourceControl: Source control is disabled
[2017.10.12-07.18.32:427][  0]LightingResults: New page: Lighting Build
[2017.10.12-07.18.32:465][  0]MapCheck: New page: Map Check
[2017.10.12-07.18.32:465][  0]LightingResults: New page: Lighting Build
[2017.10.12-07.18.32:982][  0]LogBlueprint: Warning: [Compiler Ue4ASP_Character] InputAction Event references unknown Action 'Crouch' for  InputAction Crouch
[2017.10.12-07.18.32:990][  0]LogBlueprint: Warning: [Compiler Ue4ASP_Character] [0015.46] Compile of Ue4ASP_Character successful, but with 1 Warning(s) [in 32 ms] (/Game/AnimStarterPack/Ue4ASP_Character.Ue4ASP_Character)
[2017.10.12-07.18.33:947][  0]LogAIModule: Creating AISystem for world FirstPersonExampleMap
[2017.10.12-07.18.33:976][  0]LogEditorServer: Finished looking for orphan Actors (0.000 secs)
[2017.10.12-07.18.34:009][  0]Cmd: MAP CHECKDEP NOCLEARLOG
[2017.10.12-07.18.34:080][  0]MapCheck: Map check complete: 0 Error(s), 0 Warning(s), took 71.732ms to complete.
[2017.10.12-07.18.34:080][  0]LogFileHelpers: Loading map 'FirstPersonExampleMap' took 1.654
[2017.10.12-07.18.34:130][  0]LogWindowsTextInputMethodSystem: Display: IME system now deactivated.
[2017.10.12-07.18.34:211][  0]LogCollectionManager: Loaded 0 collections in 0.001524 seconds
[2017.10.12-07.18.34:289][  0]LogFileCache: Scanning file cache for directory 'C:/Users/Raymond Aoukar/Desktop/Computer Game Design/repository/PewPewGames/Game/Saved/Collections/' took 0.01s
[2017.10.12-07.18.34:289][  0]LogFileCache: Scanning file cache for directory 'C:/Users/Raymond Aoukar/Desktop/Computer Game Design/repository/PewPewGames/Game/Content/Developers/RaymondAoukar/Collections/' took 0.01s
[2017.10.12-07.18.34:289][  0]LogFileCache: Scanning file cache for directory 'C:/Users/Raymond Aoukar/Desktop/Computer Game Design/repository/PewPewGames/Game/Content/Collections/' took 0.01s
[2017.10.12-07.18.34:289][  0]LogCollectionManager: Rebuilt the GUID cache for 0 collections in 0.000001 seconds
[2017.10.12-07.18.34:300][  0]LogContentBrowser: Native class hierarchy populated in 0.0107 seconds. Added 2386 classes and 500 folders.
[2017.10.12-07.18.34:363][  0]LogContentBrowser: Native class hierarchy updated for 'WidgetCarousel' in 0.0005 seconds. Added 0 classes and 0 folders.
[2017.10.12-07.18.34:488][  0]LogContentBrowser: Native class hierarchy updated for 'AddContentDialog' in 0.0008 seconds. Added 0 classes and 0 folders.
[2017.10.12-07.18.34:529][  0]LogContentBrowser: Native class hierarchy updated for 'SceneOutliner' in 0.0005 seconds. Added 1 classes and 2 folders.
[2017.10.12-07.18.34:547][  0]LogSlate: Took 0.000197 seconds to synchronously load lazily loaded font '../../../Engine/Content/Slate/Fonts/Roboto-Regular.ttf' (155K)
[2017.10.12-07.18.34:549][  0]LogSlate: Took 0.000173 seconds to synchronously load lazily loaded font '../../../Engine/Content/Slate/Fonts/Roboto-Bold.ttf' (160K)
[2017.10.12-07.18.34:555][  0]LogSlate: Took 0.000207 seconds to synchronously load lazily loaded font '../../../Engine/Content/Editor/Slate/Fonts/FontAwesome.ttf' (139K)
[2017.10.12-07.18.34:656][  0]LogRenderer: Reallocating scene render targets to support 1208x576 Format 10 NumSamples 1 (Frame:1).
[2017.10.12-07.18.34:876][  0]LogContentBrowser: Native class hierarchy updated for 'HierarchicalLODOutliner' in 0.0011 seconds. Added 1 classes and 2 folders.
[2017.10.12-07.18.34:876][  0]LogLoad: (Engine Initialization) Total time: 17.35 seconds
[2017.10.12-07.18.34:876][  0]LogLoad: (Engine Initialization) Total Blueprint compile time: 0.00 seconds
[2017.10.12-07.18.34:876][  0]LogExternalProfiler: Found external profiler: VSPerf
[2017.10.12-07.18.34:876][  0]LogExternalProfiler: Using external profiler: VSPerf
[2017.10.12-07.18.34:913][  0]LogContentStreaming: Texture pool size now 1000 MB
[2017.10.12-07.18.34:963][  1]LogAssetRegistry: Asset discovery search completed in 12.1921 seconds
[2017.10.12-07.18.34:965][  1]LogCollectionManager: Rebuilt the object cache for 0 collections in 0.000000 seconds (found 0 objects)
[2017.10.12-07.18.34:965][  1]LogCollectionManager: Fixed up redirectors for 0 collections in 0.000050 seconds (updated 0 objects)
[2017.10.12-07.18.35:948][ 37]LogSlate: Took 0.000214 seconds to synchronously load lazily loaded font '../../../Engine/Content/Slate/Fonts/Roboto-Light.ttf' (159K)
[2017.10.12-07.18.48:964][359]LogSlate: Took 0.000198 seconds to synchronously load lazily loaded font '../../../Engine/Content/Slate/Fonts/Roboto-Light.ttf' (159K)
[2017.10.12-07.19.11:989][541]LogFactory: FactoryCreateFile: SoundWave with ReimportSoundFactory (0 0 ../../../../../../Users/Raymond Aoukar/Desktop/Audacity Files/Dev-OpenDoor.wav)
[2017.10.12-07.19.11:993][541]LogAudioDerivedData: Display: Building compressed audio format OGG wave Dev-OpenDoor...
[2017.10.12-07.19.12:039][541]LogAudioDerivedData: Updated SoundWave->RawPCMDataSize during cooking SoundWave /Game/PPGContent/Doors/Automatic_slidedoor/Dev-OpenDoor.Dev-OpenDoor.
[2017.10.12-07.19.16:184][671]LogSavePackage: Save=8.63ms
[2017.10.12-07.19.16:185][671]LogSavePackage: Moving '../../../../../../Users/Raymond Aoukar/Desktop/Computer Game Design/repository/PewPewGames/Game/Saved/Dev-OpenDoor271CFD9B494E983686D068A3A24A03AE.tmp' to '../../../../../../Users/Raymond Aoukar/Desktop/Computer Game Design/repository/PewPewGames/Game/Content/PPGContent/Doors/Automatic_slidedoor/Dev-OpenDoor.uasset'
[2017.10.12-07.19.16:188][671]LogSavePackage: Display: Finished SavePackage ../../../../../../Users/Raymond Aoukar/Desktop/Computer Game Design/repository/PewPewGames/Game/Content/PPGContent/Doors/Automatic_slidedoor/Dev-OpenDoor.uasset
[2017.10.12-07.19.18:272][739]LogSlate: Took 0.000142 seconds to synchronously load lazily loaded font '../../../Engine/Content/Slate/Fonts/Roboto-Light.ttf' (159K)
[2017.10.12-07.19.33:411][739]LogSavePackage: Save=93.87ms
[2017.10.12-07.19.33:411][739]LogSavePackage: Moving '../../../../../../Users/Raymond Aoukar/Desktop/Computer Game Design/repository/PewPewGames/Game/Saved/Blue_Automatic_Slide_Door2E0258F14D04EFBD0C77BF94354C6C47.tmp' to '../../../../../../Users/Raymond Aoukar/Desktop/Computer Game Design/repository/PewPewGames/Game/Content/PPGContent/Doors/Automatic_slidedoor/Blue_Automatic_Slide_Door.uasset'
[2017.10.12-07.19.33:414][739]LogSavePackage: Display: Finished SavePackage ../../../../../../Users/Raymond Aoukar/Desktop/Computer Game Design/repository/PewPewGames/Game/Content/PPGContent/Doors/Automatic_slidedoor/Blue_Automatic_Slide_Door.uasset
[2017.10.12-07.19.33:435][739]LogSavePackage: Save=5.24ms
[2017.10.12-07.19.33:436][739]LogSavePackage: Moving '../../../../../../Users/Raymond Aoukar/Desktop/Computer Game Design/repository/PewPewGames/Game/Saved/Dev-CloseDoor47BC615D44B5F897498BCF9E32DA380B.tmp' to '../../../../../../Users/Raymond Aoukar/Desktop/Computer Game Design/repository/PewPewGames/Game/Content/PPGContent/Doors/Automatic_slidedoor/Dev-CloseDoor.uasset'
[2017.10.12-07.19.33:439][739]LogSavePackage: Display: Finished SavePackage ../../../../../../Users/Raymond Aoukar/Desktop/Computer Game Design/repository/PewPewGames/Game/Content/PPGContent/Doors/Automatic_slidedoor/Dev-CloseDoor.uasset
[2017.10.12-07.19.56:407][992]LogStats: FPlatformStackWalk::StackWalkAndDump -  1.751 s
[2017.10.12-07.19.56:407][992]LogOutputDevice: Error: === Handled ensure: ===
[2017.10.12-07.19.56:407][992]LogOutputDevice: Error: 
[2017.10.12-07.19.56:407][992]LogOutputDevice: Error: Ensure condition failed: Found [File:D:\Build\++UE4+Release-4.17+Compile\Sync\Engine\Source\Runtime\CoreUObject\Private\Misc\RedirectCollector.cpp] [Line: 248]
[2017.10.12-07.19.56:407][992]LogOutputDevice: Error: Cannot remove redirection from /Game/PPGContent/Doors/Automatic_slidedoor/Dev-CloseDoor.Dev-CloseDoor, it was not registered
[2017.10.12-07.19.56:407][992]LogOutputDevice: Error: Stack: 
[2017.10.12-07.19.56:407][992]LogOutputDevice: Error: UE4Editor-Core.dll!0x00000000AE053606
[2017.10.12-07.19.56:407][992]LogOutputDevice: Error: UE4Editor-Core.dll!0x00000000ADDDC2D2
[2017.10.12-07.19.56:407][992]LogOutputDevice: Error: UE4Editor-Core.dll!0x00000000ADDF4746
[2017.10.12-07.19.56:407][992]LogOutputDevice: Error: UE4Editor-CoreUObject.dll!0x00000000C9261E43
[2017.10.12-07.19.56:407][992]LogOutputDevice: Error: UE4Editor-AssetRegistry.dll!0x00000000D7B05648
[2017.10.12-07.19.56:407][992]LogOutputDevice: Error: UE4Editor-UnrealEd.dll!0x00000000ACCBD09B
[2017.10.12-07.19.56:407][992]LogOutputDevice: Error: UE4Editor-UnrealEd.dll!0x00000000ACCBC854
[2017.10.12-07.19.56:407][992]LogOutputDevice: Error: UE4Editor-UnrealEd.dll!0x00000000AC4BDEA7
[2017.10.12-07.19.56:407][992]LogOutputDevice: Error: UE4Editor-UnrealEd.dll!0x00000000ACCBC472
[2017.10.12-07.19.56:407][992]LogOutputDevice: Error: UE4Editor-AssetTools.dll!0x000000009796311C
[2017.10.12-07.19.56:407][992]LogOutputDevice: Error: UE4Editor-AssetTools.dll!0x0000000097960DD8
[2017.10.12-07.19.56:407][992]LogOutputDevice: Error: UE4Editor-AssetTools.dll!0x0000000097964358
[2017.10.12-07.19.56:407][992]LogOutputDevice: Error: UE4Editor-ContentBrowser.dll!0x0000000096904C1B
[2017.10.12-07.19.56:407][992]LogOutputDevice: Error: UE4Editor-ContentBrowser.dll!0x00000000968FDE88
[2017.10.12-07.19.56:407][992]LogOutputDevice: Error: UE4Editor-ContentBrowser.dll!0x000000009682DA72
[2017.10.12-07.19.56:408][992]LogOutputDevice: Error: UE4Editor-ContentBrowser.dll!0x0000000096832F79
[2017.10.12-07.19.56:408][992]LogOutputDevice: Error: UE4Editor-ContentBrowser.dll!0x00000000968D46D5
[2017.10.12-07.19.56:408][992]LogOutputDevice: Error: UE4Editor-Slate.dll!0x00000000B099B967
[2017.10.12-07.19.56:408][992]LogOutputDevice: Error: UE4Editor-Slate.dll!0x00000000B09C74D4
[2017.10.12-07.19.56:408][992]LogOutputDevice: Error: UE4Editor-Slate.dll!0x00000000B07E42BC
[2017.10.12-07.19.56:408][992]LogOutputDevice: Error: UE4Editor-Slate.dll!0x00000000B07B7145
[2017.10.12-07.19.56:408][992]LogOutputDevice: Error: UE4Editor-Slate.dll!0x00000000B0851452
[2017.10.12-07.19.56:408][992]LogOutputDevice: Error: UE4Editor-Slate.dll!0x00000000B0839C92
[2017.10.12-07.19.56:408][992]LogOutputDevice: Error: UE4Editor-Slate.dll!0x00000000B082B68F
[2017.10.12-07.19.56:408][992]LogOutputDevice: Error: UE4Editor-Core.dll!0x00000000AE02B3C9
[2017.10.12-07.19.56:408][992]LogOutputDevice: Error: UE4Editor-Core.dll!0x00000000AE013B51
[2017.10.12-07.19.56:408][992]LogOutputDevice: Error: UE4Editor-Core.dll!0x00000000AE02D22B
[2017.10.12-07.19.56:408][992]LogOutputDevice: Error: UE4Editor-Core.dll!0x00000000AE00ECB2
[2017.10.12-07.19.56:408][992]LogOutputDevice: Error: USER32.dll!0x00000000FFD2BC50
[2017.10.12-07.19.56:408][992]LogOutputDevice: Error: USER32.dll!0x00000000FFD2B5CF
[2017.10.12-07.19.56:408][992]LogOutputDevice: Error: UE4Editor-Core.dll!0x00000000AE02D936
[2017.10.12-07.19.56:408][992]LogOutputDevice: Error: UE4Editor.exe!0x000000005A6A4BE2
[2017.10.12-07.19.56:408][992]LogOutputDevice: Error: UE4Editor.exe!0x000000005A6B3970
[2017.10.12-07.19.56:408][992]LogOutputDevice: Error: UE4Editor.exe!0x000000005A6B39EA
[2017.10.12-07.19.56:409][992]LogOutputDevice: Error: UE4Editor.exe!0x000000005A6C02D9
[2017.10.12-07.19.56:409][992]LogOutputDevice: Error: UE4Editor.exe!0x000000005A6C1C47
[2017.10.12-07.19.56:409][992]LogOutputDevice: Error: KERNEL32.DLL!0x00000000021C2774
[2017.10.12-07.19.56:409][992]LogOutputDevice: Error: ntdll.dll!0x0000000002650D51
[2017.10.12-07.19.56:409][992]LogOutputDevice: Error: 
[2017.10.12-07.19.56:419][992]LogStats:                SubmitErrorReport -  0.000 s
[2017.10.12-07.20.05:970][992]LogStats:                    SendNewReport -  9.551 s
[2017.10.12-07.20.05:970][992]LogStats:             FDebug::EnsureFailed - 11.315 s
[2017.10.12-07.20.06:051][992]LogFactory: FactoryCreateFile: SoundWave with ReimportSoundFactory (0 0 ../../../../../../Users/Raymond Aoukar/Desktop/Audacity Files/Dev-CloseDoor.wav)
[2017.10.12-07.20.06:052][992]LogAudioDerivedData: Display: Building compressed audio format OGG wave Dev-CloseDoor...
[2017.10.12-07.20.06:091][992]LogAudioDerivedData: Updated SoundWave->RawPCMDataSize during cooking SoundWave /Game/PPGContent/Doors/Automatic_slidedoor/Dev-CloseDoor.Dev-CloseDoor.
[2017.10.12-07.20.09:387][ 95]LogSavePackage: Save=7.34ms
[2017.10.12-07.20.09:387][ 95]LogSavePackage: Moving '../../../../../../Users/Raymond Aoukar/Desktop/Computer Game Design/repository/PewPewGames/Game/Saved/Dev-CloseDoorDD862DFC4910B633FC72FBA1AD59B687.tmp' to '../../../../../../Users/Raymond Aoukar/Desktop/Computer Game Design/repository/PewPewGames/Game/Content/PPGContent/Doors/Automatic_slidedoor/Dev-CloseDoor.uasset'
[2017.10.12-07.20.09:390][ 95]LogSavePackage: Display: Finished SavePackage ../../../../../../Users/Raymond Aoukar/Desktop/Computer Game Design/repository/PewPewGames/Game/Content/PPGContent/Doors/Automatic_slidedoor/Dev-CloseDoor.uasset
[2017.10.12-07.20.48:024][245]LogSavePackage: Save=103.61ms
[2017.10.12-07.20.48:024][245]LogSavePackage: Moving '../../../../../../Users/Raymond Aoukar/Desktop/Computer Game Design/repository/PewPewGames/Game/Saved/Blue_Automatic_Slide_Door56AB9ED14A3DEEFD5FB55C9CA661CCB2.tmp' to '../../../../../../Users/Raymond Aoukar/Desktop/Computer Game Design/repository/PewPewGames/Game/Content/PPGContent/Doors/Automatic_slidedoor/Blue_Automatic_Slide_Door.uasset'
[2017.10.12-07.20.48:028][245]LogSavePackage: Display: Finished SavePackage ../../../../../../Users/Raymond Aoukar/Desktop/Computer Game Design/repository/PewPewGames/Game/Content/PPGContent/Doors/Automatic_slidedoor/Blue_Automatic_Slide_Door.uasset
[2017.10.12-07.20.48:051][245]LogSavePackage: Save=5.25ms
[2017.10.12-07.20.48:051][245]LogSavePackage: Moving '../../../../../../Users/Raymond Aoukar/Desktop/Computer Game Design/repository/PewPewGames/Game/Saved/Dev-ReverseDoorClose7949A90543FDA9B40EFC09BAE37C6FCB.tmp' to '../../../../../../Users/Raymond Aoukar/Desktop/Computer Game Design/repository/PewPewGames/Game/Content/PPGContent/Doors/Automatic_slidedoor/Dev-ReverseDoorClose.uasset'
[2017.10.12-07.20.48:055][245]LogSavePackage: Display: Finished SavePackage ../../../../../../Users/Raymond Aoukar/Desktop/Computer Game Design/repository/PewPewGames/Game/Content/PPGContent/Doors/Automatic_slidedoor/Dev-ReverseDoorClose.uasset
[2017.10.12-07.20.51:288][390]LogTemp: Repeating last play command: Selected Viewport
[2017.10.12-07.20.51:392][390]LogBlueprintUserMessages: Early PlayInEditor Detection: Level '/Game/FirstPersonBP/Maps/FirstPersonExampleMap.FirstPersonExampleMap:PersistentLevel' has LevelScriptBlueprint '/Game/FirstPersonBP/Maps/FirstPersonExampleMap.FirstPersonExampleMap:PersistentLevel.FirstPersonExampleMap' with GeneratedClass '/Game/FirstPersonBP/Maps/FirstPersonExampleMap.FirstPersonExampleMap_C' with ClassGeneratedBy '/Game/FirstPersonBP/Maps/FirstPersonExampleMap.FirstPersonExampleMap:PersistentLevel.FirstPersonExampleMap'
[2017.10.12-07.20.51:392][390]LogPlayLevel: PlayLevel: No blueprints needed recompiling
[2017.10.12-07.20.51:393][390]PIE: New page: PIE session: FirstPersonExampleMap (13 Oct 2017 4:20:51 am)
[2017.10.12-07.20.51:393][390]LogPlayLevel: Creating play world package: /Game/FirstPersonBP/Maps/UEDPIE_0_FirstPersonExampleMap
[2017.10.12-07.20.51:418][390]LogPlayLevel: PIE: StaticDuplicateObject took: (0.025351s)
[2017.10.12-07.20.51:419][390]LogAIModule: Creating AISystem for world FirstPersonExampleMap
[2017.10.12-07.20.51:419][390]LogPlayLevel: PIE: World Init took: (0.001375s)
[2017.10.12-07.20.51:420][390]LogPlayLevel: PIE: Created PIE world by copying editor world from /Game/FirstPersonBP/Maps/FirstPersonExampleMap.FirstPersonExampleMap to /Game/FirstPersonBP/Maps/UEDPIE_0_FirstPersonExampleMap.FirstPersonExampleMap (0.027203s)
[2017.10.12-07.20.51:440][390]LogInit: XAudio2 using 'Speakers (Realtek High Definition Audio)' : 2 channels at 48 kHz using 32 bits per sample (channel mask 0x3)
[2017.10.12-07.20.51:453][390]LogInit: FAudioDevice initialized.
[2017.10.12-07.20.51:497][390]LogLoad: Game class is 'FirstPersonGameMode_C'
[2017.10.12-07.20.51:506][390]LogWorld: Bringing World /Game/FirstPersonBP/Maps/UEDPIE_0_FirstPersonExampleMap.FirstPersonExampleMap up for play (max tick rate 60) at 2017.10.12-17.50.51
[2017.10.12-07.20.51:508][390]LogWorld: Bringing up level for play took: 0.010052
[2017.10.12-07.20.51:554][390]LogContentBrowser: Native class hierarchy updated for 'MovieSceneCapture' in 0.0006 seconds. Added 11 classes and 0 folders.
[2017.10.12-07.20.51:557][390]PIE: Play in editor start time for /Game/FirstPersonBP/Maps/UEDPIE_0_FirstPersonExampleMap 0.005
[2017.10.12-07.20.51:557][390]LogBlueprintUserMessages: Late PlayInEditor Detection: Level '/Game/FirstPersonBP/Maps/FirstPersonExampleMap.FirstPersonExampleMap:PersistentLevel' has LevelScriptBlueprint '/Game/FirstPersonBP/Maps/FirstPersonExampleMap.FirstPersonExampleMap:PersistentLevel.FirstPersonExampleMap' with GeneratedClass '/Game/FirstPersonBP/Maps/FirstPersonExampleMap.FirstPersonExampleMap_C' with ClassGeneratedBy '/Game/FirstPersonBP/Maps/FirstPersonExampleMap.FirstPersonExampleMap:PersistentLevel.FirstPersonExampleMap'
[2017.10.12-07.21.12:383][379]LogScript: Warning: Accessed None trying to read property K2Node_DynamicCast_AsFirst_Person_Character2
	Blue_Automatic_Slide_Door_C /Game/FirstPersonBP/Maps/UEDPIE_0_FirstPersonExampleMap.FirstPersonExampleMap:PersistentLevel.Slide_Up_1098
	Function /Game/PPGContent/Doors/Automatic_slidedoor/Blue_Automatic_Slide_Door.Blue_Automatic_Slide_Door_C:ExecuteUbergraph_Blue_Automatic_Slide_Door:02F7
[2017.10.12-07.21.12:384][379]PIE: Error: Blueprint Runtime Error: Accessed None trying to read property K2Node_DynamicCast_AsFirst_Person_Character2 from function: 'ExecuteUbergraph_Blue_Automatic_Slide_Door' from node: Branch in graph: EventGraph in object: Blue_Automatic_Slide_Door with description: Accessed None trying to read property K2Node_DynamicCast_AsFirst_Person_Character2
[2017.10.12-07.21.12:384][379]LogScript: Warning: Accessed None trying to read property K2Node_DynamicCast_AsFirst_Person_Character2
	Blue_Automatic_Slide_Door_C /Game/FirstPersonBP/Maps/UEDPIE_0_FirstPersonExampleMap.FirstPersonExampleMap:PersistentLevel.Slide_Up_1098
	Function /Game/PPGContent/Doors/Automatic_slidedoor/Blue_Automatic_Slide_Door.Blue_Automatic_Slide_Door_C:ExecuteUbergraph_Blue_Automatic_Slide_Door:0323
[2017.10.12-07.21.12:384][379]PIE: Error: Blueprint Runtime Error: Accessed None trying to read property K2Node_DynamicCast_AsFirst_Person_Character2 from function: 'ExecuteUbergraph_Blue_Automatic_Slide_Door' from node: Branch in graph: EventGraph in object: Blue_Automatic_Slide_Door with description: Accessed None trying to read property K2Node_DynamicCast_AsFirst_Person_Character2
[2017.10.12-07.21.52:526][119]LogBlueprintUserMessages: Early EndPlayMap Detection: Level '/Game/FirstPersonBP/Maps/FirstPersonExampleMap.FirstPersonExampleMap:PersistentLevel' has LevelScriptBlueprint '/Game/FirstPersonBP/Maps/FirstPersonExampleMap.FirstPersonExampleMap:PersistentLevel.FirstPersonExampleMap' with GeneratedClass '/Game/FirstPersonBP/Maps/FirstPersonExampleMap.FirstPersonExampleMap_C' with ClassGeneratedBy '/Game/FirstPersonBP/Maps/FirstPersonExampleMap.FirstPersonExampleMap:PersistentLevel.FirstPersonExampleMap'
[2017.10.12-07.21.52:577][119]LogBlueprintUserMessages: Late EndPlayMap Detection: Level '/Game/FirstPersonBP/Maps/FirstPersonExampleMap.FirstPersonExampleMap:PersistentLevel' has LevelScriptBlueprint '/Game/FirstPersonBP/Maps/FirstPersonExampleMap.FirstPersonExampleMap:PersistentLevel.FirstPersonExampleMap' with GeneratedClass '/Game/FirstPersonBP/Maps/FirstPersonExampleMap.FirstPersonExampleMap_C' with ClassGeneratedBy '/Game/FirstPersonBP/Maps/FirstPersonExampleMap.FirstPersonExampleMap:PersistentLevel.FirstPersonExampleMap'
[2017.10.12-07.22.17:109][123]LogWindowsTextInputMethodSystem: Display: IME system now deactivated.
[2017.10.12-07.22.17:320][124]Cmd: QUIT_EDITOR
[2017.10.12-07.22.18:325][124]LogExit: Preparing to exit.
[2017.10.12-07.22.18:882][124]LogDirectoryWatcher: A directory notification for 'C:/Users/Raymond Aoukar/Desktop/Computer Game Design/repository/PewPewGames/Game/Content/' was aborted.
[2017.10.12-07.22.18:923][124]LogExit: Editor shut down
[2017.10.12-07.22.18:928][124]LogExit: Transaction tracking system shut down
[2017.10.12-07.22.19:106][124]LogDirectoryWatcher: A directory notification for '../../../Engine/Content/' was aborted.
[2017.10.12-07.22.19:107][124]LogDirectoryWatcher: A directory notification for '../../../../../../Users/Raymond Aoukar/Desktop/Computer Game Design/repository/PewPewGames/Game/Content/' was aborted.
[2017.10.12-07.22.19:107][124]LogDirectoryWatcher: A directory notification for '../../../Engine/Plugins/2D/Paper2D/Content/' was aborted.
[2017.10.12-07.22.19:107][124]LogDirectoryWatcher: A directory notification for '../../../Engine/Plugins/Runtime/Oculus/OculusVR/Content/' was aborted.
[2017.10.12-07.22.19:107][124]LogDirectoryWatcher: A directory notification for '../../../Engine/Plugins/Runtime/Steam/SteamVR/Content/' was aborted.
[2017.10.12-07.22.19:195][124]LogExit: Object subsystem successfully closed.
[2017.10.12-07.22.19:220][124]LogD3D11RHI: Shutdown
[2017.10.12-07.22.19:220][124]LogD3D11RHI: CleanupD3DDevice
[2017.10.12-07.22.19:300][124]LogD3D11RHI: ~FD3D11DynamicRHI
[2017.10.12-07.22.19:311][124]LogModuleManager: Shutting down and abandoning module MovieSceneCapture (532)
[2017.10.12-07.22.19:311][124]LogModuleManager: Shutting down and abandoning module HierarchicalLODOutliner (530)
[2017.10.12-07.22.19:311][124]LogModuleManager: Shutting down and abandoning module SceneOutliner (528)
[2017.10.12-07.22.19:311][124]LogModuleManager: Shutting down and abandoning module AddContentDialog (526)
[2017.10.12-07.22.19:312][124]LogDirectoryWatcher: A directory notification for 'C:/Program Files/Epic Games/UE_4.17/FeaturePacks/' was aborted.
[2017.10.12-07.22.19:312][124]LogModuleManager: Shutting down and abandoning module WidgetCarousel (525)
[2017.10.12-07.22.19:312][124]LogModuleManager: Shutting down and abandoning module EditorWidgets (522)
[2017.10.12-07.22.19:312][124]LogModuleManager: Shutting down and abandoning module CollectionManager (520)
[2017.10.12-07.22.19:312][124]LogDirectoryWatcher: A directory notification for 'C:/Users/Raymond Aoukar/Desktop/Computer Game Design/repository/PewPewGames/Game/Content/Collections/' was aborted.
[2017.10.12-07.22.19:312][124]LogDirectoryWatcher: A directory notification for 'C:/Users/Raymond Aoukar/Desktop/Computer Game Design/repository/PewPewGames/Game/Content/Developers/RaymondAoukar/Collections/' was aborted.
[2017.10.12-07.22.19:312][124]LogDirectoryWatcher: A directory notification for 'C:/Users/Raymond Aoukar/Desktop/Computer Game Design/repository/PewPewGames/Game/Saved/Collections/' was aborted.
[2017.10.12-07.22.19:313][124]LogModuleManager: Shutting down and abandoning module StatsViewer (518)
[2017.10.12-07.22.19:313][124]LogModuleManager: Shutting down and abandoning module FoliageEdit (516)
[2017.10.12-07.22.19:313][124]LogModuleManager: Shutting down and abandoning module LandscapeEditor (514)
[2017.10.12-07.22.19:313][124]LogModuleManager: Shutting down and abandoning module MeshPaintMode (512)
[2017.10.12-07.22.19:313][124]LogModuleManager: Shutting down and abandoning module SceneDepthPickerMode (510)
[2017.10.12-07.22.19:313][124]LogModuleManager: Shutting down and abandoning module ActorPickerMode (508)
[2017.10.12-07.22.19:313][124]LogModuleManager: Shutting down and abandoning module GeometryMode (506)
[2017.10.12-07.22.19:313][124]LogModuleManager: Shutting down and abandoning module TextureAlignMode (504)
[2017.10.12-07.22.19:313][124]LogModuleManager: Shutting down and abandoning module BspMode (502)
[2017.10.12-07.22.19:313][124]LogModuleManager: Shutting down and abandoning module PIEPreviewDeviceProfileSelector (500)
[2017.10.12-07.22.19:313][124]LogModuleManager: Shutting down and abandoning module HardwareSurvey (498)
[2017.10.12-07.22.19:313][124]LogModuleManager: Shutting down and abandoning module SequenceRecorderSections (496)
[2017.10.12-07.22.19:313][124]LogModuleManager: Shutting down and abandoning module AutomationWorker (494)
[2017.10.12-07.22.19:313][124]LogModuleManager: Shutting down and abandoning module MatineeToLevelSequence (492)
[2017.10.12-07.22.19:313][124]LogModuleManager: Shutting down and abandoning module LevelSequenceEditor (490)
[2017.10.12-07.22.19:313][124]LogModuleManager: Shutting down and abandoning module PlacementMode (489)
[2017.10.12-07.22.19:313][124]LogModuleManager: Shutting down and abandoning module WmfMediaFactory (486)
[2017.10.12-07.22.19:313][124]LogModuleManager: Shutting down and abandoning module WmfMediaEditor (484)
[2017.10.12-07.22.19:313][124]LogModuleManager: Shutting down and abandoning module AvfMediaFactory (482)
[2017.10.12-07.22.19:313][124]LogModuleManager: Shutting down and abandoning module AvfMediaEditor (480)
[2017.10.12-07.22.19:313][124]LogModuleManager: Shutting down and abandoning module AndroidMediaFactory (478)
[2017.10.12-07.22.19:313][124]LogModuleManager: Shutting down and abandoning module Media (477)
[2017.10.12-07.22.19:313][124]LogModuleManager: Shutting down and abandoning module AndroidMediaEditor (474)
[2017.10.12-07.22.19:313][124]LogModuleManager: Shutting down and abandoning module CharacterAI (472)
[2017.10.12-07.22.19:313][124]LogModuleManager: Shutting down and abandoning module AudioCapture (470)
[2017.10.12-07.22.19:313][124]LogModuleManager: Shutting down and abandoning module SequenceRecorder (469)
[2017.10.12-07.22.19:313][124]LogModuleManager: Shutting down and abandoning module SmartSnapping (466)
[2017.10.12-07.22.19:313][124]LogModuleManager: Shutting down and abandoning module SessionServices (464)
[2017.10.12-07.22.19:313][124]LogModuleManager: Shutting down and abandoning module ViewportSnapping (462)
[2017.10.12-07.22.19:313][124]LogModuleManager: Shutting down and abandoning module ViewportInteraction (460)
[2017.10.12-07.22.19:313][124]LogModuleManager: Shutting down and abandoning module ClothPainter (458)
[2017.10.12-07.22.19:313][124]LogModuleManager: Shutting down and abandoning module LogVisualizer (456)
[2017.10.12-07.22.19:313][124]LogModuleManager: Shutting down and abandoning module IntroTutorials (454)
[2017.10.12-07.22.19:313][124]LogModuleManager: Shutting down and abandoning module GameProjectGeneration (453)
[2017.10.12-07.22.19:313][124]LogModuleManager: Shutting down and abandoning module IOSPlatformEditor (450)
[2017.10.12-07.22.19:313][124]LogModuleManager: Shutting down and abandoning module HTML5PlatformEditor (448)
[2017.10.12-07.22.19:313][124]LogModuleManager: Shutting down and abandoning module AndroidPlatformEditor (446)
[2017.10.12-07.22.19:313][124]LogModuleManager: Shutting down and abandoning module AndroidDeviceDetection (445)
[2017.10.12-07.22.19:754][124]LogModuleManager: Shutting down and abandoning module WindowsPlatformEditor (442)
[2017.10.12-07.22.19:754][124]LogModuleManager: Shutting down and abandoning module IOSRuntimeSettings (440)
[2017.10.12-07.22.19:754][124]LogModuleManager: Shutting down and abandoning module AndroidRuntimeSettings (438)
[2017.10.12-07.22.19:754][124]LogModuleManager: Shutting down and abandoning module InputBindingEditor (436)
[2017.10.12-07.22.19:755][124]LogModuleManager: Shutting down and abandoning module MergeActors (434)
[2017.10.12-07.22.19:755][124]LogModuleManager: Shutting down and abandoning module SizeMap (432)
[2017.10.12-07.22.19:755][124]LogModuleManager: Shutting down and abandoning module TreeMap (430)
[2017.10.12-07.22.19:755][124]LogModuleManager: Shutting down and abandoning module ReferenceViewer (428)
[2017.10.12-07.22.19:755][124]LogModuleManager: Shutting down and abandoning module LocalizationDashboard (426)
[2017.10.12-07.22.19:755][124]LogModuleManager: Shutting down and abandoning module LocalizationService (425)
[2017.10.12-07.22.19:755][124]LogModuleManager: Shutting down and abandoning module HardwareTargeting (422)
[2017.10.12-07.22.19:755][124]LogModuleManager: Shutting down and abandoning module DeviceProfileEditor (420)
[2017.10.12-07.22.19:755][124]LogModuleManager: Shutting down and abandoning module UndoHistory (418)
[2017.10.12-07.22.19:755][124]LogModuleManager: Shutting down and abandoning module XmlParser (416)
[2017.10.12-07.22.19:755][124]LogModuleManager: Shutting down and abandoning module Blutility (414)
[2017.10.12-07.22.19:755][124]LogModuleManager: Shutting down and abandoning module ProjectSettingsViewer (412)
[2017.10.12-07.22.19:756][124]LogModuleManager: Shutting down and abandoning module ProjectTargetPlatformEditor (411)
[2017.10.12-07.22.19:756][124]LogModuleManager: Shutting down and abandoning module EditorSettingsViewer (408)
[2017.10.12-07.22.19:756][124]LogModuleManager: Shutting down and abandoning module SettingsEditor (406)
[2017.10.12-07.22.19:756][124]LogModuleManager: Shutting down and abandoning module ProjectLauncher (404)
[2017.10.12-07.22.19:756][124]LogModuleManager: Shutting down and abandoning module SessionFrontend (402)
[2017.10.12-07.22.19:756][124]LogModuleManager: Shutting down and abandoning module ProfilerClient (400)
[2017.10.12-07.22.19:756][124]LogModuleManager: Shutting down and abandoning module DeviceManager (398)
[2017.10.12-07.22.19:756][124]LogModuleManager: Shutting down and abandoning module TargetDeviceServices (397)
[2017.10.12-07.22.19:820][124]LogModuleManager: Shutting down and abandoning module AutomationController (394)
[2017.10.12-07.22.19:820][124]LogModuleManager: Shutting down and abandoning module AutomationWindow (392)
[2017.10.12-07.22.19:820][124]LogModuleManager: Shutting down and abandoning module Layers (390)
[2017.10.12-07.22.19:820][124]LogModuleManager: Shutting down and abandoning module ComponentVisualizers (388)
[2017.10.12-07.22.19:820][124]LogModuleManager: Shutting down and abandoning module DetailCustomizations (386)
[2017.10.12-07.22.19:820][124]LogModuleManager: Shutting down and abandoning module PackagesDialog (384)
[2017.10.12-07.22.19:821][124]LogModuleManager: Shutting down and abandoning module Persona (382)
[2017.10.12-07.22.19:821][124]LogModuleManager: Shutting down and abandoning module AdvancedPreviewScene (381)
[2017.10.12-07.22.19:821][124]LogModuleManager: Shutting down and abandoning module AnimGraph (379)
[2017.10.12-07.22.19:821][124]LogModuleManager: Shutting down and abandoning module Kismet (376)
[2017.10.12-07.22.19:826][124]LogModuleManager: Shutting down and abandoning module ClassViewer (374)
[2017.10.12-07.22.19:827][124]LogModuleManager: Shutting down and abandoning module Toolbox (372)
[2017.10.12-07.22.19:827][124]LogModuleManager: Shutting down and abandoning module ModuleUI (370)
[2017.10.12-07.22.19:827][124]LogModuleManager: Shutting down and abandoning module MovieSceneTools (368)
[2017.10.12-07.22.19:827][124]LogModuleManager: Shutting down and abandoning module OutputLog (366)
[2017.10.12-07.22.19:827][124]LogModuleManager: Shutting down and abandoning module GammaUI (364)
[2017.10.12-07.22.19:827][124]LogModuleManager: Shutting down and abandoning module Documentation (362)
[2017.10.12-07.22.19:827][124]LogModuleManager: Shutting down and abandoning module MovieSceneTracks (360)
[2017.10.12-07.22.19:827][124]LogModuleManager: Shutting down and abandoning module MovieScene (358)
[2017.10.12-07.22.19:827][124]LogModuleManager: Shutting down and abandoning module Niagara (356)
[2017.10.12-07.22.19:827][124]LogModuleManager: Shutting down and abandoning module NiagaraEditor (355)
[2017.10.12-07.22.19:828][124]LogModuleManager: Shutting down and abandoning module StreamingPauseRendering (352)
[2017.10.12-07.22.19:828][124]LogModuleManager: Shutting down and abandoning module LauncherPlatform (350)
[2017.10.12-07.22.19:828][124]LogModuleManager: Shutting down and abandoning module AnalyticsET (348)
[2017.10.12-07.22.19:828][124]LogModuleManager: Shutting down and abandoning module PortalServices (346)
[2017.10.12-07.22.19:828][124]LogModuleManager: Shutting down and abandoning module PortalRpc (344)
[2017.10.12-07.22.19:828][124]LogModuleManager: Shutting down and abandoning module MessagingRpc (342)
[2017.10.12-07.22.19:828][124]LogModuleManager: Shutting down and abandoning module AIModule (340)
[2017.10.12-07.22.19:828][124]LogModuleManager: Shutting down and abandoning module GameplayDebugger (339)
[2017.10.12-07.22.19:828][124]LogModuleManager: Shutting down and abandoning module AITestSuite (337)
[2017.10.12-07.22.19:828][124]LogModuleManager: Shutting down and abandoning module ProfilerService (334)
[2017.10.12-07.22.19:868][124]LogModuleManager: Shutting down and abandoning module TaskGraph (332)
[2017.10.12-07.22.19:868][124]LogModuleManager: Shutting down and abandoning module SteamVRController (330)
[2017.10.12-07.22.19:868][124]LogModuleManager: Shutting down and abandoning module ProceduralMeshComponentEditor (328)
[2017.10.12-07.22.19:868][124]LogModuleManager: Shutting down and abandoning module ProceduralMeshComponent (326)
[2017.10.12-07.22.19:868][124]LogModuleManager: Shutting down and abandoning module OculusInput (324)
[2017.10.12-07.22.19:868][124]LogModuleManager: Shutting down and abandoning module MobilePatchingUtils (322)
[2017.10.12-07.22.19:869][124]LogModuleManager: Shutting down and abandoning module CustomMeshComponent (320)
[2017.10.12-07.22.19:869][124]LogModuleManager: Shutting down and abandoning module CableComponent (318)
[2017.10.12-07.22.19:869][124]LogModuleManager: Shutting down and abandoning module ArchVisCharacter (316)
[2017.10.12-07.22.19:869][124]LogModuleManager: Shutting down and abandoning module AndroidPermission (314)
[2017.10.12-07.22.19:869][124]LogModuleManager: Shutting down and abandoning module MediaPlayerEditor (310)
[2017.10.12-07.22.19:869][124]LogModuleManager: Shutting down and abandoning module HTML5Networking (308)
[2017.10.12-07.22.19:869][124]LogModuleManager: Shutting down and abandoning module AlembicImporter (306)
[2017.10.12-07.22.19:869][124]LogModuleManager: Shutting down and abandoning module AlembicLibrary (305)
[2017.10.12-07.22.19:869][124]LogModuleManager: Shutting down and abandoning module GeometryCache (304)
[2017.10.12-07.22.19:869][124]LogModuleManager: Shutting down and abandoning module GeometryCacheEd (303)
[2017.10.12-07.22.19:869][124]LogModuleManager: Shutting down and abandoning module SpeedTreeImporter (298)
[2017.10.12-07.22.19:869][124]LogModuleManager: Shutting down and abandoning module PluginBrowser (296)
[2017.10.12-07.22.19:870][124]LogModuleManager: Shutting down and abandoning module MobileLauncherProfileWizard (294)
[2017.10.12-07.22.19:870][124]LogModuleManager: Shutting down and abandoning module VisualStudioSourceCodeAccess (292)
[2017.10.12-07.22.19:870][124]LogModuleManager: Shutting down and abandoning module DesktopPlatform (291)
[2017.10.12-07.22.19:870][124]LogModuleManager: Shutting down and abandoning module UObjectPlugin (288)
[2017.10.12-07.22.19:870][124]LogModuleManager: Shutting down and abandoning module SubversionSourceControl (286)
[2017.10.12-07.22.19:870][124]LogModuleManager: Shutting down and abandoning module PerforceSourceControl (284)
[2017.10.12-07.22.19:870][124]LogModuleManager: Shutting down and abandoning module GitSourceControl (282)
[2017.10.12-07.22.19:870][124]LogModuleManager: Shutting down and abandoning module SourceControl (281)
[2017.10.12-07.22.19:871][124]LogModuleManager: Shutting down and abandoning module LightPropagationVolumeEditor (278)
[2017.10.12-07.22.19:871][124]LogModuleManager: Shutting down and abandoning module PaperTiledImporter (276)
[2017.10.12-07.22.19:871][124]LogModuleManager: Shutting down and abandoning module PaperSpriteSheetImporter (274)
[2017.10.12-07.22.19:871][124]LogModuleManager: Shutting down and abandoning module Paper2DEditor (272)
[2017.10.12-07.22.19:871][124]LogModuleManager: Shutting down and abandoning module MeshPaint (271)
[2017.10.12-07.22.19:871][124]LogModuleManager: Shutting down and abandoning module LevelEditor (269)
[2017.10.12-07.22.19:872][124]LogModuleManager: Shutting down and abandoning module PixelInspectorModule (268)
[2017.10.12-07.22.19:872][124]LogModuleManager: Shutting down and abandoning module MainFrame (266)
[2017.10.12-07.22.19:872][124]LogModuleManager: Shutting down and abandoning module HotReload (265)
[2017.10.12-07.22.19:873][124]LogModuleManager: Shutting down and abandoning module RuntimePhysXCooking (260)
[2017.10.12-07.22.19:873][124]LogModuleManager: Shutting down and abandoning module PhysXVehiclesEditor (258)
[2017.10.12-07.22.19:873][124]LogModuleManager: Shutting down and abandoning module PhysXVehicles (256)
[2017.10.12-07.22.19:874][124]LogModuleManager: Shutting down and abandoning module OculusEditor (254)
[2017.10.12-07.22.19:874][124]LogModuleManager: Shutting down and abandoning module LocationServicesBPLibrary (252)
[2017.10.12-07.22.19:874][124]LogModuleManager: Shutting down and abandoning module ImmediatePhysicsEditor (250)
[2017.10.12-07.22.19:874][124]LogModuleManager: Shutting down and abandoning module ImmediatePhysics (248)
[2017.10.12-07.22.19:874][124]LogModuleManager: Shutting down and abandoning module UdpMessaging (246)
[2017.10.12-07.22.19:975][124]LogModuleManager: Shutting down and abandoning module TcpMessaging (244)
[2017.10.12-07.22.20:075][124]LogModuleManager: Shutting down and abandoning module GameplayTagsEditor (242)
[2017.10.12-07.22.20:075][124]LogModuleManager: Shutting down and abandoning module FacialAnimationEditor (240)
[2017.10.12-07.22.20:075][124]LogModuleManager: Shutting down and abandoning module FacialAnimation (238)
[2017.10.12-07.22.20:075][124]LogModuleManager: Shutting down and abandoning module AssetManagerEditor (236)
[2017.10.12-07.22.20:075][124]LogModuleManager: Shutting down and abandoning module GraphEditor (235)
[2017.10.12-07.22.20:076][124]LogModuleManager: Shutting down and abandoning module ContentBrowser (233)
[2017.10.12-07.22.20:078][124]LogModuleManager: Shutting down and abandoning module LightPropagationVolumeRuntime (230)
[2017.10.12-07.22.20:078][124]LogModuleManager: Shutting down and abandoning module Paper2D (228)
[2017.10.12-07.22.20:079][124]LogModuleManager: Shutting down and abandoning module WindowsMoviePlayer (226)
[2017.10.12-07.22.20:079][124]LogModuleManager: Shutting down and abandoning module WmfMedia (224)
[2017.10.12-07.22.20:079][124]LogModuleManager: Shutting down and abandoning module PacketHandler (222)
[2017.10.12-07.22.20:079][124]LogModuleManager: Shutting down and abandoning module ClothingSystemEditor (220)
[2017.10.12-07.22.20:079][124]LogModuleManager: Shutting down and abandoning module ClothingSystemRuntime (218)
[2017.10.12-07.22.20:079][124]LogModuleManager: Shutting down and abandoning module Overlay (216)
[2017.10.12-07.22.20:080][124]LogModuleManager: Shutting down and abandoning module OverlayEditor (215)
[2017.10.12-07.22.20:080][124]LogModuleManager: Shutting down and abandoning module MediaAssets (212)
[2017.10.12-07.22.20:080][124]LogModuleManager: Shutting down and abandoning module VREditor (210)
[2017.10.12-07.22.20:080][124]LogModuleManager: Shutting down and abandoning module StringTableEditor (208)
[2017.10.12-07.22.20:080][124]LogModuleManager: Shutting down and abandoning module GameplayTasksEditor (206)
[2017.10.12-07.22.20:080][124]LogModuleManager: Shutting down and abandoning module BehaviorTreeEditor (204)
[2017.10.12-07.22.20:080][124]LogModuleManager: Shutting down and abandoning module FunctionalTesting (202)
[2017.10.12-07.22.20:080][124]LogModuleManager: Shutting down and abandoning module CollisionAnalyzer (200)
[2017.10.12-07.22.20:080][124]LogModuleManager: Shutting down and abandoning module WorkspaceMenuStructure (199)
[2017.10.12-07.22.20:080][124]LogModuleManager: Shutting down and abandoning module UMG (196)
[2017.10.12-07.22.20:080][124]LogModuleManager: Shutting down and abandoning module UMGEditor (195)
[2017.10.12-07.22.20:080][124]LogModuleManager: Shutting down and abandoning module Sequencer (194)
[2017.10.12-07.22.20:081][124]LogModuleManager: Shutting down and abandoning module MessageLog (191)
[2017.10.12-07.22.20:081][124]LogModuleManager: Shutting down and abandoning module SlateReflector (186)
[2017.10.12-07.22.20:081][124]LogModuleManager: Shutting down and abandoning module Slate (184)
[2017.10.12-07.22.20:081][124]LogModuleManager: Shutting down and abandoning module EditorStyle (182)
[2017.10.12-07.22.20:090][124]LogModuleManager: Shutting down and abandoning module MRMesh (180)
[2017.10.12-07.22.20:090][124]LogModuleManager: Shutting down and abandoning module SourceCodeAccess (178)
[2017.10.12-07.22.20:090][124]LogModuleManager: Shutting down and abandoning module HeadMountedDisplay (176)
[2017.10.12-07.22.20:090][124]LogModuleManager: Shutting down and abandoning module XAudio2 (174)
[2017.10.12-07.22.20:090][124]LogModuleManager: Shutting down and abandoning module Networking (172)
[2017.10.12-07.22.20:090][124]LogModuleManager: Shutting down and abandoning module Core (168)
[2017.10.12-07.22.20:090][124]LogModuleManager: Shutting down and abandoning module KismetCompiler (164)
[2017.10.12-07.22.20:090][124]LogModuleManager: Shutting down and abandoning module LevelSequence (162)
[2017.10.12-07.22.20:090][124]LogModuleManager: Shutting down and abandoning module MeshUtilities (160)
[2017.10.12-07.22.20:090][124]LogModuleManager: Shutting down and abandoning module MeshMergeUtilities (159)
[2017.10.12-07.22.20:091][124]LogModuleManager: Shutting down and abandoning module MeshReductionInterface (158)
[2017.10.12-07.22.20:091][124]LogModuleManager: Shutting down and abandoning module SimplygonSwarm (157)
[2017.10.12-07.22.20:091][124]LogModuleManager: Shutting down and abandoning module SimplygonMeshReduction (155)
[2017.10.12-07.22.20:091][124]LogModuleManager: Shutting down and abandoning module QuadricMeshReduction (153)
[2017.10.12-07.22.20:091][124]LogModuleManager: Shutting down and abandoning module MaterialBaking (149)
[2017.10.12-07.22.20:091][124]LogModuleManager: Shutting down and abandoning module DirectoryWatcher (146)
[2017.10.12-07.22.20:093][124]LogModuleManager: Shutting down and abandoning module DerivedDataCache (144)
[2017.10.12-07.22.20:175][124]LogDerivedDataCache: Shutdown
[2017.10.12-07.22.20:175][124]LogModuleManager: Shutting down and abandoning module TargetPlatform (142)
[2017.10.12-07.22.20:175][124]LogModuleManager: Shutting down and abandoning module VulkanShaderFormat (141)
[2017.10.12-07.22.20:175][124]LogModuleManager: Shutting down and abandoning module ShaderFormatVectorVM (139)
[2017.10.12-07.22.20:175][124]LogModuleManager: Shutting down and abandoning module ShaderFormatOpenGL (137)
[2017.10.12-07.22.20:175][124]LogModuleManager: Shutting down and abandoning module ShaderFormatD3D (135)
[2017.10.12-07.22.20:175][124]LogModuleManager: Shutting down and abandoning module MetalShaderFormat (133)
[2017.10.12-07.22.20:175][124]LogModuleManager: Shutting down and abandoning module TextureFormatUncompressed (131)
[2017.10.12-07.22.20:175][124]LogModuleManager: Shutting down and abandoning module TextureFormatPVR (129)
[2017.10.12-07.22.20:175][124]LogModuleManager: Shutting down and abandoning module TextureFormatDXT (127)
[2017.10.12-07.22.20:175][124]LogModuleManager: Shutting down and abandoning module TextureFormatIntelISPCTexComp (125)
[2017.10.12-07.22.20:175][124]LogModuleManager: Shutting down and abandoning module TextureFormatASTC (123)
[2017.10.12-07.22.20:176][124]LogModuleManager: Shutting down and abandoning module ImageWrapper (122)
[2017.10.12-07.22.20:176][124]LogModuleManager: Shutting down and abandoning module TextureFormatAndroid (119)
[2017.10.12-07.22.20:176][124]LogModuleManager: Shutting down and abandoning module AudioFormatOpus (117)
[2017.10.12-07.22.20:176][124]LogModuleManager: Shutting down and abandoning module AudioFormatOgg (115)
[2017.10.12-07.22.20:176][124]LogModuleManager: Shutting down and abandoning module AudioFormatADPCM (113)
[2017.10.12-07.22.20:176][124]LogModuleManager: Shutting down and abandoning module LinuxTargetPlatform (111)
[2017.10.12-07.22.20:176][124]LogModuleManager: Shutting down and abandoning module LinuxServerTargetPlatform (109)
[2017.10.12-07.22.20:176][124]LogModuleManager: Shutting down and abandoning module LinuxNoEditorTargetPlatform (107)
[2017.10.12-07.22.20:176][124]LogModuleManager: Shutting down and abandoning module LinuxClientTargetPlatform (105)
[2017.10.12-07.22.20:176][124]LogModuleManager: Shutting down and abandoning module TVOSTargetPlatform (103)
[2017.10.12-07.22.20:176][124]LogModuleManager: Shutting down and abandoning module Messaging (101)
[2017.10.12-07.22.20:177][124]LogModuleManager: Shutting down and abandoning module IOSTargetPlatform (99)
[2017.10.12-07.22.20:177][124]LogModuleManager: Shutting down and abandoning module HTML5TargetPlatform (97)
[2017.10.12-07.22.20:177][124]LogModuleManager: Shutting down and abandoning module Android_PVRTCTargetPlatform (95)
[2017.10.12-07.22.20:177][124]LogModuleManager: Shutting down and abandoning module Android_MultiTargetPlatform (93)
[2017.10.12-07.22.20:177][124]LogModuleManager: Shutting down and abandoning module Android_ETC2TargetPlatform (91)
[2017.10.12-07.22.20:177][124]LogModuleManager: Shutting down and abandoning module Android_ETC1TargetPlatform (89)
[2017.10.12-07.22.20:177][124]LogModuleManager: Shutting down and abandoning module Android_DXTTargetPlatform (87)
[2017.10.12-07.22.20:177][124]LogModuleManager: Shutting down and abandoning module Android_ATCTargetPlatform (85)
[2017.10.12-07.22.20:177][124]LogModuleManager: Shutting down and abandoning module Android_ASTCTargetPlatform (83)
[2017.10.12-07.22.20:177][124]LogModuleManager: Shutting down and abandoning module AndroidTargetPlatform (81)
[2017.10.12-07.22.20:177][124]LogModuleManager: Shutting down and abandoning module WindowsTargetPlatform (79)
[2017.10.12-07.22.20:177][124]LogModuleManager: Shutting down and abandoning module WindowsServerTargetPlatform (77)
[2017.10.12-07.22.20:177][124]LogModuleManager: Shutting down and abandoning module WindowsNoEditorTargetPlatform (75)
[2017.10.12-07.22.20:178][124]LogModuleManager: Shutting down and abandoning module WindowsClientTargetPlatform (73)
[2017.10.12-07.22.20:178][124]LogModuleManager: Shutting down and abandoning module MacTargetPlatform (71)
[2017.10.12-07.22.20:178][124]LogModuleManager: Shutting down and abandoning module MacServerTargetPlatform (69)
[2017.10.12-07.22.20:178][124]LogModuleManager: Shutting down and abandoning module MacNoEditorTargetPlatform (67)
[2017.10.12-07.22.20:178][124]LogModuleManager: Shutting down and abandoning module MacClientTargetPlatform (65)
[2017.10.12-07.22.20:178][124]LogModuleManager: Shutting down and abandoning module AllDesktopTargetPlatform (63)
[2017.10.12-07.22.20:178][124]LogModuleManager: Shutting down and abandoning module InputCore (60)
[2017.10.12-07.22.20:178][124]LogModuleManager: Shutting down and abandoning module Settings (58)
[2017.10.12-07.22.20:178][124]LogModuleManager: Shutting down and abandoning module PhysXCooking (56)
[2017.10.12-07.22.20:178][124]LogModuleManager: Shutting down and abandoning module SteamVR (54)
[2017.10.12-07.22.20:179][124]LogModuleManager: Shutting down and abandoning module OculusHMD (52)
[2017.10.12-07.22.20:179][124]LogModuleManager: Shutting down and abandoning module ExampleDeviceProfileSelector (50)
[2017.10.12-07.22.20:179][124]LogModuleManager: Shutting down and abandoning module OnlineBlueprintSupport (48)
[2017.10.12-07.22.20:179][124]LogModuleManager: Shutting down and abandoning module OnlineSubsystem (44)
[2017.10.12-07.22.20:179][124]LogOnline: Display: Unloading online subsystem: NULL
[2017.10.12-07.22.20:179][124]LogModuleManager: Shutting down and abandoning module XMPP (43)
[2017.10.12-07.22.20:179][124]LogModuleManager: Shutting down and abandoning module HTTP (41)
[2017.10.12-07.22.20:179][124]LogHttp: Display: Http module shutting down, but needs to wait on 1 outstanding Http requests:
[2017.10.12-07.22.20:179][124]LogHttp: Display: 	verb=[POST] url=[https://datarouter.ol.epicgames.com/datarouter/api/v1/public/data?SessionID=%7B2927227A-42EE-7DFC-06DF-9AB449B34F66%7D&AppID=UEEditor.Rocket.Release&AppVersion=4.17.1-3586342%2B%2B%2BUE4%2BRelease-4.17&UserID=0efcc9714911522ee20bfea314a53ba2%7Cedac503300a34cfaa64394f1cb5130c7%7C44d9ab76-44fa-4e37-9604-830ef5004ef4&AppEnvironment=datacollector-binary&UploadType=eteventstream] status=Processing
[2017.10.12-07.22.20:194][124]LogModuleManager: Shutting down and abandoning module SSL (40)
[2017.10.12-07.22.20:199][124]LogModuleManager: Shutting down and abandoning module AnimationModifiers (36)
[2017.10.12-07.22.20:199][124]LogModuleManager: Shutting down and abandoning module PropertyEditor (35)
[2017.10.12-07.22.20:199][124]LogModuleManager: Shutting down and abandoning module AudioEditor (32)
[2017.10.12-07.22.20:199][124]LogModuleManager: Shutting down and abandoning module TextureCompressor (30)
[2017.10.12-07.22.20:200][124]LogModuleManager: Shutting down and abandoning module ShaderCore (28)
[2017.10.12-07.22.20:200][124]LogModuleManager: Shutting down and abandoning module Landscape (26)
[2017.10.12-07.22.20:200][124]LogModuleManager: Shutting down and abandoning module SlateRHIRenderer (24)
[2017.10.12-07.22.20:202][124]LogModuleManager: Shutting down and abandoning module OpenGLDrv (22)
[2017.10.12-07.22.20:202][124]LogModuleManager: Shutting down and abandoning module D3D11RHI (20)
[2017.10.12-07.22.20:202][124]LogModuleManager: Shutting down and abandoning module AnimGraphRuntime (18)
[2017.10.12-07.22.20:202][124]LogModuleManager: Shutting down and abandoning module Renderer (16)
[2017.10.12-07.22.20:202][124]LogModuleManager: Shutting down and abandoning module Engine (14)
[2017.10.12-07.22.20:202][124]LogModuleManager: Shutting down and abandoning module CoreUObject (12)
[2017.10.12-07.22.20:202][124]LogModuleManager: Shutting down and abandoning module NetworkFile (10)
[2017.10.12-07.22.20:202][124]LogModuleManager: Shutting down and abandoning module CookedIterativeFile (8)
[2017.10.12-07.22.20:202][124]LogModuleManager: Shutting down and abandoning module StreamingFile (6)
[2017.10.12-07.22.20:203][124]LogModuleManager: Shutting down and abandoning module SandboxFile (4)
[2017.10.12-07.22.20:203][124]LogModuleManager: Shutting down and abandoning module PakFile (2)
[2017.10.12-07.22.20:207][124]LogExit: Exiting.
[2017.10.12-07.22.20:303][124]Log file closed, 10/12/17 17:52:20
