"../../../Game/Content/SpaceSuitEnemy_Skeleton.uasset" 0
"../../../Game/Content/EnemyAttackAnim.uasset" 1
"../../../Game/Content/AnimStarterPack/UE4_Mannequin/Mesh/UE4_Mannequin_Skeleton.uasset" 2
"../../../Game/Content/AnimStarterPack/Aim_Space_Hip.uasset" 3
"../../../Game/Content/AnimStarterPack/Aim_Space_Ironsights.uasset" 4
"../../../Game/Content/AnimStarterPack/Crouch_to_Stand_Rifle_Hip.uasset" 5
"../../../Game/Content/AnimStarterPack/Crouch_to_Stand_Rifle_Ironsights.uasset" 6
"../../../Game/Content/AnimStarterPack/Crouch_Walk_Bwd_Rifle_Ironsights.uasset" 7
"../../../Game/Content/AnimStarterPack/Crouch_Walk_Lt_Rifle_Ironsights.uasset" 8
"../../../Game/Content/AnimStarterPack/Crouch_Walk_Rt_Rifle_Ironsights.uasset" 9
"../../../Game/Content/AnimStarterPack/Death_1.uasset" 10
"../../../Game/Content/AnimStarterPack/Death_2.uasset" 11
"../../../Game/Content/AnimStarterPack/Death_3.uasset" 12
"../../../Game/Content/AnimStarterPack/Death_Ironsights_1.uasset" 13
"../../../Game/Content/AnimStarterPack/Death_Ironsights_2.uasset" 14
"../../../Game/Content/AnimStarterPack/Equip_Rifle_Standing.uasset" 15
"../../../Game/Content/AnimStarterPack/Fire_Rifle_Hip.uasset" 16
"../../../Game/Content/AnimStarterPack/Fire_Shotgun_Hip.uasset" 17
"../../../Game/Content/AnimStarterPack/Fire_Shotgun_Ironsights.uasset" 18
"../../../Game/Content/AnimStarterPack/Hit_React_4.uasset" 19
"../../../Game/Content/AnimStarterPack/Idle_Pistol.uasset" 20
"../../../Game/Content/AnimStarterPack/Idle_Rifle_Ironsights.uasset" 21
"../../../Game/Content/AnimStarterPack/Jump_From_Stand_Ironsights.uasset" 22
"../../../Game/Content/AnimStarterPack/Prone_Death_1.uasset" 23
"../../../Game/Content/AnimStarterPack/Prone_Death_2.uasset" 24
"../../../Game/Content/AnimStarterPack/Prone_Fire_1.uasset" 25
"../../../Game/Content/AnimStarterPack/Prone_Fire_2.uasset" 26
"../../../Game/Content/AnimStarterPack/Prone_Idle.uasset" 27
"../../../Game/Content/AnimStarterPack/Prone_Reload_Rifle.uasset" 28
"../../../Game/Content/AnimStarterPack/Prone_Reload_Shotgun.uasset" 29
"../../../Game/Content/AnimStarterPack/Prone_To_Stand.uasset" 30
"../../../Game/Content/AnimStarterPack/Reload_Pistol.uasset" 31
"../../../Game/Content/AnimStarterPack/Reload_Rifle_Ironsights.uasset" 32
"../../../Game/Content/AnimStarterPack/Reload_Shotgun_Hip.uasset" 33
"../../../Game/Content/AnimStarterPack/Reload_Shotgun_Ironsights.uasset" 34
"../../../Game/Content/AnimStarterPack/Sprint_Fwd_Rifle.uasset" 35
"../../../Game/Content/AnimStarterPack/Stand_to_Crouch_Rifle_Hip.uasset" 36
"../../../Game/Content/AnimStarterPack/Stand_to_Crouch_Rifle_Ironsights.uasset" 37
"../../../Game/Content/AnimStarterPack/Stand_To_Prone.uasset" 38
"../../../Game/Content/AnimStarterPack/Walk_Bwd_Rifle_Ironsights.uasset" 39
"../../../Game/Content/AnimStarterPack/Walk_Lt_Rifle_Ironsights.uasset" 40
"../../../Game/Content/AnimStarterPack/Walk_Rt_Rifle_Ironsights.uasset" 41
"../../../Game/Content/AnimStarterPack/UE4_Mannequin/Textures/UE4_LOGO_CARD.uasset" 42
"../../../Game/Content/FirstPerson/Audio/FirstPersonTemplateWeaponFire02.uasset" 43
"../../../Game/Content/FirstPerson/Character/Textures/UE4_LOGO_CARD.uasset" 44
"../../../Game/Content/FirstPerson/FPWeapon/Materials/MaterialLayers/T_ML_FineRubber.uasset" 45
"../../../Game/Content/FirstPerson/FPWeapon/Materials/MaterialLayers/T_ML_Rubber_Blue_01_D.uasset" 46
"../../../Game/Content/FirstPerson/FPWeapon/Materials/MaterialLayers/T_ML_Rubber_Blue_01_N.uasset" 47
"../../../Game/Content/FirstPerson/FPWeapon/Mesh/SK_FPGun_PhysicsAsset.uasset" 48
"../../../Game/Content/FirstPerson/Meshes/BaseMaterial.uasset" 49
"../../../Game/Content/FirstPerson/Meshes/FirstPersonProjectileMaterial.uasset" 50
"../../../Game/Content/FirstPerson/Meshes/FirstPersonProjectileMesh.uasset" 51
"../../../Engine/Content/EditorBlueprintResources/StandardMacros.uasset" 52
"../../../Game/Content/FirstPerson/Character/Mesh/SK_Mannequin_Arms_Skeleton.uasset" 53
"../../../Game/Content/FirstPerson/Animations/FirstPerson_Idle.uasset" 54
"../../../Game/Content/FirstPerson/Animations/FirstPerson_JumpEnd.uasset" 55
"../../../Game/Content/FirstPerson/Animations/FirstPerson_JumpLoop.uasset" 56
"../../../Game/Content/FirstPerson/Animations/FirstPerson_JumpStart.uasset" 57
"../../../Game/Content/FirstPerson/Animations/FirstPerson_Run.uasset" 58
"../../../Game/Content/FirstPerson/Animations/FirstPerson_AnimBP.uasset" 59
"../../../Game/Content/FirstPerson/Animations/FirstPerson_Fire.uasset" 60
"../../../Game/Content/FirstPerson/Animations/FirstPersonFire_Montage.uasset" 61
"../../../Game/Content/FirstPersonBP/Material/TargetRed.uasset" 62
"../../../Engine/Content/Functions/Engine_MaterialFunctions01/Opacity/CameraDepthFade.uasset" 63
"../../../Engine/Content/EngineMaterials/T_Default_Material_Grid_M.uasset" 64
"../../../Engine/Content/EngineMaterials/T_Default_Material_Grid_N.uasset" 65
"../../../Engine/Content/EngineMaterials/WorldGridMaterial.uasset" 66
"../../../Engine/Content/BasicShapes/Cube.uasset" 67
"../../../Game/Content/FirstPersonBP/Blueprints/FirstPersonProjectile.uasset" 68
"../../../Game/Content/PPGContent/Materials/Textures/FaceBlank.uasset" 69
"../../../Game/Content/PPGContent/Materials/Face0.uasset" 70
"../../../Game/Content/PPGContent/Materials/Textures/Metal.uasset" 71
"../../../Game/Content/PPGContent/Materials/Metal.uasset" 72
"../../../Game/Content/PPGContent/Items/Gun.uasset" 73
"../../../Game/Content/FirstPersonBP/Blueprints/P_Gun_Magnum.uasset" 74
"../../../Game/Content/PPGContent/Materials/Blue.uasset" 75
"../../../Game/Content/PPGContent/Materials/magnetic_strip.uasset" 76
"../../../Game/Content/FirstPersonBP/Blueprints/P_Keycard.uasset" 77
"../../../Game/Content/PPGContent/Materials/Textures/FaceMagnum.uasset" 78
"../../../Game/Content/PPGContent/Materials/Face1.uasset" 79
"../../../Game/Content/PPGContent/Materials/Textures/FaceLoretta.uasset" 80
"../../../Game/Content/PPGContent/Materials/Face2.uasset" 81
"../../../Engine/Content/Functions/MaterialLayerFunctions/MatLayerBlend_NormalBlend.uasset" 82
"../../../Engine/Content/Functions/MaterialLayerFunctions/MatLayerBlend_Simple.uasset" 83
"../../../Game/Content/FirstPerson/Character/Materials/MaterialLayers/T_ML_Aluminum01.uasset" 84
"../../../Game/Content/FirstPerson/Character/Materials/MaterialLayers/T_ML_Aluminum01_N.uasset" 85
"../../../Game/Content/FirstPerson/Character/Materials/MaterialLayers/ML_SoftMetal_UE4.uasset" 86
"../../../Game/Content/FirstPerson/Character/Textures/UE4_Mannequin__normals.uasset" 87
"../../../Game/Content/FirstPerson/Character/Textures/UE4_Mannequin_MAT_MASKA.uasset" 88
"../../../Game/Content/FirstPerson/Character/Materials/M_UE4Man_Body.uasset" 89
"../../../Game/Content/FirstPerson/Character/Mesh/SK_Mannequin_Arms_PhysicsAsset.uasset" 90
"../../../Game/Content/FirstPerson/Character/Mesh/SK_Mannequin_Arms.uasset" 91
"../../../Game/Content/FirstPerson/FPWeapon/Materials/MaterialLayers/ML_Screen.uasset" 92
"../../../Game/Content/FirstPerson/FPWeapon/Materials/MaterialLayers/T_ML_Aluminum01.uasset" 93
"../../../Game/Content/FirstPerson/FPWeapon/Materials/MaterialLayers/T_ML_Aluminum01_N.uasset" 94
"../../../Game/Content/FirstPerson/FPWeapon/Materials/MaterialLayers/ML_SoftMetal_UE4.uasset" 95
"../../../Game/Content/FirstPerson/FPWeapon/Textures/T_FPGun_M.uasset" 96
"../../../Game/Content/FirstPerson/FPWeapon/Textures/T_FPGun_N.uasset" 97
"../../../Game/Content/FirstPerson/FPWeapon/Materials/M_FPGun.uasset" 98
"../../../Game/Content/FirstPerson/FPWeapon/Mesh/SK_FPGun_Skeleton.uasset" 99
"../../../Game/Content/FirstPerson/FPWeapon/Mesh/SK_FPGun.uasset" 100
"../../../Game/Content/PPGContent/Audio/Dialogue/L_line2.uasset" 101
"../../../Game/Content/PPGContent/Audio/Dialogue/L_line3.uasset" 102
"../../../Game/Content/PPGContent/Audio/Dialogue/L_line4.uasset" 103
"../../../Game/Content/PPGContent/Audio/Dialogue/M_line17.uasset" 104
"../../../Game/Content/PPGContent/Audio/Dialogue/M_line18.uasset" 105
"../../../Game/Content/PPGContent/Audio/Dialogue/M_line19.uasset" 106
"../../../Game/Content/PPGContent/Audio/Dialogue/M_line4.uasset" 107
"../../../Game/Content/PPGContent/Audio/Dialogue/M_line5.uasset" 108
"../../../Game/Content/PPGContent/Audio/Dialogue/M_line9.uasset" 109
"../../../Game/Content/PPGContent/Audio/Game_Sounds/Laser_sound.uasset" 110
"../../../Game/Content/PPGContent/Audio/Game_Sounds/PewPew.uasset" 111
"../../../Game/Content/PPGContent/Characters/Player/Blood_HUD1.uasset" 112
"../../../Game/Content/PPGContent/Characters/Player/Blood_Effect_HUD.uasset" 113
"../../../Game/Content/PPGContent/Characters/Player/UI.uasset" 114
"../../../Game/Content/PPGContent/Menus/game_title_logo_1024_Ryan-Mann.uasset" 115
"../../../Game/Content/PPGContent/Menus/DeathScreen.uasset" 116
"../../../Game/Content/PPGContent/Menus/Options.uasset" 117
"../../../Game/Content/PPGContent/Menus/PauseMenu.uasset" 118
"../../../Game/Content/FirstPersonBP/Blueprints/FirstPersonCharacter.uasset" 119
"../../../Engine/Content/BasicShapes/BasicShapeMaterial.uasset" 120
"../../../Engine/Content/EngineMaterials/DefaultMaterial.uasset" 121
"../../../Engine/Content/BasicShapes/Cylinder.uasset" 122
"../../../Game/Content/StarterContent/Audio/Explosion01.uasset" 123
"../../../Game/Content/StarterContent/Textures/T_Burst_M.uasset" 124
"../../../Game/Content/StarterContent/Particles/Materials/M_Burst.uasset" 125
"../../../Game/Content/StarterContent/Textures/T_Explosion_SubUV.uasset" 126
"../../../Game/Content/StarterContent/Particles/Materials/M_explosion_subUV.uasset" 127
"../../../Game/Content/StarterContent/Particles/Materials/m_flare_01.uasset" 128
"../../../Engine/Content/Functions/Engine_MaterialFunctions01/Gradient/RadialGradient.uasset" 129
"../../../Game/Content/StarterContent/Particles/Materials/M_radial_ramp.uasset" 130
"../../../Game/Content/StarterContent/Textures/T_Smoke_SubUV.uasset" 131
"../../../Game/Content/StarterContent/Textures/T_Smoke_Tiled_D.uasset" 132
"../../../Game/Content/StarterContent/Particles/Materials/M_smoke_subUV.uasset" 133
"../../../Game/Content/StarterContent/Particles/P_Explosion.uasset" 134
"../../../Game/Content/FirstPersonBP/Blueprints/CylinderTarget_Blueprint.uasset" 135
"../../../Game/Content/AnimStarterPack/Crouch_Idle_Rifle_Hip.uasset" 136
"../../../Game/Content/AnimStarterPack/Idle_Rifle_Hip.uasset" 137
"../../../Game/Content/AnimStarterPack/Jump_From_Jog.uasset" 138
"../../../Game/Content/AnimStarterPack/Jump_From_Stand.uasset" 139
"../../../Game/Content/AnimStarterPack/Crouch_Walk_Bwd_Rifle_Hip.uasset" 140
"../../../Game/Content/AnimStarterPack/Crouch_Walk_Fwd_Rifle_Hip.uasset" 141
"../../../Game/Content/AnimStarterPack/Crouch_Walk_Lt_Rifle_Hip.uasset" 142
"../../../Game/Content/AnimStarterPack/Crouch_Walk_Rt_Rifle_Hip.uasset" 143
"../../../Game/Content/AnimStarterPack/BS_CrouchWalk.uasset" 144
"../../../Game/Content/AnimStarterPack/Jog_Bwd_Rifle.uasset" 145
"../../../Game/Content/AnimStarterPack/Jog_Fwd_Rifle.uasset" 146
"../../../Game/Content/AnimStarterPack/Jog_Lt_Rifle.uasset" 147
"../../../Game/Content/AnimStarterPack/Jog_Rt_Rifle.uasset" 148
"../../../Game/Content/AnimStarterPack/BS_Jog.uasset" 149
"../../../Game/Content/AnimStarterPack/UE4ASP_HeroTPP_AnimBlueprint.uasset" 150
"../../../Engine/Content/Functions/MaterialLayerFunctions/MatLayerBlend_AO.uasset" 151
"../../../Game/Content/AnimStarterPack/UE4_Mannequin/Textures/UE4_Mannequin__normals.uasset" 152
"../../../Game/Content/AnimStarterPack/UE4_Mannequin/Textures/UE4_Mannequin_MAT_MASKA.uasset" 153
"../../../Game/Content/AnimStarterPack/UE4_Mannequin/Materials/M_UE4Man_Body.uasset" 154
"../../../Game/Content/AnimStarterPack/UE4_Mannequin/Textures/UE4Man_Logo_N.uasset" 155
"../../../Game/Content/AnimStarterPack/UE4_Mannequin/Materials/M_UE4Man_ChestLogo.uasset" 156
"../../../Game/Content/AnimStarterPack/UE4_Mannequin/Mesh/SK_Mannequin_PhysicsAsset.uasset" 157
"../../../Game/Content/AnimStarterPack/UE4_Mannequin/Mesh/SK_Mannequin.uasset" 158
"../../../Game/Content/AnimStarterPack/Ue4ASP_Character.uasset" 159
"../../../Game/Content/FirstPersonBP/Enemy/EnemyBlackBoard.uasset" 160
"../../../Game/Content/FirstPersonBP/Enemy/DoAttackTask.uasset" 161
"../../../Game/Content/FirstPersonBP/Enemy/ResetValueTask.uasset" 162
"../../../Game/Content/FirstPersonBP/Enemy/EnemyBehaviour.uasset" 163
"../../../Game/Content/FirstPersonBP/Enemy/EnemyController.uasset" 164
"../../../Game/Content/FirstPersonBP/Enemy/EnemyCharacter.uasset" 165
"../../../Game/Content/FirstPersonBP/Enemy/NewBlueprint.uasset" 166
"../../../Game/Content/FirstPersonBP/UI/HUD.uasset" 167
"../../../Game/Content/FirstPersonBP/UI/LoseMenu.uasset" 168
"../../../Game/Content/FirstPersonBP/UI/WinMenu.uasset" 169
"../../../Game/Content/Geometry/Meshes/CubeMaterial.uasset" 170
"../../../Game/Content/Geometry/Meshes/1M_Cube_Chamfer.uasset" 171
"../../../Game/Content/Geometry/Meshes/TemplateFloor.uasset" 172
"../../../Game/Content/Mannequin/Character/Mesh/UE4_Mannequin_Skeleton.uasset" 173
"../../../Game/Content/Mannequin/Animations/ThirdPersonJump_End.uasset" 174
"../../../Game/Content/Mannequin/Character/Materials/MaterialLayers/T_ML_Rubber_Blue_01_D.uasset" 175
"../../../Game/Content/Mannequin/Character/Materials/MaterialLayers/T_ML_Rubber_Blue_01_N.uasset" 176
"../../../Game/Content/Mannequin/Character/Textures/UE4_LOGO_CARD.uasset" 177
"../../../Game/Content/PPGContent/Audio/Dialogue/L_random1.uasset" 178
"../../../Game/Content/PPGContent/Audio/Dialogue/M_line10.uasset" 179
"../../../Game/Content/PPGContent/Audio/Dialogue/M_line13.uasset" 180
"../../../Game/Content/PPGContent/Audio/Dialogue/M_line20.uasset" 181
"../../../Game/Content/PPGContent/Audio/Dialogue/M_line21.uasset" 182
"../../../Game/Content/PPGContent/Audio/Dialogue/M_line3.uasset" 183
"../../../Game/Content/PPGContent/Audio/Dialogue/M_line6.uasset" 184
"../../../Game/Content/PPGContent/Audio/Dialogue/M_line7.uasset" 185
"../../../Game/Content/PPGContent/Audio/Dialogue/M_line8.uasset" 186
"../../../Game/Content/PPGContent/Audio/Dialogue/M_random1.uasset" 187
"../../../Game/Content/PPGContent/Audio/Dialogue/M_random2.uasset" 188
"../../../Game/Content/PPGContent/Audio/Dialogue/P_line1.uasset" 189
"../../../Game/Content/PPGContent/Audio/Dialogue/P_line2.uasset" 190
"../../../Game/Content/PPGContent/Audio/Game_Sounds/Death_Sound_placeholder1.uasset" 191
"../../../Game/Content/PPGContent/Audio/Game_Sounds/Death_Sound_placeholder2.uasset" 192
"../../../Game/Content/PPGContent/Audio/Game_Sounds/Death_Sound_placeholder3.uasset" 193
"../../../Game/Content/PPGContent/Audio/Game_Sounds/Dev-CloseDoor-fix.uasset" 194
"../../../Game/Content/PPGContent/Audio/Game_Sounds/Dev-OpenDoor-fix.uasset" 195
"../../../Game/Content/PPGContent/Audio/Game_Sounds/Pew_1.uasset" 196
"../../../Game/Content/PPGContent/Audio/Game_Sounds/Pew_2.uasset" 197
"../../../Game/Content/PPGContent/Audio/Game_Sounds/pew_3.uasset" 198
"../../../Game/Content/Mannequin/Animations/ThirdPerson_Jump.uasset" 199
"../../../Game/Content/Mannequin/Animations/ThirdPersonJump_Loop.uasset" 200
"../../../Game/Content/Mannequin/Animations/ThirdPersonJump_Start.uasset" 201
"../../../Game/Content/Mannequin/Animations/ThirdPersonIdle.uasset" 202
"../../../Game/Content/Mannequin/Animations/ThirdPersonRun.uasset" 203
"../../../Game/Content/Mannequin/Animations/ThirdPersonWalk.uasset" 204
"../../../Game/Content/Mannequin/Animations/ThirdPerson_IdleRun_2D.uasset" 205
"../../../Game/Content/Mannequin/Animations/ThirdPerson_AnimBP.uasset" 206
"../../../Game/Content/Mannequin/Character/Materials/MaterialLayers/ML_Plastic_Shiny_Beige.uasset" 207
"../../../Game/Content/Mannequin/Character/Materials/MaterialLayers/T_ML_Aluminum01.uasset" 208
"../../../Game/Content/Mannequin/Character/Materials/MaterialLayers/T_ML_Aluminum01_N.uasset" 209
"../../../Game/Content/Mannequin/Character/Materials/MaterialLayers/ML_SoftMetal_UE4.uasset" 210
"../../../Game/Content/Mannequin/Character/Textures/UE4_Mannequin__normals.uasset" 211
"../../../Game/Content/Mannequin/Character/Textures/UE4_Mannequin_MAT_MASKA.uasset" 212
"../../../Game/Content/Mannequin/Character/Materials/M_UE4Man_Body.uasset" 213
"../../../Game/Content/Mannequin/Character/Textures/UE4Man_Logo_N.uasset" 214
"../../../Game/Content/Mannequin/Character/Materials/M_UE4Man_ChestLogo.uasset" 215
"../../../Game/Content/Mannequin/Character/Mesh/SK_Mannequin_PhysicsAsset.uasset" 216
"../../../Game/Content/Mannequin/Character/Mesh/SK_Mannequin.uasset" 217
"../../../Game/Content/PPGContent/Characters/Enemy/Base_Enemy/AI_Character_Backup.uasset" 218
"../../../Game/Content/EnemyWalkCycle.uasset" 219
"../../../Game/Content/Ai_AnimBP.uasset" 220
"../../../Game/Content/PPGContent/Audio/Game_Sounds/AI_Attack_Sound_Placeholder.uasset" 221
"../../../Game/Content/PPGContent/Audio/Game_Sounds/Ambient_AI_sound.uasset" 222
"../../../Game/Content/PPGContent/Audio/Game_Sounds/Attack_Sound_Effect.uasset" 223
"../../../Game/Content/PPGContent/Audio/Game_Sounds/Death_Sound_placeholder.uasset" 224
"../../../Game/Content/SpaceSuitEnemy_PhysicsAsset.uasset" 225
"../../../Game/Content/SpaceSuitEnemy.uasset" 226
"../../../Game/Content/PPGContent/Characters/Enemy/Base_Enemy/AI_Character.uasset" 227
"../../../Game/Content/PPGContent/Characters/Enemy/Base_Enemy/ThirdPersonGameMode.uasset" 228
"../../../Game/Content/PPGContent/Characters/Player/Blood_splatter.uasset" 229
"../../../Game/Content/StarterContent/Textures/T_Brick_Cut_Stone_D.uasset" 230
"../../../Game/Content/StarterContent/Textures/T_Brick_Cut_Stone_N.uasset" 231
"../../../Game/Content/StarterContent/Textures/T_MacroVariation.uasset" 232
"../../../Game/Content/StarterContent/Textures/T_Perlin_Noise_M.uasset" 233
"../../../Game/Content/StarterContent/Materials/M_Brick_Cut_Stone.uasset" 234
"../../../Game/Content/PPGContent/Doors/Automatic_slidedoor/Slide_Door_Sound_Effect_edit2.uasset" 235
"../../../Game/Content/PPGContent/Doors/Automatic_slidedoor/Automatic_Slide_Door_Base.uasset" 236
"../../../Game/Content/PPGContent/Doors/Automatic_slidedoor/Dev-CloseDoor.uasset" 237
"../../../Game/Content/PPGContent/Doors/Automatic_slidedoor/Dev-OpenDoor.uasset" 238
"../../../Game/Content/PPGContent/Doors/Automatic_slidedoor/Blue_Automatic_Slide_Door.uasset" 239
"../../../Game/Content/StarterContent/Audio/Steam01.uasset" 240
"../../../Game/Content/StarterContent/Particles/P_Steam_Lit.uasset" 241
"../../../Game/Content/PPGContent/Items/Coolant_Leak.uasset" 242
"../../../Game/Content/PPGContent/Items/pistolMesh.uasset" 243
"../../../Game/Content/PPGContent/Items/Text-DialoguePrompts/Tutorial-health-regen.uasset" 244
"../../../Game/Content/PPGContent/Lights/emergencylight1.uasset" 245
"../../../Game/Content/PPGContent/Lights/LightA.uasset" 246
"../../../Game/Content/PPGContent/Materials/Light.uasset" 247
"../../../Game/Content/PPGContent/Materials/Pink.uasset" 248
"../../../Game/Content/PPGContent/Materials/Textures/Red.uasset" 249
"../../../Game/Content/PPGContent/Materials/Textures/Yellow.uasset" 250
"../../../Game/Content/PPGContent/Menus/GameFinished.uasset" 251
"../../../Game/Content/PPGContent/StaticAssets/Material.uasset" 252
"../../../Game/Content/StarterContent/Materials/M_Basic_Wall.uasset" 253
"../../../Game/Content/StarterContent/Architecture/Pillar_50x500.uasset" 254
"../../../Game/Content/StarterContent/Architecture/Wall_400x300.uasset" 255
"../../../Game/Content/StarterContent/Architecture/Wall_400x400.uasset" 256
"../../../Game/Content/StarterContent/Architecture/Wall_500x500.uasset" 257
"../../../Game/Content/StarterContent/Architecture/Wall_Door_400x400.uasset" 258
"../../../Game/Content/StarterContent/Architecture/Wall_Window_400x400.uasset" 259
"../../../Game/Content/StarterContent/Audio/Light01_Cue.uasset" 260
"../../../Game/Content/StarterContent/Audio/Light02_Cue.uasset" 261
"../../../Game/Content/StarterContent/Audio/Explosion_Cue.uasset" 262
"../../../Game/Content/StarterContent/Blueprints/Blueprint_Effect_Explosion.uasset" 263
"../../../Engine/Content/EditorMeshes/ColorCalibrator/T_ColorGrid.uasset" 264
"../../../Game/Content/StarterContent/Materials/M_ColorGrid_LowSpec.uasset" 265
"../../../Game/Content/StarterContent/Textures/T_Bush_D.uasset" 266
"../../../Game/Content/StarterContent/Textures/T_Bush_N.uasset" 267
"../../../Game/Content/StarterContent/Props/Materials/M_Bush.uasset" 268
"../../../Game/Content/StarterContent/Props/SM_Bush.uasset" 269
"../../../Game/Content/StarterContent/Textures/T_Chair_M.uasset" 270
"../../../Game/Content/StarterContent/Textures/T_Chair_N.uasset" 271
"../../../Game/Content/StarterContent/Props/Materials/M_Chair.uasset" 272
"../../../Game/Content/StarterContent/Props/SM_Couch.uasset" 273
"../../../Game/Content/StarterContent/Materials/M_Glass.uasset" 274
"../../../Game/Content/StarterContent/Textures/T_Door_M.uasset" 275
"../../../Game/Content/StarterContent/Textures/T_Door_N.uasset" 276
"../../../Game/Content/StarterContent/Props/Materials/M_Door.uasset" 277
"../../../Game/Content/StarterContent/Props/SM_Door.uasset" 278
"../../../Game/Content/StarterContent/Props/Materials/M_MaterialSphere.uasset" 279
"../../../Game/Content/StarterContent/Props/Materials/M_MaterialSphere_Plain.uasset" 280
"../../../Game/Content/StarterContent/Props/SM_MatPreviewMesh_02.uasset" 281
"../../../Game/Content/StarterContent/Textures/T_Detail_Rocky_N.uasset" 282
"../../../Game/Content/StarterContent/Textures/T_Rock_Basalt_D.uasset" 283
"../../../Game/Content/StarterContent/Textures/T_RockMesh_M.uasset" 284
"../../../Game/Content/StarterContent/Textures/T_RockMesh_N.uasset" 285
"../../../Game/Content/StarterContent/Props/Materials/M_Rock.uasset" 286
"../../../Game/Content/StarterContent/Props/SM_Rock.uasset" 287
"../../../Game/Content/StarterContent/Textures/T_Shelf_M.uasset" 288
"../../../Game/Content/StarterContent/Textures/T_Shelf_N.uasset" 289
"../../../Game/Content/StarterContent/Props/Materials/M_Shelf.uasset" 290
"../../../Game/Content/StarterContent/Props/SM_Shelf.uasset" 291
"../../../Game/Content/StarterContent/Materials/M_Basic_Floor.uasset" 292
"../../../Game/Content/StarterContent/Props/SM_Stairs.uasset" 293
"../../../Game/Content/StarterContent/Shapes/Shape_Cone.uasset" 294
"../../../Game/Content/StarterContent/Shapes/Shape_Cylinder.uasset" 295
"../../../Game/Content/StarterContent/Shapes/Shape_NarrowCapsule.uasset" 296
"../../../Game/Content/StarterContent/Shapes/Shape_Pipe.uasset" 297
"../../../Game/Content/StarterContent/Shapes/Shape_Pipe_180.uasset" 298
"../../../Game/Content/StarterContent/Shapes/Shape_Pipe_90.uasset" 299
"../../../Game/Content/StarterContent/Shapes/Shape_Plane.uasset" 300
"../../../Game/Content/StarterContent/Shapes/Shape_Torus.uasset" 301
"../../../Game/Content/StarterContent/Shapes/Shape_Trim.uasset" 302
"../../../Game/Content/StarterContent/Shapes/Shape_Trim_90_In.uasset" 303
"../../../Game/Content/StarterContent/Shapes/Shape_Trim_90_Out.uasset" 304
"../../../Game/Content/StarterContent/Shapes/Shape_TriPyramid.uasset" 305
"../../../Game/Content/StarterContent/Shapes/Shape_Tube.uasset" 306
"../../../Game/Content/StarterContent/Shapes/Shape_Wedge_A.uasset" 307
"../../../Game/Content/StarterContent/Shapes/Shape_Wedge_B.uasset" 308
"../../../Game/Content/StarterContent/Shapes/Shape_WideCapsule.uasset" 309
"../../../Engine/Content/BasicShapes/Cone.uasset" 310
"../../../Engine/Content/BasicShapes/Plane.uasset" 311
"../../../Engine/Content/BasicShapes/Sphere.uasset" 312
"../../../Engine/Content/EditorLandscapeResources/DataLayer.uasset" 313
"../../../Engine/Content/EditorMaterials/GizmoMaterial.uasset" 314
"../../../Engine/Content/EditorMaterials/MAT_Groups_Toggle.uasset" 315
"../../../Engine/Content/EditorMaterials/MAT_Groups_Visibility.uasset" 316
"../../../Engine/Content/EditorMaterials/PreviewShadowIndicator.uasset" 317
"../../../Engine/Content/EditorMaterials/PreviewShadowIndicatorMaterial.uasset" 318
"../../../Engine/Content/EditorMaterials/AssetViewer/EpicQuadPanorama_CC+EV1.uasset" 319
"../../../Engine/Content/EditorMaterials/MatineeGroups/MAT_ColorTrack.uasset" 320
"../../../Engine/Content/EditorMaterials/MatineeGroups/MAT_Groups_Anim.uasset" 321
"../../../Engine/Content/EditorMaterials/MatineeGroups/MAT_Groups_AudioMaster.uasset" 322
"../../../Engine/Content/EditorMaterials/MatineeGroups/MAT_Groups_Director.uasset" 323
"../../../Engine/Content/EditorMaterials/MatineeGroups/MAT_Groups_Event.uasset" 324
"../../../Engine/Content/EditorMaterials/MatineeGroups/MAT_Groups_Fade.uasset" 325
"../../../Engine/Content/EditorMaterials/MatineeGroups/MAT_Groups_Float.uasset" 326
"../../../Engine/Content/EditorMaterials/MatineeGroups/MAT_Groups_Move.uasset" 327
"../../../Engine/Content/EditorMaterials/MatineeGroups/MAT_Groups_Slomo.uasset" 328
"../../../Engine/Content/EditorMaterials/MatineeGroups/MAT_Groups_Sound.uasset" 329
"../../../Engine/Content/EditorMaterials/MatineeGroups/MAT_Groups_Vector.uasset" 330
"../../../Engine/Content/EditorMaterials/ParticleSystems/PSysThumbnail_NoImage.uasset" 331
"../../../Engine/Content/EditorMaterials/ParticleSystems/PSysThumbnail_OOD.uasset" 332
"../../../Engine/Content/EditorMaterials/Camera/CineMat.uasset" 333
"../../../Engine/Content/EditorMaterials/Camera/MI_CineMat_Rig.uasset" 334
"../../../Engine/Content/EditorMeshes/Camera/SM_CraneRig_Arm.uasset" 335
"../../../Engine/Content/EditorMeshes/Camera/SM_CraneRig_Base.uasset" 336
"../../../Engine/Content/EditorMeshes/Camera/SM_CraneRig_Body.uasset" 337
"../../../Engine/Content/EditorMeshes/Camera/SM_CraneRig_Mount.uasset" 338
"../../../Engine/Content/EditorMeshes/Camera/SM_RailRig_Mount.uasset" 339
"../../../Engine/Content/EditorMeshes/Camera/SM_RailRig_Track.uasset" 340
"../../../Engine/Content/EditorResources/BSPVertex.uasset" 341
"../../../Engine/Content/EditorResources/EmptyActor.uasset" 342
"../../../Engine/Content/EditorResources/S_Actor.uasset" 343
"../../../Engine/Content/EditorResources/S_Trigger.uasset" 344
"../../../Engine/Content/EditorResources/AudioIcons/S_AudioComponent.uasset" 345
"../../../Engine/Content/EditorResources/AudioIcons/S_AudioComponent_AutoActivate.uasset" 346
"../../../Engine/Content/EditorResources/LightIcons/S_LightError.uasset" 347
"../../../Engine/Content/EditorResources/SequenceRecorder/Countdown.uasset" 348
"../../../Engine/Content/EditorResources/SequenceRecorder/RecordingIndicator.uasset" 349
"../../../Engine/Content/EditorSounds/Notifications/CompileFailed.uasset" 350
"../../../Engine/Content/EditorSounds/Notifications/CompileFailed_Cue.uasset" 351
"../../../Engine/Content/EditorSounds/Notifications/CompileSuccess.uasset" 352
"../../../Engine/Content/EditorSounds/Notifications/CompileStart_Cue.uasset" 353
"../../../Engine/Content/EditorSounds/Notifications/CompileSuccess_Cue.uasset" 354
"../../../Engine/Content/EngineDamageTypes/DmgTypeBP_Environmental.uasset" 355
"../../../Engine/Content/EngineDebugMaterials/HeatmapGradient.uasset" 356
"../../../Engine/Content/EngineDebugMaterials/BoneWeightMaterial.uasset" 357
"../../../Engine/Content/EngineDebugMaterials/ClothMaterial.uasset" 358
"../../../Engine/Content/EngineDebugMaterials/ClothMaterial_WF.uasset" 359
"../../../Engine/Content/EngineDebugMaterials/DebugEditorMaterial.uasset" 360
"../../../Engine/Content/EngineDebugMaterials/DebugMeshMaterial.uasset" 361
"../../../Engine/Content/EngineDebugMaterials/GeomMaterial.uasset" 362
"../../../Engine/Content/EngineFonts/Faces/RobotoBold.uasset" 363
"../../../Engine/Content/EngineFonts/Faces/RobotoBoldItalic.uasset" 364
"../../../Engine/Content/EngineFonts/Faces/RobotoItalic.uasset" 365
"../../../Engine/Content/EngineFonts/Faces/RobotoLight.uasset" 366
"../../../Engine/Content/EngineFonts/Faces/RobotoRegular.uasset" 367
"../../../Engine/Content/EngineFonts/Roboto.uasset" 368
"../../../Engine/Content/EngineFonts/Faces/RobotoTiny.uasset" 369
"../../../Engine/Content/EngineFonts/RobotoTiny.uasset" 370
"../../../Engine/Content/EngineMaterials/DefaultBloomKernel.uasset" 371
"../../../Engine/Content/EngineMaterials/DefaultBokeh.uasset" 372
"../../../Engine/Content/EngineMaterials/DefaultDiffuse.uasset" 373
"../../../Engine/Content/EngineMaterials/DefaultDeferredDecalMaterial.uasset" 374
"../../../Engine/Content/EngineMaterials/DefaultLightFunctionMaterial.uasset" 375
"../../../Engine/Content/EngineMaterials/DefaultPhysicalMaterial.uasset" 376
"../../../Engine/Content/EngineMaterials/DefaultPostProcessMaterial.uasset" 377
"../../../Engine/Content/EngineFonts/RobotoDistanceField.uasset" 378
"../../../Engine/Content/EngineMaterials/DefaultTextMaterialOpaque.uasset" 379
"../../../Engine/Content/EngineMaterials/DefaultWhiteGrid.uasset" 380
"../../../Engine/Content/EngineMaterials/EditorBrushMaterial.uasset" 381
"../../../Engine/Content/EngineMaterials/Good64x64TilingNoiseHighFreq.uasset" 382
"../../../Engine/Content/EngineMaterials/MiniFont.uasset" 383
"../../../Engine/Content/EngineMaterials/InvalidLightmapSettings.uasset" 384
"../../../Engine/Content/EngineMaterials/M_InvalidLightmapSettings.uasset" 385
"../../../Engine/Content/EngineMaterials/PhAT_JointLimitMaterial.uasset" 386
"../../../Engine/Content/EngineMaterials/PreintegratedSkinBRDF.uasset" 387
"../../../Engine/Content/EngineMaterials/RemoveSurfaceMaterial.uasset" 388
"../../../Engine/Content/EngineMaterials/WeightMapPlaceholderTexture.uasset" 389
"../../../Engine/Content/EngineResources/WhiteSquareTexture.uasset" 390
"../../../Engine/Content/EngineMaterials/Widget3DPassThrough.uasset" 391
"../../../Engine/Content/EngineMaterials/Widget3DPassThrough_Masked.uasset" 392
"../../../Engine/Content/EngineMaterials/Widget3DPassThrough_Opaque.uasset" 393
"../../../Engine/Content/EngineMaterials/Widget3DPassThrough_Masked_OneSided.uasset" 394
"../../../Engine/Content/EngineMaterials/Widget3DPassThrough_Opaque_OneSided.uasset" 395
"../../../Engine/Content/EngineMaterials/Widget3DPassThrough_Translucent.uasset" 396
"../../../Engine/Content/EngineMaterials/Widget3DPassThrough_Translucent_OneSided.uasset" 397
"../../../Engine/Content/EngineMeshes/Cube.uasset" 398
"../../../Engine/Content/EngineMeshes/Cylinder.uasset" 399
"../../../Engine/Content/EngineMeshes/Sphere.uasset" 400
"../../../Engine/Content/EngineResources/Black.uasset" 401
"../../../Engine/Content/EngineResources/DefaultTexture.uasset" 402
"../../../Engine/Content/EngineResources/DefaultTextureCube.uasset" 403
"../../../Engine/Content/EngineResources/GradientTexture0.uasset" 404
"../../../Engine/Content/EngineSounds/Master.uasset" 405
"../../../Engine/Content/Functions/Engine_MaterialFunctions01/Shading/ConvertFromDiffSpec.uasset" 406
"../../../Engine/Content/Functions/Engine_MaterialFunctions01/Shading/PowerToRoughness.uasset" 407
"../../../Engine/Content/Maps/Templates/Thumbnails/Default.uasset" 408
"../../../Engine/Content/Maps/Templates/Thumbnails/VR-Basic.uasset" 409
"../../../Engine/Content/MobileResources/T_MobileControls_texture.uasset" 410
"../../../Engine/Content/MobileResources/T_MobileMenu2.uasset" 411
"../../../Engine/Content/MobileResources/HUD/AnalogHat.uasset" 412
"../../../Engine/Content/MobileResources/HUD/VirtualJoystick_Background.uasset" 413
"../../../Engine/Content/MobileResources/HUD/VirtualJoystick_Thumb.uasset" 414
"../../../Engine/Content/MobileResources/HUD/DefaultVirtualJoysticks.uasset" 415
"../../../Engine/Content/MobileResources/HUD/LeftVirtualJoystickOnly.uasset" 416
"../../../Engine/Content/MobileResources/HUD/MobileHUDButton1_off.uasset" 417
"../../../Engine/Content/MobileResources/HUD/MobileHUDButton1_on.uasset" 418
"../../../Engine/Content/MobileResources/HUD/MobileHUDButton2_off.uasset" 419
"../../../Engine/Content/MobileResources/HUD/MobileHUDButton2_on.uasset" 420
"../../../Engine/Content/MobileResources/HUD/MobileHUDButton3.uasset" 421
"../../../Engine/Content/MobileResources/HUD/MobileHUDButtonFire.uasset" 422
"../../../Engine/Content/MobileResources/HUD/MobileHUDDirectionPad.uasset" 423
"../../../Engine/Content/MobileResources/HUD/MobileHUDDirectionPad2.uasset" 424
"../../../Engine/Content/MobileResources/HUD/MobileHUDDirectionPad3.uasset" 425
"../../../Engine/Content/MobileResources/HUD/MobileHUDDirectionStick.uasset" 426
"../../../Engine/Content/MobileResources/HUD/T_Castle_ThumbstickInner.uasset" 427
"../../../Engine/Content/MobileResources/HUD/T_Castle_ThumbstickOutter.uasset" 428
"../../../Engine/Content/Tutorial/ContentIntroCurve.uasset" 429
"../../../Engine/Content/Tutorial/Basics/TutorialAssets/icon_tab_Levels_40x.uasset" 430
"../../../Engine/Content/Tutorial/BlueprintTutorials/TutorialAssets/BlueprintInterface_64x.uasset" 431
"../../../Engine/Content/Tutorial/BlueprintTutorials/TutorialAssets/Blueprint_64x.uasset" 432
"../../../Engine/Content/Tutorial/BlueprintTutorials/TutorialAssets/Tutorial_BP_Interface.uasset" 433
"../../../Engine/Content/Tutorial/Foliage/TutorialAssets/Foliage.uasset" 434
"../../../Engine/Content/Tutorial/Landscape/TutorialAssets/Landscape.uasset" 435
"../../../Engine/Content/Tutorial/Paper2D/TutorialAssets/Paper2DFlipbook_TutorialIcon.uasset" 436
"../../../Engine/Content/Tutorial/Paper2D/TutorialAssets/Paper2DSprite_TutorialIcon.uasset" 437
"../../../Engine/Content/Tutorial/SubEditors/TutorialAssets/icon_ShowSkeletalMeshes_40x.uasset" 438
"../../../Engine/Content/Tutorial/SubEditors/TutorialAssets/TutorialMaterial.uasset" 439
"../../../Engine/Content/Tutorial/SubEditors/TutorialAssets/T_SmokeSubUV_8X8.uasset" 440
"../../../Engine/Content/Tutorial/SubEditors/TutorialAssets/T_soft_smoke.uasset" 441
"../../../Engine/Content/Tutorial/SubEditors/TutorialAssets/M_smoke_subUV_blackbody.uasset" 442
"../../../Engine/Content/Tutorial/SubEditors/TutorialAssets/TutorialParticleSystem.uasset" 443
"../../../Engine/Content/EditorMeshes/EditorCube.uasset" 444
"../../../Engine/Content/Tutorial/SubEditors/TutorialAssets/Tutorial_DM.uasset" 445
"../../../Engine/Content/Tutorial/SubEditors/TutorialAssets/Character/TutorialTPP_Skeleton.uasset" 446
"../../../Engine/Content/Tutorial/SubEditors/TutorialAssets/Character/Tutorial_Idle.uasset" 447
"../../../Engine/Content/Tutorial/SubEditors/TutorialAssets/Character/Tutorial_Walk_Fwd.uasset" 448
"../../../Engine/Content/Tutorial/SubEditors/TutorialAssets/Character/NewBlendSpace1D.uasset" 449
"../../../Engine/Content/Tutorial/SubEditors/TutorialAssets/Character/TutorialTPP_Mat.uasset" 450
"../../../Engine/Content/Tutorial/SubEditors/TutorialAssets/Character/TutorialTPP.uasset" 451
"../../../Engine/Content/Tutorial/SubEditors/TutorialAssets/Character/TutorialCharacter.uasset" 452
"../../../Engine/Content/VREditor/Devices/Generic/GenericHMDMaterial.uasset" 453
"../../../Engine/Content/VREditor/Devices/Generic/GenericHMD.uasset" 454
"../../../Engine/Content/VREditor/FloatingText/LineMaterial.uasset" 455
"../../../Engine/Content/VREditor/FloatingText/JointSphere.uasset" 456
"../../../Engine/Content/VREditor/FloatingText/LineSegmentCylinder.uasset" 457
"../../../Engine/Content/VREditor/Fonts/VRText_RobotoLarge.uasset" 458
"../../../Engine/Content/VREditor/Fonts/VRTextMaterial.uasset" 459
"../../../Engine/Content/VREditor/Fonts/TranslucentVRTextMaterial.uasset" 460
"../../../Engine/Content/VREditor/LaserPointer/CursorPointer.uasset" 461
"../../../Engine/Content/VREditor/LaserPointer/VR_LaserPower_01.uasset" 462
"../../../Engine/Content/VREditor/TransformGizmo/TransformGizmoMaterial.uasset" 463
"../../../Engine/Content/VREditor/LaserPointer/HoverMaterial.uasset" 464
"../../../Engine/Content/VREditor/TransformGizmo/TranslucentTransformGizmoMaterial.uasset" 465
"../../../Engine/Content/VREditor/LaserPointer/TranslucentHoverMaterial.uasset" 466
"../../../Engine/Content/VREditor/LaserPointer/HoverMesh.uasset" 467
"../../../Engine/Content/VREditor/LaserPointer/LaserPointerMaterial.uasset" 468
"../../../Engine/Content/VREditor/LaserPointer/LaserPointerMaterialInst.uasset" 469
"../../../Engine/Content/VREditor/LaserPointer/TranslucentLaserPointerMaterialInst.uasset" 470
"../../../Engine/Content/VREditor/LaserPointer/LaserPointerMesh.uasset" 471
"../../../Engine/Content/VREditor/LaserPointer/LaserPointerMesh_End.uasset" 472
"../../../Engine/Content/VREditor/LaserPointer/LaserPointerMesh_Start.uasset" 473
"../../../Engine/Content/Functions/Engine_MaterialFunctions02/Math/Transform3x3Matrix.uasset" 474
"../../../Engine/Content/Functions/Engine_MaterialFunctions02/SplitComponents.uasset" 475
"../../../Engine/Content/Functions/Engine_MaterialFunctions02/Utility/MakeFloat3.uasset" 476
"../../../Engine/Content/VREditor/SnapGrid/SnapGridMaterial.uasset" 477
"../../../Engine/Content/VREditor/SnapGrid/SnapGridPlaneMesh.uasset" 478
"../../../Engine/Content/VREditor/Sounds/VR_teleport.uasset" 479
"../../../Engine/Content/VREditor/Sounds/UI/Click_on_Button_Cue.uasset" 480
"../../../Engine/Content/VREditor/Sounds/UI/Dockable_Window_Close.uasset" 481
"../../../Engine/Content/VREditor/Sounds/UI/Dockable_Window_Drop.uasset" 482
"../../../Engine/Content/VREditor/Sounds/UI/Dockable_Window_Open.uasset" 483
"../../../Engine/Content/VREditor/Sounds/UI/Dockable_Window_Pick_Up.uasset" 484
"../../../Engine/Content/VREditor/Sounds/UI/Drop_Item_From_ContentBrowser.uasset" 485
"../../../Engine/Content/VREditor/Sounds/UI/Floating_UI_Open-001.uasset" 486
"../../../Engine/Content/VREditor/Sounds/UI/Gizmo_Handle_Clicked.uasset" 487
"../../../Engine/Content/VREditor/Sounds/UI/Object_PickUp.uasset" 488
"../../../Engine/Content/VREditor/Sounds/UI/Object_Snaps_To_Another_Actor.uasset" 489
"../../../Engine/Content/VREditor/Sounds/UI/Object_Snaps_To_Grid.uasset" 490
"../../../Engine/Content/VREditor/Sounds/UI/Radial_Menu_FadeOut.uasset" 491
"../../../Engine/Content/VREditor/Sounds/UI/Scaling_Down.uasset" 492
"../../../Engine/Content/VREditor/Sounds/UI/Scaling_Up.uasset" 493
"../../../Engine/Content/VREditor/Sounds/UI/Selection_Changes.uasset" 494
"../../../Engine/Content/VREditor/Sounds/UI/Teleport_Mode_Entered.uasset" 495
"../../../Engine/Content/VREditor/Teleport/TeleportDirectionMaterial.uasset" 496
"../../../Engine/Content/VREditor/Teleport/TeleportDirectionMaterial_Inst.uasset" 497
"../../../Engine/Content/VREditor/Teleport/TeleportDirectionMesh.uasset" 498
"../../../Engine/Content/VREditor/TransformGizmo/BoundingBoxCorner.uasset" 499
"../../../Engine/Content/VREditor/TransformGizmo/BoundingBoxEdge.uasset" 500
"../../../Engine/Content/VREditor/TransformGizmo/PlaneTranslationHandle.uasset" 501
"../../../Engine/Content/VREditor/TransformGizmo/RotationHandleFull.uasset" 502
"../../../Engine/Content/VREditor/TransformGizmo/RotationHandleIndicator.uasset" 503
"../../../Engine/Content/VREditor/TransformGizmo/RotationHandleQuarter.uasset" 504
"../../../Engine/Content/VREditor/TransformGizmo/Main.uasset" 505
"../../../Engine/Content/VREditor/TransformGizmo/Xray.uasset" 506
"../../../Engine/Content/VREditor/TransformGizmo/SM_Dialog_Close.uasset" 507
"../../../Engine/Content/VREditor/TransformGizmo/SM_Dialog_Move.uasset" 508
"../../../Engine/Content/VREditor/TransformGizmo/SM_Sequencer_Key.uasset" 509
"../../../Engine/Content/VREditor/TransformGizmo/StartRotationHandleIndicator.uasset" 510
"../../../Engine/Content/VREditor/TransformGizmo/TranslucentTransformGizmoMaterial_Inst.uasset" 511
"../../../Engine/Content/VREditor/TransformGizmo/TransformGizmoFreeRotation.uasset" 512
"../../../Engine/Content/VREditor/TransformGizmo/TransformGizmoMaterial_Inst.uasset" 513
"../../../Engine/Content/VREditor/TransformGizmo/TranslateArrowHandle.uasset" 514
"../../../Engine/Content/VREditor/TransformGizmo/UniformScaleHandle.uasset" 515
"../../../Engine/Content/VREditor/UI/KeyDiskMaterial.uasset" 516
"../../../Engine/Content/VREditor/UI/DiscMaterial.uasset" 517
"../../../Engine/Content/VREditor/UI/SM_Radial_Disk.uasset" 518
"../../../Engine/Content/VREditor/WorldMovementGrid/SimpleGrid.uasset" 519
"../../../Engine/Content/VREditor/WorldMovementGrid/GridMaterial.uasset" 520
"../../../Engine/Content/Functions/Engine_MaterialFunctions01/Density/ExponentialDensity.uasset" 521
"../../../Engine/Content/VREditor/WorldMovementGrid/GridPostProcess.uasset" 522
"../../../Engine/Content/EditorLandscapeResources/FlattenHeightMat.uasset" 523
"../../../Engine/Content/VREditor/WorldMovementGrid/PlaneMesh.uasset" 524
"../../../Engine/Plugins/2D/Paper2D/Content/PlaceholderTextures/DummySpriteTexture.uasset" 525
"../../../Engine/Plugins/2D/Paper2D/Content/DummySprite.uasset" 526
"../../../Engine/Plugins/2D/Paper2D/Content/DefaultPaperTerrainMaterial.uasset" 527
"../../../Engine/Plugins/2D/Paper2D/Content/DefaultSpriteMaterial.uasset" 528
"../../../Engine/Plugins/2D/Paper2D/Content/MaskedUnlitSpriteMaterial.uasset" 529
"../../../Engine/Plugins/2D/Paper2D/Content/OpaqueUnlitSpriteMaterial.uasset" 530
"../../../Engine/Plugins/Runtime/Oculus/OculusVR/Content/Meshes/GearVrController.uasset" 531
"../../../Engine/Plugins/Runtime/Oculus/OculusVR/Content/Textures/GearVRController_AO.uasset" 532
"../../../Engine/Plugins/Runtime/Oculus/OculusVR/Content/Textures/GearVRController_Color.uasset" 533
"../../../Engine/Plugins/Runtime/Oculus/OculusVR/Content/Textures/GearVRController_Normal.uasset" 534
"../../../Game/Content/AnimStarterPack/Crouch_Idle_Rifle_Ironsights.uasset" 535
"../../../Game/Content/AnimStarterPack/Crouch_Walk_Fwd_Rifle_Ironsights.uasset" 536
"../../../Game/Content/AnimStarterPack/Equip_Pistol_Standing.uasset" 537
"../../../Game/Content/AnimStarterPack/Fire_Rifle_Ironsights.uasset" 538
"../../../Game/Content/AnimStarterPack/Hit_React_1.uasset" 539
"../../../Game/Content/AnimStarterPack/Hit_React_2.uasset" 540
"../../../Game/Content/AnimStarterPack/Hit_React_3.uasset" 541
"../../../Game/Content/AnimStarterPack/Idle_Rifle_Hip_Break1.uasset" 542
"../../../Game/Content/AnimStarterPack/Idle_Rifle_Hip_Break2.uasset" 543
"../../../Game/Content/AnimStarterPack/Reload_Rifle_Hip.uasset" 544
"../../../Game/Content/AnimStarterPack/Walk_Fwd_Rifle_Ironsights.uasset" 545
"../../../Engine/Content/EngineSky/C_Sky_Cloud_Color.uasset" 546
"../../../Engine/Content/EngineSky/C_Sky_Horizon_Color.uasset" 547
"../../../Engine/Content/EngineSky/C_Sky_Zenith_Color.uasset" 548
"../../../Engine/Content/EngineSky/T_Sky_Blue.uasset" 549
"../../../Engine/Content/EngineSky/T_Sky_Clouds_M.uasset" 550
"../../../Engine/Content/EngineSky/T_Sky_Stars.uasset" 551
"../../../Engine/Content/EngineSky/M_Sky_Panning_Clouds2.uasset" 552
"../../../Engine/Content/EngineSky/SM_SkySphere.uasset" 553
"../../../Engine/Content/EngineSky/BP_Sky_Sphere.uasset" 554
"../../../Engine/Content/TemplateResources/M_Template_Master.uasset" 555
"../../../Engine/Content/TemplateResources/MI_Template_BaseGray_03_Metal.uasset" 556
"../../../Game/Content/AnimStarterPack/Showcase.umap" 557
"../../../Game/Content/PPGContent/Characters/Enemy/Base_Enemy/AI_Boss.uasset" 558
"../../../Game/Content/PPGContent/Audio/Dialogue/L_line1.uasset" 559
"../../../Game/Content/PPGContent/Audio/Dialogue/M_line16.uasset" 560
"../../../Game/Content/PPGContent/Characters/Enemy/Base_Enemy/First_enemy.uasset" 561
"../../../Game/Content/FirstPerson/Textures/FirstPersonCrosshair.uasset" 562
"../../../Game/Content/FirstPersonBP/Blueprints/FirstPersonHUD.uasset" 563
"../../../Game/Content/FirstPersonBP/Blueprints/FirstPersonGameMode.uasset" 564
"../../../Game/Content/PPGContent/Materials/Textures/MetalLight.uasset" 565
"../../../Game/Content/PPGContent/Materials/LightMetal.uasset" 566
"../../../Game/Content/PPGContent/Materials/Textures/White.uasset" 567
"../../../Game/Content/PPGContent/Materials/White.uasset" 568
"../../../Game/Content/PPGContent/Doors/Door.uasset" 569
"../../../Game/Content/PPGContent/Doors/SlidingDoor.uasset" 570
"../../../Game/Content/PPGContent/Doors/DoorWay.uasset" 571
"../../../Game/Content/PPGContent/Doors/SlidingDoorWay.uasset" 572
"../../../Game/Content/PPGContent/Items/Cinematic-camera.uasset" 573
"../../../Game/Content/PPGContent/Items/Escape.uasset" 574
"../../../Game/Content/PPGContent/Items/GenericKeycard.uasset" 575
"../../../Game/Content/PPGContent/Audio/Dialogue/M_line11.uasset" 576
"../../../Game/Content/PPGContent/Items/GenericKeycard_Audio.uasset" 577
"../../../Game/Content/PPGContent/Audio/Dialogue/L_line5.uasset" 578
"../../../Game/Content/PPGContent/Items/GenericKeycard_Audio2.uasset" 579
"../../../Game/Content/PPGContent/Audio/Dialogue/L_line6.uasset" 580
"../../../Game/Content/PPGContent/Audio/Dialogue/M_line23.uasset" 581
"../../../Game/Content/PPGContent/Audio/Dialogue/M_line24.uasset" 582
"../../../Game/Content/PPGContent/Audio/Dialogue/P_line1b.uasset" 583
"../../../Game/Content/PPGContent/Audio/Dialogue/P_line3.uasset" 584
"../../../Game/Content/PPGContent/Items/Self_Destruct.uasset" 585
"../../../Game/Content/PPGContent/Audio/Dialogue/M_line22.uasset" 586
"../../../Game/Content/PPGContent/Items/Text-DialoguePrompts/Control_Panel.uasset" 587
"../../../Game/Content/PPGContent/Audio/Dialogue/M_line1.uasset" 588
"../../../Game/Content/PPGContent/Audio/Dialogue/M_line2.uasset" 589
"../../../Game/Content/PPGContent/Items/Text-DialoguePrompts/Dialogue_starter.uasset" 590
"../../../Game/Content/PPGContent/Audio/Dialogue/M_line21B.uasset" 591
"../../../Game/Content/PPGContent/Items/Text-DialoguePrompts/Enter_Bossroom.uasset" 592
"../../../Game/Content/PPGContent/Audio/Dialogue/M_line12.uasset" 593
"../../../Game/Content/PPGContent/Items/Text-DialoguePrompts/First_Door.uasset" 594
"../../../Game/Content/PPGContent/Audio/Dialogue/M_line14.uasset" 595
"../../../Game/Content/PPGContent/Audio/Dialogue/M_line15.uasset" 596
"../../../Game/Content/PPGContent/Items/Text-DialoguePrompts/My_wife.uasset" 597
"../../../Game/Content/PPGContent/Items/Text-DialoguePrompts/Tutorial_starter.uasset" 598
"../../../Game/Content/FirstPersonBP/Maps/FirstPersonExampleMap_BuiltData.uasset" 599
"../../../Game/Content/PPGContent/Materials/Green.uasset" 600
"../../../Game/Content/PPGContent/Materials/Red.uasset" 601
"../../../Game/Content/PPGContent/Materials/Yellow.uasset" 602
"../../../Game/Content/StarterContent/Materials/M_Metal_Brushed_Nickel.uasset" 603
"../../../Game/Content/StarterContent/Textures/T_Metal_Gold_D.uasset" 604
"../../../Game/Content/StarterContent/Textures/T_Metal_Gold_N.uasset" 605
"../../../Game/Content/StarterContent/Materials/M_Metal_Gold.uasset" 606
"../../../Game/Content/StarterContent/Textures/T_Statue_M.uasset" 607
"../../../Game/Content/StarterContent/Textures/T_Statue_N.uasset" 608
"../../../Game/Content/StarterContent/Props/Materials/M_Statue.uasset" 609
"../../../Game/Content/FirstPerson/Meshes/CubeMaterialOverride.uasset" 610
"../../../Game/Content/Bunk_Beds.uasset" 611
"../../../Game/Content/Geometry/Meshes/1M_Cube.uasset" 612
"../../../Game/Content/PPGContent/Audio/Dialogue/reverse-cinematic.uasset" 613
"../../../Game/Content/PPGContent/Audio/Game_Sounds/cinematic.uasset" 614
"../../../Game/Content/PPGContent/Furniture/Bench.uasset" 615
"../../../Game/Content/PPGContent/Furniture/CargoContainer.uasset" 616
"../../../Game/Content/PPGContent/Furniture/couch.uasset" 617
"../../../Game/Content/PPGContent/Furniture/officechair1.uasset" 618
"../../../Game/Content/PPGContent/Furniture/officeDesk1.uasset" 619
"../../../Game/Content/PPGContent/Furniture/RoundTable.uasset" 620
"../../../Game/Content/PPGContent/StaticAssets/canned_drink.uasset" 621
"../../../Game/Content/PPGContent/StaticAssets/Cobrolla.uasset" 622
"../../../Game/Content/StarterContent/Textures/T_Frame_M.uasset" 623
"../../../Game/Content/StarterContent/Textures/T_Frame_N.uasset" 624
"../../../Game/Content/StarterContent/Props/Materials/M_Frame.uasset" 625
"../../../Game/Content/PPGContent/StaticAssets/coffeemug1.uasset" 626
"../../../Game/Content/PPGContent/StaticAssets/controlpanel.uasset" 627
"../../../Game/Content/PPGContent/StaticAssets/controlpanel_button.uasset" 628
"../../../Game/Content/PPGContent/StaticAssets/hmas_sign.uasset" 629
"../../../Game/Content/PPGContent/StaticAssets/Map.uasset" 630
"../../../Game/Content/PPGContent/StaticAssets/Pipe1.uasset" 631
"../../../Game/Content/PPGContent/StaticAssets/Pipe2.uasset" 632
"../../../Game/Content/PPGContent/StaticAssets/Pipe3.uasset" 633
"../../../Game/Content/PPGContent/StaticAssets/pipes_cornerShort.uasset" 634
"../../../Game/Content/PPGContent/StaticAssets/pipes_straightLong.uasset" 635
"../../../Game/Content/PPGContent/StaticAssets/pipes_straightShort.uasset" 636
"../../../Game/Content/PPGContent/StaticAssets/toiletwCubicle_closed.uasset" 637
"../../../Game/Content/PPGContent/StaticAssets/toiletwCubicle_open.uasset" 638
"../../../Game/Content/PPGContent/StaticAssets/washbasin_benchwMirror.uasset" 639
"../../../Game/Content/FirstPersonBP/Maps/FirstPersonExampleMap.umap" 640
"../../../Game/Content/PPGContent/Levels/GameWorld.umap" 641
"../../../Game/Content/PPGContent/Menus/Menu_Options.uasset" 642
"../../../Game/Content/PPGContent/Menus/MainMenu.uasset" 643
"../../../Game/Content/PPGContent/Levels/MainMenu.umap" 644
"../../../Game/Content/StarterContent/Blueprints/Assets/FogBrightnessLUT.uasset" 645
"../../../Game/Content/StarterContent/Blueprints/Assets/SunlightColorLUT.uasset" 646
"../../../Game/Content/StarterContent/Blueprints/Assets/M_LightStage_Arrows.uasset" 647
"../../../Engine/Content/MapTemplates/Sky/DaylightAmbientCubemap.uasset" 648
"../../../Game/Content/StarterContent/Blueprints/Assets/M_LightStage_Skybox_Master.uasset" 649
"../../../Game/Content/StarterContent/Blueprints/Assets/M_LightStage_Skybox_Black.uasset" 650
"../../../Game/Content/StarterContent/Blueprints/Assets/M_LightStage_Skybox_HDRI.uasset" 651
"../../../Engine/Content/EditorMaterials/Thumbnails/SkySphereMaterial.uasset" 652
"../../../Game/Content/StarterContent/Blueprints/Assets/Skybox.uasset" 653
"../../../Game/Content/StarterContent/Blueprints/Assets/SM_Arrows.uasset" 654
"../../../Game/Content/StarterContent/HDRI/HDRI_Epic_Courtyard_Daylight.uasset" 655
"../../../Game/Content/StarterContent/Blueprints/BP_LightStudio.uasset" 656
"../../../Game/Content/StarterContent/Maps/Advanced_Lighting_BuiltData.uasset" 657
"../../../Game/Content/StarterContent/Materials/M_AssetPlatform.uasset" 658
"../../../Engine/Content/EditorMeshes/ColorCalibrator/M_ChromeBall.uasset" 659
"../../../Engine/Content/EditorMeshes/ColorCalibrator/M_ClearCoat.uasset" 660
"../../../Engine/Content/EditorMeshes/ColorCalibrator/M_ClearCoatBlack.uasset" 661
"../../../Engine/Content/EditorMeshes/ColorCalibrator/M_ColorGrid.uasset" 662
"../../../Engine/Content/EditorMeshes/ColorCalibrator/M_GreyBall.uasset" 663
"../../../Engine/Content/EditorMeshes/ColorCalibrator/SM_ColorCalibrator.uasset" 664
"../../../Game/Content/StarterContent/Architecture/SM_AssetPlatform.uasset" 665
"../../../Game/Content/StarterContent/Maps/Advanced_Lighting.umap" 666
"../../../Game/Content/StarterContent/Maps/Minimal_Default_BuiltData.uasset" 667
"../../../Game/Content/StarterContent/Textures/T_Metal_Aluminum_D.uasset" 668
"../../../Game/Content/StarterContent/Materials/M_Metal_Burnished_Steel.uasset" 669
"../../../Game/Content/StarterContent/Textures/T_Metal_Copper_D.uasset" 670
"../../../Game/Content/StarterContent/Materials/M_Metal_Copper.uasset" 671
"../../../Game/Content/StarterContent/Props/Materials/M_StatueGlass.uasset" 672
"../../../Game/Content/StarterContent/Architecture/Floor_400x400.uasset" 673
"../../../Game/Content/StarterContent/Audio/Starter_Background_Cue.uasset" 674
"../../../Game/Content/StarterContent/Props/SM_Chair.uasset" 675
"../../../Game/Content/StarterContent/Props/SM_Statue.uasset" 676
"../../../Game/Content/StarterContent/Textures/T_TableRound_M.uasset" 677
"../../../Game/Content/StarterContent/Textures/T_TableRound_N.uasset" 678
"../../../Game/Content/StarterContent/Props/Materials/M_TableRound.uasset" 679
"../../../Game/Content/StarterContent/Props/SM_TableRound.uasset" 680
"../../../Game/Content/StarterContent/Maps/Minimal_Default.umap" 681
"../../../Game/Content/StarterContent/Audio/Fire01_Cue.uasset" 682
"../../../Game/Content/StarterContent/Textures/T_Fire_SubUV.uasset" 683
"../../../Game/Content/StarterContent/Textures/T_Fire_Tiled_D.uasset" 684
"../../../Game/Content/StarterContent/Particles/Materials/M_Fire_SubUV.uasset" 685
"../../../Game/Content/StarterContent/Textures/T_Water_N.uasset" 686
"../../../Game/Content/StarterContent/Particles/Materials/M_Heat_Distortion.uasset" 687
"../../../Game/Content/StarterContent/Particles/Materials/M_Radial_Gradient.uasset" 688
"../../../Game/Content/StarterContent/Particles/P_Fire.uasset" 689
"../../../Game/Content/StarterContent/Blueprints/Blueprint_Effect_Fire.uasset" 690
"../../../Game/Content/StarterContent/Audio/Smoke01_Cue.uasset" 691
"../../../Game/Content/StarterContent/Particles/P_Smoke.uasset" 692
"../../../Game/Content/StarterContent/Blueprints/Blueprint_Effect_Smoke.uasset" 693
"../../../Game/Content/StarterContent/Audio/Fire_Sparks01_Cue.uasset" 694
"../../../Game/Content/StarterContent/Textures/T_Spark_Core.uasset" 695
"../../../Game/Content/StarterContent/Particles/Materials/M_Spark.uasset" 696
"../../../Game/Content/StarterContent/Particles/P_Sparks.uasset" 697
"../../../Game/Content/StarterContent/Blueprints/Blueprint_Effect_Sparks.uasset" 698
"../../../Game/Content/StarterContent/Audio/Steam01_Cue.uasset" 699
"../../../Game/Content/StarterContent/Blueprints/Blueprint_Effect_Steam.uasset" 700
"../../../Game/Content/StarterContent/Textures/T_Lamp_M.uasset" 701
"../../../Game/Content/StarterContent/Textures/T_Lamp_N.uasset" 702
"../../../Game/Content/StarterContent/Props/Materials/M_Lamp.uasset" 703
"../../../Game/Content/StarterContent/Props/SM_Lamp_Ceiling.uasset" 704
"../../../Game/Content/StarterContent/Blueprints/Blueprint_CeilingLight.uasset" 705
"../../../Game/Content/StarterContent/Props/SM_Lamp_Wall.uasset" 706
"../../../Game/Content/StarterContent/Blueprints/Blueprint_WallSconce.uasset" 707
"../../../Game/Content/StarterContent/Maps/StarterMap_BuiltData.uasset" 708
"../../../Engine/Content/EngineMaterials/AntiAliasedTextMaterialTranslucent.uasset" 709
"../../../Game/Content/StarterContent/Textures/T_Brick_Clay_Beveled_D.uasset" 710
"../../../Game/Content/StarterContent/Textures/T_Brick_Clay_Beveled_M.uasset" 711
"../../../Game/Content/StarterContent/Textures/T_Brick_Clay_Beveled_N.uasset" 712
"../../../Game/Content/StarterContent/Materials/M_Brick_Clay_Beveled.uasset" 713
"../../../Game/Content/StarterContent/Textures/T_Brick_Clay_New_D.uasset" 714
"../../../Game/Content/StarterContent/Textures/T_Brick_Clay_New_M.uasset" 715
"../../../Game/Content/StarterContent/Textures/T_Brick_Clay_New_N.uasset" 716
"../../../Game/Content/StarterContent/Materials/M_Brick_Clay_New.uasset" 717
"../../../Game/Content/StarterContent/Textures/T_Brick_Clay_Old_D.uasset" 718
"../../../Game/Content/StarterContent/Textures/T_Brick_Clay_Old_N.uasset" 719
"../../../Game/Content/StarterContent/Materials/M_Brick_Clay_Old.uasset" 720
"../../../Game/Content/StarterContent/Textures/T_Brick_Hewn_Stone_D.uasset" 721
"../../../Game/Content/StarterContent/Textures/T_Brick_Hewn_Stone_M.uasset" 722
"../../../Game/Content/StarterContent/Textures/T_Brick_Hewn_Stone_N.uasset" 723
"../../../Game/Content/StarterContent/Materials/M_Brick_Hewn_Stone.uasset" 724
"../../../Game/Content/StarterContent/Textures/T_Ceramic_Tile_M.uasset" 725
"../../../Game/Content/StarterContent/Textures/T_Ceramic_Tile_N.uasset" 726
"../../../Game/Content/StarterContent/Textures/T_Rock_Marble_Polished_D.uasset" 727
"../../../Game/Content/StarterContent/Materials/M_Ceramic_Tile_Checker.uasset" 728
"../../../Game/Content/StarterContent/Textures/T_CobbleStone_Pebble_D.uasset" 729
"../../../Game/Content/StarterContent/Textures/T_CobbleStone_Pebble_M.uasset" 730
"../../../Game/Content/StarterContent/Textures/T_CobbleStone_Pebble_N.uasset" 731
"../../../Game/Content/StarterContent/Materials/M_CobbleStone_Pebble.uasset" 732
"../../../Game/Content/StarterContent/Textures/T_CobbleStone_Rough_D.uasset" 733
"../../../Game/Content/StarterContent/Textures/T_CobbleStone_Rough_N.uasset" 734
"../../../Game/Content/StarterContent/Textures/T_Gradinet_01.uasset" 735
"../../../Game/Content/StarterContent/Textures/T_Rock_Smooth_Granite_D.uasset" 736
"../../../Game/Content/StarterContent/Materials/M_CobbleStone_Rough.uasset" 737
"../../../Game/Content/StarterContent/Textures/T_CobbleStone_Smooth_D.uasset" 738
"../../../Game/Content/StarterContent/Textures/T_CobbleStone_Smooth_M.uasset" 739
"../../../Game/Content/StarterContent/Textures/T_CobbleStone_Smooth_N.uasset" 740
"../../../Game/Content/StarterContent/Materials/M_CobbleStone_Smooth.uasset" 741
"../../../Game/Content/StarterContent/Textures/T_Concrete_Grime_D.uasset" 742
"../../../Game/Content/StarterContent/Textures/T_Metal_Rust_N.uasset" 743
"../../../Game/Content/StarterContent/Materials/M_Concrete_Grime.uasset" 744
"../../../Game/Content/StarterContent/Textures/T_Concrete_Panels_D.uasset" 745
"../../../Game/Content/StarterContent/Textures/T_Concrete_Panels_N.uasset" 746
"../../../Game/Content/StarterContent/Materials/M_Concrete_Panels.uasset" 747
"../../../Game/Content/StarterContent/Textures/T_Concrete_Poured_D.uasset" 748
"../../../Game/Content/StarterContent/Textures/T_Concrete_Poured_N.uasset" 749
"../../../Game/Content/StarterContent/Materials/M_Concrete_Poured.uasset" 750
"../../../Game/Content/StarterContent/Textures/T_Concrete_Tiles_D.uasset" 751
"../../../Game/Content/StarterContent/Textures/T_Concrete_Tiles_M.uasset" 752
"../../../Game/Content/StarterContent/Textures/T_Concrete_Tiles_N.uasset" 753
"../../../Game/Content/StarterContent/Textures/T_Concrete_Tiles_Variation_M.uasset" 754
"../../../Game/Content/StarterContent/Materials/M_Concrete_Tiles.uasset" 755
"../../../Game/Content/StarterContent/Textures/T_Ground_Grass_D.uasset" 756
"../../../Game/Content/StarterContent/Textures/T_Ground_Grass_N.uasset" 757
"../../../Game/Content/StarterContent/Materials/M_Ground_Grass.uasset" 758
"../../../Game/Content/StarterContent/Textures/T_Ground_Gravel_D.uasset" 759
"../../../Game/Content/StarterContent/Textures/T_Ground_Gravel_N.uasset" 760
"../../../Game/Content/StarterContent/Materials/M_Ground_Gravel.uasset" 761
"../../../Game/Content/StarterContent/Textures/T_ground_Moss_D.uasset" 762
"../../../Game/Content/StarterContent/Textures/T_Ground_Moss_N.uasset" 763
"../../../Game/Content/StarterContent/Materials/M_Ground_Moss.uasset" 764
"../../../Game/Content/StarterContent/Materials/M_Metal_Chrome.uasset" 765
"../../../Game/Content/StarterContent/Textures/T_Metal_Rust_D.uasset" 766
"../../../Game/Content/StarterContent/Materials/M_Metal_Rust.uasset" 767
"../../../Game/Content/StarterContent/Textures/T_Metal_Steel_D.uasset" 768
"../../../Game/Content/StarterContent/Textures/T_Metal_Steel_N.uasset" 769
"../../../Game/Content/StarterContent/Materials/M_Metal_Steel.uasset" 770
"../../../Game/Content/StarterContent/Textures/T_Rock_Basalt_N.uasset" 771
"../../../Game/Content/StarterContent/Materials/M_Rock_Basalt.uasset" 772
"../../../Game/Content/StarterContent/Materials/M_Rock_Marble_Polished.uasset" 773
"../../../Game/Content/StarterContent/Textures/T_Rock_Sandstone_D.uasset" 774
"../../../Game/Content/StarterContent/Textures/T_Rock_Sandstone_N.uasset" 775
"../../../Game/Content/StarterContent/Materials/M_Rock_Sandstone.uasset" 776
"../../../Game/Content/StarterContent/Textures/T_Rock_Slate_D.uasset" 777
"../../../Game/Content/StarterContent/Textures/T_Rock_Slate_N.uasset" 778
"../../../Game/Content/StarterContent/Materials/M_Rock_Slate.uasset" 779
"../../../Game/Content/StarterContent/Textures/T_Checker_Noise_M.uasset" 780
"../../../Game/Content/StarterContent/Textures/T_Single_Tile_N.uasset" 781
"../../../Game/Content/StarterContent/Textures/T_Tech_Dot_M.uasset" 782
"../../../Game/Content/StarterContent/Textures/T_Tech_Dot_N.uasset" 783
"../../../Game/Content/StarterContent/Materials/M_Tech_Checker_Dot.uasset" 784
"../../../Game/Content/StarterContent/Textures/T_Tech_Hex_Tile_M.uasset" 785
"../../../Game/Content/StarterContent/Textures/T_Tech_Hex_Tile_N.uasset" 786
"../../../Game/Content/StarterContent/Materials/M_Tech_Hex_Tile.uasset" 787
"../../../Game/Content/StarterContent/Materials/M_Tech_Hex_Tile_Pulse.uasset" 788
"../../../Game/Content/StarterContent/Textures/T_Tech_Panel_M.uasset" 789
"../../../Game/Content/StarterContent/Textures/T_Tech_Panel_N.uasset" 790
"../../../Game/Content/StarterContent/Materials/M_Tech_Panel.uasset" 791
"../../../Game/Content/StarterContent/Materials/M_Water_Lake.uasset" 792
"../../../Game/Content/StarterContent/Textures/T_Water_M.uasset" 793
"../../../Game/Content/StarterContent/Materials/M_Water_Ocean.uasset" 794
"../../../Game/Content/StarterContent/Textures/T_Wood_Floor_Walnut_D.uasset" 795
"../../../Game/Content/StarterContent/Textures/T_Wood_Floor_Walnut_M.uasset" 796
"../../../Game/Content/StarterContent/Textures/T_Wood_Floor_Walnut_N.uasset" 797
"../../../Game/Content/StarterContent/Materials/M_Wood_Floor_Walnut_Polished.uasset" 798
"../../../Engine/Content/Functions/Engine_MaterialFunctions01/Opacity/AlphaOffset.uasset" 799
"../../../Game/Content/StarterContent/Materials/M_Wood_Floor_Walnut_Worn.uasset" 800
"../../../Game/Content/StarterContent/Textures/T_Wood_Oak_D.uasset" 801
"../../../Game/Content/StarterContent/Textures/T_Wood_Oak_N.uasset" 802
"../../../Game/Content/StarterContent/Materials/M_Wood_Oak.uasset" 803
"../../../Game/Content/StarterContent/Textures/T_Wood_Pine_D.uasset" 804
"../../../Game/Content/StarterContent/Textures/T_Wood_Pine_N.uasset" 805
"../../../Game/Content/StarterContent/Materials/M_Wood_Pine.uasset" 806
"../../../Game/Content/StarterContent/Textures/T_Wood_Walnut_D.uasset" 807
"../../../Game/Content/StarterContent/Textures/T_Wood_Walnut_N.uasset" 808
"../../../Game/Content/StarterContent/Materials/M_Wood_Walnut.uasset" 809
"../../../Game/Content/StarterContent/Architecture/Wall_400x200.uasset" 810
"../../../Game/Content/StarterContent/Architecture/Wall_Door_400x300.uasset" 811
"../../../Game/Content/StarterContent/Architecture/Wall_Window_400x300.uasset" 812
"../../../Game/Content/StarterContent/Audio/Collapse_Cue.uasset" 813
"../../../Game/Content/StarterContent/Audio/Starter_Music_Cue.uasset" 814
"../../../Game/Content/StarterContent/Textures/T_Dust_Particle_D.uasset" 815
"../../../Game/Content/StarterContent/Particles/Materials/M_Dust_Particle.uasset" 816
"../../../Game/Content/StarterContent/Particles/P_Ambient_Dust.uasset" 817
"../../../Game/Content/StarterContent/Props/MaterialSphere.uasset" 818
"../../../Game/Content/StarterContent/Props/SM_CornerFrame.uasset" 819
"../../../Game/Content/StarterContent/Props/SM_DoorFrame.uasset" 820
"../../../Game/Content/StarterContent/Props/SM_GlassWindow.uasset" 821
"../../../Game/Content/StarterContent/Props/SM_PillarFrame.uasset" 822
"../../../Game/Content/StarterContent/Props/SM_PillarFrame300.uasset" 823
"../../../Game/Content/StarterContent/Props/SM_WindowFrame.uasset" 824
"../../../Game/Content/StarterContent/Shapes/Shape_Cube.uasset" 825
"../../../Game/Content/StarterContent/Shapes/Shape_QuadPyramid.uasset" 826
"../../../Game/Content/StarterContent/Shapes/Shape_Sphere.uasset" 827
"../../../Game/Content/StarterContent/Maps/StarterMap.umap" 828
"../../../Engine/Content/Maps/Entry.umap" 829
